<?xml version="1.0" encoding="UTF-8"?>
<testsuites name="Admin_Manage FAQ - Next Page" time="65.597" tests="1" failures="0" errors="0">
   <testsuite name="Admin_Manage FAQ - Next Page" tests="1" failures="0" errors="0" time="65.597" timestamp="2020-06-17 17:13:33" hostname="ASUS - LAPTOP-D0TPACJ1" id="Test Suites/Alda/Admin_Manage FAQ - Next Page">
      <properties>
         <property name="deviceName" value=""/>
         <property name="devicePlatform" value=""/>
         <property name="logFolder" value="C:\\Users\\ASUS\\git\\LearningManagementWebs\\Reports\\20200617_171323\\Alda\\Admin_Manage FAQ - Next Page\\20200617_171323"/>
         <property name="logFiles" value="C:\\Users\\ASUS\\git\\LearningManagementWebs\\Reports\\20200617_171323\\Alda\\Admin_Manage FAQ - Next Page\\20200617_171323\\execution0.log"/>
         <property name="attachments" value=""/>
         <property name="hostName" value="ASUS - LAPTOP-D0TPACJ1"/>
         <property name="os" value="Windows 10 64bit"/>
         <property name="katalonVersion" value="7.0.10.1"/>
         <property name="browser" value="Chrome 83.0.4103.106"/>
         <property name="hostAddress" value="192.168.100.227"/>
         <property name="sessionId" value="de4a2ae3f1ed6a6db62c922dfbfe99e1"/>
         <property name="seleniumVersion" value="3.141.59"/>
         <property name="proxyInformation" value="ProxyInformation{proxyOption=NO_PROXY, proxyServerType=HTTP, password=, proxyServerAddress=, proxyServerPort=0}"/>
         <property name="platform" value="Windows 10"/>
      </properties>
      <testcase name="Test Cases/Alda/Admin - Manage FAQ/Next Page" time="63.919" classname="Test Cases/Alda/Admin - Manage FAQ/Next Page" status="PASSED">
         <system-out><![CDATA[2020-06-17 17:13:34 - [TEST_CASE][PASSED] - Test Cases/Alda/Admin - Manage FAQ/Next Page: Test Cases/Alda/Admin - Manage FAQ/Next Page

2020-06-17 17:13:35 - [TEST_STEP][PASSED] - callTestCase(findTestCase("Christi/Admin/admin login"), ["username":"11666", "password":"Password3"], STOP_ON_FAILURE): Call Test Case 'Test Cases/Christi/Admin/admin login' successfully

2020-06-17 17:13:36 - [TEST_CASE][PASSED] - Test Cases/Christi/Admin/admin login: Test Cases/Christi/Admin/admin login

2020-06-17 17:13:36 - [TEST_STEP][PASSED] - openBrowser(""): Browser is opened with url: ''

2020-06-17 17:13:37 - [MESSAGE][INFO] - Starting 'Chrome' driver

2020-06-17 17:13:37 - [MESSAGE][INFO] - Action delay is set to 0 seconds

2020-06-17 17:13:56 - [MESSAGE][PASSED] - Browser is opened with url: ''

2020-06-17 17:13:56 - [TEST_STEP][PASSED] - navigateToUrl("https://appsrv1.deltadatamandiri.com/ACC_LMS_WEB/#/admNLmn"): Navigate to 'https://appsrv1.deltadatamandiri.com/ACC_LMS_WEB/#/admNLmn' successfully

2020-06-17 17:14:07 - [MESSAGE][PASSED] - Navigate to 'https://appsrv1.deltadatamandiri.com/ACC_LMS_WEB/#/admNLmn' successfully

2020-06-17 17:14:07 - [TEST_STEP][PASSED] - click(findTestObject("Christi/Page_Main/button_login")): Object: 'Object Repository/Christi/Page_Main/button_login' is clicked on

2020-06-17 17:14:12 - [MESSAGE][ERROR] - javascript error: Failed to execute 'elementsFromPoint' on 'Document': The provided double value is non-finite.
  (Session info: chrome=83.0.4103.106)
Build info: version: '3.141.59', revision: 'e82be7d358', time: '2018-11-14T08:25:53'
System info: host: 'LAPTOP-D0TPACJ1', ip: '192.168.100.227', os.name: 'Windows 10', os.arch: 'amd64', os.version: '10.0', java.version: '1.8.0_181'
Driver info: com.kms.katalon.selenium.driver.CChromeDriver
Capabilities {acceptInsecureCerts: false, browserName: chrome, browserVersion: 83.0.4103.106, chrome: {chromedriverVersion: 83.0.4103.39 (ccbf011cb2d2b..., userDataDir: C:\Users\ASUS\AppData\Local...}, goog:chromeOptions: {debuggerAddress: localhost:59666}, javascriptEnabled: true, networkConnectionEnabled: false, pageLoadStrategy: normal, platform: WINDOWS, platformName: WINDOWS, proxy: Proxy(), setWindowRect: true, strictFileInteractability: false, timeouts: {implicit: 0, pageLoad: 300000, script: 30000}, unhandledPromptBehavior: dismiss and notify, webauthn:virtualAuthenticators: true}
Session ID: de4a2ae3f1ed6a6db62c922dfbfe99e1

2020-06-17 17:14:13 - [MESSAGE][PASSED] - Object: 'Object Repository/Christi/Page_Main/button_login' is clicked on

2020-06-17 17:14:13 - [TEST_STEP][PASSED] - delay(3): Delayed 3 second(s)

2020-06-17 17:14:16 - [MESSAGE][PASSED] - Delayed 3 second(s)

2020-06-17 17:14:16 - [TEST_STEP][PASSED] - setText(findTestObject("Object Repository/Christi/Page_Main/input_NPK_username"), username): Text '11666' is set on object 'Object Repository/Christi/Page_Main/input_NPK_username'

2020-06-17 17:14:16 - [MESSAGE][PASSED] - Text '11666' is set on object 'Object Repository/Christi/Page_Main/input_NPK_username'

2020-06-17 17:14:16 - [TEST_STEP][PASSED] - setText(findTestObject("Object Repository/Christi/Page_Main/input_Password_password"), password): Text 'Password3' is set on object 'Object Repository/Christi/Page_Main/input_Password_password'

2020-06-17 17:14:17 - [MESSAGE][PASSED] - Text 'Password3' is set on object 'Object Repository/Christi/Page_Main/input_Password_password'

2020-06-17 17:14:17 - [TEST_STEP][PASSED] - delay(5): Delayed 5 second(s)

2020-06-17 17:14:22 - [MESSAGE][PASSED] - Delayed 5 second(s)

2020-06-17 17:14:22 - [TEST_STEP][PASSED] - click(findTestObject("Rizka/Admin/Admin - Login/btnLogin2")): Object: 'Object Repository/Rizka/Admin/Admin - Login/btnLogin2' is clicked on

2020-06-17 17:14:22 - [MESSAGE][PASSED] - Object: 'Object Repository/Rizka/Admin/Admin - Login/btnLogin2' is clicked on

2020-06-17 17:14:22 - [TEST_STEP][PASSED] - delay(5): Delayed 5 second(s)

2020-06-17 17:14:27 - [MESSAGE][PASSED] - Delayed 5 second(s)

2020-06-17 17:14:27 - [MESSAGE][PASSED] - Call Test Case 'Test Cases/Christi/Admin/admin login' successfully

2020-06-17 17:14:27 - [TEST_STEP][PASSED] - click(findTestObject("Christi/Page_Dashboard Admin/span_Manage FAQ")): Object: 'Object Repository/Christi/Page_Dashboard Admin/span_Manage FAQ' is clicked on

2020-06-17 17:14:31 - [MESSAGE][PASSED] - Object: 'Object Repository/Christi/Page_Dashboard Admin/span_Manage FAQ' is clicked on

2020-06-17 17:14:31 - [TEST_STEP][PASSED] - delay(5): Delayed 5 second(s)

2020-06-17 17:14:36 - [MESSAGE][PASSED] - Delayed 5 second(s)

2020-06-17 17:14:36 - [TEST_STEP][PASSED] - scrollToElement(findTestObject("Alda/Admin - Manage FAQ/Page_Manage Faq/next_page_1"), 0): Scroll to object 'Object Repository/Alda/Admin - Manage FAQ/Page_Manage Faq/next_page_1' successfully

2020-06-17 17:14:37 - [MESSAGE][WARNING] - Timeout '0' is invalid. Using default page load timeout: '30'

2020-06-17 17:14:37 - [MESSAGE][PASSED] - Scroll to object 'Object Repository/Alda/Admin - Manage FAQ/Page_Manage Faq/next_page_1' successfully

2020-06-17 17:14:37 - [TEST_STEP][PASSED] - click(findTestObject("Object Repository/Alda/Admin - Manage FAQ/Page_Manage Faq/next_page_2")): Object: 'Object Repository/Alda/Admin - Manage FAQ/Page_Manage Faq/next_page_2' is clicked on

2020-06-17 17:14:38 - [MESSAGE][PASSED] - Object: 'Object Repository/Alda/Admin - Manage FAQ/Page_Manage Faq/next_page_2' is clicked on

2020-06-17 17:14:38 - [TEST_STEP][PASSED] - verifyElementClickable(findTestObject("Alda/Admin - Manage FAQ/Page_Manage Faq/previous_page")): Object 'Object Repository/Alda/Admin - Manage FAQ/Page_Manage Faq/previous_page' is clickable

2020-06-17 17:14:38 - [MESSAGE][PASSED] - Object 'Object Repository/Alda/Admin - Manage FAQ/Page_Manage Faq/previous_page' is clickable]]></system-out>
         <system-err><![CDATA[]]></system-err>
      </testcase>
      <system-out><![CDATA[2020-06-17 17:13:33 - [TEST_SUITE][PASSED] - Admin_Manage FAQ - Next Page: Test Cases/Alda/Admin - Manage FAQ/Next Page]]></system-out>
      <system-err><![CDATA[]]></system-err>
   </testsuite>
</testsuites>
