<?xml version="1.0" encoding="UTF-8"?>
<testsuites name="Admin_Pretest Posttest - Add New Question" time="1151.645" tests="8" failures="1" errors="0">
   <testsuite name="Admin_Pretest Posttest - Add New Question" tests="8" failures="1" errors="0" time="1151.645" timestamp="2020-05-29 02:52:43" hostname="asus - LAPTOP-FC1SHEB6" id="Test Suites/Alda/Admin_Pretest Posttest - Add New Question">
      <properties>
         <property name="deviceName" value=""/>
         <property name="devicePlatform" value=""/>
         <property name="logFolder" value="C:\\Users\\asus\\git\\LMS27Mei\\Reports\\20200529_025228\\Alda\\Admin_Pretest Posttest - Add New Question\\20200529_025228"/>
         <property name="logFiles" value="C:\\Users\\asus\\git\\LMS27Mei\\Reports\\20200529_025228\\Alda\\Admin_Pretest Posttest - Add New Question\\20200529_025228\\execution0.log"/>
         <property name="attachments" value="C:\\Users\\asus\\git\\LMS27Mei\\Reports\\20200529_025228\\Alda\\Admin_Pretest Posttest - Add New Question\\20200529_025228\\1590696124770.png, C:\\Users\\asus\\git\\LMS27Mei\\Reports\\20200529_025228\\Alda\\Admin_Pretest Posttest - Add New Question\\20200529_025228\\1590696125069.png"/>
         <property name="hostName" value="asus - LAPTOP-FC1SHEB6"/>
         <property name="os" value="Windows 10 64bit"/>
         <property name="katalonVersion" value="7.0.7.1"/>
         <property name="browser" value="Chrome 83.0.4103.61"/>
         <property name="hostAddress" value="192.168.100.15"/>
         <property name="sessionId" value="8b58037ce4e87b55738c0b77570bedf3"/>
         <property name="seleniumVersion" value="3.141.59"/>
         <property name="proxyInformation" value="ProxyInformation{proxyOption=NO_PROXY, proxyServerType=HTTP, password=, proxyServerAddress=, proxyServerPort=0}"/>
         <property name="platform" value="Windows 10"/>
      </properties>
      <testcase name="Test Cases/Alda/Admin - Manage Test - Pretest Posttest/Pretest Posttest - Add New Question" time="115.962" classname="Test Cases/Alda/Admin - Manage Test - Pretest Posttest/Pretest Posttest - Add New Question" status="PASSED">
         <system-out><![CDATA[2020-05-29 02:52:44 - [TEST_CASE][PASSED] - Test Cases/Alda/Admin - Manage Test - Pretest Posttest/Pretest Posttest - Add New Question: Test Cases/Alda/Admin - Manage Test - Pretest Posttest/Pretest Posttest - Add New Question

2020-05-29 02:52:44 - [TEST_STEP][PASSED] - callTestCase(findTestCase("Rizka/Admin/Custom/Admin - Login"), ["username":"11666", "password":"Password3", "rememberMe":"yes", "condition":"passed"], STOP_ON_FAILURE): Call Test Case 'Test Cases/Rizka/Admin/Custom/Admin - Login' successfully

2020-05-29 02:52:44 - [TEST_CASE][PASSED] - Test Cases/Rizka/Admin/Custom/Admin - Login: Test Cases/Rizka/Admin/Custom/Admin - Login

2020-05-29 02:52:45 - [TEST_STEP][PASSED] - openBrowser("https://appsrv1.deltadatamandiri.com/ACC_LMS_WEB/#/admNLmn"): Browser is opened with url: 'https://appsrv1.deltadatamandiri.com/ACC_LMS_WEB/#/admNLmn'

2020-05-29 02:52:45 - [MESSAGE][INFO] - Starting 'Chrome' driver

2020-05-29 02:52:45 - [MESSAGE][INFO] - Action delay is set to 0 seconds

2020-05-29 02:53:04 - [MESSAGE][PASSED] - Browser is opened with url: 'https://appsrv1.deltadatamandiri.com/ACC_LMS_WEB/#/admNLmn'

2020-05-29 02:53:04 - [TEST_STEP][PASSED] - maximizeWindow(): Current window maximized

2020-05-29 02:53:05 - [MESSAGE][PASSED] - Current window maximized

2020-05-29 02:53:05 - [TEST_STEP][PASSED] - delay(30): Delayed 30 second(s)

2020-05-29 02:53:35 - [MESSAGE][PASSED] - Delayed 30 second(s)

2020-05-29 02:53:35 - [TEST_STEP][PASSED] - click(findTestObject("Rizka/Admin/Admin - Login/btnLogin")): Object: 'Object Repository/Rizka/Admin/Admin - Login/btnLogin' is clicked on

2020-05-29 02:53:35 - [MESSAGE][PASSED] - Object: 'Object Repository/Rizka/Admin/Admin - Login/btnLogin' is clicked on

2020-05-29 02:53:35 - [TEST_STEP][PASSED] - setText(findTestObject("Rizka/Admin/Admin - Login/txtUsername"), username): Text '11666' is set on object 'Object Repository/Rizka/Admin/Admin - Login/txtUsername'

2020-05-29 02:53:36 - [MESSAGE][PASSED] - Text '11666' is set on object 'Object Repository/Rizka/Admin/Admin - Login/txtUsername'

2020-05-29 02:53:36 - [TEST_STEP][PASSED] - setText(findTestObject("Rizka/Admin/Admin - Login/txtPassword"), password): Text 'Password3' is set on object 'Object Repository/Rizka/Admin/Admin - Login/txtPassword'

2020-05-29 02:53:36 - [MESSAGE][PASSED] - Text 'Password3' is set on object 'Object Repository/Rizka/Admin/Admin - Login/txtPassword'

2020-05-29 02:53:36 - [TEST_STEP][PASSED] - click(findTestObject("Rizka/Admin/Admin - Login/btnEyePass")): Object: 'Object Repository/Rizka/Admin/Admin - Login/btnEyePass' is clicked on

2020-05-29 02:53:37 - [MESSAGE][PASSED] - Object: 'Object Repository/Rizka/Admin/Admin - Login/btnEyePass' is clicked on

2020-05-29 02:53:37 - [TEST_STEP][PASSED] - if (rememberMe == "yes"): Object: 'Object Repository/Rizka/Admin/Admin - Login/checkboxRememberMe' is clicked on

2020-05-29 02:53:37 - [TEST_STEP][PASSED] - click(findTestObject("Rizka/Admin/Admin - Login/checkboxRememberMe")): Object: 'Object Repository/Rizka/Admin/Admin - Login/checkboxRememberMe' is clicked on

2020-05-29 02:53:37 - [MESSAGE][PASSED] - Object: 'Object Repository/Rizka/Admin/Admin - Login/checkboxRememberMe' is clicked on

2020-05-29 02:53:37 - [TEST_STEP][PASSED] - click(findTestObject("Rizka/Admin/Admin - Login/btnLogin2")): Object: 'Object Repository/Rizka/Admin/Admin - Login/btnLogin2' is clicked on

2020-05-29 02:53:37 - [MESSAGE][PASSED] - Object: 'Object Repository/Rizka/Admin/Admin - Login/btnLogin2' is clicked on

2020-05-29 02:53:37 - [TEST_STEP][PASSED] - delay(10): Delayed 10 second(s)

2020-05-29 02:53:47 - [MESSAGE][PASSED] - Delayed 10 second(s)

2020-05-29 02:53:47 - [TEST_STEP][PASSED] - if (condition == "passed"): Object 'Object Repository/Rizka/Admin/Admin - Login/span_Dashboard' is visible

2020-05-29 02:53:47 - [TEST_STEP][PASSED] - verifyElementVisible(findTestObject("Rizka/Admin/Admin - Login/span_Dashboard")): Object 'Object Repository/Rizka/Admin/Admin - Login/span_Dashboard' is visible

2020-05-29 02:53:55 - [MESSAGE][PASSED] - Object 'Object Repository/Rizka/Admin/Admin - Login/span_Dashboard' is visible

2020-05-29 02:53:55 - [MESSAGE][PASSED] - Call Test Case 'Test Cases/Rizka/Admin/Custom/Admin - Login' successfully

2020-05-29 02:53:55 - [TEST_STEP][PASSED] - delay(3): Delayed 3 second(s)

2020-05-29 02:53:58 - [MESSAGE][PASSED] - Delayed 3 second(s)

2020-05-29 02:53:58 - [TEST_STEP][PASSED] - click(findTestObject("Alda/Admin - Manage Test/Page_Dashboard Admin/span_manage_test")): Object: 'Object Repository/Alda/Admin - Manage Test/Page_Dashboard Admin/span_manage_test' is clicked on

2020-05-29 02:53:58 - [MESSAGE][PASSED] - Object: 'Object Repository/Alda/Admin - Manage Test/Page_Dashboard Admin/span_manage_test' is clicked on

2020-05-29 02:53:58 - [TEST_STEP][PASSED] - click(findTestObject("Alda/Admin - Manage Test/Page_Dashboard Admin/span_pretest_posttest")): Object: 'Object Repository/Alda/Admin - Manage Test/Page_Dashboard Admin/span_pretest_posttest' is clicked on

2020-05-29 02:53:59 - [MESSAGE][PASSED] - Object: 'Object Repository/Alda/Admin - Manage Test/Page_Dashboard Admin/span_pretest_posttest' is clicked on

2020-05-29 02:53:59 - [TEST_STEP][PASSED] - delay(3): Delayed 3 second(s)

2020-05-29 02:54:02 - [MESSAGE][PASSED] - Delayed 3 second(s)

2020-05-29 02:54:02 - [TEST_STEP][PASSED] - click(findTestObject("Alda/Admin - Manage Test/add new question/btn_add_new_question")): Object: 'Object Repository/Alda/Admin - Manage Test/add new question/btn_add_new_question' is clicked on

2020-05-29 02:54:19 - [MESSAGE][PASSED] - Object: 'Object Repository/Alda/Admin - Manage Test/add new question/btn_add_new_question' is clicked on

2020-05-29 02:54:19 - [TEST_STEP][PASSED] - selectOptionByLabel(findTestObject("Alda/Admin - Manage Test/add new question/select_category"), var_category, true): All options with label '' are selected in object 'Object Repository/Alda/Admin - Manage Test/add new question/select_category'  using regular expression

2020-05-29 02:54:29 - [MESSAGE][PASSED] - All options with label '' are selected in object 'Object Repository/Alda/Admin - Manage Test/add new question/select_category'  using regular expression

2020-05-29 02:54:29 - [TEST_STEP][PASSED] - selectOptionByLabel(findTestObject("Alda/Admin - Manage Test/add new question/select_tipe_soal"), var_tipe_soal, true): All options with label '' are selected in object 'Object Repository/Alda/Admin - Manage Test/add new question/select_tipe_soal'  using regular expression

2020-05-29 02:54:30 - [MESSAGE][PASSED] - All options with label '' are selected in object 'Object Repository/Alda/Admin - Manage Test/add new question/select_tipe_soal'  using regular expression

2020-05-29 02:54:30 - [TEST_STEP][PASSED] - selectOptionByLabel(findTestObject("Alda/Admin - Manage Test/add new question/select_job_function"), var_job_function, true): All options with label '' are selected in object 'Object Repository/Alda/Admin - Manage Test/add new question/select_job_function'  using regular expression

2020-05-29 02:54:31 - [MESSAGE][PASSED] - All options with label '' are selected in object 'Object Repository/Alda/Admin - Manage Test/add new question/select_job_function'  using regular expression

2020-05-29 02:54:31 - [TEST_STEP][PASSED] - selectOptionByLabel(findTestObject("Alda/Admin - Manage Test/add new question/select_job_position"), var_job_position, true): All options with label '' are selected in object 'Object Repository/Alda/Admin - Manage Test/add new question/select_job_position'  using regular expression

2020-05-29 02:54:31 - [MESSAGE][PASSED] - All options with label '' are selected in object 'Object Repository/Alda/Admin - Manage Test/add new question/select_job_position'  using regular expression

2020-05-29 02:54:31 - [TEST_STEP][PASSED] - selectOptionByLabel(findTestObject("Alda/Admin - Manage Test/add new question/select_module"), var_module, true): All options with label '' are selected in object 'Object Repository/Alda/Admin - Manage Test/add new question/select_module'  using regular expression

2020-05-29 02:54:33 - [MESSAGE][PASSED] - All options with label '' are selected in object 'Object Repository/Alda/Admin - Manage Test/add new question/select_module'  using regular expression

2020-05-29 02:54:33 - [TEST_STEP][PASSED] - click(findTestObject("Alda/Admin - Manage Test/add new question/input_technical_competence")): Object: 'Object Repository/Alda/Admin - Manage Test/add new question/input_technical_competence' is clicked on

2020-05-29 02:54:38 - [MESSAGE][PASSED] - Object: 'Object Repository/Alda/Admin - Manage Test/add new question/input_technical_competence' is clicked on

2020-05-29 02:54:38 - [TEST_STEP][PASSED] - setText(findTestObject("Alda/Admin - Manage Test/add new question/input_technical_competence"), var_technical_comp): Text '' is set on object 'Object Repository/Alda/Admin - Manage Test/add new question/input_technical_competence'

2020-05-29 02:54:38 - [MESSAGE][PASSED] - Text '' is set on object 'Object Repository/Alda/Admin - Manage Test/add new question/input_technical_competence'

2020-05-29 02:54:38 - [TEST_STEP][PASSED] - click(findTestObject("Alda/Admin - Manage Test/Page_Add Test/input_level_competence_new")): Object: 'Object Repository/Alda/Admin - Manage Test/Page_Add Test/input_level_competence_new' is clicked on

2020-05-29 02:54:39 - [MESSAGE][PASSED] - Object: 'Object Repository/Alda/Admin - Manage Test/Page_Add Test/input_level_competence_new' is clicked on

2020-05-29 02:54:39 - [TEST_STEP][PASSED] - setText(findTestObject("Alda/Admin - Manage Test/Page_Add Test/input_level_competence_new"), var_level_comp): Text '' is set on object 'Object Repository/Alda/Admin - Manage Test/Page_Add Test/input_level_competence_new'

2020-05-29 02:54:39 - [MESSAGE][PASSED] - Text '' is set on object 'Object Repository/Alda/Admin - Manage Test/Page_Add Test/input_level_competence_new'

2020-05-29 02:54:39 - [TEST_STEP][PASSED] - setText(findTestObject("Alda/Admin - Manage Test/add new question/textarea_soal"), var_soal): Text '' is set on object 'Object Repository/Alda/Admin - Manage Test/add new question/textarea_soal'

2020-05-29 02:54:39 - [MESSAGE][PASSED] - Text '' is set on object 'Object Repository/Alda/Admin - Manage Test/add new question/textarea_soal'

2020-05-29 02:54:39 - [TEST_STEP][PASSED] - switch (var_tipe_soal): null

2020-05-29 02:54:39 - [TEST_STEP][PASSED] - switch (expected_output): null

2020-05-29 02:54:39 - [TEST_STEP][PASSED] - case "fail":: null

2020-05-29 02:54:39 - [TEST_STEP][PASSED] - verifyElementNotClickable(findTestObject("Alda/Admin - Manage Test/Page_Add Test/button_Submit")): Object 'Object Repository/Alda/Admin - Manage Test/Page_Add Test/button_Submit' is NOT clickable

2020-05-29 02:54:40 - [MESSAGE][PASSED] - Object 'Object Repository/Alda/Admin - Manage Test/Page_Add Test/button_Submit' is NOT clickable

2020-05-29 02:54:40 - [TEST_STEP][PASSED] - break: null]]></system-out>
         <system-err><![CDATA[]]></system-err>
      </testcase>
      <testcase name="Test Cases/Alda/Admin - Manage Test - Pretest Posttest/Pretest Posttest - Add New Question" time="159.29" classname="Test Cases/Alda/Admin - Manage Test - Pretest Posttest/Pretest Posttest - Add New Question" status="PASSED">
         <system-out><![CDATA[2020-05-29 02:54:40 - [TEST_CASE][PASSED] - Test Cases/Alda/Admin - Manage Test - Pretest Posttest/Pretest Posttest - Add New Question: Test Cases/Alda/Admin - Manage Test - Pretest Posttest/Pretest Posttest - Add New Question

2020-05-29 02:54:40 - [TEST_STEP][PASSED] - callTestCase(findTestCase("Rizka/Admin/Custom/Admin - Login"), ["username":"11666", "password":"Password3", "rememberMe":"yes", "condition":"passed"], STOP_ON_FAILURE): Call Test Case 'Test Cases/Rizka/Admin/Custom/Admin - Login' successfully

2020-05-29 02:54:40 - [TEST_CASE][PASSED] - Test Cases/Rizka/Admin/Custom/Admin - Login: Test Cases/Rizka/Admin/Custom/Admin - Login

2020-05-29 02:54:40 - [TEST_STEP][PASSED] - openBrowser("https://appsrv1.deltadatamandiri.com/ACC_LMS_WEB/#/admNLmn"): Browser is opened with url: 'https://appsrv1.deltadatamandiri.com/ACC_LMS_WEB/#/admNLmn'

2020-05-29 02:54:40 - [MESSAGE][WARNING] - A browser is already opened. Closing browser and opening a new one

2020-05-29 02:54:41 - [MESSAGE][INFO] - Starting 'Chrome' driver

2020-05-29 02:55:19 - [MESSAGE][PASSED] - Browser is opened with url: 'https://appsrv1.deltadatamandiri.com/ACC_LMS_WEB/#/admNLmn'

2020-05-29 02:55:19 - [TEST_STEP][PASSED] - maximizeWindow(): Current window maximized

2020-05-29 02:55:20 - [MESSAGE][PASSED] - Current window maximized

2020-05-29 02:55:20 - [TEST_STEP][PASSED] - delay(30): Delayed 30 second(s)

2020-05-29 02:55:50 - [MESSAGE][PASSED] - Delayed 30 second(s)

2020-05-29 02:55:50 - [TEST_STEP][PASSED] - click(findTestObject("Rizka/Admin/Admin - Login/btnLogin")): Object: 'Object Repository/Rizka/Admin/Admin - Login/btnLogin' is clicked on

2020-05-29 02:56:00 - [MESSAGE][PASSED] - Object: 'Object Repository/Rizka/Admin/Admin - Login/btnLogin' is clicked on

2020-05-29 02:56:00 - [TEST_STEP][PASSED] - setText(findTestObject("Rizka/Admin/Admin - Login/txtUsername"), username): Text '11666' is set on object 'Object Repository/Rizka/Admin/Admin - Login/txtUsername'

2020-05-29 02:56:01 - [MESSAGE][PASSED] - Text '11666' is set on object 'Object Repository/Rizka/Admin/Admin - Login/txtUsername'

2020-05-29 02:56:01 - [TEST_STEP][PASSED] - setText(findTestObject("Rizka/Admin/Admin - Login/txtPassword"), password): Text 'Password3' is set on object 'Object Repository/Rizka/Admin/Admin - Login/txtPassword'

2020-05-29 02:56:01 - [MESSAGE][PASSED] - Text 'Password3' is set on object 'Object Repository/Rizka/Admin/Admin - Login/txtPassword'

2020-05-29 02:56:01 - [TEST_STEP][PASSED] - click(findTestObject("Rizka/Admin/Admin - Login/btnEyePass")): Object: 'Object Repository/Rizka/Admin/Admin - Login/btnEyePass' is clicked on

2020-05-29 02:56:01 - [MESSAGE][PASSED] - Object: 'Object Repository/Rizka/Admin/Admin - Login/btnEyePass' is clicked on

2020-05-29 02:56:01 - [TEST_STEP][PASSED] - if (rememberMe == "yes"): Object: 'Object Repository/Rizka/Admin/Admin - Login/checkboxRememberMe' is clicked on

2020-05-29 02:56:01 - [TEST_STEP][PASSED] - click(findTestObject("Rizka/Admin/Admin - Login/checkboxRememberMe")): Object: 'Object Repository/Rizka/Admin/Admin - Login/checkboxRememberMe' is clicked on

2020-05-29 02:56:02 - [MESSAGE][PASSED] - Object: 'Object Repository/Rizka/Admin/Admin - Login/checkboxRememberMe' is clicked on

2020-05-29 02:56:02 - [TEST_STEP][PASSED] - click(findTestObject("Rizka/Admin/Admin - Login/btnLogin2")): Object: 'Object Repository/Rizka/Admin/Admin - Login/btnLogin2' is clicked on

2020-05-29 02:56:02 - [MESSAGE][PASSED] - Object: 'Object Repository/Rizka/Admin/Admin - Login/btnLogin2' is clicked on

2020-05-29 02:56:02 - [TEST_STEP][PASSED] - delay(10): Delayed 10 second(s)

2020-05-29 02:56:12 - [MESSAGE][PASSED] - Delayed 10 second(s)

2020-05-29 02:56:12 - [TEST_STEP][PASSED] - if (condition == "passed"): Object 'Object Repository/Rizka/Admin/Admin - Login/span_Dashboard' is visible

2020-05-29 02:56:12 - [TEST_STEP][PASSED] - verifyElementVisible(findTestObject("Rizka/Admin/Admin - Login/span_Dashboard")): Object 'Object Repository/Rizka/Admin/Admin - Login/span_Dashboard' is visible

2020-05-29 02:56:23 - [MESSAGE][PASSED] - Object 'Object Repository/Rizka/Admin/Admin - Login/span_Dashboard' is visible

2020-05-29 02:56:23 - [MESSAGE][PASSED] - Call Test Case 'Test Cases/Rizka/Admin/Custom/Admin - Login' successfully

2020-05-29 02:56:23 - [TEST_STEP][PASSED] - delay(3): Delayed 3 second(s)

2020-05-29 02:56:26 - [MESSAGE][PASSED] - Delayed 3 second(s)

2020-05-29 02:56:26 - [TEST_STEP][PASSED] - click(findTestObject("Alda/Admin - Manage Test/Page_Dashboard Admin/span_manage_test")): Object: 'Object Repository/Alda/Admin - Manage Test/Page_Dashboard Admin/span_manage_test' is clicked on

2020-05-29 02:56:26 - [MESSAGE][PASSED] - Object: 'Object Repository/Alda/Admin - Manage Test/Page_Dashboard Admin/span_manage_test' is clicked on

2020-05-29 02:56:26 - [TEST_STEP][PASSED] - click(findTestObject("Alda/Admin - Manage Test/Page_Dashboard Admin/span_pretest_posttest")): Object: 'Object Repository/Alda/Admin - Manage Test/Page_Dashboard Admin/span_pretest_posttest' is clicked on

2020-05-29 02:56:27 - [MESSAGE][PASSED] - Object: 'Object Repository/Alda/Admin - Manage Test/Page_Dashboard Admin/span_pretest_posttest' is clicked on

2020-05-29 02:56:27 - [TEST_STEP][PASSED] - delay(3): Delayed 3 second(s)

2020-05-29 02:56:30 - [MESSAGE][PASSED] - Delayed 3 second(s)

2020-05-29 02:56:30 - [TEST_STEP][PASSED] - click(findTestObject("Alda/Admin - Manage Test/add new question/btn_add_new_question")): Object: 'Object Repository/Alda/Admin - Manage Test/add new question/btn_add_new_question' is clicked on

2020-05-29 02:56:52 - [MESSAGE][PASSED] - Object: 'Object Repository/Alda/Admin - Manage Test/add new question/btn_add_new_question' is clicked on

2020-05-29 02:56:52 - [TEST_STEP][PASSED] - selectOptionByLabel(findTestObject("Alda/Admin - Manage Test/add new question/select_category"), var_category, true): All options with label '' are selected in object 'Object Repository/Alda/Admin - Manage Test/add new question/select_category'  using regular expression

2020-05-29 02:57:04 - [MESSAGE][PASSED] - All options with label '' are selected in object 'Object Repository/Alda/Admin - Manage Test/add new question/select_category'  using regular expression

2020-05-29 02:57:04 - [TEST_STEP][PASSED] - selectOptionByLabel(findTestObject("Alda/Admin - Manage Test/add new question/select_tipe_soal"), var_tipe_soal, true): All options with label 'Pilihan Ganda' are selected in object 'Object Repository/Alda/Admin - Manage Test/add new question/select_tipe_soal'  using regular expression

2020-05-29 02:57:05 - [MESSAGE][PASSED] - All options with label 'Pilihan Ganda' are selected in object 'Object Repository/Alda/Admin - Manage Test/add new question/select_tipe_soal'  using regular expression

2020-05-29 02:57:05 - [TEST_STEP][PASSED] - selectOptionByLabel(findTestObject("Alda/Admin - Manage Test/add new question/select_job_function"), var_job_function, true): All options with label '' are selected in object 'Object Repository/Alda/Admin - Manage Test/add new question/select_job_function'  using regular expression

2020-05-29 02:57:09 - [MESSAGE][PASSED] - All options with label '' are selected in object 'Object Repository/Alda/Admin - Manage Test/add new question/select_job_function'  using regular expression

2020-05-29 02:57:09 - [TEST_STEP][PASSED] - selectOptionByLabel(findTestObject("Alda/Admin - Manage Test/add new question/select_job_position"), var_job_position, true): All options with label '' are selected in object 'Object Repository/Alda/Admin - Manage Test/add new question/select_job_position'  using regular expression

2020-05-29 02:57:10 - [MESSAGE][PASSED] - All options with label '' are selected in object 'Object Repository/Alda/Admin - Manage Test/add new question/select_job_position'  using regular expression

2020-05-29 02:57:10 - [TEST_STEP][PASSED] - selectOptionByLabel(findTestObject("Alda/Admin - Manage Test/add new question/select_module"), var_module, true): All options with label 'NEOP Sales' are selected in object 'Object Repository/Alda/Admin - Manage Test/add new question/select_module'  using regular expression

2020-05-29 02:57:11 - [MESSAGE][PASSED] - All options with label 'NEOP Sales' are selected in object 'Object Repository/Alda/Admin - Manage Test/add new question/select_module'  using regular expression

2020-05-29 02:57:11 - [TEST_STEP][PASSED] - click(findTestObject("Alda/Admin - Manage Test/add new question/input_technical_competence")): Object: 'Object Repository/Alda/Admin - Manage Test/add new question/input_technical_competence' is clicked on

2020-05-29 02:57:14 - [MESSAGE][PASSED] - Object: 'Object Repository/Alda/Admin - Manage Test/add new question/input_technical_competence' is clicked on

2020-05-29 02:57:14 - [TEST_STEP][PASSED] - setText(findTestObject("Alda/Admin - Manage Test/add new question/input_technical_competence"), var_technical_comp): Text '' is set on object 'Object Repository/Alda/Admin - Manage Test/add new question/input_technical_competence'

2020-05-29 02:57:14 - [MESSAGE][PASSED] - Text '' is set on object 'Object Repository/Alda/Admin - Manage Test/add new question/input_technical_competence'

2020-05-29 02:57:14 - [TEST_STEP][PASSED] - click(findTestObject("Alda/Admin - Manage Test/Page_Add Test/input_level_competence_new")): Object: 'Object Repository/Alda/Admin - Manage Test/Page_Add Test/input_level_competence_new' is clicked on

2020-05-29 02:57:14 - [MESSAGE][PASSED] - Object: 'Object Repository/Alda/Admin - Manage Test/Page_Add Test/input_level_competence_new' is clicked on

2020-05-29 02:57:14 - [TEST_STEP][PASSED] - setText(findTestObject("Alda/Admin - Manage Test/Page_Add Test/input_level_competence_new"), var_level_comp): Text '' is set on object 'Object Repository/Alda/Admin - Manage Test/Page_Add Test/input_level_competence_new'

2020-05-29 02:57:15 - [MESSAGE][PASSED] - Text '' is set on object 'Object Repository/Alda/Admin - Manage Test/Page_Add Test/input_level_competence_new'

2020-05-29 02:57:15 - [TEST_STEP][PASSED] - setText(findTestObject("Alda/Admin - Manage Test/add new question/textarea_soal"), var_soal): Text 'Matahari terbenam ke arah?' is set on object 'Object Repository/Alda/Admin - Manage Test/add new question/textarea_soal'

2020-05-29 02:57:15 - [MESSAGE][PASSED] - Text 'Matahari terbenam ke arah?' is set on object 'Object Repository/Alda/Admin - Manage Test/add new question/textarea_soal'

2020-05-29 02:57:15 - [TEST_STEP][PASSED] - switch (var_tipe_soal): null

2020-05-29 02:57:15 - [TEST_STEP][PASSED] - case "Pilihan Ganda":: null

2020-05-29 02:57:15 - [TEST_STEP][PASSED] - setText(findTestObject("Alda/Admin - Manage Test/add new question/input_jawaban_a"), var_jawaban_a): Text 'timur' is set on object 'Object Repository/Alda/Admin - Manage Test/add new question/input_jawaban_a'

2020-05-29 02:57:16 - [MESSAGE][PASSED] - Text 'timur' is set on object 'Object Repository/Alda/Admin - Manage Test/add new question/input_jawaban_a'

2020-05-29 02:57:16 - [TEST_STEP][PASSED] - setText(findTestObject("Alda/Admin - Manage Test/add new question/input_jawaban_b"), var_jawaban_b): Text 'utara' is set on object 'Object Repository/Alda/Admin - Manage Test/add new question/input_jawaban_b'

2020-05-29 02:57:16 - [MESSAGE][PASSED] - Text 'utara' is set on object 'Object Repository/Alda/Admin - Manage Test/add new question/input_jawaban_b'

2020-05-29 02:57:16 - [TEST_STEP][PASSED] - setText(findTestObject("Alda/Admin - Manage Test/add new question/input_jawaban_c"), var_jawaban_c): Text 'selatan' is set on object 'Object Repository/Alda/Admin - Manage Test/add new question/input_jawaban_c'

2020-05-29 02:57:17 - [MESSAGE][PASSED] - Text 'selatan' is set on object 'Object Repository/Alda/Admin - Manage Test/add new question/input_jawaban_c'

2020-05-29 02:57:17 - [TEST_STEP][PASSED] - setText(findTestObject("Alda/Admin - Manage Test/add new question/input_jawaban_d"), var_jawaban_d): Text 'barat' is set on object 'Object Repository/Alda/Admin - Manage Test/add new question/input_jawaban_d'

2020-05-29 02:57:18 - [MESSAGE][PASSED] - Text 'barat' is set on object 'Object Repository/Alda/Admin - Manage Test/add new question/input_jawaban_d'

2020-05-29 02:57:18 - [TEST_STEP][PASSED] - selectOptionByLabel(findTestObject("Alda/Admin - Manage Test/add new question/select_ABCD"), var_kunci_jawaban, true): All options with label 'D' are selected in object 'Object Repository/Alda/Admin - Manage Test/add new question/select_ABCD'  using regular expression

2020-05-29 02:57:19 - [MESSAGE][PASSED] - All options with label 'D' are selected in object 'Object Repository/Alda/Admin - Manage Test/add new question/select_ABCD'  using regular expression

2020-05-29 02:57:19 - [TEST_STEP][PASSED] - break: null

2020-05-29 02:57:19 - [TEST_STEP][PASSED] - switch (expected_output): null

2020-05-29 02:57:19 - [TEST_STEP][PASSED] - case "fail":: null

2020-05-29 02:57:19 - [TEST_STEP][PASSED] - verifyElementNotClickable(findTestObject("Alda/Admin - Manage Test/Page_Add Test/button_Submit")): Object 'Object Repository/Alda/Admin - Manage Test/Page_Add Test/button_Submit' is NOT clickable

2020-05-29 02:57:19 - [MESSAGE][PASSED] - Object 'Object Repository/Alda/Admin - Manage Test/Page_Add Test/button_Submit' is NOT clickable

2020-05-29 02:57:19 - [TEST_STEP][PASSED] - break: null]]></system-out>
         <system-err><![CDATA[]]></system-err>
      </testcase>
      <testcase name="Test Cases/Alda/Admin - Manage Test - Pretest Posttest/Pretest Posttest - Add New Question" time="138.577" classname="Test Cases/Alda/Admin - Manage Test - Pretest Posttest/Pretest Posttest - Add New Question" status="PASSED">
         <system-out><![CDATA[2020-05-29 02:57:19 - [TEST_CASE][PASSED] - Test Cases/Alda/Admin - Manage Test - Pretest Posttest/Pretest Posttest - Add New Question: Test Cases/Alda/Admin - Manage Test - Pretest Posttest/Pretest Posttest - Add New Question

2020-05-29 02:57:19 - [TEST_STEP][PASSED] - callTestCase(findTestCase("Rizka/Admin/Custom/Admin - Login"), ["username":"11666", "password":"Password3", "rememberMe":"yes", "condition":"passed"], STOP_ON_FAILURE): Call Test Case 'Test Cases/Rizka/Admin/Custom/Admin - Login' successfully

2020-05-29 02:57:19 - [TEST_CASE][PASSED] - Test Cases/Rizka/Admin/Custom/Admin - Login: Test Cases/Rizka/Admin/Custom/Admin - Login

2020-05-29 02:57:19 - [TEST_STEP][PASSED] - openBrowser("https://appsrv1.deltadatamandiri.com/ACC_LMS_WEB/#/admNLmn"): Browser is opened with url: 'https://appsrv1.deltadatamandiri.com/ACC_LMS_WEB/#/admNLmn'

2020-05-29 02:57:19 - [MESSAGE][WARNING] - A browser is already opened. Closing browser and opening a new one

2020-05-29 02:57:20 - [MESSAGE][INFO] - Starting 'Chrome' driver

2020-05-29 02:57:38 - [MESSAGE][PASSED] - Browser is opened with url: 'https://appsrv1.deltadatamandiri.com/ACC_LMS_WEB/#/admNLmn'

2020-05-29 02:57:38 - [TEST_STEP][PASSED] - maximizeWindow(): Current window maximized

2020-05-29 02:57:39 - [MESSAGE][PASSED] - Current window maximized

2020-05-29 02:57:39 - [TEST_STEP][PASSED] - delay(30): Delayed 30 second(s)

2020-05-29 02:58:09 - [MESSAGE][PASSED] - Delayed 30 second(s)

2020-05-29 02:58:09 - [TEST_STEP][PASSED] - click(findTestObject("Rizka/Admin/Admin - Login/btnLogin")): Object: 'Object Repository/Rizka/Admin/Admin - Login/btnLogin' is clicked on

2020-05-29 02:58:09 - [MESSAGE][PASSED] - Object: 'Object Repository/Rizka/Admin/Admin - Login/btnLogin' is clicked on

2020-05-29 02:58:09 - [TEST_STEP][PASSED] - setText(findTestObject("Rizka/Admin/Admin - Login/txtUsername"), username): Text '11666' is set on object 'Object Repository/Rizka/Admin/Admin - Login/txtUsername'

2020-05-29 02:58:10 - [MESSAGE][PASSED] - Text '11666' is set on object 'Object Repository/Rizka/Admin/Admin - Login/txtUsername'

2020-05-29 02:58:10 - [TEST_STEP][PASSED] - setText(findTestObject("Rizka/Admin/Admin - Login/txtPassword"), password): Text 'Password3' is set on object 'Object Repository/Rizka/Admin/Admin - Login/txtPassword'

2020-05-29 02:58:10 - [MESSAGE][PASSED] - Text 'Password3' is set on object 'Object Repository/Rizka/Admin/Admin - Login/txtPassword'

2020-05-29 02:58:10 - [TEST_STEP][PASSED] - click(findTestObject("Rizka/Admin/Admin - Login/btnEyePass")): Object: 'Object Repository/Rizka/Admin/Admin - Login/btnEyePass' is clicked on

2020-05-29 02:58:10 - [MESSAGE][PASSED] - Object: 'Object Repository/Rizka/Admin/Admin - Login/btnEyePass' is clicked on

2020-05-29 02:58:10 - [TEST_STEP][PASSED] - if (rememberMe == "yes"): Object: 'Object Repository/Rizka/Admin/Admin - Login/checkboxRememberMe' is clicked on

2020-05-29 02:58:10 - [TEST_STEP][PASSED] - click(findTestObject("Rizka/Admin/Admin - Login/checkboxRememberMe")): Object: 'Object Repository/Rizka/Admin/Admin - Login/checkboxRememberMe' is clicked on

2020-05-29 02:58:11 - [MESSAGE][PASSED] - Object: 'Object Repository/Rizka/Admin/Admin - Login/checkboxRememberMe' is clicked on

2020-05-29 02:58:11 - [TEST_STEP][PASSED] - click(findTestObject("Rizka/Admin/Admin - Login/btnLogin2")): Object: 'Object Repository/Rizka/Admin/Admin - Login/btnLogin2' is clicked on

2020-05-29 02:58:11 - [MESSAGE][PASSED] - Object: 'Object Repository/Rizka/Admin/Admin - Login/btnLogin2' is clicked on

2020-05-29 02:58:11 - [TEST_STEP][PASSED] - delay(10): Delayed 10 second(s)

2020-05-29 02:58:21 - [MESSAGE][PASSED] - Delayed 10 second(s)

2020-05-29 02:58:21 - [TEST_STEP][PASSED] - if (condition == "passed"): Object 'Object Repository/Rizka/Admin/Admin - Login/span_Dashboard' is visible

2020-05-29 02:58:21 - [TEST_STEP][PASSED] - verifyElementVisible(findTestObject("Rizka/Admin/Admin - Login/span_Dashboard")): Object 'Object Repository/Rizka/Admin/Admin - Login/span_Dashboard' is visible

2020-05-29 02:58:28 - [MESSAGE][PASSED] - Object 'Object Repository/Rizka/Admin/Admin - Login/span_Dashboard' is visible

2020-05-29 02:58:28 - [MESSAGE][PASSED] - Call Test Case 'Test Cases/Rizka/Admin/Custom/Admin - Login' successfully

2020-05-29 02:58:28 - [TEST_STEP][PASSED] - delay(3): Delayed 3 second(s)

2020-05-29 02:58:31 - [MESSAGE][PASSED] - Delayed 3 second(s)

2020-05-29 02:58:31 - [TEST_STEP][PASSED] - click(findTestObject("Alda/Admin - Manage Test/Page_Dashboard Admin/span_manage_test")): Object: 'Object Repository/Alda/Admin - Manage Test/Page_Dashboard Admin/span_manage_test' is clicked on

2020-05-29 02:58:31 - [MESSAGE][PASSED] - Object: 'Object Repository/Alda/Admin - Manage Test/Page_Dashboard Admin/span_manage_test' is clicked on

2020-05-29 02:58:31 - [TEST_STEP][PASSED] - click(findTestObject("Alda/Admin - Manage Test/Page_Dashboard Admin/span_pretest_posttest")): Object: 'Object Repository/Alda/Admin - Manage Test/Page_Dashboard Admin/span_pretest_posttest' is clicked on

2020-05-29 02:58:32 - [MESSAGE][PASSED] - Object: 'Object Repository/Alda/Admin - Manage Test/Page_Dashboard Admin/span_pretest_posttest' is clicked on

2020-05-29 02:58:32 - [TEST_STEP][PASSED] - delay(3): Delayed 3 second(s)

2020-05-29 02:58:35 - [MESSAGE][PASSED] - Delayed 3 second(s)

2020-05-29 02:58:35 - [TEST_STEP][PASSED] - click(findTestObject("Alda/Admin - Manage Test/add new question/btn_add_new_question")): Object: 'Object Repository/Alda/Admin - Manage Test/add new question/btn_add_new_question' is clicked on

2020-05-29 02:58:49 - [MESSAGE][PASSED] - Object: 'Object Repository/Alda/Admin - Manage Test/add new question/btn_add_new_question' is clicked on

2020-05-29 02:58:49 - [TEST_STEP][PASSED] - selectOptionByLabel(findTestObject("Alda/Admin - Manage Test/add new question/select_category"), var_category, true): All options with label 'Post-Test' are selected in object 'Object Repository/Alda/Admin - Manage Test/add new question/select_category'  using regular expression

2020-05-29 02:59:00 - [MESSAGE][PASSED] - All options with label 'Post-Test' are selected in object 'Object Repository/Alda/Admin - Manage Test/add new question/select_category'  using regular expression

2020-05-29 02:59:00 - [TEST_STEP][PASSED] - selectOptionByLabel(findTestObject("Alda/Admin - Manage Test/add new question/select_tipe_soal"), var_tipe_soal, true): All options with label '' are selected in object 'Object Repository/Alda/Admin - Manage Test/add new question/select_tipe_soal'  using regular expression

2020-05-29 02:59:19 - [MESSAGE][PASSED] - All options with label '' are selected in object 'Object Repository/Alda/Admin - Manage Test/add new question/select_tipe_soal'  using regular expression

2020-05-29 02:59:19 - [TEST_STEP][PASSED] - selectOptionByLabel(findTestObject("Alda/Admin - Manage Test/add new question/select_job_function"), var_job_function, true): All options with label 'AR' are selected in object 'Object Repository/Alda/Admin - Manage Test/add new question/select_job_function'  using regular expression

2020-05-29 02:59:20 - [MESSAGE][PASSED] - All options with label 'AR' are selected in object 'Object Repository/Alda/Admin - Manage Test/add new question/select_job_function'  using regular expression

2020-05-29 02:59:20 - [TEST_STEP][PASSED] - selectOptionByLabel(findTestObject("Alda/Admin - Manage Test/add new question/select_job_position"), var_job_position, true): All options with label '' are selected in object 'Object Repository/Alda/Admin - Manage Test/add new question/select_job_position'  using regular expression

2020-05-29 02:59:28 - [MESSAGE][PASSED] - All options with label '' are selected in object 'Object Repository/Alda/Admin - Manage Test/add new question/select_job_position'  using regular expression

2020-05-29 02:59:28 - [TEST_STEP][PASSED] - selectOptionByLabel(findTestObject("Alda/Admin - Manage Test/add new question/select_module"), var_module, true): All options with label 'NEOP Sales' are selected in object 'Object Repository/Alda/Admin - Manage Test/add new question/select_module'  using regular expression

2020-05-29 02:59:32 - [MESSAGE][PASSED] - All options with label 'NEOP Sales' are selected in object 'Object Repository/Alda/Admin - Manage Test/add new question/select_module'  using regular expression

2020-05-29 02:59:32 - [TEST_STEP][PASSED] - click(findTestObject("Alda/Admin - Manage Test/add new question/input_technical_competence")): Object: 'Object Repository/Alda/Admin - Manage Test/add new question/input_technical_competence' is clicked on

2020-05-29 02:59:36 - [MESSAGE][PASSED] - Object: 'Object Repository/Alda/Admin - Manage Test/add new question/input_technical_competence' is clicked on

2020-05-29 02:59:36 - [TEST_STEP][PASSED] - setText(findTestObject("Alda/Admin - Manage Test/add new question/input_technical_competence"), var_technical_comp): Text '' is set on object 'Object Repository/Alda/Admin - Manage Test/add new question/input_technical_competence'

2020-05-29 02:59:36 - [MESSAGE][PASSED] - Text '' is set on object 'Object Repository/Alda/Admin - Manage Test/add new question/input_technical_competence'

2020-05-29 02:59:36 - [TEST_STEP][PASSED] - click(findTestObject("Alda/Admin - Manage Test/Page_Add Test/input_level_competence_new")): Object: 'Object Repository/Alda/Admin - Manage Test/Page_Add Test/input_level_competence_new' is clicked on

2020-05-29 02:59:36 - [MESSAGE][PASSED] - Object: 'Object Repository/Alda/Admin - Manage Test/Page_Add Test/input_level_competence_new' is clicked on

2020-05-29 02:59:36 - [TEST_STEP][PASSED] - setText(findTestObject("Alda/Admin - Manage Test/Page_Add Test/input_level_competence_new"), var_level_comp): Text '' is set on object 'Object Repository/Alda/Admin - Manage Test/Page_Add Test/input_level_competence_new'

2020-05-29 02:59:37 - [MESSAGE][PASSED] - Text '' is set on object 'Object Repository/Alda/Admin - Manage Test/Page_Add Test/input_level_competence_new'

2020-05-29 02:59:37 - [TEST_STEP][PASSED] - setText(findTestObject("Alda/Admin - Manage Test/add new question/textarea_soal"), var_soal): Text 'Matahari terbenam ke arah?' is set on object 'Object Repository/Alda/Admin - Manage Test/add new question/textarea_soal'

2020-05-29 02:59:37 - [MESSAGE][PASSED] - Text 'Matahari terbenam ke arah?' is set on object 'Object Repository/Alda/Admin - Manage Test/add new question/textarea_soal'

2020-05-29 02:59:37 - [TEST_STEP][PASSED] - switch (var_tipe_soal): null

2020-05-29 02:59:37 - [TEST_STEP][PASSED] - switch (expected_output): null

2020-05-29 02:59:37 - [TEST_STEP][PASSED] - case "fail":: null

2020-05-29 02:59:37 - [TEST_STEP][PASSED] - verifyElementNotClickable(findTestObject("Alda/Admin - Manage Test/Page_Add Test/button_Submit")): Object 'Object Repository/Alda/Admin - Manage Test/Page_Add Test/button_Submit' is NOT clickable

2020-05-29 02:59:38 - [MESSAGE][PASSED] - Object 'Object Repository/Alda/Admin - Manage Test/Page_Add Test/button_Submit' is NOT clickable

2020-05-29 02:59:38 - [TEST_STEP][PASSED] - break: null]]></system-out>
         <system-err><![CDATA[]]></system-err>
      </testcase>
      <testcase name="Test Cases/Alda/Admin - Manage Test - Pretest Posttest/Pretest Posttest - Add New Question" time="147.067" classname="Test Cases/Alda/Admin - Manage Test - Pretest Posttest/Pretest Posttest - Add New Question" status="FAILED">
         <failure type="FAILED" message="Test Cases/Alda/Admin - Manage Test - Pretest Posttest/Pretest Posttest - Add New Question FAILED.
Reason:
com.kms.katalon.core.exception.StepFailedException: Unable to verify object 'Object Repository/Alda/Admin - Manage Test/Page_Add Test/button_Submit' to be NOT clickable
	at com.kms.katalon.core.webui.keyword.internal.WebUIKeywordMain.stepFailed(WebUIKeywordMain.groovy:64)
	at com.kms.katalon.core.webui.keyword.internal.WebUIKeywordMain.runKeyword(WebUIKeywordMain.groovy:26)
	at com.kms.katalon.core.webui.keyword.builtin.VerifyElementNotClickableKeyword.verifyElementNotClickable(VerifyElementNotClickableKeyword.groovy:96)
	at com.kms.katalon.core.webui.keyword.builtin.VerifyElementNotClickableKeyword.execute(VerifyElementNotClickableKeyword.groovy:67)
	at com.kms.katalon.core.keyword.internal.KeywordExecutor.executeKeywordForPlatform(KeywordExecutor.groovy:60)
	at com.kms.katalon.core.webui.keyword.WebUiBuiltInKeywords.verifyElementNotClickable(WebUiBuiltInKeywords.groovy:591)
	at com.kms.katalon.core.webui.keyword.WebUiBuiltInKeywords$verifyElementNotClickable$5.call(Unknown Source)
	at Pretest Posttest - Add New Question.run(Pretest Posttest - Add New Question:95)
	at com.kms.katalon.core.main.ScriptEngine.run(ScriptEngine.java:194)
	at com.kms.katalon.core.main.ScriptEngine.runScriptAsRawText(ScriptEngine.java:119)
	at com.kms.katalon.core.main.TestCaseExecutor.runScript(TestCaseExecutor.java:337)
	at com.kms.katalon.core.main.TestCaseExecutor.doExecute(TestCaseExecutor.java:328)
	at com.kms.katalon.core.main.TestCaseExecutor.processExecutionPhase(TestCaseExecutor.java:307)
	at com.kms.katalon.core.main.TestCaseExecutor.accessMainPhase(TestCaseExecutor.java:299)
	at com.kms.katalon.core.main.TestCaseExecutor.execute(TestCaseExecutor.java:233)
	at com.kms.katalon.core.main.TestSuiteExecutor.accessTestCaseMainPhase(TestSuiteExecutor.java:169)
	at com.kms.katalon.core.main.TestSuiteExecutor.accessTestSuiteMainPhase(TestSuiteExecutor.java:142)
	at com.kms.katalon.core.main.TestSuiteExecutor.execute(TestSuiteExecutor.java:91)
	at com.kms.katalon.core.main.TestCaseMain.startTestSuite(TestCaseMain.java:157)
	at com.kms.katalon.core.main.TestCaseMain$startTestSuite$0.call(Unknown Source)
	at TempTestSuite1590695548095.run(TempTestSuite1590695548095.groovy:36)
Caused by: com.kms.katalon.core.exception.StepFailedException: Object 'Object Repository/Alda/Admin - Manage Test/Page_Add Test/button_Submit' is clickable
	at com.kms.katalon.core.webui.keyword.internal.WebUIKeywordMain.stepFailed(WebUIKeywordMain.groovy:64)
	at com.kms.katalon.core.webui.keyword.builtin.VerifyElementNotClickableKeyword$_verifyElementNotClickable_closure1.doCall(VerifyElementNotClickableKeyword.groovy:80)
	at com.kms.katalon.core.webui.keyword.builtin.VerifyElementNotClickableKeyword$_verifyElementNotClickable_closure1.call(VerifyElementNotClickableKeyword.groovy)
	at com.kms.katalon.core.webui.keyword.internal.WebUIKeywordMain.runKeyword(WebUIKeywordMain.groovy:20)
	... 19 more
"/>
         <system-out><![CDATA[2020-05-29 02:59:38 - [TEST_CASE][FAILED] - Test Cases/Alda/Admin - Manage Test - Pretest Posttest/Pretest Posttest - Add New Question: Test Cases/Alda/Admin - Manage Test - Pretest Posttest/Pretest Posttest - Add New Question FAILED.
Reason:
com.kms.katalon.core.exception.StepFailedException: Unable to verify object 'Object Repository/Alda/Admin - Manage Test/Page_Add Test/button_Submit' to be NOT clickable
	at com.kms.katalon.core.webui.keyword.internal.WebUIKeywordMain.stepFailed(WebUIKeywordMain.groovy:64)
	at com.kms.katalon.core.webui.keyword.internal.WebUIKeywordMain.runKeyword(WebUIKeywordMain.groovy:26)
	at com.kms.katalon.core.webui.keyword.builtin.VerifyElementNotClickableKeyword.verifyElementNotClickable(VerifyElementNotClickableKeyword.groovy:96)
	at com.kms.katalon.core.webui.keyword.builtin.VerifyElementNotClickableKeyword.execute(VerifyElementNotClickableKeyword.groovy:67)
	at com.kms.katalon.core.keyword.internal.KeywordExecutor.executeKeywordForPlatform(KeywordExecutor.groovy:60)
	at com.kms.katalon.core.webui.keyword.WebUiBuiltInKeywords.verifyElementNotClickable(WebUiBuiltInKeywords.groovy:591)
	at com.kms.katalon.core.webui.keyword.WebUiBuiltInKeywords$verifyElementNotClickable$5.call(Unknown Source)
	at Pretest Posttest - Add New Question.run(Pretest Posttest - Add New Question:95)
	at com.kms.katalon.core.main.ScriptEngine.run(ScriptEngine.java:194)
	at com.kms.katalon.core.main.ScriptEngine.runScriptAsRawText(ScriptEngine.java:119)
	at com.kms.katalon.core.main.TestCaseExecutor.runScript(TestCaseExecutor.java:337)
	at com.kms.katalon.core.main.TestCaseExecutor.doExecute(TestCaseExecutor.java:328)
	at com.kms.katalon.core.main.TestCaseExecutor.processExecutionPhase(TestCaseExecutor.java:307)
	at com.kms.katalon.core.main.TestCaseExecutor.accessMainPhase(TestCaseExecutor.java:299)
	at com.kms.katalon.core.main.TestCaseExecutor.execute(TestCaseExecutor.java:233)
	at com.kms.katalon.core.main.TestSuiteExecutor.accessTestCaseMainPhase(TestSuiteExecutor.java:169)
	at com.kms.katalon.core.main.TestSuiteExecutor.accessTestSuiteMainPhase(TestSuiteExecutor.java:142)
	at com.kms.katalon.core.main.TestSuiteExecutor.execute(TestSuiteExecutor.java:91)
	at com.kms.katalon.core.main.TestCaseMain.startTestSuite(TestCaseMain.java:157)
	at com.kms.katalon.core.main.TestCaseMain$startTestSuite$0.call(Unknown Source)
	at TempTestSuite1590695548095.run(TempTestSuite1590695548095.groovy:36)
Caused by: com.kms.katalon.core.exception.StepFailedException: Object 'Object Repository/Alda/Admin - Manage Test/Page_Add Test/button_Submit' is clickable
	at com.kms.katalon.core.webui.keyword.internal.WebUIKeywordMain.stepFailed(WebUIKeywordMain.groovy:64)
	at com.kms.katalon.core.webui.keyword.builtin.VerifyElementNotClickableKeyword$_verifyElementNotClickable_closure1.doCall(VerifyElementNotClickableKeyword.groovy:80)
	at com.kms.katalon.core.webui.keyword.builtin.VerifyElementNotClickableKeyword$_verifyElementNotClickable_closure1.call(VerifyElementNotClickableKeyword.groovy)
	at com.kms.katalon.core.webui.keyword.internal.WebUIKeywordMain.runKeyword(WebUIKeywordMain.groovy:20)
	... 19 more


2020-05-29 02:59:38 - [TEST_STEP][PASSED] - callTestCase(findTestCase("Rizka/Admin/Custom/Admin - Login"), ["username":"11666", "password":"Password3", "rememberMe":"yes", "condition":"passed"], STOP_ON_FAILURE): Call Test Case 'Test Cases/Rizka/Admin/Custom/Admin - Login' successfully

2020-05-29 02:59:38 - [TEST_CASE][PASSED] - Test Cases/Rizka/Admin/Custom/Admin - Login: Test Cases/Rizka/Admin/Custom/Admin - Login

2020-05-29 02:59:38 - [TEST_STEP][PASSED] - openBrowser("https://appsrv1.deltadatamandiri.com/ACC_LMS_WEB/#/admNLmn"): Browser is opened with url: 'https://appsrv1.deltadatamandiri.com/ACC_LMS_WEB/#/admNLmn'

2020-05-29 02:59:38 - [MESSAGE][WARNING] - A browser is already opened. Closing browser and opening a new one

2020-05-29 02:59:39 - [MESSAGE][INFO] - Starting 'Chrome' driver

2020-05-29 03:00:00 - [MESSAGE][PASSED] - Browser is opened with url: 'https://appsrv1.deltadatamandiri.com/ACC_LMS_WEB/#/admNLmn'

2020-05-29 03:00:00 - [TEST_STEP][PASSED] - maximizeWindow(): Current window maximized

2020-05-29 03:00:01 - [MESSAGE][PASSED] - Current window maximized

2020-05-29 03:00:01 - [TEST_STEP][PASSED] - delay(30): Delayed 30 second(s)

2020-05-29 03:00:31 - [MESSAGE][PASSED] - Delayed 30 second(s)

2020-05-29 03:00:31 - [TEST_STEP][PASSED] - click(findTestObject("Rizka/Admin/Admin - Login/btnLogin")): Object: 'Object Repository/Rizka/Admin/Admin - Login/btnLogin' is clicked on

2020-05-29 03:00:32 - [MESSAGE][PASSED] - Object: 'Object Repository/Rizka/Admin/Admin - Login/btnLogin' is clicked on

2020-05-29 03:00:32 - [TEST_STEP][PASSED] - setText(findTestObject("Rizka/Admin/Admin - Login/txtUsername"), username): Text '11666' is set on object 'Object Repository/Rizka/Admin/Admin - Login/txtUsername'

2020-05-29 03:00:32 - [MESSAGE][PASSED] - Text '11666' is set on object 'Object Repository/Rizka/Admin/Admin - Login/txtUsername'

2020-05-29 03:00:32 - [TEST_STEP][PASSED] - setText(findTestObject("Rizka/Admin/Admin - Login/txtPassword"), password): Text 'Password3' is set on object 'Object Repository/Rizka/Admin/Admin - Login/txtPassword'

2020-05-29 03:00:33 - [MESSAGE][PASSED] - Text 'Password3' is set on object 'Object Repository/Rizka/Admin/Admin - Login/txtPassword'

2020-05-29 03:00:33 - [TEST_STEP][PASSED] - click(findTestObject("Rizka/Admin/Admin - Login/btnEyePass")): Object: 'Object Repository/Rizka/Admin/Admin - Login/btnEyePass' is clicked on

2020-05-29 03:00:33 - [MESSAGE][PASSED] - Object: 'Object Repository/Rizka/Admin/Admin - Login/btnEyePass' is clicked on

2020-05-29 03:00:33 - [TEST_STEP][PASSED] - if (rememberMe == "yes"): Object: 'Object Repository/Rizka/Admin/Admin - Login/checkboxRememberMe' is clicked on

2020-05-29 03:00:33 - [TEST_STEP][PASSED] - click(findTestObject("Rizka/Admin/Admin - Login/checkboxRememberMe")): Object: 'Object Repository/Rizka/Admin/Admin - Login/checkboxRememberMe' is clicked on

2020-05-29 03:00:33 - [MESSAGE][PASSED] - Object: 'Object Repository/Rizka/Admin/Admin - Login/checkboxRememberMe' is clicked on

2020-05-29 03:00:33 - [TEST_STEP][PASSED] - click(findTestObject("Rizka/Admin/Admin - Login/btnLogin2")): Object: 'Object Repository/Rizka/Admin/Admin - Login/btnLogin2' is clicked on

2020-05-29 03:00:34 - [MESSAGE][PASSED] - Object: 'Object Repository/Rizka/Admin/Admin - Login/btnLogin2' is clicked on

2020-05-29 03:00:34 - [TEST_STEP][PASSED] - delay(10): Delayed 10 second(s)

2020-05-29 03:00:44 - [MESSAGE][PASSED] - Delayed 10 second(s)

2020-05-29 03:00:44 - [TEST_STEP][PASSED] - if (condition == "passed"): Object 'Object Repository/Rizka/Admin/Admin - Login/span_Dashboard' is visible

2020-05-29 03:00:44 - [TEST_STEP][PASSED] - verifyElementVisible(findTestObject("Rizka/Admin/Admin - Login/span_Dashboard")): Object 'Object Repository/Rizka/Admin/Admin - Login/span_Dashboard' is visible

2020-05-29 03:00:52 - [MESSAGE][PASSED] - Object 'Object Repository/Rizka/Admin/Admin - Login/span_Dashboard' is visible

2020-05-29 03:00:52 - [MESSAGE][PASSED] - Call Test Case 'Test Cases/Rizka/Admin/Custom/Admin - Login' successfully

2020-05-29 03:00:52 - [TEST_STEP][PASSED] - delay(3): Delayed 3 second(s)

2020-05-29 03:00:55 - [MESSAGE][PASSED] - Delayed 3 second(s)

2020-05-29 03:00:55 - [TEST_STEP][PASSED] - click(findTestObject("Alda/Admin - Manage Test/Page_Dashboard Admin/span_manage_test")): Object: 'Object Repository/Alda/Admin - Manage Test/Page_Dashboard Admin/span_manage_test' is clicked on

2020-05-29 03:00:55 - [MESSAGE][PASSED] - Object: 'Object Repository/Alda/Admin - Manage Test/Page_Dashboard Admin/span_manage_test' is clicked on

2020-05-29 03:00:55 - [TEST_STEP][PASSED] - click(findTestObject("Alda/Admin - Manage Test/Page_Dashboard Admin/span_pretest_posttest")): Object: 'Object Repository/Alda/Admin - Manage Test/Page_Dashboard Admin/span_pretest_posttest' is clicked on

2020-05-29 03:00:56 - [MESSAGE][PASSED] - Object: 'Object Repository/Alda/Admin - Manage Test/Page_Dashboard Admin/span_pretest_posttest' is clicked on

2020-05-29 03:00:56 - [TEST_STEP][PASSED] - delay(3): Delayed 3 second(s)

2020-05-29 03:00:59 - [MESSAGE][PASSED] - Delayed 3 second(s)

2020-05-29 03:00:59 - [TEST_STEP][PASSED] - click(findTestObject("Alda/Admin - Manage Test/add new question/btn_add_new_question")): Object: 'Object Repository/Alda/Admin - Manage Test/add new question/btn_add_new_question' is clicked on

2020-05-29 03:01:15 - [MESSAGE][PASSED] - Object: 'Object Repository/Alda/Admin - Manage Test/add new question/btn_add_new_question' is clicked on

2020-05-29 03:01:15 - [TEST_STEP][PASSED] - selectOptionByLabel(findTestObject("Alda/Admin - Manage Test/add new question/select_category"), var_category, true): All options with label 'Pre-Test' are selected in object 'Object Repository/Alda/Admin - Manage Test/add new question/select_category'  using regular expression

2020-05-29 03:01:26 - [MESSAGE][PASSED] - All options with label 'Pre-Test' are selected in object 'Object Repository/Alda/Admin - Manage Test/add new question/select_category'  using regular expression

2020-05-29 03:01:26 - [TEST_STEP][PASSED] - selectOptionByLabel(findTestObject("Alda/Admin - Manage Test/add new question/select_tipe_soal"), var_tipe_soal, true): All options with label 'Pilihan Ganda' are selected in object 'Object Repository/Alda/Admin - Manage Test/add new question/select_tipe_soal'  using regular expression

2020-05-29 03:01:42 - [MESSAGE][PASSED] - All options with label 'Pilihan Ganda' are selected in object 'Object Repository/Alda/Admin - Manage Test/add new question/select_tipe_soal'  using regular expression

2020-05-29 03:01:42 - [TEST_STEP][PASSED] - selectOptionByLabel(findTestObject("Alda/Admin - Manage Test/add new question/select_job_function"), var_job_function, true): All options with label '' are selected in object 'Object Repository/Alda/Admin - Manage Test/add new question/select_job_function'  using regular expression

2020-05-29 03:01:49 - [MESSAGE][PASSED] - All options with label '' are selected in object 'Object Repository/Alda/Admin - Manage Test/add new question/select_job_function'  using regular expression

2020-05-29 03:01:49 - [TEST_STEP][PASSED] - selectOptionByLabel(findTestObject("Alda/Admin - Manage Test/add new question/select_job_position"), var_job_position, true): All options with label '' are selected in object 'Object Repository/Alda/Admin - Manage Test/add new question/select_job_position'  using regular expression

2020-05-29 03:01:50 - [MESSAGE][PASSED] - All options with label '' are selected in object 'Object Repository/Alda/Admin - Manage Test/add new question/select_job_position'  using regular expression

2020-05-29 03:01:50 - [TEST_STEP][PASSED] - selectOptionByLabel(findTestObject("Alda/Admin - Manage Test/add new question/select_module"), var_module, true): All options with label '' are selected in object 'Object Repository/Alda/Admin - Manage Test/add new question/select_module'  using regular expression

2020-05-29 03:01:51 - [MESSAGE][PASSED] - All options with label '' are selected in object 'Object Repository/Alda/Admin - Manage Test/add new question/select_module'  using regular expression

2020-05-29 03:01:51 - [TEST_STEP][PASSED] - click(findTestObject("Alda/Admin - Manage Test/add new question/input_technical_competence")): Object: 'Object Repository/Alda/Admin - Manage Test/add new question/input_technical_competence' is clicked on

2020-05-29 03:01:59 - [MESSAGE][PASSED] - Object: 'Object Repository/Alda/Admin - Manage Test/add new question/input_technical_competence' is clicked on

2020-05-29 03:01:59 - [TEST_STEP][PASSED] - setText(findTestObject("Alda/Admin - Manage Test/add new question/input_technical_competence"), var_technical_comp): Text '' is set on object 'Object Repository/Alda/Admin - Manage Test/add new question/input_technical_competence'

2020-05-29 03:01:59 - [MESSAGE][PASSED] - Text '' is set on object 'Object Repository/Alda/Admin - Manage Test/add new question/input_technical_competence'

2020-05-29 03:01:59 - [TEST_STEP][PASSED] - click(findTestObject("Alda/Admin - Manage Test/Page_Add Test/input_level_competence_new")): Object: 'Object Repository/Alda/Admin - Manage Test/Page_Add Test/input_level_competence_new' is clicked on

2020-05-29 03:01:59 - [MESSAGE][PASSED] - Object: 'Object Repository/Alda/Admin - Manage Test/Page_Add Test/input_level_competence_new' is clicked on

2020-05-29 03:01:59 - [TEST_STEP][PASSED] - setText(findTestObject("Alda/Admin - Manage Test/Page_Add Test/input_level_competence_new"), var_level_comp): Text '' is set on object 'Object Repository/Alda/Admin - Manage Test/Page_Add Test/input_level_competence_new'

2020-05-29 03:02:00 - [MESSAGE][PASSED] - Text '' is set on object 'Object Repository/Alda/Admin - Manage Test/Page_Add Test/input_level_competence_new'

2020-05-29 03:02:00 - [TEST_STEP][PASSED] - setText(findTestObject("Alda/Admin - Manage Test/add new question/textarea_soal"), var_soal): Text 'Matahari terbenam ke arah?' is set on object 'Object Repository/Alda/Admin - Manage Test/add new question/textarea_soal'

2020-05-29 03:02:00 - [MESSAGE][PASSED] - Text 'Matahari terbenam ke arah?' is set on object 'Object Repository/Alda/Admin - Manage Test/add new question/textarea_soal'

2020-05-29 03:02:00 - [TEST_STEP][PASSED] - switch (var_tipe_soal): null

2020-05-29 03:02:00 - [TEST_STEP][PASSED] - case "Pilihan Ganda":: null

2020-05-29 03:02:00 - [TEST_STEP][PASSED] - setText(findTestObject("Alda/Admin - Manage Test/add new question/input_jawaban_a"), var_jawaban_a): Text 'timur' is set on object 'Object Repository/Alda/Admin - Manage Test/add new question/input_jawaban_a'

2020-05-29 03:02:01 - [MESSAGE][PASSED] - Text 'timur' is set on object 'Object Repository/Alda/Admin - Manage Test/add new question/input_jawaban_a'

2020-05-29 03:02:01 - [TEST_STEP][PASSED] - setText(findTestObject("Alda/Admin - Manage Test/add new question/input_jawaban_b"), var_jawaban_b): Text 'utara' is set on object 'Object Repository/Alda/Admin - Manage Test/add new question/input_jawaban_b'

2020-05-29 03:02:01 - [MESSAGE][PASSED] - Text 'utara' is set on object 'Object Repository/Alda/Admin - Manage Test/add new question/input_jawaban_b'

2020-05-29 03:02:01 - [TEST_STEP][PASSED] - setText(findTestObject("Alda/Admin - Manage Test/add new question/input_jawaban_c"), var_jawaban_c): Text 'selatan' is set on object 'Object Repository/Alda/Admin - Manage Test/add new question/input_jawaban_c'

2020-05-29 03:02:02 - [MESSAGE][PASSED] - Text 'selatan' is set on object 'Object Repository/Alda/Admin - Manage Test/add new question/input_jawaban_c'

2020-05-29 03:02:02 - [TEST_STEP][PASSED] - setText(findTestObject("Alda/Admin - Manage Test/add new question/input_jawaban_d"), var_jawaban_d): Text 'barat' is set on object 'Object Repository/Alda/Admin - Manage Test/add new question/input_jawaban_d'

2020-05-29 03:02:03 - [MESSAGE][PASSED] - Text 'barat' is set on object 'Object Repository/Alda/Admin - Manage Test/add new question/input_jawaban_d'

2020-05-29 03:02:03 - [TEST_STEP][PASSED] - selectOptionByLabel(findTestObject("Alda/Admin - Manage Test/add new question/select_ABCD"), var_kunci_jawaban, true): All options with label 'D' are selected in object 'Object Repository/Alda/Admin - Manage Test/add new question/select_ABCD'  using regular expression

2020-05-29 03:02:04 - [MESSAGE][PASSED] - All options with label 'D' are selected in object 'Object Repository/Alda/Admin - Manage Test/add new question/select_ABCD'  using regular expression

2020-05-29 03:02:04 - [TEST_STEP][PASSED] - break: null

2020-05-29 03:02:04 - [TEST_STEP][FAILED] - switch (expected_output): Unable to verify object 'Object Repository/Alda/Admin - Manage Test/Page_Add Test/button_Submit' to be NOT clickable (Root cause: com.kms.katalon.core.exception.StepFailedException: Unable to verify object 'Object Repository/Alda/Admin - Manage Test/Page_Add Test/button_Submit' to be NOT clickable
	at com.kms.katalon.core.webui.keyword.internal.WebUIKeywordMain.stepFailed(WebUIKeywordMain.groovy:64)
	at com.kms.katalon.core.webui.keyword.internal.WebUIKeywordMain.runKeyword(WebUIKeywordMain.groovy:26)
	at com.kms.katalon.core.webui.keyword.builtin.VerifyElementNotClickableKeyword.verifyElementNotClickable(VerifyElementNotClickableKeyword.groovy:96)
	at com.kms.katalon.core.webui.keyword.builtin.VerifyElementNotClickableKeyword.execute(VerifyElementNotClickableKeyword.groovy:67)
	at com.kms.katalon.core.keyword.internal.KeywordExecutor.executeKeywordForPlatform(KeywordExecutor.groovy:60)
	at com.kms.katalon.core.webui.keyword.WebUiBuiltInKeywords.verifyElementNotClickable(WebUiBuiltInKeywords.groovy:591)
	at com.kms.katalon.core.webui.keyword.WebUiBuiltInKeywords$verifyElementNotClickable$5.call(Unknown Source)
	at Pretest Posttest - Add New Question.run(Pretest Posttest - Add New Question:95)
	at com.kms.katalon.core.main.ScriptEngine.run(ScriptEngine.java:194)
	at com.kms.katalon.core.main.ScriptEngine.runScriptAsRawText(ScriptEngine.java:119)
	at com.kms.katalon.core.main.TestCaseExecutor.runScript(TestCaseExecutor.java:337)
	at com.kms.katalon.core.main.TestCaseExecutor.doExecute(TestCaseExecutor.java:328)
	at com.kms.katalon.core.main.TestCaseExecutor.processExecutionPhase(TestCaseExecutor.java:307)
	at com.kms.katalon.core.main.TestCaseExecutor.accessMainPhase(TestCaseExecutor.java:299)
	at com.kms.katalon.core.main.TestCaseExecutor.execute(TestCaseExecutor.java:233)
	at com.kms.katalon.core.main.TestSuiteExecutor.accessTestCaseMainPhase(TestSuiteExecutor.java:169)
	at com.kms.katalon.core.main.TestSuiteExecutor.accessTestSuiteMainPhase(TestSuiteExecutor.java:142)
	at com.kms.katalon.core.main.TestSuiteExecutor.execute(TestSuiteExecutor.java:91)
	at com.kms.katalon.core.main.TestCaseMain.startTestSuite(TestCaseMain.java:157)
	at com.kms.katalon.core.main.TestCaseMain$startTestSuite$0.call(Unknown Source)
	at TempTestSuite1590695548095.run(TempTestSuite1590695548095.groovy:36)
Caused by: com.kms.katalon.core.exception.StepFailedException: Object 'Object Repository/Alda/Admin - Manage Test/Page_Add Test/button_Submit' is clickable
	at com.kms.katalon.core.webui.keyword.internal.WebUIKeywordMain.stepFailed(WebUIKeywordMain.groovy:64)
	at com.kms.katalon.core.webui.keyword.builtin.VerifyElementNotClickableKeyword$_verifyElementNotClickable_closure1.doCall(VerifyElementNotClickableKeyword.groovy:80)
	at com.kms.katalon.core.webui.keyword.builtin.VerifyElementNotClickableKeyword$_verifyElementNotClickable_closure1.call(VerifyElementNotClickableKeyword.groovy)
	at com.kms.katalon.core.webui.keyword.internal.WebUIKeywordMain.runKeyword(WebUIKeywordMain.groovy:20)
	... 19 more
)

2020-05-29 03:02:04 - [TEST_STEP][FAILED] - case "fail":: Unable to verify object 'Object Repository/Alda/Admin - Manage Test/Page_Add Test/button_Submit' to be NOT clickable (Root cause: com.kms.katalon.core.exception.StepFailedException: Unable to verify object 'Object Repository/Alda/Admin - Manage Test/Page_Add Test/button_Submit' to be NOT clickable
	at com.kms.katalon.core.webui.keyword.internal.WebUIKeywordMain.stepFailed(WebUIKeywordMain.groovy:64)
	at com.kms.katalon.core.webui.keyword.internal.WebUIKeywordMain.runKeyword(WebUIKeywordMain.groovy:26)
	at com.kms.katalon.core.webui.keyword.builtin.VerifyElementNotClickableKeyword.verifyElementNotClickable(VerifyElementNotClickableKeyword.groovy:96)
	at com.kms.katalon.core.webui.keyword.builtin.VerifyElementNotClickableKeyword.execute(VerifyElementNotClickableKeyword.groovy:67)
	at com.kms.katalon.core.keyword.internal.KeywordExecutor.executeKeywordForPlatform(KeywordExecutor.groovy:60)
	at com.kms.katalon.core.webui.keyword.WebUiBuiltInKeywords.verifyElementNotClickable(WebUiBuiltInKeywords.groovy:591)
	at com.kms.katalon.core.webui.keyword.WebUiBuiltInKeywords$verifyElementNotClickable$5.call(Unknown Source)
	at Pretest Posttest - Add New Question.run(Pretest Posttest - Add New Question:95)
	at com.kms.katalon.core.main.ScriptEngine.run(ScriptEngine.java:194)
	at com.kms.katalon.core.main.ScriptEngine.runScriptAsRawText(ScriptEngine.java:119)
	at com.kms.katalon.core.main.TestCaseExecutor.runScript(TestCaseExecutor.java:337)
	at com.kms.katalon.core.main.TestCaseExecutor.doExecute(TestCaseExecutor.java:328)
	at com.kms.katalon.core.main.TestCaseExecutor.processExecutionPhase(TestCaseExecutor.java:307)
	at com.kms.katalon.core.main.TestCaseExecutor.accessMainPhase(TestCaseExecutor.java:299)
	at com.kms.katalon.core.main.TestCaseExecutor.execute(TestCaseExecutor.java:233)
	at com.kms.katalon.core.main.TestSuiteExecutor.accessTestCaseMainPhase(TestSuiteExecutor.java:169)
	at com.kms.katalon.core.main.TestSuiteExecutor.accessTestSuiteMainPhase(TestSuiteExecutor.java:142)
	at com.kms.katalon.core.main.TestSuiteExecutor.execute(TestSuiteExecutor.java:91)
	at com.kms.katalon.core.main.TestCaseMain.startTestSuite(TestCaseMain.java:157)
	at com.kms.katalon.core.main.TestCaseMain$startTestSuite$0.call(Unknown Source)
	at TempTestSuite1590695548095.run(TempTestSuite1590695548095.groovy:36)
Caused by: com.kms.katalon.core.exception.StepFailedException: Object 'Object Repository/Alda/Admin - Manage Test/Page_Add Test/button_Submit' is clickable
	at com.kms.katalon.core.webui.keyword.internal.WebUIKeywordMain.stepFailed(WebUIKeywordMain.groovy:64)
	at com.kms.katalon.core.webui.keyword.builtin.VerifyElementNotClickableKeyword$_verifyElementNotClickable_closure1.doCall(VerifyElementNotClickableKeyword.groovy:80)
	at com.kms.katalon.core.webui.keyword.builtin.VerifyElementNotClickableKeyword$_verifyElementNotClickable_closure1.call(VerifyElementNotClickableKeyword.groovy)
	at com.kms.katalon.core.webui.keyword.internal.WebUIKeywordMain.runKeyword(WebUIKeywordMain.groovy:20)
	... 19 more
)

2020-05-29 03:02:04 - [TEST_STEP][FAILED] - verifyElementNotClickable(findTestObject("Alda/Admin - Manage Test/Page_Add Test/button_Submit")): Unable to verify object 'Object Repository/Alda/Admin - Manage Test/Page_Add Test/button_Submit' to be NOT clickable (Root cause: com.kms.katalon.core.exception.StepFailedException: Unable to verify object 'Object Repository/Alda/Admin - Manage Test/Page_Add Test/button_Submit' to be NOT clickable
	at com.kms.katalon.core.webui.keyword.internal.WebUIKeywordMain.stepFailed(WebUIKeywordMain.groovy:64)
	at com.kms.katalon.core.webui.keyword.internal.WebUIKeywordMain.runKeyword(WebUIKeywordMain.groovy:26)
	at com.kms.katalon.core.webui.keyword.builtin.VerifyElementNotClickableKeyword.verifyElementNotClickable(VerifyElementNotClickableKeyword.groovy:96)
	at com.kms.katalon.core.webui.keyword.builtin.VerifyElementNotClickableKeyword.execute(VerifyElementNotClickableKeyword.groovy:67)
	at com.kms.katalon.core.keyword.internal.KeywordExecutor.executeKeywordForPlatform(KeywordExecutor.groovy:60)
	at com.kms.katalon.core.webui.keyword.WebUiBuiltInKeywords.verifyElementNotClickable(WebUiBuiltInKeywords.groovy:591)
	at com.kms.katalon.core.webui.keyword.WebUiBuiltInKeywords$verifyElementNotClickable$5.call(Unknown Source)
	at Pretest Posttest - Add New Question.run(Pretest Posttest - Add New Question:95)
	at com.kms.katalon.core.main.ScriptEngine.run(ScriptEngine.java:194)
	at com.kms.katalon.core.main.ScriptEngine.runScriptAsRawText(ScriptEngine.java:119)
	at com.kms.katalon.core.main.TestCaseExecutor.runScript(TestCaseExecutor.java:337)
	at com.kms.katalon.core.main.TestCaseExecutor.doExecute(TestCaseExecutor.java:328)
	at com.kms.katalon.core.main.TestCaseExecutor.processExecutionPhase(TestCaseExecutor.java:307)
	at com.kms.katalon.core.main.TestCaseExecutor.accessMainPhase(TestCaseExecutor.java:299)
	at com.kms.katalon.core.main.TestCaseExecutor.execute(TestCaseExecutor.java:233)
	at com.kms.katalon.core.main.TestSuiteExecutor.accessTestCaseMainPhase(TestSuiteExecutor.java:169)
	at com.kms.katalon.core.main.TestSuiteExecutor.accessTestSuiteMainPhase(TestSuiteExecutor.java:142)
	at com.kms.katalon.core.main.TestSuiteExecutor.execute(TestSuiteExecutor.java:91)
	at com.kms.katalon.core.main.TestCaseMain.startTestSuite(TestCaseMain.java:157)
	at com.kms.katalon.core.main.TestCaseMain$startTestSuite$0.call(Unknown Source)
	at TempTestSuite1590695548095.run(TempTestSuite1590695548095.groovy:36)
Caused by: com.kms.katalon.core.exception.StepFailedException: Object 'Object Repository/Alda/Admin - Manage Test/Page_Add Test/button_Submit' is clickable
	at com.kms.katalon.core.webui.keyword.internal.WebUIKeywordMain.stepFailed(WebUIKeywordMain.groovy:64)
	at com.kms.katalon.core.webui.keyword.builtin.VerifyElementNotClickableKeyword$_verifyElementNotClickable_closure1.doCall(VerifyElementNotClickableKeyword.groovy:80)
	at com.kms.katalon.core.webui.keyword.builtin.VerifyElementNotClickableKeyword$_verifyElementNotClickable_closure1.call(VerifyElementNotClickableKeyword.groovy)
	at com.kms.katalon.core.webui.keyword.internal.WebUIKeywordMain.runKeyword(WebUIKeywordMain.groovy:20)
	... 19 more
)

2020-05-29 03:02:05 - [MESSAGE][FAILED] - Object 'Object Repository/Alda/Admin - Manage Test/Page_Add Test/button_Submit' is clickable (Root cause: com.kms.katalon.core.exception.StepFailedException: Object 'Object Repository/Alda/Admin - Manage Test/Page_Add Test/button_Submit' is clickable
	at com.kms.katalon.core.webui.keyword.internal.WebUIKeywordMain.stepFailed(WebUIKeywordMain.groovy:64)
	at com.kms.katalon.core.webui.keyword.builtin.VerifyElementNotClickableKeyword$_verifyElementNotClickable_closure1.doCall(VerifyElementNotClickableKeyword.groovy:80)
	at com.kms.katalon.core.webui.keyword.builtin.VerifyElementNotClickableKeyword$_verifyElementNotClickable_closure1.call(VerifyElementNotClickableKeyword.groovy)
	at com.kms.katalon.core.webui.keyword.internal.WebUIKeywordMain.runKeyword(WebUIKeywordMain.groovy:20)
	at com.kms.katalon.core.webui.keyword.builtin.VerifyElementNotClickableKeyword.verifyElementNotClickable(VerifyElementNotClickableKeyword.groovy:96)
	at com.kms.katalon.core.webui.keyword.builtin.VerifyElementNotClickableKeyword.execute(VerifyElementNotClickableKeyword.groovy:67)
	at com.kms.katalon.core.keyword.internal.KeywordExecutor.executeKeywordForPlatform(KeywordExecutor.groovy:60)
	at com.kms.katalon.core.webui.keyword.WebUiBuiltInKeywords.verifyElementNotClickable(WebUiBuiltInKeywords.groovy:591)
	at com.kms.katalon.core.webui.keyword.WebUiBuiltInKeywords$verifyElementNotClickable$5.call(Unknown Source)
	at Pretest Posttest - Add New Question.run(Pretest Posttest - Add New Question:95)
	at com.kms.katalon.core.main.ScriptEngine.run(ScriptEngine.java:194)
	at com.kms.katalon.core.main.ScriptEngine.runScriptAsRawText(ScriptEngine.java:119)
	at com.kms.katalon.core.main.TestCaseExecutor.runScript(TestCaseExecutor.java:337)
	at com.kms.katalon.core.main.TestCaseExecutor.doExecute(TestCaseExecutor.java:328)
	at com.kms.katalon.core.main.TestCaseExecutor.processExecutionPhase(TestCaseExecutor.java:307)
	at com.kms.katalon.core.main.TestCaseExecutor.accessMainPhase(TestCaseExecutor.java:299)
	at com.kms.katalon.core.main.TestCaseExecutor.execute(TestCaseExecutor.java:233)
	at com.kms.katalon.core.main.TestSuiteExecutor.accessTestCaseMainPhase(TestSuiteExecutor.java:169)
	at com.kms.katalon.core.main.TestSuiteExecutor.accessTestSuiteMainPhase(TestSuiteExecutor.java:142)
	at com.kms.katalon.core.main.TestSuiteExecutor.execute(TestSuiteExecutor.java:91)
	at com.kms.katalon.core.main.TestCaseMain.startTestSuite(TestCaseMain.java:157)
	at com.kms.katalon.core.main.TestCaseMain$startTestSuite$0.call(Unknown Source)
	at TempTestSuite1590695548095.run(TempTestSuite1590695548095.groovy:36)
)
[[ATTACHMENT|C:\\Users\\asus\\git\\LMS27Mei\\Reports\\20200529_025228\\Alda\\Admin_Pretest Posttest - Add New Question\\20200529_025228\\1590696124770.png]]

2020-05-29 03:02:05 - [MESSAGE][FAILED] - Unable to verify object 'Object Repository/Alda/Admin - Manage Test/Page_Add Test/button_Submit' to be NOT clickable (Root cause: com.kms.katalon.core.exception.StepFailedException: Unable to verify object 'Object Repository/Alda/Admin - Manage Test/Page_Add Test/button_Submit' to be NOT clickable
	at com.kms.katalon.core.webui.keyword.internal.WebUIKeywordMain.stepFailed(WebUIKeywordMain.groovy:64)
	at com.kms.katalon.core.webui.keyword.internal.WebUIKeywordMain.runKeyword(WebUIKeywordMain.groovy:26)
	at com.kms.katalon.core.webui.keyword.builtin.VerifyElementNotClickableKeyword.verifyElementNotClickable(VerifyElementNotClickableKeyword.groovy:96)
	at com.kms.katalon.core.webui.keyword.builtin.VerifyElementNotClickableKeyword.execute(VerifyElementNotClickableKeyword.groovy:67)
	at com.kms.katalon.core.keyword.internal.KeywordExecutor.executeKeywordForPlatform(KeywordExecutor.groovy:60)
	at com.kms.katalon.core.webui.keyword.WebUiBuiltInKeywords.verifyElementNotClickable(WebUiBuiltInKeywords.groovy:591)
	at com.kms.katalon.core.webui.keyword.WebUiBuiltInKeywords$verifyElementNotClickable$5.call(Unknown Source)
	at Pretest Posttest - Add New Question.run(Pretest Posttest - Add New Question:95)
	at com.kms.katalon.core.main.ScriptEngine.run(ScriptEngine.java:194)
	at com.kms.katalon.core.main.ScriptEngine.runScriptAsRawText(ScriptEngine.java:119)
	at com.kms.katalon.core.main.TestCaseExecutor.runScript(TestCaseExecutor.java:337)
	at com.kms.katalon.core.main.TestCaseExecutor.doExecute(TestCaseExecutor.java:328)
	at com.kms.katalon.core.main.TestCaseExecutor.processExecutionPhase(TestCaseExecutor.java:307)
	at com.kms.katalon.core.main.TestCaseExecutor.accessMainPhase(TestCaseExecutor.java:299)
	at com.kms.katalon.core.main.TestCaseExecutor.execute(TestCaseExecutor.java:233)
	at com.kms.katalon.core.main.TestSuiteExecutor.accessTestCaseMainPhase(TestSuiteExecutor.java:169)
	at com.kms.katalon.core.main.TestSuiteExecutor.accessTestSuiteMainPhase(TestSuiteExecutor.java:142)
	at com.kms.katalon.core.main.TestSuiteExecutor.execute(TestSuiteExecutor.java:91)
	at com.kms.katalon.core.main.TestCaseMain.startTestSuite(TestCaseMain.java:157)
	at com.kms.katalon.core.main.TestCaseMain$startTestSuite$0.call(Unknown Source)
	at TempTestSuite1590695548095.run(TempTestSuite1590695548095.groovy:36)
Caused by: com.kms.katalon.core.exception.StepFailedException: Object 'Object Repository/Alda/Admin - Manage Test/Page_Add Test/button_Submit' is clickable
	at com.kms.katalon.core.webui.keyword.internal.WebUIKeywordMain.stepFailed(WebUIKeywordMain.groovy:64)
	at com.kms.katalon.core.webui.keyword.builtin.VerifyElementNotClickableKeyword$_verifyElementNotClickable_closure1.doCall(VerifyElementNotClickableKeyword.groovy:80)
	at com.kms.katalon.core.webui.keyword.builtin.VerifyElementNotClickableKeyword$_verifyElementNotClickable_closure1.call(VerifyElementNotClickableKeyword.groovy)
	at com.kms.katalon.core.webui.keyword.internal.WebUIKeywordMain.runKeyword(WebUIKeywordMain.groovy:20)
	... 19 more
)
[[ATTACHMENT|C:\\Users\\asus\\git\\LMS27Mei\\Reports\\20200529_025228\\Alda\\Admin_Pretest Posttest - Add New Question\\20200529_025228\\1590696125069.png]]]]></system-out>
         <system-err><![CDATA[2020-05-29 02:59:38 - [TEST_CASE][FAILED] - Test Cases/Alda/Admin - Manage Test - Pretest Posttest/Pretest Posttest - Add New Question: Test Cases/Alda/Admin - Manage Test - Pretest Posttest/Pretest Posttest - Add New Question FAILED.
Reason:
com.kms.katalon.core.exception.StepFailedException: Unable to verify object 'Object Repository/Alda/Admin - Manage Test/Page_Add Test/button_Submit' to be NOT clickable
	at com.kms.katalon.core.webui.keyword.internal.WebUIKeywordMain.stepFailed(WebUIKeywordMain.groovy:64)
	at com.kms.katalon.core.webui.keyword.internal.WebUIKeywordMain.runKeyword(WebUIKeywordMain.groovy:26)
	at com.kms.katalon.core.webui.keyword.builtin.VerifyElementNotClickableKeyword.verifyElementNotClickable(VerifyElementNotClickableKeyword.groovy:96)
	at com.kms.katalon.core.webui.keyword.builtin.VerifyElementNotClickableKeyword.execute(VerifyElementNotClickableKeyword.groovy:67)
	at com.kms.katalon.core.keyword.internal.KeywordExecutor.executeKeywordForPlatform(KeywordExecutor.groovy:60)
	at com.kms.katalon.core.webui.keyword.WebUiBuiltInKeywords.verifyElementNotClickable(WebUiBuiltInKeywords.groovy:591)
	at com.kms.katalon.core.webui.keyword.WebUiBuiltInKeywords$verifyElementNotClickable$5.call(Unknown Source)
	at Pretest Posttest - Add New Question.run(Pretest Posttest - Add New Question:95)
	at com.kms.katalon.core.main.ScriptEngine.run(ScriptEngine.java:194)
	at com.kms.katalon.core.main.ScriptEngine.runScriptAsRawText(ScriptEngine.java:119)
	at com.kms.katalon.core.main.TestCaseExecutor.runScript(TestCaseExecutor.java:337)
	at com.kms.katalon.core.main.TestCaseExecutor.doExecute(TestCaseExecutor.java:328)
	at com.kms.katalon.core.main.TestCaseExecutor.processExecutionPhase(TestCaseExecutor.java:307)
	at com.kms.katalon.core.main.TestCaseExecutor.accessMainPhase(TestCaseExecutor.java:299)
	at com.kms.katalon.core.main.TestCaseExecutor.execute(TestCaseExecutor.java:233)
	at com.kms.katalon.core.main.TestSuiteExecutor.accessTestCaseMainPhase(TestSuiteExecutor.java:169)
	at com.kms.katalon.core.main.TestSuiteExecutor.accessTestSuiteMainPhase(TestSuiteExecutor.java:142)
	at com.kms.katalon.core.main.TestSuiteExecutor.execute(TestSuiteExecutor.java:91)
	at com.kms.katalon.core.main.TestCaseMain.startTestSuite(TestCaseMain.java:157)
	at com.kms.katalon.core.main.TestCaseMain$startTestSuite$0.call(Unknown Source)
	at TempTestSuite1590695548095.run(TempTestSuite1590695548095.groovy:36)
Caused by: com.kms.katalon.core.exception.StepFailedException: Object 'Object Repository/Alda/Admin - Manage Test/Page_Add Test/button_Submit' is clickable
	at com.kms.katalon.core.webui.keyword.internal.WebUIKeywordMain.stepFailed(WebUIKeywordMain.groovy:64)
	at com.kms.katalon.core.webui.keyword.builtin.VerifyElementNotClickableKeyword$_verifyElementNotClickable_closure1.doCall(VerifyElementNotClickableKeyword.groovy:80)
	at com.kms.katalon.core.webui.keyword.builtin.VerifyElementNotClickableKeyword$_verifyElementNotClickable_closure1.call(VerifyElementNotClickableKeyword.groovy)
	at com.kms.katalon.core.webui.keyword.internal.WebUIKeywordMain.runKeyword(WebUIKeywordMain.groovy:20)
	... 19 more]]></system-err>
      </testcase>
      <testcase name="Test Cases/Alda/Admin - Manage Test - Pretest Posttest/Pretest Posttest - Add New Question" time="157.865" classname="Test Cases/Alda/Admin - Manage Test - Pretest Posttest/Pretest Posttest - Add New Question" status="PASSED">
         <system-out><![CDATA[2020-05-29 03:02:05 - [TEST_CASE][PASSED] - Test Cases/Alda/Admin - Manage Test - Pretest Posttest/Pretest Posttest - Add New Question: Test Cases/Alda/Admin - Manage Test - Pretest Posttest/Pretest Posttest - Add New Question

2020-05-29 03:02:05 - [TEST_STEP][PASSED] - callTestCase(findTestCase("Rizka/Admin/Custom/Admin - Login"), ["username":"11666", "password":"Password3", "rememberMe":"yes", "condition":"passed"], STOP_ON_FAILURE): Call Test Case 'Test Cases/Rizka/Admin/Custom/Admin - Login' successfully

2020-05-29 03:02:05 - [TEST_CASE][PASSED] - Test Cases/Rizka/Admin/Custom/Admin - Login: Test Cases/Rizka/Admin/Custom/Admin - Login

2020-05-29 03:02:05 - [TEST_STEP][PASSED] - openBrowser("https://appsrv1.deltadatamandiri.com/ACC_LMS_WEB/#/admNLmn"): Browser is opened with url: 'https://appsrv1.deltadatamandiri.com/ACC_LMS_WEB/#/admNLmn'

2020-05-29 03:02:05 - [MESSAGE][WARNING] - A browser is already opened. Closing browser and opening a new one

2020-05-29 03:02:06 - [MESSAGE][INFO] - Starting 'Chrome' driver

2020-05-29 03:02:28 - [MESSAGE][PASSED] - Browser is opened with url: 'https://appsrv1.deltadatamandiri.com/ACC_LMS_WEB/#/admNLmn'

2020-05-29 03:02:28 - [TEST_STEP][PASSED] - maximizeWindow(): Current window maximized

2020-05-29 03:02:29 - [MESSAGE][PASSED] - Current window maximized

2020-05-29 03:02:29 - [TEST_STEP][PASSED] - delay(30): Delayed 30 second(s)

2020-05-29 03:02:59 - [MESSAGE][PASSED] - Delayed 30 second(s)

2020-05-29 03:02:59 - [TEST_STEP][PASSED] - click(findTestObject("Rizka/Admin/Admin - Login/btnLogin")): Object: 'Object Repository/Rizka/Admin/Admin - Login/btnLogin' is clicked on

2020-05-29 03:02:59 - [MESSAGE][PASSED] - Object: 'Object Repository/Rizka/Admin/Admin - Login/btnLogin' is clicked on

2020-05-29 03:02:59 - [TEST_STEP][PASSED] - setText(findTestObject("Rizka/Admin/Admin - Login/txtUsername"), username): Text '11666' is set on object 'Object Repository/Rizka/Admin/Admin - Login/txtUsername'

2020-05-29 03:03:00 - [MESSAGE][PASSED] - Text '11666' is set on object 'Object Repository/Rizka/Admin/Admin - Login/txtUsername'

2020-05-29 03:03:00 - [TEST_STEP][PASSED] - setText(findTestObject("Rizka/Admin/Admin - Login/txtPassword"), password): Text 'Password3' is set on object 'Object Repository/Rizka/Admin/Admin - Login/txtPassword'

2020-05-29 03:03:00 - [MESSAGE][PASSED] - Text 'Password3' is set on object 'Object Repository/Rizka/Admin/Admin - Login/txtPassword'

2020-05-29 03:03:00 - [TEST_STEP][PASSED] - click(findTestObject("Rizka/Admin/Admin - Login/btnEyePass")): Object: 'Object Repository/Rizka/Admin/Admin - Login/btnEyePass' is clicked on

2020-05-29 03:03:01 - [MESSAGE][PASSED] - Object: 'Object Repository/Rizka/Admin/Admin - Login/btnEyePass' is clicked on

2020-05-29 03:03:01 - [TEST_STEP][PASSED] - if (rememberMe == "yes"): Object: 'Object Repository/Rizka/Admin/Admin - Login/checkboxRememberMe' is clicked on

2020-05-29 03:03:01 - [TEST_STEP][PASSED] - click(findTestObject("Rizka/Admin/Admin - Login/checkboxRememberMe")): Object: 'Object Repository/Rizka/Admin/Admin - Login/checkboxRememberMe' is clicked on

2020-05-29 03:03:01 - [MESSAGE][PASSED] - Object: 'Object Repository/Rizka/Admin/Admin - Login/checkboxRememberMe' is clicked on

2020-05-29 03:03:01 - [TEST_STEP][PASSED] - click(findTestObject("Rizka/Admin/Admin - Login/btnLogin2")): Object: 'Object Repository/Rizka/Admin/Admin - Login/btnLogin2' is clicked on

2020-05-29 03:03:01 - [MESSAGE][PASSED] - Object: 'Object Repository/Rizka/Admin/Admin - Login/btnLogin2' is clicked on

2020-05-29 03:03:01 - [TEST_STEP][PASSED] - delay(10): Delayed 10 second(s)

2020-05-29 03:03:11 - [MESSAGE][PASSED] - Delayed 10 second(s)

2020-05-29 03:03:11 - [TEST_STEP][PASSED] - if (condition == "passed"): Object 'Object Repository/Rizka/Admin/Admin - Login/span_Dashboard' is visible

2020-05-29 03:03:11 - [TEST_STEP][PASSED] - verifyElementVisible(findTestObject("Rizka/Admin/Admin - Login/span_Dashboard")): Object 'Object Repository/Rizka/Admin/Admin - Login/span_Dashboard' is visible

2020-05-29 03:03:28 - [MESSAGE][PASSED] - Object 'Object Repository/Rizka/Admin/Admin - Login/span_Dashboard' is visible

2020-05-29 03:03:28 - [MESSAGE][PASSED] - Call Test Case 'Test Cases/Rizka/Admin/Custom/Admin - Login' successfully

2020-05-29 03:03:28 - [TEST_STEP][PASSED] - delay(3): Delayed 3 second(s)

2020-05-29 03:03:31 - [MESSAGE][PASSED] - Delayed 3 second(s)

2020-05-29 03:03:31 - [TEST_STEP][PASSED] - click(findTestObject("Alda/Admin - Manage Test/Page_Dashboard Admin/span_manage_test")): Object: 'Object Repository/Alda/Admin - Manage Test/Page_Dashboard Admin/span_manage_test' is clicked on

2020-05-29 03:03:36 - [MESSAGE][PASSED] - Object: 'Object Repository/Alda/Admin - Manage Test/Page_Dashboard Admin/span_manage_test' is clicked on

2020-05-29 03:03:36 - [TEST_STEP][PASSED] - click(findTestObject("Alda/Admin - Manage Test/Page_Dashboard Admin/span_pretest_posttest")): Object: 'Object Repository/Alda/Admin - Manage Test/Page_Dashboard Admin/span_pretest_posttest' is clicked on

2020-05-29 03:03:36 - [MESSAGE][PASSED] - Object: 'Object Repository/Alda/Admin - Manage Test/Page_Dashboard Admin/span_pretest_posttest' is clicked on

2020-05-29 03:03:36 - [TEST_STEP][PASSED] - delay(3): Delayed 3 second(s)

2020-05-29 03:03:39 - [MESSAGE][PASSED] - Delayed 3 second(s)

2020-05-29 03:03:39 - [TEST_STEP][PASSED] - click(findTestObject("Alda/Admin - Manage Test/add new question/btn_add_new_question")): Object: 'Object Repository/Alda/Admin - Manage Test/add new question/btn_add_new_question' is clicked on

2020-05-29 03:03:56 - [MESSAGE][PASSED] - Object: 'Object Repository/Alda/Admin - Manage Test/add new question/btn_add_new_question' is clicked on

2020-05-29 03:03:56 - [TEST_STEP][PASSED] - selectOptionByLabel(findTestObject("Alda/Admin - Manage Test/add new question/select_category"), var_category, true): All options with label 'Pre-Test' are selected in object 'Object Repository/Alda/Admin - Manage Test/add new question/select_category'  using regular expression

2020-05-29 03:04:07 - [MESSAGE][PASSED] - All options with label 'Pre-Test' are selected in object 'Object Repository/Alda/Admin - Manage Test/add new question/select_category'  using regular expression

2020-05-29 03:04:07 - [TEST_STEP][PASSED] - selectOptionByLabel(findTestObject("Alda/Admin - Manage Test/add new question/select_tipe_soal"), var_tipe_soal, true): All options with label 'Pilihan Ganda' are selected in object 'Object Repository/Alda/Admin - Manage Test/add new question/select_tipe_soal'  using regular expression

2020-05-29 03:04:22 - [MESSAGE][PASSED] - All options with label 'Pilihan Ganda' are selected in object 'Object Repository/Alda/Admin - Manage Test/add new question/select_tipe_soal'  using regular expression

2020-05-29 03:04:22 - [TEST_STEP][PASSED] - selectOptionByLabel(findTestObject("Alda/Admin - Manage Test/add new question/select_job_function"), var_job_function, true): All options with label 'AR' are selected in object 'Object Repository/Alda/Admin - Manage Test/add new question/select_job_function'  using regular expression

2020-05-29 03:04:30 - [MESSAGE][PASSED] - All options with label 'AR' are selected in object 'Object Repository/Alda/Admin - Manage Test/add new question/select_job_function'  using regular expression

2020-05-29 03:04:30 - [TEST_STEP][PASSED] - selectOptionByLabel(findTestObject("Alda/Admin - Manage Test/add new question/select_job_position"), var_job_position, true): All options with label 'RMA' are selected in object 'Object Repository/Alda/Admin - Manage Test/add new question/select_job_position'  using regular expression

2020-05-29 03:04:34 - [MESSAGE][PASSED] - All options with label 'RMA' are selected in object 'Object Repository/Alda/Admin - Manage Test/add new question/select_job_position'  using regular expression

2020-05-29 03:04:34 - [TEST_STEP][PASSED] - selectOptionByLabel(findTestObject("Alda/Admin - Manage Test/add new question/select_module"), var_module, true): All options with label 'NEOP Sales' are selected in object 'Object Repository/Alda/Admin - Manage Test/add new question/select_module'  using regular expression

2020-05-29 03:04:35 - [MESSAGE][PASSED] - All options with label 'NEOP Sales' are selected in object 'Object Repository/Alda/Admin - Manage Test/add new question/select_module'  using regular expression

2020-05-29 03:04:35 - [TEST_STEP][PASSED] - click(findTestObject("Alda/Admin - Manage Test/add new question/input_technical_competence")): Object: 'Object Repository/Alda/Admin - Manage Test/add new question/input_technical_competence' is clicked on

2020-05-29 03:04:38 - [MESSAGE][PASSED] - Object: 'Object Repository/Alda/Admin - Manage Test/add new question/input_technical_competence' is clicked on

2020-05-29 03:04:38 - [TEST_STEP][PASSED] - setText(findTestObject("Alda/Admin - Manage Test/add new question/input_technical_competence"), var_technical_comp): Text '' is set on object 'Object Repository/Alda/Admin - Manage Test/add new question/input_technical_competence'

2020-05-29 03:04:38 - [MESSAGE][PASSED] - Text '' is set on object 'Object Repository/Alda/Admin - Manage Test/add new question/input_technical_competence'

2020-05-29 03:04:38 - [TEST_STEP][PASSED] - click(findTestObject("Alda/Admin - Manage Test/Page_Add Test/input_level_competence_new")): Object: 'Object Repository/Alda/Admin - Manage Test/Page_Add Test/input_level_competence_new' is clicked on

2020-05-29 03:04:39 - [MESSAGE][PASSED] - Object: 'Object Repository/Alda/Admin - Manage Test/Page_Add Test/input_level_competence_new' is clicked on

2020-05-29 03:04:39 - [TEST_STEP][PASSED] - setText(findTestObject("Alda/Admin - Manage Test/Page_Add Test/input_level_competence_new"), var_level_comp): Text '' is set on object 'Object Repository/Alda/Admin - Manage Test/Page_Add Test/input_level_competence_new'

2020-05-29 03:04:39 - [MESSAGE][PASSED] - Text '' is set on object 'Object Repository/Alda/Admin - Manage Test/Page_Add Test/input_level_competence_new'

2020-05-29 03:04:39 - [TEST_STEP][PASSED] - setText(findTestObject("Alda/Admin - Manage Test/add new question/textarea_soal"), var_soal): Text '' is set on object 'Object Repository/Alda/Admin - Manage Test/add new question/textarea_soal'

2020-05-29 03:04:39 - [MESSAGE][PASSED] - Text '' is set on object 'Object Repository/Alda/Admin - Manage Test/add new question/textarea_soal'

2020-05-29 03:04:39 - [TEST_STEP][PASSED] - switch (var_tipe_soal): null

2020-05-29 03:04:39 - [TEST_STEP][PASSED] - case "Pilihan Ganda":: null

2020-05-29 03:04:39 - [TEST_STEP][PASSED] - setText(findTestObject("Alda/Admin - Manage Test/add new question/input_jawaban_a"), var_jawaban_a): Text 'timur' is set on object 'Object Repository/Alda/Admin - Manage Test/add new question/input_jawaban_a'

2020-05-29 03:04:40 - [MESSAGE][PASSED] - Text 'timur' is set on object 'Object Repository/Alda/Admin - Manage Test/add new question/input_jawaban_a'

2020-05-29 03:04:40 - [TEST_STEP][PASSED] - setText(findTestObject("Alda/Admin - Manage Test/add new question/input_jawaban_b"), var_jawaban_b): Text 'utara' is set on object 'Object Repository/Alda/Admin - Manage Test/add new question/input_jawaban_b'

2020-05-29 03:04:40 - [MESSAGE][PASSED] - Text 'utara' is set on object 'Object Repository/Alda/Admin - Manage Test/add new question/input_jawaban_b'

2020-05-29 03:04:40 - [TEST_STEP][PASSED] - setText(findTestObject("Alda/Admin - Manage Test/add new question/input_jawaban_c"), var_jawaban_c): Text 'selatan' is set on object 'Object Repository/Alda/Admin - Manage Test/add new question/input_jawaban_c'

2020-05-29 03:04:41 - [MESSAGE][PASSED] - Text 'selatan' is set on object 'Object Repository/Alda/Admin - Manage Test/add new question/input_jawaban_c'

2020-05-29 03:04:41 - [TEST_STEP][PASSED] - setText(findTestObject("Alda/Admin - Manage Test/add new question/input_jawaban_d"), var_jawaban_d): Text 'barat' is set on object 'Object Repository/Alda/Admin - Manage Test/add new question/input_jawaban_d'

2020-05-29 03:04:41 - [MESSAGE][PASSED] - Text 'barat' is set on object 'Object Repository/Alda/Admin - Manage Test/add new question/input_jawaban_d'

2020-05-29 03:04:41 - [TEST_STEP][PASSED] - selectOptionByLabel(findTestObject("Alda/Admin - Manage Test/add new question/select_ABCD"), var_kunci_jawaban, true): All options with label 'D' are selected in object 'Object Repository/Alda/Admin - Manage Test/add new question/select_ABCD'  using regular expression

2020-05-29 03:04:42 - [MESSAGE][PASSED] - All options with label 'D' are selected in object 'Object Repository/Alda/Admin - Manage Test/add new question/select_ABCD'  using regular expression

2020-05-29 03:04:42 - [TEST_STEP][PASSED] - break: null

2020-05-29 03:04:42 - [TEST_STEP][PASSED] - switch (expected_output): null

2020-05-29 03:04:42 - [TEST_STEP][PASSED] - case "fail":: null

2020-05-29 03:04:42 - [TEST_STEP][PASSED] - verifyElementNotClickable(findTestObject("Alda/Admin - Manage Test/Page_Add Test/button_Submit")): Object 'Object Repository/Alda/Admin - Manage Test/Page_Add Test/button_Submit' is NOT clickable

2020-05-29 03:04:43 - [MESSAGE][PASSED] - Object 'Object Repository/Alda/Admin - Manage Test/Page_Add Test/button_Submit' is NOT clickable

2020-05-29 03:04:43 - [TEST_STEP][PASSED] - break: null]]></system-out>
         <system-err><![CDATA[]]></system-err>
      </testcase>
      <testcase name="Test Cases/Alda/Admin - Manage Test - Pretest Posttest/Pretest Posttest - Add New Question" time="143.162" classname="Test Cases/Alda/Admin - Manage Test - Pretest Posttest/Pretest Posttest - Add New Question" status="PASSED">
         <system-out><![CDATA[2020-05-29 03:04:43 - [TEST_CASE][PASSED] - Test Cases/Alda/Admin - Manage Test - Pretest Posttest/Pretest Posttest - Add New Question: Test Cases/Alda/Admin - Manage Test - Pretest Posttest/Pretest Posttest - Add New Question

2020-05-29 03:04:43 - [TEST_STEP][PASSED] - callTestCase(findTestCase("Rizka/Admin/Custom/Admin - Login"), ["username":"11666", "password":"Password3", "rememberMe":"yes", "condition":"passed"], STOP_ON_FAILURE): Call Test Case 'Test Cases/Rizka/Admin/Custom/Admin - Login' successfully

2020-05-29 03:04:43 - [TEST_CASE][PASSED] - Test Cases/Rizka/Admin/Custom/Admin - Login: Test Cases/Rizka/Admin/Custom/Admin - Login

2020-05-29 03:04:43 - [TEST_STEP][PASSED] - openBrowser("https://appsrv1.deltadatamandiri.com/ACC_LMS_WEB/#/admNLmn"): Browser is opened with url: 'https://appsrv1.deltadatamandiri.com/ACC_LMS_WEB/#/admNLmn'

2020-05-29 03:04:43 - [MESSAGE][WARNING] - A browser is already opened. Closing browser and opening a new one

2020-05-29 03:04:44 - [MESSAGE][INFO] - Starting 'Chrome' driver

2020-05-29 03:05:03 - [MESSAGE][PASSED] - Browser is opened with url: 'https://appsrv1.deltadatamandiri.com/ACC_LMS_WEB/#/admNLmn'

2020-05-29 03:05:03 - [TEST_STEP][PASSED] - maximizeWindow(): Current window maximized

2020-05-29 03:05:04 - [MESSAGE][PASSED] - Current window maximized

2020-05-29 03:05:04 - [TEST_STEP][PASSED] - delay(30): Delayed 30 second(s)

2020-05-29 03:05:34 - [MESSAGE][PASSED] - Delayed 30 second(s)

2020-05-29 03:05:34 - [TEST_STEP][PASSED] - click(findTestObject("Rizka/Admin/Admin - Login/btnLogin")): Object: 'Object Repository/Rizka/Admin/Admin - Login/btnLogin' is clicked on

2020-05-29 03:05:35 - [MESSAGE][PASSED] - Object: 'Object Repository/Rizka/Admin/Admin - Login/btnLogin' is clicked on

2020-05-29 03:05:35 - [TEST_STEP][PASSED] - setText(findTestObject("Rizka/Admin/Admin - Login/txtUsername"), username): Text '11666' is set on object 'Object Repository/Rizka/Admin/Admin - Login/txtUsername'

2020-05-29 03:05:35 - [MESSAGE][PASSED] - Text '11666' is set on object 'Object Repository/Rizka/Admin/Admin - Login/txtUsername'

2020-05-29 03:05:35 - [TEST_STEP][PASSED] - setText(findTestObject("Rizka/Admin/Admin - Login/txtPassword"), password): Text 'Password3' is set on object 'Object Repository/Rizka/Admin/Admin - Login/txtPassword'

2020-05-29 03:05:36 - [MESSAGE][PASSED] - Text 'Password3' is set on object 'Object Repository/Rizka/Admin/Admin - Login/txtPassword'

2020-05-29 03:05:36 - [TEST_STEP][PASSED] - click(findTestObject("Rizka/Admin/Admin - Login/btnEyePass")): Object: 'Object Repository/Rizka/Admin/Admin - Login/btnEyePass' is clicked on

2020-05-29 03:05:36 - [MESSAGE][PASSED] - Object: 'Object Repository/Rizka/Admin/Admin - Login/btnEyePass' is clicked on

2020-05-29 03:05:36 - [TEST_STEP][PASSED] - if (rememberMe == "yes"): Object: 'Object Repository/Rizka/Admin/Admin - Login/checkboxRememberMe' is clicked on

2020-05-29 03:05:36 - [TEST_STEP][PASSED] - click(findTestObject("Rizka/Admin/Admin - Login/checkboxRememberMe")): Object: 'Object Repository/Rizka/Admin/Admin - Login/checkboxRememberMe' is clicked on

2020-05-29 03:05:36 - [MESSAGE][PASSED] - Object: 'Object Repository/Rizka/Admin/Admin - Login/checkboxRememberMe' is clicked on

2020-05-29 03:05:36 - [TEST_STEP][PASSED] - click(findTestObject("Rizka/Admin/Admin - Login/btnLogin2")): Object: 'Object Repository/Rizka/Admin/Admin - Login/btnLogin2' is clicked on

2020-05-29 03:05:37 - [MESSAGE][PASSED] - Object: 'Object Repository/Rizka/Admin/Admin - Login/btnLogin2' is clicked on

2020-05-29 03:05:37 - [TEST_STEP][PASSED] - delay(10): Delayed 10 second(s)

2020-05-29 03:05:47 - [MESSAGE][PASSED] - Delayed 10 second(s)

2020-05-29 03:05:47 - [TEST_STEP][PASSED] - if (condition == "passed"): Object 'Object Repository/Rizka/Admin/Admin - Login/span_Dashboard' is visible

2020-05-29 03:05:47 - [TEST_STEP][PASSED] - verifyElementVisible(findTestObject("Rizka/Admin/Admin - Login/span_Dashboard")): Object 'Object Repository/Rizka/Admin/Admin - Login/span_Dashboard' is visible

2020-05-29 03:05:56 - [MESSAGE][PASSED] - Object 'Object Repository/Rizka/Admin/Admin - Login/span_Dashboard' is visible

2020-05-29 03:05:56 - [MESSAGE][PASSED] - Call Test Case 'Test Cases/Rizka/Admin/Custom/Admin - Login' successfully

2020-05-29 03:05:56 - [TEST_STEP][PASSED] - delay(3): Delayed 3 second(s)

2020-05-29 03:05:59 - [MESSAGE][PASSED] - Delayed 3 second(s)

2020-05-29 03:05:59 - [TEST_STEP][PASSED] - click(findTestObject("Alda/Admin - Manage Test/Page_Dashboard Admin/span_manage_test")): Object: 'Object Repository/Alda/Admin - Manage Test/Page_Dashboard Admin/span_manage_test' is clicked on

2020-05-29 03:05:59 - [MESSAGE][PASSED] - Object: 'Object Repository/Alda/Admin - Manage Test/Page_Dashboard Admin/span_manage_test' is clicked on

2020-05-29 03:05:59 - [TEST_STEP][PASSED] - click(findTestObject("Alda/Admin - Manage Test/Page_Dashboard Admin/span_pretest_posttest")): Object: 'Object Repository/Alda/Admin - Manage Test/Page_Dashboard Admin/span_pretest_posttest' is clicked on

2020-05-29 03:06:00 - [MESSAGE][PASSED] - Object: 'Object Repository/Alda/Admin - Manage Test/Page_Dashboard Admin/span_pretest_posttest' is clicked on

2020-05-29 03:06:00 - [TEST_STEP][PASSED] - delay(3): Delayed 3 second(s)

2020-05-29 03:06:03 - [MESSAGE][PASSED] - Delayed 3 second(s)

2020-05-29 03:06:03 - [TEST_STEP][PASSED] - click(findTestObject("Alda/Admin - Manage Test/add new question/btn_add_new_question")): Object: 'Object Repository/Alda/Admin - Manage Test/add new question/btn_add_new_question' is clicked on

2020-05-29 03:06:19 - [MESSAGE][PASSED] - Object: 'Object Repository/Alda/Admin - Manage Test/add new question/btn_add_new_question' is clicked on

2020-05-29 03:06:19 - [TEST_STEP][PASSED] - selectOptionByLabel(findTestObject("Alda/Admin - Manage Test/add new question/select_category"), var_category, true): All options with label 'Pre-Test' are selected in object 'Object Repository/Alda/Admin - Manage Test/add new question/select_category'  using regular expression

2020-05-29 03:06:30 - [MESSAGE][PASSED] - All options with label 'Pre-Test' are selected in object 'Object Repository/Alda/Admin - Manage Test/add new question/select_category'  using regular expression

2020-05-29 03:06:30 - [TEST_STEP][PASSED] - selectOptionByLabel(findTestObject("Alda/Admin - Manage Test/add new question/select_tipe_soal"), var_tipe_soal, true): All options with label 'Pilihan Ganda' are selected in object 'Object Repository/Alda/Admin - Manage Test/add new question/select_tipe_soal'  using regular expression

2020-05-29 03:06:45 - [MESSAGE][PASSED] - All options with label 'Pilihan Ganda' are selected in object 'Object Repository/Alda/Admin - Manage Test/add new question/select_tipe_soal'  using regular expression

2020-05-29 03:06:45 - [TEST_STEP][PASSED] - selectOptionByLabel(findTestObject("Alda/Admin - Manage Test/add new question/select_job_function"), var_job_function, true): All options with label 'AR' are selected in object 'Object Repository/Alda/Admin - Manage Test/add new question/select_job_function'  using regular expression

2020-05-29 03:06:53 - [MESSAGE][PASSED] - All options with label 'AR' are selected in object 'Object Repository/Alda/Admin - Manage Test/add new question/select_job_function'  using regular expression

2020-05-29 03:06:53 - [TEST_STEP][PASSED] - selectOptionByLabel(findTestObject("Alda/Admin - Manage Test/add new question/select_job_position"), var_job_position, true): All options with label 'RMA' are selected in object 'Object Repository/Alda/Admin - Manage Test/add new question/select_job_position'  using regular expression

2020-05-29 03:06:57 - [MESSAGE][PASSED] - All options with label 'RMA' are selected in object 'Object Repository/Alda/Admin - Manage Test/add new question/select_job_position'  using regular expression

2020-05-29 03:06:57 - [TEST_STEP][PASSED] - selectOptionByLabel(findTestObject("Alda/Admin - Manage Test/add new question/select_module"), var_module, true): All options with label 'NEOP Sales' are selected in object 'Object Repository/Alda/Admin - Manage Test/add new question/select_module'  using regular expression

2020-05-29 03:06:58 - [MESSAGE][PASSED] - All options with label 'NEOP Sales' are selected in object 'Object Repository/Alda/Admin - Manage Test/add new question/select_module'  using regular expression

2020-05-29 03:06:58 - [TEST_STEP][PASSED] - click(findTestObject("Alda/Admin - Manage Test/add new question/input_technical_competence")): Object: 'Object Repository/Alda/Admin - Manage Test/add new question/input_technical_competence' is clicked on

2020-05-29 03:07:01 - [MESSAGE][PASSED] - Object: 'Object Repository/Alda/Admin - Manage Test/add new question/input_technical_competence' is clicked on

2020-05-29 03:07:01 - [TEST_STEP][PASSED] - setText(findTestObject("Alda/Admin - Manage Test/add new question/input_technical_competence"), var_technical_comp): Text '' is set on object 'Object Repository/Alda/Admin - Manage Test/add new question/input_technical_competence'

2020-05-29 03:07:01 - [MESSAGE][PASSED] - Text '' is set on object 'Object Repository/Alda/Admin - Manage Test/add new question/input_technical_competence'

2020-05-29 03:07:01 - [TEST_STEP][PASSED] - click(findTestObject("Alda/Admin - Manage Test/Page_Add Test/input_level_competence_new")): Object: 'Object Repository/Alda/Admin - Manage Test/Page_Add Test/input_level_competence_new' is clicked on

2020-05-29 03:07:02 - [MESSAGE][PASSED] - Object: 'Object Repository/Alda/Admin - Manage Test/Page_Add Test/input_level_competence_new' is clicked on

2020-05-29 03:07:02 - [TEST_STEP][PASSED] - setText(findTestObject("Alda/Admin - Manage Test/Page_Add Test/input_level_competence_new"), var_level_comp): Text '' is set on object 'Object Repository/Alda/Admin - Manage Test/Page_Add Test/input_level_competence_new'

2020-05-29 03:07:02 - [MESSAGE][PASSED] - Text '' is set on object 'Object Repository/Alda/Admin - Manage Test/Page_Add Test/input_level_competence_new'

2020-05-29 03:07:02 - [TEST_STEP][PASSED] - setText(findTestObject("Alda/Admin - Manage Test/add new question/textarea_soal"), var_soal): Text 'Matahari terbenam ke arah?' is set on object 'Object Repository/Alda/Admin - Manage Test/add new question/textarea_soal'

2020-05-29 03:07:03 - [MESSAGE][PASSED] - Text 'Matahari terbenam ke arah?' is set on object 'Object Repository/Alda/Admin - Manage Test/add new question/textarea_soal'

2020-05-29 03:07:03 - [TEST_STEP][PASSED] - switch (var_tipe_soal): null

2020-05-29 03:07:03 - [TEST_STEP][PASSED] - case "Pilihan Ganda":: null

2020-05-29 03:07:03 - [TEST_STEP][PASSED] - setText(findTestObject("Alda/Admin - Manage Test/add new question/input_jawaban_a"), var_jawaban_a): Text '' is set on object 'Object Repository/Alda/Admin - Manage Test/add new question/input_jawaban_a'

2020-05-29 03:07:03 - [MESSAGE][PASSED] - Text '' is set on object 'Object Repository/Alda/Admin - Manage Test/add new question/input_jawaban_a'

2020-05-29 03:07:03 - [TEST_STEP][PASSED] - setText(findTestObject("Alda/Admin - Manage Test/add new question/input_jawaban_b"), var_jawaban_b): Text 'utara' is set on object 'Object Repository/Alda/Admin - Manage Test/add new question/input_jawaban_b'

2020-05-29 03:07:03 - [MESSAGE][PASSED] - Text 'utara' is set on object 'Object Repository/Alda/Admin - Manage Test/add new question/input_jawaban_b'

2020-05-29 03:07:03 - [TEST_STEP][PASSED] - setText(findTestObject("Alda/Admin - Manage Test/add new question/input_jawaban_c"), var_jawaban_c): Text 'selatan' is set on object 'Object Repository/Alda/Admin - Manage Test/add new question/input_jawaban_c'

2020-05-29 03:07:04 - [MESSAGE][PASSED] - Text 'selatan' is set on object 'Object Repository/Alda/Admin - Manage Test/add new question/input_jawaban_c'

2020-05-29 03:07:04 - [TEST_STEP][PASSED] - setText(findTestObject("Alda/Admin - Manage Test/add new question/input_jawaban_d"), var_jawaban_d): Text 'barat' is set on object 'Object Repository/Alda/Admin - Manage Test/add new question/input_jawaban_d'

2020-05-29 03:07:05 - [MESSAGE][PASSED] - Text 'barat' is set on object 'Object Repository/Alda/Admin - Manage Test/add new question/input_jawaban_d'

2020-05-29 03:07:05 - [TEST_STEP][PASSED] - selectOptionByLabel(findTestObject("Alda/Admin - Manage Test/add new question/select_ABCD"), var_kunci_jawaban, true): All options with label 'D' are selected in object 'Object Repository/Alda/Admin - Manage Test/add new question/select_ABCD'  using regular expression

2020-05-29 03:07:06 - [MESSAGE][PASSED] - All options with label 'D' are selected in object 'Object Repository/Alda/Admin - Manage Test/add new question/select_ABCD'  using regular expression

2020-05-29 03:07:06 - [TEST_STEP][PASSED] - break: null

2020-05-29 03:07:06 - [TEST_STEP][PASSED] - switch (expected_output): null

2020-05-29 03:07:06 - [TEST_STEP][PASSED] - case "fail":: null

2020-05-29 03:07:06 - [TEST_STEP][PASSED] - verifyElementNotClickable(findTestObject("Alda/Admin - Manage Test/Page_Add Test/button_Submit")): Object 'Object Repository/Alda/Admin - Manage Test/Page_Add Test/button_Submit' is NOT clickable

2020-05-29 03:07:06 - [MESSAGE][PASSED] - Object 'Object Repository/Alda/Admin - Manage Test/Page_Add Test/button_Submit' is NOT clickable

2020-05-29 03:07:06 - [TEST_STEP][PASSED] - break: null]]></system-out>
         <system-err><![CDATA[]]></system-err>
      </testcase>
      <testcase name="Test Cases/Alda/Admin - Manage Test - Pretest Posttest/Pretest Posttest - Add New Question" time="147.134" classname="Test Cases/Alda/Admin - Manage Test - Pretest Posttest/Pretest Posttest - Add New Question" status="PASSED">
         <system-out><![CDATA[2020-05-29 03:07:06 - [TEST_CASE][PASSED] - Test Cases/Alda/Admin - Manage Test - Pretest Posttest/Pretest Posttest - Add New Question: Test Cases/Alda/Admin - Manage Test - Pretest Posttest/Pretest Posttest - Add New Question

2020-05-29 03:07:06 - [TEST_STEP][PASSED] - callTestCase(findTestCase("Rizka/Admin/Custom/Admin - Login"), ["username":"11666", "password":"Password3", "rememberMe":"yes", "condition":"passed"], STOP_ON_FAILURE): Call Test Case 'Test Cases/Rizka/Admin/Custom/Admin - Login' successfully

2020-05-29 03:07:06 - [TEST_CASE][PASSED] - Test Cases/Rizka/Admin/Custom/Admin - Login: Test Cases/Rizka/Admin/Custom/Admin - Login

2020-05-29 03:07:06 - [TEST_STEP][PASSED] - openBrowser("https://appsrv1.deltadatamandiri.com/ACC_LMS_WEB/#/admNLmn"): Browser is opened with url: 'https://appsrv1.deltadatamandiri.com/ACC_LMS_WEB/#/admNLmn'

2020-05-29 03:07:06 - [MESSAGE][WARNING] - A browser is already opened. Closing browser and opening a new one

2020-05-29 03:07:07 - [MESSAGE][INFO] - Starting 'Chrome' driver

2020-05-29 03:07:32 - [MESSAGE][PASSED] - Browser is opened with url: 'https://appsrv1.deltadatamandiri.com/ACC_LMS_WEB/#/admNLmn'

2020-05-29 03:07:32 - [TEST_STEP][PASSED] - maximizeWindow(): Current window maximized

2020-05-29 03:07:33 - [MESSAGE][PASSED] - Current window maximized

2020-05-29 03:07:33 - [TEST_STEP][PASSED] - delay(30): Delayed 30 second(s)

2020-05-29 03:08:03 - [MESSAGE][PASSED] - Delayed 30 second(s)

2020-05-29 03:08:03 - [TEST_STEP][PASSED] - click(findTestObject("Rizka/Admin/Admin - Login/btnLogin")): Object: 'Object Repository/Rizka/Admin/Admin - Login/btnLogin' is clicked on

2020-05-29 03:08:04 - [MESSAGE][PASSED] - Object: 'Object Repository/Rizka/Admin/Admin - Login/btnLogin' is clicked on

2020-05-29 03:08:04 - [TEST_STEP][PASSED] - setText(findTestObject("Rizka/Admin/Admin - Login/txtUsername"), username): Text '11666' is set on object 'Object Repository/Rizka/Admin/Admin - Login/txtUsername'

2020-05-29 03:08:04 - [MESSAGE][PASSED] - Text '11666' is set on object 'Object Repository/Rizka/Admin/Admin - Login/txtUsername'

2020-05-29 03:08:04 - [TEST_STEP][PASSED] - setText(findTestObject("Rizka/Admin/Admin - Login/txtPassword"), password): Text 'Password3' is set on object 'Object Repository/Rizka/Admin/Admin - Login/txtPassword'

2020-05-29 03:08:05 - [MESSAGE][PASSED] - Text 'Password3' is set on object 'Object Repository/Rizka/Admin/Admin - Login/txtPassword'

2020-05-29 03:08:05 - [TEST_STEP][PASSED] - click(findTestObject("Rizka/Admin/Admin - Login/btnEyePass")): Object: 'Object Repository/Rizka/Admin/Admin - Login/btnEyePass' is clicked on

2020-05-29 03:08:05 - [MESSAGE][PASSED] - Object: 'Object Repository/Rizka/Admin/Admin - Login/btnEyePass' is clicked on

2020-05-29 03:08:05 - [TEST_STEP][PASSED] - if (rememberMe == "yes"): Object: 'Object Repository/Rizka/Admin/Admin - Login/checkboxRememberMe' is clicked on

2020-05-29 03:08:05 - [TEST_STEP][PASSED] - click(findTestObject("Rizka/Admin/Admin - Login/checkboxRememberMe")): Object: 'Object Repository/Rizka/Admin/Admin - Login/checkboxRememberMe' is clicked on

2020-05-29 03:08:05 - [MESSAGE][PASSED] - Object: 'Object Repository/Rizka/Admin/Admin - Login/checkboxRememberMe' is clicked on

2020-05-29 03:08:05 - [TEST_STEP][PASSED] - click(findTestObject("Rizka/Admin/Admin - Login/btnLogin2")): Object: 'Object Repository/Rizka/Admin/Admin - Login/btnLogin2' is clicked on

2020-05-29 03:08:05 - [MESSAGE][PASSED] - Object: 'Object Repository/Rizka/Admin/Admin - Login/btnLogin2' is clicked on

2020-05-29 03:08:05 - [TEST_STEP][PASSED] - delay(10): Delayed 10 second(s)

2020-05-29 03:08:15 - [MESSAGE][PASSED] - Delayed 10 second(s)

2020-05-29 03:08:15 - [TEST_STEP][PASSED] - if (condition == "passed"): Object 'Object Repository/Rizka/Admin/Admin - Login/span_Dashboard' is visible

2020-05-29 03:08:15 - [TEST_STEP][PASSED] - verifyElementVisible(findTestObject("Rizka/Admin/Admin - Login/span_Dashboard")): Object 'Object Repository/Rizka/Admin/Admin - Login/span_Dashboard' is visible

2020-05-29 03:08:24 - [MESSAGE][PASSED] - Object 'Object Repository/Rizka/Admin/Admin - Login/span_Dashboard' is visible

2020-05-29 03:08:24 - [MESSAGE][PASSED] - Call Test Case 'Test Cases/Rizka/Admin/Custom/Admin - Login' successfully

2020-05-29 03:08:24 - [TEST_STEP][PASSED] - delay(3): Delayed 3 second(s)

2020-05-29 03:08:27 - [MESSAGE][PASSED] - Delayed 3 second(s)

2020-05-29 03:08:27 - [TEST_STEP][PASSED] - click(findTestObject("Alda/Admin - Manage Test/Page_Dashboard Admin/span_manage_test")): Object: 'Object Repository/Alda/Admin - Manage Test/Page_Dashboard Admin/span_manage_test' is clicked on

2020-05-29 03:08:27 - [MESSAGE][PASSED] - Object: 'Object Repository/Alda/Admin - Manage Test/Page_Dashboard Admin/span_manage_test' is clicked on

2020-05-29 03:08:27 - [TEST_STEP][PASSED] - click(findTestObject("Alda/Admin - Manage Test/Page_Dashboard Admin/span_pretest_posttest")): Object: 'Object Repository/Alda/Admin - Manage Test/Page_Dashboard Admin/span_pretest_posttest' is clicked on

2020-05-29 03:08:27 - [MESSAGE][PASSED] - Object: 'Object Repository/Alda/Admin - Manage Test/Page_Dashboard Admin/span_pretest_posttest' is clicked on

2020-05-29 03:08:27 - [TEST_STEP][PASSED] - delay(3): Delayed 3 second(s)

2020-05-29 03:08:30 - [MESSAGE][PASSED] - Delayed 3 second(s)

2020-05-29 03:08:30 - [TEST_STEP][PASSED] - click(findTestObject("Alda/Admin - Manage Test/add new question/btn_add_new_question")): Object: 'Object Repository/Alda/Admin - Manage Test/add new question/btn_add_new_question' is clicked on

2020-05-29 03:08:46 - [MESSAGE][PASSED] - Object: 'Object Repository/Alda/Admin - Manage Test/add new question/btn_add_new_question' is clicked on

2020-05-29 03:08:46 - [TEST_STEP][PASSED] - selectOptionByLabel(findTestObject("Alda/Admin - Manage Test/add new question/select_category"), var_category, true): All options with label 'Pre-Test' are selected in object 'Object Repository/Alda/Admin - Manage Test/add new question/select_category'  using regular expression

2020-05-29 03:08:57 - [MESSAGE][PASSED] - All options with label 'Pre-Test' are selected in object 'Object Repository/Alda/Admin - Manage Test/add new question/select_category'  using regular expression

2020-05-29 03:08:57 - [TEST_STEP][PASSED] - selectOptionByLabel(findTestObject("Alda/Admin - Manage Test/add new question/select_tipe_soal"), var_tipe_soal, true): All options with label 'Pilihan Ganda' are selected in object 'Object Repository/Alda/Admin - Manage Test/add new question/select_tipe_soal'  using regular expression

2020-05-29 03:09:12 - [MESSAGE][PASSED] - All options with label 'Pilihan Ganda' are selected in object 'Object Repository/Alda/Admin - Manage Test/add new question/select_tipe_soal'  using regular expression

2020-05-29 03:09:12 - [TEST_STEP][PASSED] - selectOptionByLabel(findTestObject("Alda/Admin - Manage Test/add new question/select_job_function"), var_job_function, true): All options with label 'AR' are selected in object 'Object Repository/Alda/Admin - Manage Test/add new question/select_job_function'  using regular expression

2020-05-29 03:09:20 - [MESSAGE][PASSED] - All options with label 'AR' are selected in object 'Object Repository/Alda/Admin - Manage Test/add new question/select_job_function'  using regular expression

2020-05-29 03:09:20 - [TEST_STEP][PASSED] - selectOptionByLabel(findTestObject("Alda/Admin - Manage Test/add new question/select_job_position"), var_job_position, true): All options with label 'RMA' are selected in object 'Object Repository/Alda/Admin - Manage Test/add new question/select_job_position'  using regular expression

2020-05-29 03:09:24 - [MESSAGE][PASSED] - All options with label 'RMA' are selected in object 'Object Repository/Alda/Admin - Manage Test/add new question/select_job_position'  using regular expression

2020-05-29 03:09:24 - [TEST_STEP][PASSED] - selectOptionByLabel(findTestObject("Alda/Admin - Manage Test/add new question/select_module"), var_module, true): All options with label 'NEOP Sales' are selected in object 'Object Repository/Alda/Admin - Manage Test/add new question/select_module'  using regular expression

2020-05-29 03:09:25 - [MESSAGE][PASSED] - All options with label 'NEOP Sales' are selected in object 'Object Repository/Alda/Admin - Manage Test/add new question/select_module'  using regular expression

2020-05-29 03:09:25 - [TEST_STEP][PASSED] - click(findTestObject("Alda/Admin - Manage Test/add new question/input_technical_competence")): Object: 'Object Repository/Alda/Admin - Manage Test/add new question/input_technical_competence' is clicked on

2020-05-29 03:09:28 - [MESSAGE][PASSED] - Object: 'Object Repository/Alda/Admin - Manage Test/add new question/input_technical_competence' is clicked on

2020-05-29 03:09:28 - [TEST_STEP][PASSED] - setText(findTestObject("Alda/Admin - Manage Test/add new question/input_technical_competence"), var_technical_comp): Text 'coba' is set on object 'Object Repository/Alda/Admin - Manage Test/add new question/input_technical_competence'

2020-05-29 03:09:28 - [MESSAGE][PASSED] - Text 'coba' is set on object 'Object Repository/Alda/Admin - Manage Test/add new question/input_technical_competence'

2020-05-29 03:09:28 - [TEST_STEP][PASSED] - click(findTestObject("Alda/Admin - Manage Test/Page_Add Test/input_level_competence_new")): Object: 'Object Repository/Alda/Admin - Manage Test/Page_Add Test/input_level_competence_new' is clicked on

2020-05-29 03:09:29 - [MESSAGE][PASSED] - Object: 'Object Repository/Alda/Admin - Manage Test/Page_Add Test/input_level_competence_new' is clicked on

2020-05-29 03:09:29 - [TEST_STEP][PASSED] - setText(findTestObject("Alda/Admin - Manage Test/Page_Add Test/input_level_competence_new"), var_level_comp): Text '3' is set on object 'Object Repository/Alda/Admin - Manage Test/Page_Add Test/input_level_competence_new'

2020-05-29 03:09:29 - [MESSAGE][PASSED] - Text '3' is set on object 'Object Repository/Alda/Admin - Manage Test/Page_Add Test/input_level_competence_new'

2020-05-29 03:09:29 - [TEST_STEP][PASSED] - setText(findTestObject("Alda/Admin - Manage Test/add new question/textarea_soal"), var_soal): Text 'Matahari terbenam ke arah?' is set on object 'Object Repository/Alda/Admin - Manage Test/add new question/textarea_soal'

2020-05-29 03:09:30 - [MESSAGE][PASSED] - Text 'Matahari terbenam ke arah?' is set on object 'Object Repository/Alda/Admin - Manage Test/add new question/textarea_soal'

2020-05-29 03:09:30 - [TEST_STEP][PASSED] - switch (var_tipe_soal): null

2020-05-29 03:09:30 - [TEST_STEP][PASSED] - case "Pilihan Ganda":: null

2020-05-29 03:09:30 - [TEST_STEP][PASSED] - setText(findTestObject("Alda/Admin - Manage Test/add new question/input_jawaban_a"), var_jawaban_a): Text 'timur' is set on object 'Object Repository/Alda/Admin - Manage Test/add new question/input_jawaban_a'

2020-05-29 03:09:30 - [MESSAGE][PASSED] - Text 'timur' is set on object 'Object Repository/Alda/Admin - Manage Test/add new question/input_jawaban_a'

2020-05-29 03:09:30 - [TEST_STEP][PASSED] - setText(findTestObject("Alda/Admin - Manage Test/add new question/input_jawaban_b"), var_jawaban_b): Text '' is set on object 'Object Repository/Alda/Admin - Manage Test/add new question/input_jawaban_b'

2020-05-29 03:09:31 - [MESSAGE][PASSED] - Text '' is set on object 'Object Repository/Alda/Admin - Manage Test/add new question/input_jawaban_b'

2020-05-29 03:09:31 - [TEST_STEP][PASSED] - setText(findTestObject("Alda/Admin - Manage Test/add new question/input_jawaban_c"), var_jawaban_c): Text 'selatan' is set on object 'Object Repository/Alda/Admin - Manage Test/add new question/input_jawaban_c'

2020-05-29 03:09:31 - [MESSAGE][PASSED] - Text 'selatan' is set on object 'Object Repository/Alda/Admin - Manage Test/add new question/input_jawaban_c'

2020-05-29 03:09:31 - [TEST_STEP][PASSED] - setText(findTestObject("Alda/Admin - Manage Test/add new question/input_jawaban_d"), var_jawaban_d): Text 'barat' is set on object 'Object Repository/Alda/Admin - Manage Test/add new question/input_jawaban_d'

2020-05-29 03:09:32 - [MESSAGE][PASSED] - Text 'barat' is set on object 'Object Repository/Alda/Admin - Manage Test/add new question/input_jawaban_d'

2020-05-29 03:09:32 - [TEST_STEP][PASSED] - selectOptionByLabel(findTestObject("Alda/Admin - Manage Test/add new question/select_ABCD"), var_kunci_jawaban, true): All options with label 'D' are selected in object 'Object Repository/Alda/Admin - Manage Test/add new question/select_ABCD'  using regular expression

2020-05-29 03:09:33 - [MESSAGE][PASSED] - All options with label 'D' are selected in object 'Object Repository/Alda/Admin - Manage Test/add new question/select_ABCD'  using regular expression

2020-05-29 03:09:33 - [TEST_STEP][PASSED] - break: null

2020-05-29 03:09:33 - [TEST_STEP][PASSED] - switch (expected_output): null

2020-05-29 03:09:33 - [TEST_STEP][PASSED] - case "fail":: null

2020-05-29 03:09:33 - [TEST_STEP][PASSED] - verifyElementNotClickable(findTestObject("Alda/Admin - Manage Test/Page_Add Test/button_Submit")): Object 'Object Repository/Alda/Admin - Manage Test/Page_Add Test/button_Submit' is NOT clickable

2020-05-29 03:09:33 - [MESSAGE][PASSED] - Object 'Object Repository/Alda/Admin - Manage Test/Page_Add Test/button_Submit' is NOT clickable

2020-05-29 03:09:33 - [TEST_STEP][PASSED] - break: null]]></system-out>
         <system-err><![CDATA[]]></system-err>
      </testcase>
      <testcase name="Test Cases/Alda/Admin - Manage Test - Pretest Posttest/Pretest Posttest - Add New Question" time="141.014" classname="Test Cases/Alda/Admin - Manage Test - Pretest Posttest/Pretest Posttest - Add New Question" status="PASSED">
         <system-out><![CDATA[2020-05-29 03:09:33 - [TEST_CASE][PASSED] - Test Cases/Alda/Admin - Manage Test - Pretest Posttest/Pretest Posttest - Add New Question: Test Cases/Alda/Admin - Manage Test - Pretest Posttest/Pretest Posttest - Add New Question

2020-05-29 03:09:33 - [TEST_STEP][PASSED] - callTestCase(findTestCase("Rizka/Admin/Custom/Admin - Login"), ["username":"11666", "password":"Password3", "rememberMe":"yes", "condition":"passed"], STOP_ON_FAILURE): Call Test Case 'Test Cases/Rizka/Admin/Custom/Admin - Login' successfully

2020-05-29 03:09:33 - [TEST_CASE][PASSED] - Test Cases/Rizka/Admin/Custom/Admin - Login: Test Cases/Rizka/Admin/Custom/Admin - Login

2020-05-29 03:09:33 - [TEST_STEP][PASSED] - openBrowser("https://appsrv1.deltadatamandiri.com/ACC_LMS_WEB/#/admNLmn"): Browser is opened with url: 'https://appsrv1.deltadatamandiri.com/ACC_LMS_WEB/#/admNLmn'

2020-05-29 03:09:33 - [MESSAGE][WARNING] - A browser is already opened. Closing browser and opening a new one

2020-05-29 03:09:34 - [MESSAGE][INFO] - Starting 'Chrome' driver

2020-05-29 03:09:52 - [MESSAGE][PASSED] - Browser is opened with url: 'https://appsrv1.deltadatamandiri.com/ACC_LMS_WEB/#/admNLmn'

2020-05-29 03:09:52 - [TEST_STEP][PASSED] - maximizeWindow(): Current window maximized

2020-05-29 03:09:53 - [MESSAGE][PASSED] - Current window maximized

2020-05-29 03:09:53 - [TEST_STEP][PASSED] - delay(30): Delayed 30 second(s)

2020-05-29 03:10:23 - [MESSAGE][PASSED] - Delayed 30 second(s)

2020-05-29 03:10:23 - [TEST_STEP][PASSED] - click(findTestObject("Rizka/Admin/Admin - Login/btnLogin")): Object: 'Object Repository/Rizka/Admin/Admin - Login/btnLogin' is clicked on

2020-05-29 03:10:24 - [MESSAGE][PASSED] - Object: 'Object Repository/Rizka/Admin/Admin - Login/btnLogin' is clicked on

2020-05-29 03:10:24 - [TEST_STEP][PASSED] - setText(findTestObject("Rizka/Admin/Admin - Login/txtUsername"), username): Text '11666' is set on object 'Object Repository/Rizka/Admin/Admin - Login/txtUsername'

2020-05-29 03:10:24 - [MESSAGE][PASSED] - Text '11666' is set on object 'Object Repository/Rizka/Admin/Admin - Login/txtUsername'

2020-05-29 03:10:24 - [TEST_STEP][PASSED] - setText(findTestObject("Rizka/Admin/Admin - Login/txtPassword"), password): Text 'Password3' is set on object 'Object Repository/Rizka/Admin/Admin - Login/txtPassword'

2020-05-29 03:10:25 - [MESSAGE][PASSED] - Text 'Password3' is set on object 'Object Repository/Rizka/Admin/Admin - Login/txtPassword'

2020-05-29 03:10:25 - [TEST_STEP][PASSED] - click(findTestObject("Rizka/Admin/Admin - Login/btnEyePass")): Object: 'Object Repository/Rizka/Admin/Admin - Login/btnEyePass' is clicked on

2020-05-29 03:10:25 - [MESSAGE][PASSED] - Object: 'Object Repository/Rizka/Admin/Admin - Login/btnEyePass' is clicked on

2020-05-29 03:10:25 - [TEST_STEP][PASSED] - if (rememberMe == "yes"): Object: 'Object Repository/Rizka/Admin/Admin - Login/checkboxRememberMe' is clicked on

2020-05-29 03:10:25 - [TEST_STEP][PASSED] - click(findTestObject("Rizka/Admin/Admin - Login/checkboxRememberMe")): Object: 'Object Repository/Rizka/Admin/Admin - Login/checkboxRememberMe' is clicked on

2020-05-29 03:10:25 - [MESSAGE][PASSED] - Object: 'Object Repository/Rizka/Admin/Admin - Login/checkboxRememberMe' is clicked on

2020-05-29 03:10:25 - [TEST_STEP][PASSED] - click(findTestObject("Rizka/Admin/Admin - Login/btnLogin2")): Object: 'Object Repository/Rizka/Admin/Admin - Login/btnLogin2' is clicked on

2020-05-29 03:10:26 - [MESSAGE][PASSED] - Object: 'Object Repository/Rizka/Admin/Admin - Login/btnLogin2' is clicked on

2020-05-29 03:10:26 - [TEST_STEP][PASSED] - delay(10): Delayed 10 second(s)

2020-05-29 03:10:36 - [MESSAGE][PASSED] - Delayed 10 second(s)

2020-05-29 03:10:36 - [TEST_STEP][PASSED] - if (condition == "passed"): Object 'Object Repository/Rizka/Admin/Admin - Login/span_Dashboard' is visible

2020-05-29 03:10:36 - [TEST_STEP][PASSED] - verifyElementVisible(findTestObject("Rizka/Admin/Admin - Login/span_Dashboard")): Object 'Object Repository/Rizka/Admin/Admin - Login/span_Dashboard' is visible

2020-05-29 03:10:45 - [MESSAGE][PASSED] - Object 'Object Repository/Rizka/Admin/Admin - Login/span_Dashboard' is visible

2020-05-29 03:10:45 - [MESSAGE][PASSED] - Call Test Case 'Test Cases/Rizka/Admin/Custom/Admin - Login' successfully

2020-05-29 03:10:45 - [TEST_STEP][PASSED] - delay(3): Delayed 3 second(s)

2020-05-29 03:10:48 - [MESSAGE][PASSED] - Delayed 3 second(s)

2020-05-29 03:10:48 - [TEST_STEP][PASSED] - click(findTestObject("Alda/Admin - Manage Test/Page_Dashboard Admin/span_manage_test")): Object: 'Object Repository/Alda/Admin - Manage Test/Page_Dashboard Admin/span_manage_test' is clicked on

2020-05-29 03:10:48 - [MESSAGE][PASSED] - Object: 'Object Repository/Alda/Admin - Manage Test/Page_Dashboard Admin/span_manage_test' is clicked on

2020-05-29 03:10:48 - [TEST_STEP][PASSED] - click(findTestObject("Alda/Admin - Manage Test/Page_Dashboard Admin/span_pretest_posttest")): Object: 'Object Repository/Alda/Admin - Manage Test/Page_Dashboard Admin/span_pretest_posttest' is clicked on

2020-05-29 03:10:48 - [MESSAGE][PASSED] - Object: 'Object Repository/Alda/Admin - Manage Test/Page_Dashboard Admin/span_pretest_posttest' is clicked on

2020-05-29 03:10:48 - [TEST_STEP][PASSED] - delay(3): Delayed 3 second(s)

2020-05-29 03:10:51 - [MESSAGE][PASSED] - Delayed 3 second(s)

2020-05-29 03:10:51 - [TEST_STEP][PASSED] - click(findTestObject("Alda/Admin - Manage Test/add new question/btn_add_new_question")): Object: 'Object Repository/Alda/Admin - Manage Test/add new question/btn_add_new_question' is clicked on

2020-05-29 03:11:08 - [MESSAGE][PASSED] - Object: 'Object Repository/Alda/Admin - Manage Test/add new question/btn_add_new_question' is clicked on

2020-05-29 03:11:08 - [TEST_STEP][PASSED] - selectOptionByLabel(findTestObject("Alda/Admin - Manage Test/add new question/select_category"), var_category, true): All options with label 'Pre-Test' are selected in object 'Object Repository/Alda/Admin - Manage Test/add new question/select_category'  using regular expression

2020-05-29 03:11:18 - [MESSAGE][PASSED] - All options with label 'Pre-Test' are selected in object 'Object Repository/Alda/Admin - Manage Test/add new question/select_category'  using regular expression

2020-05-29 03:11:18 - [TEST_STEP][PASSED] - selectOptionByLabel(findTestObject("Alda/Admin - Manage Test/add new question/select_tipe_soal"), var_tipe_soal, true): All options with label 'Pilihan Ganda' are selected in object 'Object Repository/Alda/Admin - Manage Test/add new question/select_tipe_soal'  using regular expression

2020-05-29 03:11:33 - [MESSAGE][PASSED] - All options with label 'Pilihan Ganda' are selected in object 'Object Repository/Alda/Admin - Manage Test/add new question/select_tipe_soal'  using regular expression

2020-05-29 03:11:33 - [TEST_STEP][PASSED] - selectOptionByLabel(findTestObject("Alda/Admin - Manage Test/add new question/select_job_function"), var_job_function, true): All options with label 'AR' are selected in object 'Object Repository/Alda/Admin - Manage Test/add new question/select_job_function'  using regular expression

2020-05-29 03:11:41 - [MESSAGE][PASSED] - All options with label 'AR' are selected in object 'Object Repository/Alda/Admin - Manage Test/add new question/select_job_function'  using regular expression

2020-05-29 03:11:41 - [TEST_STEP][PASSED] - selectOptionByLabel(findTestObject("Alda/Admin - Manage Test/add new question/select_job_position"), var_job_position, true): All options with label 'RMA' are selected in object 'Object Repository/Alda/Admin - Manage Test/add new question/select_job_position'  using regular expression

2020-05-29 03:11:45 - [MESSAGE][PASSED] - All options with label 'RMA' are selected in object 'Object Repository/Alda/Admin - Manage Test/add new question/select_job_position'  using regular expression

2020-05-29 03:11:45 - [TEST_STEP][PASSED] - selectOptionByLabel(findTestObject("Alda/Admin - Manage Test/add new question/select_module"), var_module, true): All options with label 'NEOP Sales' are selected in object 'Object Repository/Alda/Admin - Manage Test/add new question/select_module'  using regular expression

2020-05-29 03:11:46 - [MESSAGE][PASSED] - All options with label 'NEOP Sales' are selected in object 'Object Repository/Alda/Admin - Manage Test/add new question/select_module'  using regular expression

2020-05-29 03:11:46 - [TEST_STEP][PASSED] - click(findTestObject("Alda/Admin - Manage Test/add new question/input_technical_competence")): Object: 'Object Repository/Alda/Admin - Manage Test/add new question/input_technical_competence' is clicked on

2020-05-29 03:11:49 - [MESSAGE][PASSED] - Object: 'Object Repository/Alda/Admin - Manage Test/add new question/input_technical_competence' is clicked on

2020-05-29 03:11:49 - [TEST_STEP][PASSED] - setText(findTestObject("Alda/Admin - Manage Test/add new question/input_technical_competence"), var_technical_comp): Text 'coba' is set on object 'Object Repository/Alda/Admin - Manage Test/add new question/input_technical_competence'

2020-05-29 03:11:49 - [MESSAGE][PASSED] - Text 'coba' is set on object 'Object Repository/Alda/Admin - Manage Test/add new question/input_technical_competence'

2020-05-29 03:11:49 - [TEST_STEP][PASSED] - click(findTestObject("Alda/Admin - Manage Test/Page_Add Test/input_level_competence_new")): Object: 'Object Repository/Alda/Admin - Manage Test/Page_Add Test/input_level_competence_new' is clicked on

2020-05-29 03:11:50 - [MESSAGE][PASSED] - Object: 'Object Repository/Alda/Admin - Manage Test/Page_Add Test/input_level_competence_new' is clicked on

2020-05-29 03:11:50 - [TEST_STEP][PASSED] - setText(findTestObject("Alda/Admin - Manage Test/Page_Add Test/input_level_competence_new"), var_level_comp): Text '3' is set on object 'Object Repository/Alda/Admin - Manage Test/Page_Add Test/input_level_competence_new'

2020-05-29 03:11:50 - [MESSAGE][PASSED] - Text '3' is set on object 'Object Repository/Alda/Admin - Manage Test/Page_Add Test/input_level_competence_new'

2020-05-29 03:11:50 - [TEST_STEP][PASSED] - setText(findTestObject("Alda/Admin - Manage Test/add new question/textarea_soal"), var_soal): Text 'Matahari terbenam ke arah?' is set on object 'Object Repository/Alda/Admin - Manage Test/add new question/textarea_soal'

2020-05-29 03:11:51 - [MESSAGE][PASSED] - Text 'Matahari terbenam ke arah?' is set on object 'Object Repository/Alda/Admin - Manage Test/add new question/textarea_soal'

2020-05-29 03:11:51 - [TEST_STEP][PASSED] - switch (var_tipe_soal): null

2020-05-29 03:11:51 - [TEST_STEP][PASSED] - case "Pilihan Ganda":: null

2020-05-29 03:11:51 - [TEST_STEP][PASSED] - setText(findTestObject("Alda/Admin - Manage Test/add new question/input_jawaban_a"), var_jawaban_a): Text 'timur' is set on object 'Object Repository/Alda/Admin - Manage Test/add new question/input_jawaban_a'

2020-05-29 03:11:51 - [MESSAGE][PASSED] - Text 'timur' is set on object 'Object Repository/Alda/Admin - Manage Test/add new question/input_jawaban_a'

2020-05-29 03:11:51 - [TEST_STEP][PASSED] - setText(findTestObject("Alda/Admin - Manage Test/add new question/input_jawaban_b"), var_jawaban_b): Text 'utara' is set on object 'Object Repository/Alda/Admin - Manage Test/add new question/input_jawaban_b'

2020-05-29 03:11:52 - [MESSAGE][PASSED] - Text 'utara' is set on object 'Object Repository/Alda/Admin - Manage Test/add new question/input_jawaban_b'

2020-05-29 03:11:52 - [TEST_STEP][PASSED] - setText(findTestObject("Alda/Admin - Manage Test/add new question/input_jawaban_c"), var_jawaban_c): Text '' is set on object 'Object Repository/Alda/Admin - Manage Test/add new question/input_jawaban_c'

2020-05-29 03:11:52 - [MESSAGE][PASSED] - Text '' is set on object 'Object Repository/Alda/Admin - Manage Test/add new question/input_jawaban_c'

2020-05-29 03:11:52 - [TEST_STEP][PASSED] - setText(findTestObject("Alda/Admin - Manage Test/add new question/input_jawaban_d"), var_jawaban_d): Text 'barat' is set on object 'Object Repository/Alda/Admin - Manage Test/add new question/input_jawaban_d'

2020-05-29 03:11:53 - [MESSAGE][PASSED] - Text 'barat' is set on object 'Object Repository/Alda/Admin - Manage Test/add new question/input_jawaban_d'

2020-05-29 03:11:53 - [TEST_STEP][PASSED] - selectOptionByLabel(findTestObject("Alda/Admin - Manage Test/add new question/select_ABCD"), var_kunci_jawaban, true): All options with label 'D' are selected in object 'Object Repository/Alda/Admin - Manage Test/add new question/select_ABCD'  using regular expression

2020-05-29 03:11:54 - [MESSAGE][PASSED] - All options with label 'D' are selected in object 'Object Repository/Alda/Admin - Manage Test/add new question/select_ABCD'  using regular expression

2020-05-29 03:11:54 - [TEST_STEP][PASSED] - break: null

2020-05-29 03:11:54 - [TEST_STEP][PASSED] - switch (expected_output): null

2020-05-29 03:11:54 - [TEST_STEP][PASSED] - case "fail":: null

2020-05-29 03:11:54 - [TEST_STEP][PASSED] - verifyElementNotClickable(findTestObject("Alda/Admin - Manage Test/Page_Add Test/button_Submit")): Object 'Object Repository/Alda/Admin - Manage Test/Page_Add Test/button_Submit' is NOT clickable

2020-05-29 03:11:54 - [MESSAGE][PASSED] - Object 'Object Repository/Alda/Admin - Manage Test/Page_Add Test/button_Submit' is NOT clickable

2020-05-29 03:11:54 - [TEST_STEP][PASSED] - break: null]]></system-out>
         <system-err><![CDATA[]]></system-err>
      </testcase>
      <system-out><![CDATA[2020-05-29 02:52:43 - [TEST_SUITE][FAILED] - Admin_Pretest Posttest - Add New Question: Test Cases/Alda/Admin - Manage Test - Pretest Posttest/Pretest Posttest - Add New Question FAILED.
Reason:
com.kms.katalon.core.exception.StepFailedException: Unable to verify object 'Object Repository/Alda/Admin - Manage Test/Page_Add Test/button_Submit' to be NOT clickable
	at com.kms.katalon.core.webui.keyword.internal.WebUIKeywordMain.stepFailed(WebUIKeywordMain.groovy:64)
	at com.kms.katalon.core.webui.keyword.internal.WebUIKeywordMain.runKeyword(WebUIKeywordMain.groovy:26)
	at com.kms.katalon.core.webui.keyword.builtin.VerifyElementNotClickableKeyword.verifyElementNotClickable(VerifyElementNotClickableKeyword.groovy:96)
	at com.kms.katalon.core.webui.keyword.builtin.VerifyElementNotClickableKeyword.execute(VerifyElementNotClickableKeyword.groovy:67)
	at com.kms.katalon.core.keyword.internal.KeywordExecutor.executeKeywordForPlatform(KeywordExecutor.groovy:60)
	at com.kms.katalon.core.webui.keyword.WebUiBuiltInKeywords.verifyElementNotClickable(WebUiBuiltInKeywords.groovy:591)
	at com.kms.katalon.core.webui.keyword.WebUiBuiltInKeywords$verifyElementNotClickable$5.call(Unknown Source)
	at Pretest Posttest - Add New Question.run(Pretest Posttest - Add New Question:95)
	at com.kms.katalon.core.main.ScriptEngine.run(ScriptEngine.java:194)
	at com.kms.katalon.core.main.ScriptEngine.runScriptAsRawText(ScriptEngine.java:119)
	at com.kms.katalon.core.main.TestCaseExecutor.runScript(TestCaseExecutor.java:337)
	at com.kms.katalon.core.main.TestCaseExecutor.doExecute(TestCaseExecutor.java:328)
	at com.kms.katalon.core.main.TestCaseExecutor.processExecutionPhase(TestCaseExecutor.java:307)
	at com.kms.katalon.core.main.TestCaseExecutor.accessMainPhase(TestCaseExecutor.java:299)
	at com.kms.katalon.core.main.TestCaseExecutor.execute(TestCaseExecutor.java:233)
	at com.kms.katalon.core.main.TestSuiteExecutor.accessTestCaseMainPhase(TestSuiteExecutor.java:169)
	at com.kms.katalon.core.main.TestSuiteExecutor.accessTestSuiteMainPhase(TestSuiteExecutor.java:142)
	at com.kms.katalon.core.main.TestSuiteExecutor.execute(TestSuiteExecutor.java:91)
	at com.kms.katalon.core.main.TestCaseMain.startTestSuite(TestCaseMain.java:157)
	at com.kms.katalon.core.main.TestCaseMain$startTestSuite$0.call(Unknown Source)
	at TempTestSuite1590695548095.run(TempTestSuite1590695548095.groovy:36)
Caused by: com.kms.katalon.core.exception.StepFailedException: Object 'Object Repository/Alda/Admin - Manage Test/Page_Add Test/button_Submit' is clickable
	at com.kms.katalon.core.webui.keyword.internal.WebUIKeywordMain.stepFailed(WebUIKeywordMain.groovy:64)
	at com.kms.katalon.core.webui.keyword.builtin.VerifyElementNotClickableKeyword$_verifyElementNotClickable_closure1.doCall(VerifyElementNotClickableKeyword.groovy:80)
	at com.kms.katalon.core.webui.keyword.builtin.VerifyElementNotClickableKeyword$_verifyElementNotClickable_closure1.call(VerifyElementNotClickableKeyword.groovy)
	at com.kms.katalon.core.webui.keyword.internal.WebUIKeywordMain.runKeyword(WebUIKeywordMain.groovy:20)
	... 19 more]]></system-out>
      <system-err><![CDATA[2020-05-29 02:52:43 - [TEST_SUITE][FAILED] - Admin_Pretest Posttest - Add New Question: Test Cases/Alda/Admin - Manage Test - Pretest Posttest/Pretest Posttest - Add New Question FAILED.
Reason:
com.kms.katalon.core.exception.StepFailedException: Unable to verify object 'Object Repository/Alda/Admin - Manage Test/Page_Add Test/button_Submit' to be NOT clickable
	at com.kms.katalon.core.webui.keyword.internal.WebUIKeywordMain.stepFailed(WebUIKeywordMain.groovy:64)
	at com.kms.katalon.core.webui.keyword.internal.WebUIKeywordMain.runKeyword(WebUIKeywordMain.groovy:26)
	at com.kms.katalon.core.webui.keyword.builtin.VerifyElementNotClickableKeyword.verifyElementNotClickable(VerifyElementNotClickableKeyword.groovy:96)
	at com.kms.katalon.core.webui.keyword.builtin.VerifyElementNotClickableKeyword.execute(VerifyElementNotClickableKeyword.groovy:67)
	at com.kms.katalon.core.keyword.internal.KeywordExecutor.executeKeywordForPlatform(KeywordExecutor.groovy:60)
	at com.kms.katalon.core.webui.keyword.WebUiBuiltInKeywords.verifyElementNotClickable(WebUiBuiltInKeywords.groovy:591)
	at com.kms.katalon.core.webui.keyword.WebUiBuiltInKeywords$verifyElementNotClickable$5.call(Unknown Source)
	at Pretest Posttest - Add New Question.run(Pretest Posttest - Add New Question:95)
	at com.kms.katalon.core.main.ScriptEngine.run(ScriptEngine.java:194)
	at com.kms.katalon.core.main.ScriptEngine.runScriptAsRawText(ScriptEngine.java:119)
	at com.kms.katalon.core.main.TestCaseExecutor.runScript(TestCaseExecutor.java:337)
	at com.kms.katalon.core.main.TestCaseExecutor.doExecute(TestCaseExecutor.java:328)
	at com.kms.katalon.core.main.TestCaseExecutor.processExecutionPhase(TestCaseExecutor.java:307)
	at com.kms.katalon.core.main.TestCaseExecutor.accessMainPhase(TestCaseExecutor.java:299)
	at com.kms.katalon.core.main.TestCaseExecutor.execute(TestCaseExecutor.java:233)
	at com.kms.katalon.core.main.TestSuiteExecutor.accessTestCaseMainPhase(TestSuiteExecutor.java:169)
	at com.kms.katalon.core.main.TestSuiteExecutor.accessTestSuiteMainPhase(TestSuiteExecutor.java:142)
	at com.kms.katalon.core.main.TestSuiteExecutor.execute(TestSuiteExecutor.java:91)
	at com.kms.katalon.core.main.TestCaseMain.startTestSuite(TestCaseMain.java:157)
	at com.kms.katalon.core.main.TestCaseMain$startTestSuite$0.call(Unknown Source)
	at TempTestSuite1590695548095.run(TempTestSuite1590695548095.groovy:36)
Caused by: com.kms.katalon.core.exception.StepFailedException: Object 'Object Repository/Alda/Admin - Manage Test/Page_Add Test/button_Submit' is clickable
	at com.kms.katalon.core.webui.keyword.internal.WebUIKeywordMain.stepFailed(WebUIKeywordMain.groovy:64)
	at com.kms.katalon.core.webui.keyword.builtin.VerifyElementNotClickableKeyword$_verifyElementNotClickable_closure1.doCall(VerifyElementNotClickableKeyword.groovy:80)
	at com.kms.katalon.core.webui.keyword.builtin.VerifyElementNotClickableKeyword$_verifyElementNotClickable_closure1.call(VerifyElementNotClickableKeyword.groovy)
	at com.kms.katalon.core.webui.keyword.internal.WebUIKeywordMain.runKeyword(WebUIKeywordMain.groovy:20)
	... 19 more]]></system-err>
   </testsuite>
</testsuites>
