<?xml version="1.0" encoding="UTF-8"?>
<testsuites name="Manage Pretest" time="97.512" tests="1" failures="1" errors="0">
   <testsuite name="Manage Pretest" tests="1" failures="1" errors="0" time="97.512" timestamp="2020-05-26 15:25:35" hostname="ASUS - LAPTOP-D0TPACJ1" id="Test Suites/Christi/Manage Pretest">
      <properties>
         <property name="deviceName" value=""/>
         <property name="devicePlatform" value=""/>
         <property name="logFolder" value="C:\\Users\\ASUS\\git\\LearningManagementWeb\\Reports\\20200526_152524\\Christi\\Manage Pretest\\20200526_152524"/>
         <property name="logFiles" value="C:\\Users\\ASUS\\git\\LearningManagementWeb\\Reports\\20200526_152524\\Christi\\Manage Pretest\\20200526_152524\\execution0.log"/>
         <property name="attachments" value="C:\\Users\\ASUS\\git\\LearningManagementWeb\\Reports\\20200526_152524\\Christi\\Manage Pretest\\20200526_152524\\1590481630598.png, C:\\Users\\ASUS\\git\\LearningManagementWeb\\Reports\\20200526_152524\\Christi\\Manage Pretest\\20200526_152524\\1590481631099.png"/>
         <property name="hostName" value="ASUS - LAPTOP-D0TPACJ1"/>
         <property name="os" value="Windows 10 64bit"/>
         <property name="katalonVersion" value="7.0.10.1"/>
         <property name="browser" value="Chrome 81.0.4044.138"/>
         <property name="hostAddress" value="192.168.100.227"/>
         <property name="sessionId" value="16b46253e60405adb31a08fe2c16405b"/>
         <property name="seleniumVersion" value="3.141.59"/>
         <property name="proxyInformation" value="ProxyInformation{proxyOption=NO_PROXY, proxyServerType=HTTP, password=, proxyServerAddress=, proxyServerPort=0}"/>
         <property name="platform" value="Windows 10"/>
      </properties>
      <testcase name="Test Cases/Christi/Admin/Pretest PostTest - Upload CSV" time="95.208" classname="Test Cases/Christi/Admin/Pretest PostTest - Upload CSV" status="FAILED">
         <failure type="FAILED" message="Test Cases/Christi/Admin/Pretest PostTest - Upload CSV FAILED.
Reason:
com.kms.katalon.core.exception.StepFailedException: Unable to get alert text
	at com.kms.katalon.core.webui.keyword.internal.WebUIKeywordMain.stepFailed(WebUIKeywordMain.groovy:64)
	at com.kms.katalon.core.webui.keyword.internal.WebUIKeywordMain.runKeyword(WebUIKeywordMain.groovy:26)
	at com.kms.katalon.core.webui.keyword.builtin.GetAlertTextKeyword.getAlertText(GetAlertTextKeyword.groovy:71)
	at com.kms.katalon.core.webui.keyword.builtin.GetAlertTextKeyword.execute(GetAlertTextKeyword.groovy:66)
	at com.kms.katalon.core.keyword.internal.KeywordExecutor.executeKeywordForPlatform(KeywordExecutor.groovy:60)
	at com.kms.katalon.core.webui.keyword.WebUiBuiltInKeywords.getAlertText(WebUiBuiltInKeywords.groovy:1546)
	at com.kms.katalon.core.webui.keyword.WebUiBuiltInKeywords$getAlertText$6.call(Unknown Source)
	at Pretest PostTest - Upload CSV.run(Pretest PostTest - Upload CSV:41)
	at com.kms.katalon.core.main.ScriptEngine.run(ScriptEngine.java:194)
	at com.kms.katalon.core.main.ScriptEngine.runScriptAsRawText(ScriptEngine.java:119)
	at com.kms.katalon.core.main.TestCaseExecutor.runScript(TestCaseExecutor.java:337)
	at com.kms.katalon.core.main.TestCaseExecutor.doExecute(TestCaseExecutor.java:328)
	at com.kms.katalon.core.main.TestCaseExecutor.processExecutionPhase(TestCaseExecutor.java:307)
	at com.kms.katalon.core.main.TestCaseExecutor.accessMainPhase(TestCaseExecutor.java:299)
	at com.kms.katalon.core.main.TestCaseExecutor.execute(TestCaseExecutor.java:233)
	at com.kms.katalon.core.main.TestSuiteExecutor.accessTestCaseMainPhase(TestSuiteExecutor.java:169)
	at com.kms.katalon.core.main.TestSuiteExecutor.accessTestSuiteMainPhase(TestSuiteExecutor.java:142)
	at com.kms.katalon.core.main.TestSuiteExecutor.execute(TestSuiteExecutor.java:91)
	at com.kms.katalon.core.main.TestCaseMain.startTestSuite(TestCaseMain.java:157)
	at com.kms.katalon.core.main.TestCaseMain$startTestSuite$0.call(Unknown Source)
	at TempTestSuite1590481524806.run(TempTestSuite1590481524806.groovy:36)
Caused by: com.kms.katalon.core.exception.StepFailedException: No alert found
	at com.kms.katalon.core.webui.keyword.internal.WebUIKeywordMain.stepFailed(WebUIKeywordMain.groovy:64)
	at com.kms.katalon.core.webui.keyword.builtin.GetAlertTextKeyword$_getAlertText_closure1.doCall(GetAlertTextKeyword.groovy:79)
	at com.kms.katalon.core.webui.keyword.builtin.GetAlertTextKeyword$_getAlertText_closure1.call(GetAlertTextKeyword.groovy)
	at com.kms.katalon.core.webui.keyword.internal.WebUIKeywordMain.runKeyword(WebUIKeywordMain.groovy:20)
	... 19 more
"/>
         <system-out><![CDATA[2020-05-26 15:25:36 - [TEST_CASE][FAILED] - Test Cases/Christi/Admin/Pretest PostTest - Upload CSV: Test Cases/Christi/Admin/Pretest PostTest - Upload CSV FAILED.
Reason:
com.kms.katalon.core.exception.StepFailedException: Unable to get alert text
	at com.kms.katalon.core.webui.keyword.internal.WebUIKeywordMain.stepFailed(WebUIKeywordMain.groovy:64)
	at com.kms.katalon.core.webui.keyword.internal.WebUIKeywordMain.runKeyword(WebUIKeywordMain.groovy:26)
	at com.kms.katalon.core.webui.keyword.builtin.GetAlertTextKeyword.getAlertText(GetAlertTextKeyword.groovy:71)
	at com.kms.katalon.core.webui.keyword.builtin.GetAlertTextKeyword.execute(GetAlertTextKeyword.groovy:66)
	at com.kms.katalon.core.keyword.internal.KeywordExecutor.executeKeywordForPlatform(KeywordExecutor.groovy:60)
	at com.kms.katalon.core.webui.keyword.WebUiBuiltInKeywords.getAlertText(WebUiBuiltInKeywords.groovy:1546)
	at com.kms.katalon.core.webui.keyword.WebUiBuiltInKeywords$getAlertText$6.call(Unknown Source)
	at Pretest PostTest - Upload CSV.run(Pretest PostTest - Upload CSV:41)
	at com.kms.katalon.core.main.ScriptEngine.run(ScriptEngine.java:194)
	at com.kms.katalon.core.main.ScriptEngine.runScriptAsRawText(ScriptEngine.java:119)
	at com.kms.katalon.core.main.TestCaseExecutor.runScript(TestCaseExecutor.java:337)
	at com.kms.katalon.core.main.TestCaseExecutor.doExecute(TestCaseExecutor.java:328)
	at com.kms.katalon.core.main.TestCaseExecutor.processExecutionPhase(TestCaseExecutor.java:307)
	at com.kms.katalon.core.main.TestCaseExecutor.accessMainPhase(TestCaseExecutor.java:299)
	at com.kms.katalon.core.main.TestCaseExecutor.execute(TestCaseExecutor.java:233)
	at com.kms.katalon.core.main.TestSuiteExecutor.accessTestCaseMainPhase(TestSuiteExecutor.java:169)
	at com.kms.katalon.core.main.TestSuiteExecutor.accessTestSuiteMainPhase(TestSuiteExecutor.java:142)
	at com.kms.katalon.core.main.TestSuiteExecutor.execute(TestSuiteExecutor.java:91)
	at com.kms.katalon.core.main.TestCaseMain.startTestSuite(TestCaseMain.java:157)
	at com.kms.katalon.core.main.TestCaseMain$startTestSuite$0.call(Unknown Source)
	at TempTestSuite1590481524806.run(TempTestSuite1590481524806.groovy:36)
Caused by: com.kms.katalon.core.exception.StepFailedException: No alert found
	at com.kms.katalon.core.webui.keyword.internal.WebUIKeywordMain.stepFailed(WebUIKeywordMain.groovy:64)
	at com.kms.katalon.core.webui.keyword.builtin.GetAlertTextKeyword$_getAlertText_closure1.doCall(GetAlertTextKeyword.groovy:79)
	at com.kms.katalon.core.webui.keyword.builtin.GetAlertTextKeyword$_getAlertText_closure1.call(GetAlertTextKeyword.groovy)
	at com.kms.katalon.core.webui.keyword.internal.WebUIKeywordMain.runKeyword(WebUIKeywordMain.groovy:20)
	... 19 more


2020-05-26 15:25:37 - [TEST_STEP][PASSED] - callTestCase(findTestCase("Christi/Admin/admin login"), ["username":"11666", "password":"Password3"], STOP_ON_FAILURE): Call Test Case 'Test Cases/Christi/Admin/admin login' successfully

2020-05-26 15:25:38 - [TEST_CASE][PASSED] - Test Cases/Christi/Admin/admin login: Test Cases/Christi/Admin/admin login

2020-05-26 15:25:39 - [TEST_STEP][PASSED] - openBrowser(""): Browser is opened with url: ''

2020-05-26 15:25:39 - [MESSAGE][INFO] - Starting 'Chrome' driver

2020-05-26 15:25:39 - [MESSAGE][INFO] - Action delay is set to 0 seconds

2020-05-26 15:25:45 - [MESSAGE][PASSED] - Browser is opened with url: ''

2020-05-26 15:25:45 - [TEST_STEP][PASSED] - maximizeWindow(): Current window maximized

2020-05-26 15:25:47 - [MESSAGE][PASSED] - Current window maximized

2020-05-26 15:25:47 - [TEST_STEP][PASSED] - navigateToUrl("https://appsrv1.deltadatamandiri.com/ACC_LMS_WEB/#/admNLmn"): Navigate to 'https://appsrv1.deltadatamandiri.com/ACC_LMS_WEB/#/admNLmn' successfully

2020-05-26 15:25:56 - [MESSAGE][PASSED] - Navigate to 'https://appsrv1.deltadatamandiri.com/ACC_LMS_WEB/#/admNLmn' successfully

2020-05-26 15:25:56 - [TEST_STEP][PASSED] - click(findTestObject("Christi/Page_Main/button_login")): Object: 'Object Repository/Christi/Page_Main/button_login' is clicked on

2020-05-26 15:26:11 - [MESSAGE][PASSED] - Object: 'Object Repository/Christi/Page_Main/button_login' is clicked on

2020-05-26 15:26:11 - [TEST_STEP][PASSED] - delay(3): Delayed 3 second(s)

2020-05-26 15:26:14 - [MESSAGE][PASSED] - Delayed 3 second(s)

2020-05-26 15:26:14 - [TEST_STEP][PASSED] - setText(findTestObject("Object Repository/Christi/Page_Main/input_NPK_username"), username): Text '11666' is set on object 'Object Repository/Christi/Page_Main/input_NPK_username'

2020-05-26 15:26:15 - [MESSAGE][PASSED] - Text '11666' is set on object 'Object Repository/Christi/Page_Main/input_NPK_username'

2020-05-26 15:26:15 - [TEST_STEP][PASSED] - setText(findTestObject("Object Repository/Christi/Page_Main/input_Password_password"), password): Text 'Password3' is set on object 'Object Repository/Christi/Page_Main/input_Password_password'

2020-05-26 15:26:15 - [MESSAGE][PASSED] - Text 'Password3' is set on object 'Object Repository/Christi/Page_Main/input_Password_password'

2020-05-26 15:26:15 - [TEST_STEP][PASSED] - delay(5): Delayed 5 second(s)

2020-05-26 15:26:20 - [MESSAGE][PASSED] - Delayed 5 second(s)

2020-05-26 15:26:20 - [TEST_STEP][PASSED] - click(findTestObject("Rizka/Admin/Admin - Login/btnLogin2")): Object: 'Object Repository/Rizka/Admin/Admin - Login/btnLogin2' is clicked on

2020-05-26 15:26:21 - [MESSAGE][PASSED] - Object: 'Object Repository/Rizka/Admin/Admin - Login/btnLogin2' is clicked on

2020-05-26 15:26:21 - [TEST_STEP][PASSED] - delay(5): Delayed 5 second(s)

2020-05-26 15:26:26 - [MESSAGE][PASSED] - Delayed 5 second(s)

2020-05-26 15:26:26 - [MESSAGE][PASSED] - Call Test Case 'Test Cases/Christi/Admin/admin login' successfully

2020-05-26 15:26:26 - [TEST_STEP][PASSED] - delay(3): Delayed 3 second(s)

2020-05-26 15:26:29 - [MESSAGE][PASSED] - Delayed 3 second(s)

2020-05-26 15:26:29 - [TEST_STEP][PASSED] - verifyElementPresent(findTestObject("Christi/Page_Dashboard Admin/button_Manage Test"), 0): Object 'Object Repository/Christi/Page_Dashboard Admin/button_Manage Test' is present

2020-05-26 15:26:29 - [MESSAGE][WARNING] - Timeout '0' is invalid. Using default page load timeout: '30'

2020-05-26 15:26:34 - [MESSAGE][PASSED] - Object 'Object Repository/Christi/Page_Dashboard Admin/button_Manage Test' is present

2020-05-26 15:26:34 - [TEST_STEP][PASSED] - click(findTestObject("Object Repository/Christi/Page_Dashboard Admin/button_Manage Test")): Object: 'Object Repository/Christi/Page_Dashboard Admin/button_Manage Test' is clicked on

2020-05-26 15:26:34 - [MESSAGE][PASSED] - Object: 'Object Repository/Christi/Page_Dashboard Admin/button_Manage Test' is clicked on

2020-05-26 15:26:34 - [TEST_STEP][PASSED] - delay(3): Delayed 3 second(s)

2020-05-26 15:26:37 - [MESSAGE][PASSED] - Delayed 3 second(s)

2020-05-26 15:26:37 - [TEST_STEP][PASSED] - click(findTestObject("Christi/Page_Dashboard Admin/span_Pre-Test  Post-Test")): Object: 'Object Repository/Christi/Page_Dashboard Admin/span_Pre-Test  Post-Test' is clicked on

2020-05-26 15:26:38 - [MESSAGE][PASSED] - Object: 'Object Repository/Christi/Page_Dashboard Admin/span_Pre-Test  Post-Test' is clicked on

2020-05-26 15:26:38 - [TEST_STEP][PASSED] - delay(3): Delayed 3 second(s)

2020-05-26 15:26:41 - [MESSAGE][PASSED] - Delayed 3 second(s)

2020-05-26 15:26:41 - [TEST_STEP][PASSED] - verifyElementPresent(findTestObject("Christi/Page_Manage Test/label_Manage Pre-Test dan Post-Test"), 0): Object 'Object Repository/Christi/Page_Manage Test/label_Manage Pre-Test dan Post-Test' is present

2020-05-26 15:26:41 - [MESSAGE][WARNING] - Timeout '0' is invalid. Using default page load timeout: '30'

2020-05-26 15:27:03 - [MESSAGE][PASSED] - Object 'Object Repository/Christi/Page_Manage Test/label_Manage Pre-Test dan Post-Test' is present

2020-05-26 15:27:03 - [TEST_STEP][PASSED] - delay(3): Delayed 3 second(s)

2020-05-26 15:27:06 - [MESSAGE][PASSED] - Delayed 3 second(s)

2020-05-26 15:27:06 - [TEST_STEP][PASSED] - uploadFile(findTestObject("Christi/Page_Manage Test/input_Clear button_files"), file_upload): File 'C:\Users\ASUS\git\LearningManagementWeb\konten lms\Pre-Test_LEMON.csv' sent to object: 'Object Repository/Christi/Page_Manage Test/input_Clear button_files'

2020-05-26 15:27:07 - [MESSAGE][PASSED] - File 'C:\Users\ASUS\git\LearningManagementWeb\konten lms\Pre-Test_LEMON.csv' sent to object: 'Object Repository/Christi/Page_Manage Test/input_Clear button_files'

2020-05-26 15:27:07 - [TEST_STEP][PASSED] - delay(3): Delayed 3 second(s)

2020-05-26 15:27:10 - [MESSAGE][PASSED] - Delayed 3 second(s)

2020-05-26 15:27:10 - [TEST_STEP][FAILED] - if (expected == "pass"): Unable to get alert text (Root cause: com.kms.katalon.core.exception.StepFailedException: Unable to get alert text
	at com.kms.katalon.core.webui.keyword.internal.WebUIKeywordMain.stepFailed(WebUIKeywordMain.groovy:64)
	at com.kms.katalon.core.webui.keyword.internal.WebUIKeywordMain.runKeyword(WebUIKeywordMain.groovy:26)
	at com.kms.katalon.core.webui.keyword.builtin.GetAlertTextKeyword.getAlertText(GetAlertTextKeyword.groovy:71)
	at com.kms.katalon.core.webui.keyword.builtin.GetAlertTextKeyword.execute(GetAlertTextKeyword.groovy:66)
	at com.kms.katalon.core.keyword.internal.KeywordExecutor.executeKeywordForPlatform(KeywordExecutor.groovy:60)
	at com.kms.katalon.core.webui.keyword.WebUiBuiltInKeywords.getAlertText(WebUiBuiltInKeywords.groovy:1546)
	at com.kms.katalon.core.webui.keyword.WebUiBuiltInKeywords$getAlertText$6.call(Unknown Source)
	at Pretest PostTest - Upload CSV.run(Pretest PostTest - Upload CSV:41)
	at com.kms.katalon.core.main.ScriptEngine.run(ScriptEngine.java:194)
	at com.kms.katalon.core.main.ScriptEngine.runScriptAsRawText(ScriptEngine.java:119)
	at com.kms.katalon.core.main.TestCaseExecutor.runScript(TestCaseExecutor.java:337)
	at com.kms.katalon.core.main.TestCaseExecutor.doExecute(TestCaseExecutor.java:328)
	at com.kms.katalon.core.main.TestCaseExecutor.processExecutionPhase(TestCaseExecutor.java:307)
	at com.kms.katalon.core.main.TestCaseExecutor.accessMainPhase(TestCaseExecutor.java:299)
	at com.kms.katalon.core.main.TestCaseExecutor.execute(TestCaseExecutor.java:233)
	at com.kms.katalon.core.main.TestSuiteExecutor.accessTestCaseMainPhase(TestSuiteExecutor.java:169)
	at com.kms.katalon.core.main.TestSuiteExecutor.accessTestSuiteMainPhase(TestSuiteExecutor.java:142)
	at com.kms.katalon.core.main.TestSuiteExecutor.execute(TestSuiteExecutor.java:91)
	at com.kms.katalon.core.main.TestCaseMain.startTestSuite(TestCaseMain.java:157)
	at com.kms.katalon.core.main.TestCaseMain$startTestSuite$0.call(Unknown Source)
	at TempTestSuite1590481524806.run(TempTestSuite1590481524806.groovy:36)
Caused by: com.kms.katalon.core.exception.StepFailedException: No alert found
	at com.kms.katalon.core.webui.keyword.internal.WebUIKeywordMain.stepFailed(WebUIKeywordMain.groovy:64)
	at com.kms.katalon.core.webui.keyword.builtin.GetAlertTextKeyword$_getAlertText_closure1.doCall(GetAlertTextKeyword.groovy:79)
	at com.kms.katalon.core.webui.keyword.builtin.GetAlertTextKeyword$_getAlertText_closure1.call(GetAlertTextKeyword.groovy)
	at com.kms.katalon.core.webui.keyword.internal.WebUIKeywordMain.runKeyword(WebUIKeywordMain.groovy:20)
	... 19 more
)

2020-05-26 15:27:10 - [TEST_STEP][FAILED] - getAlertText(): Unable to get alert text (Root cause: com.kms.katalon.core.exception.StepFailedException: Unable to get alert text
	at com.kms.katalon.core.webui.keyword.internal.WebUIKeywordMain.stepFailed(WebUIKeywordMain.groovy:64)
	at com.kms.katalon.core.webui.keyword.internal.WebUIKeywordMain.runKeyword(WebUIKeywordMain.groovy:26)
	at com.kms.katalon.core.webui.keyword.builtin.GetAlertTextKeyword.getAlertText(GetAlertTextKeyword.groovy:71)
	at com.kms.katalon.core.webui.keyword.builtin.GetAlertTextKeyword.execute(GetAlertTextKeyword.groovy:66)
	at com.kms.katalon.core.keyword.internal.KeywordExecutor.executeKeywordForPlatform(KeywordExecutor.groovy:60)
	at com.kms.katalon.core.webui.keyword.WebUiBuiltInKeywords.getAlertText(WebUiBuiltInKeywords.groovy:1546)
	at com.kms.katalon.core.webui.keyword.WebUiBuiltInKeywords$getAlertText$6.call(Unknown Source)
	at Pretest PostTest - Upload CSV.run(Pretest PostTest - Upload CSV:41)
	at com.kms.katalon.core.main.ScriptEngine.run(ScriptEngine.java:194)
	at com.kms.katalon.core.main.ScriptEngine.runScriptAsRawText(ScriptEngine.java:119)
	at com.kms.katalon.core.main.TestCaseExecutor.runScript(TestCaseExecutor.java:337)
	at com.kms.katalon.core.main.TestCaseExecutor.doExecute(TestCaseExecutor.java:328)
	at com.kms.katalon.core.main.TestCaseExecutor.processExecutionPhase(TestCaseExecutor.java:307)
	at com.kms.katalon.core.main.TestCaseExecutor.accessMainPhase(TestCaseExecutor.java:299)
	at com.kms.katalon.core.main.TestCaseExecutor.execute(TestCaseExecutor.java:233)
	at com.kms.katalon.core.main.TestSuiteExecutor.accessTestCaseMainPhase(TestSuiteExecutor.java:169)
	at com.kms.katalon.core.main.TestSuiteExecutor.accessTestSuiteMainPhase(TestSuiteExecutor.java:142)
	at com.kms.katalon.core.main.TestSuiteExecutor.execute(TestSuiteExecutor.java:91)
	at com.kms.katalon.core.main.TestCaseMain.startTestSuite(TestCaseMain.java:157)
	at com.kms.katalon.core.main.TestCaseMain$startTestSuite$0.call(Unknown Source)
	at TempTestSuite1590481524806.run(TempTestSuite1590481524806.groovy:36)
Caused by: com.kms.katalon.core.exception.StepFailedException: No alert found
	at com.kms.katalon.core.webui.keyword.internal.WebUIKeywordMain.stepFailed(WebUIKeywordMain.groovy:64)
	at com.kms.katalon.core.webui.keyword.builtin.GetAlertTextKeyword$_getAlertText_closure1.doCall(GetAlertTextKeyword.groovy:79)
	at com.kms.katalon.core.webui.keyword.builtin.GetAlertTextKeyword$_getAlertText_closure1.call(GetAlertTextKeyword.groovy)
	at com.kms.katalon.core.webui.keyword.internal.WebUIKeywordMain.runKeyword(WebUIKeywordMain.groovy:20)
	... 19 more
)

2020-05-26 15:27:11 - [MESSAGE][FAILED] - No alert found (Root cause: com.kms.katalon.core.exception.StepFailedException: No alert found
	at com.kms.katalon.core.webui.keyword.internal.WebUIKeywordMain.stepFailed(WebUIKeywordMain.groovy:64)
	at com.kms.katalon.core.webui.keyword.builtin.GetAlertTextKeyword$_getAlertText_closure1.doCall(GetAlertTextKeyword.groovy:79)
	at com.kms.katalon.core.webui.keyword.builtin.GetAlertTextKeyword$_getAlertText_closure1.call(GetAlertTextKeyword.groovy)
	at com.kms.katalon.core.webui.keyword.internal.WebUIKeywordMain.runKeyword(WebUIKeywordMain.groovy:20)
	at com.kms.katalon.core.webui.keyword.builtin.GetAlertTextKeyword.getAlertText(GetAlertTextKeyword.groovy:71)
	at com.kms.katalon.core.webui.keyword.builtin.GetAlertTextKeyword.execute(GetAlertTextKeyword.groovy:66)
	at com.kms.katalon.core.keyword.internal.KeywordExecutor.executeKeywordForPlatform(KeywordExecutor.groovy:60)
	at com.kms.katalon.core.webui.keyword.WebUiBuiltInKeywords.getAlertText(WebUiBuiltInKeywords.groovy:1546)
	at com.kms.katalon.core.webui.keyword.WebUiBuiltInKeywords$getAlertText$6.call(Unknown Source)
	at Pretest PostTest - Upload CSV.run(Pretest PostTest - Upload CSV:41)
	at com.kms.katalon.core.main.ScriptEngine.run(ScriptEngine.java:194)
	at com.kms.katalon.core.main.ScriptEngine.runScriptAsRawText(ScriptEngine.java:119)
	at com.kms.katalon.core.main.TestCaseExecutor.runScript(TestCaseExecutor.java:337)
	at com.kms.katalon.core.main.TestCaseExecutor.doExecute(TestCaseExecutor.java:328)
	at com.kms.katalon.core.main.TestCaseExecutor.processExecutionPhase(TestCaseExecutor.java:307)
	at com.kms.katalon.core.main.TestCaseExecutor.accessMainPhase(TestCaseExecutor.java:299)
	at com.kms.katalon.core.main.TestCaseExecutor.execute(TestCaseExecutor.java:233)
	at com.kms.katalon.core.main.TestSuiteExecutor.accessTestCaseMainPhase(TestSuiteExecutor.java:169)
	at com.kms.katalon.core.main.TestSuiteExecutor.accessTestSuiteMainPhase(TestSuiteExecutor.java:142)
	at com.kms.katalon.core.main.TestSuiteExecutor.execute(TestSuiteExecutor.java:91)
	at com.kms.katalon.core.main.TestCaseMain.startTestSuite(TestCaseMain.java:157)
	at com.kms.katalon.core.main.TestCaseMain$startTestSuite$0.call(Unknown Source)
	at TempTestSuite1590481524806.run(TempTestSuite1590481524806.groovy:36)
)
[[ATTACHMENT|C:\\Users\\ASUS\\git\\LearningManagementWeb\\Reports\\20200526_152524\\Christi\\Manage Pretest\\20200526_152524\\1590481630598.png]]

2020-05-26 15:27:11 - [MESSAGE][FAILED] - Unable to get alert text (Root cause: com.kms.katalon.core.exception.StepFailedException: Unable to get alert text
	at com.kms.katalon.core.webui.keyword.internal.WebUIKeywordMain.stepFailed(WebUIKeywordMain.groovy:64)
	at com.kms.katalon.core.webui.keyword.internal.WebUIKeywordMain.runKeyword(WebUIKeywordMain.groovy:26)
	at com.kms.katalon.core.webui.keyword.builtin.GetAlertTextKeyword.getAlertText(GetAlertTextKeyword.groovy:71)
	at com.kms.katalon.core.webui.keyword.builtin.GetAlertTextKeyword.execute(GetAlertTextKeyword.groovy:66)
	at com.kms.katalon.core.keyword.internal.KeywordExecutor.executeKeywordForPlatform(KeywordExecutor.groovy:60)
	at com.kms.katalon.core.webui.keyword.WebUiBuiltInKeywords.getAlertText(WebUiBuiltInKeywords.groovy:1546)
	at com.kms.katalon.core.webui.keyword.WebUiBuiltInKeywords$getAlertText$6.call(Unknown Source)
	at Pretest PostTest - Upload CSV.run(Pretest PostTest - Upload CSV:41)
	at com.kms.katalon.core.main.ScriptEngine.run(ScriptEngine.java:194)
	at com.kms.katalon.core.main.ScriptEngine.runScriptAsRawText(ScriptEngine.java:119)
	at com.kms.katalon.core.main.TestCaseExecutor.runScript(TestCaseExecutor.java:337)
	at com.kms.katalon.core.main.TestCaseExecutor.doExecute(TestCaseExecutor.java:328)
	at com.kms.katalon.core.main.TestCaseExecutor.processExecutionPhase(TestCaseExecutor.java:307)
	at com.kms.katalon.core.main.TestCaseExecutor.accessMainPhase(TestCaseExecutor.java:299)
	at com.kms.katalon.core.main.TestCaseExecutor.execute(TestCaseExecutor.java:233)
	at com.kms.katalon.core.main.TestSuiteExecutor.accessTestCaseMainPhase(TestSuiteExecutor.java:169)
	at com.kms.katalon.core.main.TestSuiteExecutor.accessTestSuiteMainPhase(TestSuiteExecutor.java:142)
	at com.kms.katalon.core.main.TestSuiteExecutor.execute(TestSuiteExecutor.java:91)
	at com.kms.katalon.core.main.TestCaseMain.startTestSuite(TestCaseMain.java:157)
	at com.kms.katalon.core.main.TestCaseMain$startTestSuite$0.call(Unknown Source)
	at TempTestSuite1590481524806.run(TempTestSuite1590481524806.groovy:36)
Caused by: com.kms.katalon.core.exception.StepFailedException: No alert found
	at com.kms.katalon.core.webui.keyword.internal.WebUIKeywordMain.stepFailed(WebUIKeywordMain.groovy:64)
	at com.kms.katalon.core.webui.keyword.builtin.GetAlertTextKeyword$_getAlertText_closure1.doCall(GetAlertTextKeyword.groovy:79)
	at com.kms.katalon.core.webui.keyword.builtin.GetAlertTextKeyword$_getAlertText_closure1.call(GetAlertTextKeyword.groovy)
	at com.kms.katalon.core.webui.keyword.internal.WebUIKeywordMain.runKeyword(WebUIKeywordMain.groovy:20)
	... 19 more
)
[[ATTACHMENT|C:\\Users\\ASUS\\git\\LearningManagementWeb\\Reports\\20200526_152524\\Christi\\Manage Pretest\\20200526_152524\\1590481631099.png]]]]></system-out>
         <system-err><![CDATA[2020-05-26 15:25:36 - [TEST_CASE][FAILED] - Test Cases/Christi/Admin/Pretest PostTest - Upload CSV: Test Cases/Christi/Admin/Pretest PostTest - Upload CSV FAILED.
Reason:
com.kms.katalon.core.exception.StepFailedException: Unable to get alert text
	at com.kms.katalon.core.webui.keyword.internal.WebUIKeywordMain.stepFailed(WebUIKeywordMain.groovy:64)
	at com.kms.katalon.core.webui.keyword.internal.WebUIKeywordMain.runKeyword(WebUIKeywordMain.groovy:26)
	at com.kms.katalon.core.webui.keyword.builtin.GetAlertTextKeyword.getAlertText(GetAlertTextKeyword.groovy:71)
	at com.kms.katalon.core.webui.keyword.builtin.GetAlertTextKeyword.execute(GetAlertTextKeyword.groovy:66)
	at com.kms.katalon.core.keyword.internal.KeywordExecutor.executeKeywordForPlatform(KeywordExecutor.groovy:60)
	at com.kms.katalon.core.webui.keyword.WebUiBuiltInKeywords.getAlertText(WebUiBuiltInKeywords.groovy:1546)
	at com.kms.katalon.core.webui.keyword.WebUiBuiltInKeywords$getAlertText$6.call(Unknown Source)
	at Pretest PostTest - Upload CSV.run(Pretest PostTest - Upload CSV:41)
	at com.kms.katalon.core.main.ScriptEngine.run(ScriptEngine.java:194)
	at com.kms.katalon.core.main.ScriptEngine.runScriptAsRawText(ScriptEngine.java:119)
	at com.kms.katalon.core.main.TestCaseExecutor.runScript(TestCaseExecutor.java:337)
	at com.kms.katalon.core.main.TestCaseExecutor.doExecute(TestCaseExecutor.java:328)
	at com.kms.katalon.core.main.TestCaseExecutor.processExecutionPhase(TestCaseExecutor.java:307)
	at com.kms.katalon.core.main.TestCaseExecutor.accessMainPhase(TestCaseExecutor.java:299)
	at com.kms.katalon.core.main.TestCaseExecutor.execute(TestCaseExecutor.java:233)
	at com.kms.katalon.core.main.TestSuiteExecutor.accessTestCaseMainPhase(TestSuiteExecutor.java:169)
	at com.kms.katalon.core.main.TestSuiteExecutor.accessTestSuiteMainPhase(TestSuiteExecutor.java:142)
	at com.kms.katalon.core.main.TestSuiteExecutor.execute(TestSuiteExecutor.java:91)
	at com.kms.katalon.core.main.TestCaseMain.startTestSuite(TestCaseMain.java:157)
	at com.kms.katalon.core.main.TestCaseMain$startTestSuite$0.call(Unknown Source)
	at TempTestSuite1590481524806.run(TempTestSuite1590481524806.groovy:36)
Caused by: com.kms.katalon.core.exception.StepFailedException: No alert found
	at com.kms.katalon.core.webui.keyword.internal.WebUIKeywordMain.stepFailed(WebUIKeywordMain.groovy:64)
	at com.kms.katalon.core.webui.keyword.builtin.GetAlertTextKeyword$_getAlertText_closure1.doCall(GetAlertTextKeyword.groovy:79)
	at com.kms.katalon.core.webui.keyword.builtin.GetAlertTextKeyword$_getAlertText_closure1.call(GetAlertTextKeyword.groovy)
	at com.kms.katalon.core.webui.keyword.internal.WebUIKeywordMain.runKeyword(WebUIKeywordMain.groovy:20)
	... 19 more]]></system-err>
      </testcase>
      <system-out><![CDATA[2020-05-26 15:25:35 - [TEST_SUITE][FAILED] - Manage Pretest: Test Cases/Christi/Admin/Pretest PostTest - Upload CSV FAILED.
Reason:
com.kms.katalon.core.exception.StepFailedException: Unable to get alert text
	at com.kms.katalon.core.webui.keyword.internal.WebUIKeywordMain.stepFailed(WebUIKeywordMain.groovy:64)
	at com.kms.katalon.core.webui.keyword.internal.WebUIKeywordMain.runKeyword(WebUIKeywordMain.groovy:26)
	at com.kms.katalon.core.webui.keyword.builtin.GetAlertTextKeyword.getAlertText(GetAlertTextKeyword.groovy:71)
	at com.kms.katalon.core.webui.keyword.builtin.GetAlertTextKeyword.execute(GetAlertTextKeyword.groovy:66)
	at com.kms.katalon.core.keyword.internal.KeywordExecutor.executeKeywordForPlatform(KeywordExecutor.groovy:60)
	at com.kms.katalon.core.webui.keyword.WebUiBuiltInKeywords.getAlertText(WebUiBuiltInKeywords.groovy:1546)
	at com.kms.katalon.core.webui.keyword.WebUiBuiltInKeywords$getAlertText$6.call(Unknown Source)
	at Pretest PostTest - Upload CSV.run(Pretest PostTest - Upload CSV:41)
	at com.kms.katalon.core.main.ScriptEngine.run(ScriptEngine.java:194)
	at com.kms.katalon.core.main.ScriptEngine.runScriptAsRawText(ScriptEngine.java:119)
	at com.kms.katalon.core.main.TestCaseExecutor.runScript(TestCaseExecutor.java:337)
	at com.kms.katalon.core.main.TestCaseExecutor.doExecute(TestCaseExecutor.java:328)
	at com.kms.katalon.core.main.TestCaseExecutor.processExecutionPhase(TestCaseExecutor.java:307)
	at com.kms.katalon.core.main.TestCaseExecutor.accessMainPhase(TestCaseExecutor.java:299)
	at com.kms.katalon.core.main.TestCaseExecutor.execute(TestCaseExecutor.java:233)
	at com.kms.katalon.core.main.TestSuiteExecutor.accessTestCaseMainPhase(TestSuiteExecutor.java:169)
	at com.kms.katalon.core.main.TestSuiteExecutor.accessTestSuiteMainPhase(TestSuiteExecutor.java:142)
	at com.kms.katalon.core.main.TestSuiteExecutor.execute(TestSuiteExecutor.java:91)
	at com.kms.katalon.core.main.TestCaseMain.startTestSuite(TestCaseMain.java:157)
	at com.kms.katalon.core.main.TestCaseMain$startTestSuite$0.call(Unknown Source)
	at TempTestSuite1590481524806.run(TempTestSuite1590481524806.groovy:36)
Caused by: com.kms.katalon.core.exception.StepFailedException: No alert found
	at com.kms.katalon.core.webui.keyword.internal.WebUIKeywordMain.stepFailed(WebUIKeywordMain.groovy:64)
	at com.kms.katalon.core.webui.keyword.builtin.GetAlertTextKeyword$_getAlertText_closure1.doCall(GetAlertTextKeyword.groovy:79)
	at com.kms.katalon.core.webui.keyword.builtin.GetAlertTextKeyword$_getAlertText_closure1.call(GetAlertTextKeyword.groovy)
	at com.kms.katalon.core.webui.keyword.internal.WebUIKeywordMain.runKeyword(WebUIKeywordMain.groovy:20)
	... 19 more]]></system-out>
      <system-err><![CDATA[2020-05-26 15:25:35 - [TEST_SUITE][FAILED] - Manage Pretest: Test Cases/Christi/Admin/Pretest PostTest - Upload CSV FAILED.
Reason:
com.kms.katalon.core.exception.StepFailedException: Unable to get alert text
	at com.kms.katalon.core.webui.keyword.internal.WebUIKeywordMain.stepFailed(WebUIKeywordMain.groovy:64)
	at com.kms.katalon.core.webui.keyword.internal.WebUIKeywordMain.runKeyword(WebUIKeywordMain.groovy:26)
	at com.kms.katalon.core.webui.keyword.builtin.GetAlertTextKeyword.getAlertText(GetAlertTextKeyword.groovy:71)
	at com.kms.katalon.core.webui.keyword.builtin.GetAlertTextKeyword.execute(GetAlertTextKeyword.groovy:66)
	at com.kms.katalon.core.keyword.internal.KeywordExecutor.executeKeywordForPlatform(KeywordExecutor.groovy:60)
	at com.kms.katalon.core.webui.keyword.WebUiBuiltInKeywords.getAlertText(WebUiBuiltInKeywords.groovy:1546)
	at com.kms.katalon.core.webui.keyword.WebUiBuiltInKeywords$getAlertText$6.call(Unknown Source)
	at Pretest PostTest - Upload CSV.run(Pretest PostTest - Upload CSV:41)
	at com.kms.katalon.core.main.ScriptEngine.run(ScriptEngine.java:194)
	at com.kms.katalon.core.main.ScriptEngine.runScriptAsRawText(ScriptEngine.java:119)
	at com.kms.katalon.core.main.TestCaseExecutor.runScript(TestCaseExecutor.java:337)
	at com.kms.katalon.core.main.TestCaseExecutor.doExecute(TestCaseExecutor.java:328)
	at com.kms.katalon.core.main.TestCaseExecutor.processExecutionPhase(TestCaseExecutor.java:307)
	at com.kms.katalon.core.main.TestCaseExecutor.accessMainPhase(TestCaseExecutor.java:299)
	at com.kms.katalon.core.main.TestCaseExecutor.execute(TestCaseExecutor.java:233)
	at com.kms.katalon.core.main.TestSuiteExecutor.accessTestCaseMainPhase(TestSuiteExecutor.java:169)
	at com.kms.katalon.core.main.TestSuiteExecutor.accessTestSuiteMainPhase(TestSuiteExecutor.java:142)
	at com.kms.katalon.core.main.TestSuiteExecutor.execute(TestSuiteExecutor.java:91)
	at com.kms.katalon.core.main.TestCaseMain.startTestSuite(TestCaseMain.java:157)
	at com.kms.katalon.core.main.TestCaseMain$startTestSuite$0.call(Unknown Source)
	at TempTestSuite1590481524806.run(TempTestSuite1590481524806.groovy:36)
Caused by: com.kms.katalon.core.exception.StepFailedException: No alert found
	at com.kms.katalon.core.webui.keyword.internal.WebUIKeywordMain.stepFailed(WebUIKeywordMain.groovy:64)
	at com.kms.katalon.core.webui.keyword.builtin.GetAlertTextKeyword$_getAlertText_closure1.doCall(GetAlertTextKeyword.groovy:79)
	at com.kms.katalon.core.webui.keyword.builtin.GetAlertTextKeyword$_getAlertText_closure1.call(GetAlertTextKeyword.groovy)
	at com.kms.katalon.core.webui.keyword.internal.WebUIKeywordMain.runKeyword(WebUIKeywordMain.groovy:20)
	... 19 more]]></system-err>
   </testsuite>
</testsuites>
