<?xml version="1.0" encoding="UTF-8"?>
<testsuites name="Online Learning" time="363.87" tests="4" failures="0" errors="0">
   <testsuite name="Online Learning" tests="4" failures="0" errors="0" time="363.87" timestamp="2020-06-12 17:01:41" hostname="ASUS - LAPTOP-D0TPACJ1" id="Test Suites/Christi/Online Learning">
      <properties>
         <property name="deviceName" value=""/>
         <property name="devicePlatform" value=""/>
         <property name="logFolder" value="C:\\Users\\ASUS\\git\\LearningManagementWeb\\Reports\\20200612_170128\\Christi\\Online Learning\\20200612_170128"/>
         <property name="logFiles" value="C:\\Users\\ASUS\\git\\LearningManagementWeb\\Reports\\20200612_170128\\Christi\\Online Learning\\20200612_170128\\execution0.log"/>
         <property name="attachments" value=""/>
         <property name="hostName" value="ASUS - LAPTOP-D0TPACJ1"/>
         <property name="os" value="Windows 10 64bit"/>
         <property name="katalonVersion" value="7.0.10.1"/>
         <property name="browser" value="Chrome 83.0.4103.97"/>
         <property name="hostAddress" value="192.168.100.227"/>
         <property name="sessionId" value="651a9cd2231041eed95eeac4152213da"/>
         <property name="seleniumVersion" value="3.141.59"/>
         <property name="proxyInformation" value="ProxyInformation{proxyOption=NO_PROXY, proxyServerType=HTTP, password=, proxyServerAddress=, proxyServerPort=0}"/>
         <property name="platform" value="Windows 10"/>
      </properties>
      <testcase name="Test Cases/Christi/User/Online Learning - Materi Belajar" time="70.902" classname="Test Cases/Christi/User/Online Learning - Materi Belajar" status="PASSED">
         <system-out><![CDATA[2020-06-12 17:01:42 - [TEST_CASE][PASSED] - Test Cases/Christi/User/Online Learning - Materi Belajar: Test Cases/Christi/User/Online Learning - Materi Belajar

2020-06-12 17:01:44 - [TEST_STEP][PASSED] - callTestCase(findTestCase("Christi/User/user login"), ["username":"06677", "password":"#@ccPerfect2o19#"], STOP_ON_FAILURE): Call Test Case 'Test Cases/Christi/User/user login' successfully

2020-06-12 17:01:45 - [TEST_CASE][PASSED] - Test Cases/Christi/User/user login: Test Cases/Christi/User/user login

2020-06-12 17:01:45 - [TEST_STEP][PASSED] - openBrowser(""): Browser is opened with url: ''

2020-06-12 17:01:46 - [MESSAGE][INFO] - Starting 'Chrome' driver

2020-06-12 17:01:46 - [MESSAGE][INFO] - Action delay is set to 0 seconds

2020-06-12 17:01:53 - [MESSAGE][PASSED] - Browser is opened with url: ''

2020-06-12 17:01:53 - [TEST_STEP][PASSED] - navigateToUrl("https://appsrv1.deltadatamandiri.com/ACC_LMS_WEB/#/Main?redirectTo=onlineLearning"): Navigate to 'https://appsrv1.deltadatamandiri.com/ACC_LMS_WEB/#/Main?redirectTo=onlineLearning' successfully

2020-06-12 17:02:08 - [MESSAGE][PASSED] - Navigate to 'https://appsrv1.deltadatamandiri.com/ACC_LMS_WEB/#/Main?redirectTo=onlineLearning' successfully

2020-06-12 17:02:08 - [TEST_STEP][PASSED] - click(findTestObject("Object Repository/Christi/Page_Main/span_login")): Object: 'Object Repository/Christi/Page_Main/span_login' is clicked on

2020-06-12 17:02:16 - [MESSAGE][PASSED] - Object: 'Object Repository/Christi/Page_Main/span_login' is clicked on

2020-06-12 17:02:16 - [TEST_STEP][PASSED] - delay(3): Delayed 3 second(s)

2020-06-12 17:02:19 - [MESSAGE][PASSED] - Delayed 3 second(s)

2020-06-12 17:02:19 - [TEST_STEP][PASSED] - setText(findTestObject("Object Repository/Christi/Page_Main/input_NPK_username"), username): Text '06677' is set on object 'Object Repository/Christi/Page_Main/input_NPK_username'

2020-06-12 17:02:19 - [MESSAGE][PASSED] - Text '06677' is set on object 'Object Repository/Christi/Page_Main/input_NPK_username'

2020-06-12 17:02:19 - [TEST_STEP][PASSED] - setText(findTestObject("Object Repository/Christi/Page_Main/input_Password_password"), password): Text '#@ccPerfect2o19#' is set on object 'Object Repository/Christi/Page_Main/input_Password_password'

2020-06-12 17:02:21 - [MESSAGE][PASSED] - Text '#@ccPerfect2o19#' is set on object 'Object Repository/Christi/Page_Main/input_Password_password'

2020-06-12 17:02:21 - [TEST_STEP][PASSED] - click(findTestObject("Object Repository/Christi/Page_Main/span_Remember me")): Object: 'Object Repository/Christi/Page_Main/span_Remember me' is clicked on

2020-06-12 17:02:22 - [MESSAGE][PASSED] - Object: 'Object Repository/Christi/Page_Main/span_Remember me' is clicked on

2020-06-12 17:02:22 - [TEST_STEP][PASSED] - click(findTestObject("Object Repository/Christi/Page_Main/span_login_1")): Object: 'Object Repository/Christi/Page_Main/span_login_1' is clicked on

2020-06-12 17:02:22 - [MESSAGE][PASSED] - Object: 'Object Repository/Christi/Page_Main/span_login_1' is clicked on

2020-06-12 17:02:22 - [TEST_STEP][PASSED] - delay(5): Delayed 5 second(s)

2020-06-12 17:02:27 - [MESSAGE][PASSED] - Delayed 5 second(s)

2020-06-12 17:02:27 - [MESSAGE][PASSED] - Call Test Case 'Test Cases/Christi/User/user login' successfully

2020-06-12 17:02:27 - [TEST_STEP][PASSED] - delay(3): Delayed 3 second(s)

2020-06-12 17:02:30 - [MESSAGE][PASSED] - Delayed 3 second(s)

2020-06-12 17:02:30 - [TEST_STEP][PASSED] - setText(findTestObject("Christi/Page_Job Functions/input_Back button_searchModul"), nama_modul): Text 'xxxxx' is set on object 'Object Repository/Christi/Page_Job Functions/input_Back button_searchModul'

2020-06-12 17:02:43 - [MESSAGE][PASSED] - Text 'xxxxx' is set on object 'Object Repository/Christi/Page_Job Functions/input_Back button_searchModul'

2020-06-12 17:02:43 - [TEST_STEP][PASSED] - click(findTestObject("Object Repository/Christi/Page_Job Functions/button_Clear button_app-search-button wi wi-search")): Object: 'Object Repository/Christi/Page_Job Functions/button_Clear button_app-search-button wi wi-search' is clicked on

2020-06-12 17:02:44 - [MESSAGE][PASSED] - Object: 'Object Repository/Christi/Page_Job Functions/button_Clear button_app-search-button wi wi-search' is clicked on

2020-06-12 17:02:44 - [TEST_STEP][PASSED] - delay(3): Delayed 3 second(s)

2020-06-12 17:02:47 - [MESSAGE][PASSED] - Delayed 3 second(s)

2020-06-12 17:02:47 - [TEST_STEP][PASSED] - if (found == "yes"): null

2020-06-12 17:02:47 - [TEST_STEP][PASSED] - else if (found == "no"): Object 'Object Repository/Christi/Page_Online Learning Search Result/label_tidak ditemukan' is present

2020-06-12 17:02:47 - [TEST_STEP][PASSED] - verifyElementPresent(findTestObject("Object Repository/Christi/Page_Online Learning Search Result/label_tidak ditemukan"), 0): Object 'Object Repository/Christi/Page_Online Learning Search Result/label_tidak ditemukan' is present

2020-06-12 17:02:48 - [MESSAGE][WARNING] - Timeout '0' is invalid. Using default page load timeout: '30'

2020-06-12 17:02:52 - [MESSAGE][PASSED] - Object 'Object Repository/Christi/Page_Online Learning Search Result/label_tidak ditemukan' is present

2020-06-12 17:02:52 - [TEST_STEP][PASSED] - closeBrowser(): Browser is closed

2020-06-12 17:02:53 - [MESSAGE][PASSED] - Browser is closed]]></system-out>
         <system-err><![CDATA[]]></system-err>
      </testcase>
      <testcase name="Test Cases/Christi/User/Online Learning - Materi Belajar" time="112.771" classname="Test Cases/Christi/User/Online Learning - Materi Belajar" status="PASSED">
         <system-out><![CDATA[2020-06-12 17:02:53 - [TEST_CASE][PASSED] - Test Cases/Christi/User/Online Learning - Materi Belajar: Test Cases/Christi/User/Online Learning - Materi Belajar

2020-06-12 17:02:53 - [TEST_STEP][PASSED] - callTestCase(findTestCase("Christi/User/user login"), ["username":"06677", "password":"#@ccPerfect2o19#"], STOP_ON_FAILURE): Call Test Case 'Test Cases/Christi/User/user login' successfully

2020-06-12 17:02:53 - [TEST_CASE][PASSED] - Test Cases/Christi/User/user login: Test Cases/Christi/User/user login

2020-06-12 17:02:53 - [TEST_STEP][PASSED] - openBrowser(""): Browser is opened with url: ''

2020-06-12 17:02:53 - [MESSAGE][INFO] - Starting 'Chrome' driver

2020-06-12 17:02:56 - [MESSAGE][PASSED] - Browser is opened with url: ''

2020-06-12 17:02:56 - [TEST_STEP][PASSED] - navigateToUrl("https://appsrv1.deltadatamandiri.com/ACC_LMS_WEB/#/Main?redirectTo=onlineLearning"): Navigate to 'https://appsrv1.deltadatamandiri.com/ACC_LMS_WEB/#/Main?redirectTo=onlineLearning' successfully

2020-06-12 17:03:08 - [MESSAGE][PASSED] - Navigate to 'https://appsrv1.deltadatamandiri.com/ACC_LMS_WEB/#/Main?redirectTo=onlineLearning' successfully

2020-06-12 17:03:08 - [TEST_STEP][PASSED] - click(findTestObject("Object Repository/Christi/Page_Main/span_login")): Object: 'Object Repository/Christi/Page_Main/span_login' is clicked on

2020-06-12 17:03:13 - [MESSAGE][ERROR] - javascript error: Failed to execute 'elementsFromPoint' on 'Document': The provided double value is non-finite.
  (Session info: chrome=83.0.4103.97)
Build info: version: '3.141.59', revision: 'e82be7d358', time: '2018-11-14T08:25:53'
System info: host: 'LAPTOP-D0TPACJ1', ip: '192.168.100.227', os.name: 'Windows 10', os.arch: 'amd64', os.version: '10.0', java.version: '1.8.0_181'
Driver info: com.kms.katalon.selenium.driver.CChromeDriver
Capabilities {acceptInsecureCerts: false, browserName: chrome, browserVersion: 83.0.4103.97, chrome: {chromedriverVersion: 83.0.4103.39 (ccbf011cb2d2b..., userDataDir: C:\Users\ASUS\AppData\Local...}, goog:chromeOptions: {debuggerAddress: localhost:53878}, javascriptEnabled: true, networkConnectionEnabled: false, pageLoadStrategy: normal, platform: WINDOWS, platformName: WINDOWS, proxy: Proxy(), setWindowRect: true, strictFileInteractability: false, timeouts: {implicit: 0, pageLoad: 300000, script: 30000}, unhandledPromptBehavior: dismiss and notify, webauthn:virtualAuthenticators: true}
Session ID: 362377a733e4fad755091f58a9ff3f27

2020-06-12 17:03:14 - [MESSAGE][PASSED] - Object: 'Object Repository/Christi/Page_Main/span_login' is clicked on

2020-06-12 17:03:14 - [TEST_STEP][PASSED] - delay(3): Delayed 3 second(s)

2020-06-12 17:03:17 - [MESSAGE][PASSED] - Delayed 3 second(s)

2020-06-12 17:03:17 - [TEST_STEP][PASSED] - setText(findTestObject("Object Repository/Christi/Page_Main/input_NPK_username"), username): Text '06677' is set on object 'Object Repository/Christi/Page_Main/input_NPK_username'

2020-06-12 17:03:18 - [MESSAGE][PASSED] - Text '06677' is set on object 'Object Repository/Christi/Page_Main/input_NPK_username'

2020-06-12 17:03:18 - [TEST_STEP][PASSED] - setText(findTestObject("Object Repository/Christi/Page_Main/input_Password_password"), password): Text '#@ccPerfect2o19#' is set on object 'Object Repository/Christi/Page_Main/input_Password_password'

2020-06-12 17:03:18 - [MESSAGE][PASSED] - Text '#@ccPerfect2o19#' is set on object 'Object Repository/Christi/Page_Main/input_Password_password'

2020-06-12 17:03:18 - [TEST_STEP][PASSED] - click(findTestObject("Object Repository/Christi/Page_Main/span_Remember me")): Object: 'Object Repository/Christi/Page_Main/span_Remember me' is clicked on

2020-06-12 17:03:19 - [MESSAGE][PASSED] - Object: 'Object Repository/Christi/Page_Main/span_Remember me' is clicked on

2020-06-12 17:03:19 - [TEST_STEP][PASSED] - click(findTestObject("Object Repository/Christi/Page_Main/span_login_1")): Object: 'Object Repository/Christi/Page_Main/span_login_1' is clicked on

2020-06-12 17:03:20 - [MESSAGE][PASSED] - Object: 'Object Repository/Christi/Page_Main/span_login_1' is clicked on

2020-06-12 17:03:20 - [TEST_STEP][PASSED] - delay(5): Delayed 5 second(s)

2020-06-12 17:03:25 - [MESSAGE][PASSED] - Delayed 5 second(s)

2020-06-12 17:03:25 - [MESSAGE][PASSED] - Call Test Case 'Test Cases/Christi/User/user login' successfully

2020-06-12 17:03:25 - [TEST_STEP][PASSED] - delay(3): Delayed 3 second(s)

2020-06-12 17:03:28 - [MESSAGE][PASSED] - Delayed 3 second(s)

2020-06-12 17:03:28 - [TEST_STEP][PASSED] - setText(findTestObject("Christi/Page_Job Functions/input_Back button_searchModul"), nama_modul): Text 'NEOP AAV' is set on object 'Object Repository/Christi/Page_Job Functions/input_Back button_searchModul'

2020-06-12 17:03:41 - [MESSAGE][PASSED] - Text 'NEOP AAV' is set on object 'Object Repository/Christi/Page_Job Functions/input_Back button_searchModul'

2020-06-12 17:03:41 - [TEST_STEP][PASSED] - click(findTestObject("Object Repository/Christi/Page_Job Functions/button_Clear button_app-search-button wi wi-search")): Object: 'Object Repository/Christi/Page_Job Functions/button_Clear button_app-search-button wi wi-search' is clicked on

2020-06-12 17:03:42 - [MESSAGE][PASSED] - Object: 'Object Repository/Christi/Page_Job Functions/button_Clear button_app-search-button wi wi-search' is clicked on

2020-06-12 17:03:42 - [TEST_STEP][PASSED] - delay(3): Delayed 3 second(s)

2020-06-12 17:03:45 - [MESSAGE][PASSED] - Delayed 3 second(s)

2020-06-12 17:03:45 - [TEST_STEP][PASSED] - if (found == "yes"): Object 'Object Repository/Christi/Page_Online Learning Detail/label_Maaf bagian ini masih terkunci Silahkan buka bagian sebelumnya ya )' is present

2020-06-12 17:03:45 - [TEST_STEP][PASSED] - verifyElementPresent(findTestObject("Christi/Page_Online Learning Search Result/label_Ditemukan modul dengan kata kunci"), 0): Object 'Object Repository/Christi/Page_Online Learning Search Result/label_Ditemukan modul dengan kata kunci' is present

2020-06-12 17:03:45 - [MESSAGE][WARNING] - Timeout '0' is invalid. Using default page load timeout: '30'

2020-06-12 17:03:50 - [MESSAGE][PASSED] - Object 'Object Repository/Christi/Page_Online Learning Search Result/label_Ditemukan modul dengan kata kunci' is present

2020-06-12 17:03:50 - [TEST_STEP][PASSED] - delay(3): Delayed 3 second(s)

2020-06-12 17:03:53 - [MESSAGE][PASSED] - Delayed 3 second(s)

2020-06-12 17:03:53 - [TEST_STEP][PASSED] - click(findTestObject("Christi/Page_Online Learning Search Result/span_Lihat Modul")): Object: 'Object Repository/Christi/Page_Online Learning Search Result/span_Lihat Modul' is clicked on

2020-06-12 17:03:54 - [MESSAGE][PASSED] - Object: 'Object Repository/Christi/Page_Online Learning Search Result/span_Lihat Modul' is clicked on

2020-06-12 17:03:54 - [TEST_STEP][PASSED] - delay(3): Delayed 3 second(s)

2020-06-12 17:03:57 - [MESSAGE][PASSED] - Delayed 3 second(s)

2020-06-12 17:03:57 - [TEST_STEP][PASSED] - if (status == "new"): null

2020-06-12 17:03:57 - [TEST_STEP][PASSED] - delay(3): Delayed 3 second(s)

2020-06-12 17:04:00 - [MESSAGE][PASSED] - Delayed 3 second(s)

2020-06-12 17:04:00 - [TEST_STEP][PASSED] - click(findTestObject("Christi/Page_Online Learning Detail/label_menu_Pre-Test", ["text":nama_materi])): Object: 'Object Repository/Christi/Page_Online Learning Detail/label_menu_Pre-Test' is clicked on

2020-06-12 17:04:08 - [MESSAGE][PASSED] - Object: 'Object Repository/Christi/Page_Online Learning Detail/label_menu_Pre-Test' is clicked on

2020-06-12 17:04:08 - [TEST_STEP][PASSED] - delay(3): Delayed 3 second(s)

2020-06-12 17:04:11 - [MESSAGE][PASSED] - Delayed 3 second(s)

2020-06-12 17:04:11 - [TEST_STEP][PASSED] - click(findTestObject("Christi/Page_Online Learning Detail/li_submenu_Pre-Test", ["text":sub_materi])): Object: 'Object Repository/Christi/Page_Online Learning Detail/li_submenu_Pre-Test' is clicked on

2020-06-12 17:04:11 - [MESSAGE][ERROR] - javascript error: Failed to execute 'elementsFromPoint' on 'Document': The provided double value is non-finite.
  (Session info: chrome=83.0.4103.97)
Build info: version: '3.141.59', revision: 'e82be7d358', time: '2018-11-14T08:25:53'
System info: host: 'LAPTOP-D0TPACJ1', ip: '192.168.100.227', os.name: 'Windows 10', os.arch: 'amd64', os.version: '10.0', java.version: '1.8.0_181'
Driver info: com.kms.katalon.selenium.driver.CChromeDriver
Capabilities {acceptInsecureCerts: false, browserName: chrome, browserVersion: 83.0.4103.97, chrome: {chromedriverVersion: 83.0.4103.39 (ccbf011cb2d2b..., userDataDir: C:\Users\ASUS\AppData\Local...}, goog:chromeOptions: {debuggerAddress: localhost:53878}, javascriptEnabled: true, networkConnectionEnabled: false, pageLoadStrategy: normal, platform: WINDOWS, platformName: WINDOWS, proxy: Proxy(), setWindowRect: true, strictFileInteractability: false, timeouts: {implicit: 0, pageLoad: 300000, script: 30000}, unhandledPromptBehavior: dismiss and notify, webauthn:virtualAuthenticators: true}
Session ID: 362377a733e4fad755091f58a9ff3f27

2020-06-12 17:04:42 - [MESSAGE][ERROR] - javascript error: Failed to execute 'elementsFromPoint' on 'Document': The provided double value is non-finite.
  (Session info: chrome=83.0.4103.97)
Build info: version: '3.141.59', revision: 'e82be7d358', time: '2018-11-14T08:25:53'
System info: host: 'LAPTOP-D0TPACJ1', ip: '192.168.100.227', os.name: 'Windows 10', os.arch: 'amd64', os.version: '10.0', java.version: '1.8.0_181'
Driver info: com.kms.katalon.selenium.driver.CChromeDriver
Capabilities {acceptInsecureCerts: false, browserName: chrome, browserVersion: 83.0.4103.97, chrome: {chromedriverVersion: 83.0.4103.39 (ccbf011cb2d2b..., userDataDir: C:\Users\ASUS\AppData\Local...}, goog:chromeOptions: {debuggerAddress: localhost:53878}, javascriptEnabled: true, networkConnectionEnabled: false, pageLoadStrategy: normal, platform: WINDOWS, platformName: WINDOWS, proxy: Proxy(), setWindowRect: true, strictFileInteractability: false, timeouts: {implicit: 0, pageLoad: 300000, script: 30000}, unhandledPromptBehavior: dismiss and notify, webauthn:virtualAuthenticators: true}
Session ID: 362377a733e4fad755091f58a9ff3f27

2020-06-12 17:04:42 - [MESSAGE][PASSED] - Object: 'Object Repository/Christi/Page_Online Learning Detail/li_submenu_Pre-Test' is clicked on

2020-06-12 17:04:42 - [TEST_STEP][PASSED] - if (expected == "pass"): null

2020-06-12 17:04:42 - [TEST_STEP][PASSED] - else if (expected == "fail"): Object 'Object Repository/Christi/Page_Online Learning Detail/label_Maaf bagian ini masih terkunci Silahkan buka bagian sebelumnya ya )' is present

2020-06-12 17:04:42 - [TEST_STEP][PASSED] - verifyElementPresent(findTestObject("Christi/Page_Online Learning Detail/label_Maaf bagian ini masih terkunci Silahkan buka bagian sebelumnya ya )"), 0): Object 'Object Repository/Christi/Page_Online Learning Detail/label_Maaf bagian ini masih terkunci Silahkan buka bagian sebelumnya ya )' is present

2020-06-12 17:04:43 - [MESSAGE][WARNING] - Timeout '0' is invalid. Using default page load timeout: '30'

2020-06-12 17:04:45 - [MESSAGE][PASSED] - Object 'Object Repository/Christi/Page_Online Learning Detail/label_Maaf bagian ini masih terkunci Silahkan buka bagian sebelumnya ya )' is present

2020-06-12 17:04:45 - [TEST_STEP][PASSED] - closeBrowser(): Browser is closed

2020-06-12 17:04:46 - [MESSAGE][PASSED] - Browser is closed]]></system-out>
         <system-err><![CDATA[]]></system-err>
      </testcase>
      <testcase name="Test Cases/Christi/User/Online Learning - Materi Belajar" time="79.996" classname="Test Cases/Christi/User/Online Learning - Materi Belajar" status="PASSED">
         <system-out><![CDATA[2020-06-12 17:04:46 - [TEST_CASE][PASSED] - Test Cases/Christi/User/Online Learning - Materi Belajar: Test Cases/Christi/User/Online Learning - Materi Belajar

2020-06-12 17:04:46 - [TEST_STEP][PASSED] - callTestCase(findTestCase("Christi/User/user login"), ["username":"06677", "password":"#@ccPerfect2o19#"], STOP_ON_FAILURE): Call Test Case 'Test Cases/Christi/User/user login' successfully

2020-06-12 17:04:46 - [TEST_CASE][PASSED] - Test Cases/Christi/User/user login: Test Cases/Christi/User/user login

2020-06-12 17:04:46 - [TEST_STEP][PASSED] - openBrowser(""): Browser is opened with url: ''

2020-06-12 17:04:46 - [MESSAGE][INFO] - Starting 'Chrome' driver

2020-06-12 17:04:49 - [MESSAGE][PASSED] - Browser is opened with url: ''

2020-06-12 17:04:49 - [TEST_STEP][PASSED] - navigateToUrl("https://appsrv1.deltadatamandiri.com/ACC_LMS_WEB/#/Main?redirectTo=onlineLearning"): Navigate to 'https://appsrv1.deltadatamandiri.com/ACC_LMS_WEB/#/Main?redirectTo=onlineLearning' successfully

2020-06-12 17:05:00 - [MESSAGE][PASSED] - Navigate to 'https://appsrv1.deltadatamandiri.com/ACC_LMS_WEB/#/Main?redirectTo=onlineLearning' successfully

2020-06-12 17:05:00 - [TEST_STEP][PASSED] - click(findTestObject("Object Repository/Christi/Page_Main/span_login")): Object: 'Object Repository/Christi/Page_Main/span_login' is clicked on

2020-06-12 17:05:04 - [MESSAGE][ERROR] - javascript error: Failed to execute 'elementsFromPoint' on 'Document': The provided double value is non-finite.
  (Session info: chrome=83.0.4103.97)
Build info: version: '3.141.59', revision: 'e82be7d358', time: '2018-11-14T08:25:53'
System info: host: 'LAPTOP-D0TPACJ1', ip: '192.168.100.227', os.name: 'Windows 10', os.arch: 'amd64', os.version: '10.0', java.version: '1.8.0_181'
Driver info: com.kms.katalon.selenium.driver.CChromeDriver
Capabilities {acceptInsecureCerts: false, browserName: chrome, browserVersion: 83.0.4103.97, chrome: {chromedriverVersion: 83.0.4103.39 (ccbf011cb2d2b..., userDataDir: C:\Users\ASUS\AppData\Local...}, goog:chromeOptions: {debuggerAddress: localhost:53988}, javascriptEnabled: true, networkConnectionEnabled: false, pageLoadStrategy: normal, platform: WINDOWS, platformName: WINDOWS, proxy: Proxy(), setWindowRect: true, strictFileInteractability: false, timeouts: {implicit: 0, pageLoad: 300000, script: 30000}, unhandledPromptBehavior: dismiss and notify, webauthn:virtualAuthenticators: true}
Session ID: 4b7c7875b912bd898a8d646677fcb81e

2020-06-12 17:05:05 - [MESSAGE][PASSED] - Object: 'Object Repository/Christi/Page_Main/span_login' is clicked on

2020-06-12 17:05:05 - [TEST_STEP][PASSED] - delay(3): Delayed 3 second(s)

2020-06-12 17:05:08 - [MESSAGE][PASSED] - Delayed 3 second(s)

2020-06-12 17:05:08 - [TEST_STEP][PASSED] - setText(findTestObject("Object Repository/Christi/Page_Main/input_NPK_username"), username): Text '06677' is set on object 'Object Repository/Christi/Page_Main/input_NPK_username'

2020-06-12 17:05:09 - [MESSAGE][PASSED] - Text '06677' is set on object 'Object Repository/Christi/Page_Main/input_NPK_username'

2020-06-12 17:05:09 - [TEST_STEP][PASSED] - setText(findTestObject("Object Repository/Christi/Page_Main/input_Password_password"), password): Text '#@ccPerfect2o19#' is set on object 'Object Repository/Christi/Page_Main/input_Password_password'

2020-06-12 17:05:09 - [MESSAGE][PASSED] - Text '#@ccPerfect2o19#' is set on object 'Object Repository/Christi/Page_Main/input_Password_password'

2020-06-12 17:05:09 - [TEST_STEP][PASSED] - click(findTestObject("Object Repository/Christi/Page_Main/span_Remember me")): Object: 'Object Repository/Christi/Page_Main/span_Remember me' is clicked on

2020-06-12 17:05:10 - [MESSAGE][PASSED] - Object: 'Object Repository/Christi/Page_Main/span_Remember me' is clicked on

2020-06-12 17:05:10 - [TEST_STEP][PASSED] - click(findTestObject("Object Repository/Christi/Page_Main/span_login_1")): Object: 'Object Repository/Christi/Page_Main/span_login_1' is clicked on

2020-06-12 17:05:11 - [MESSAGE][PASSED] - Object: 'Object Repository/Christi/Page_Main/span_login_1' is clicked on

2020-06-12 17:05:11 - [TEST_STEP][PASSED] - delay(5): Delayed 5 second(s)

2020-06-12 17:05:16 - [MESSAGE][PASSED] - Delayed 5 second(s)

2020-06-12 17:05:16 - [MESSAGE][PASSED] - Call Test Case 'Test Cases/Christi/User/user login' successfully

2020-06-12 17:05:16 - [TEST_STEP][PASSED] - delay(3): Delayed 3 second(s)

2020-06-12 17:05:19 - [MESSAGE][PASSED] - Delayed 3 second(s)

2020-06-12 17:05:19 - [TEST_STEP][PASSED] - setText(findTestObject("Christi/Page_Job Functions/input_Back button_searchModul"), nama_modul): Text 'WELCOMING KIT' is set on object 'Object Repository/Christi/Page_Job Functions/input_Back button_searchModul'

2020-06-12 17:05:29 - [MESSAGE][PASSED] - Text 'WELCOMING KIT' is set on object 'Object Repository/Christi/Page_Job Functions/input_Back button_searchModul'

2020-06-12 17:05:29 - [TEST_STEP][PASSED] - click(findTestObject("Object Repository/Christi/Page_Job Functions/button_Clear button_app-search-button wi wi-search")): Object: 'Object Repository/Christi/Page_Job Functions/button_Clear button_app-search-button wi wi-search' is clicked on

2020-06-12 17:05:30 - [MESSAGE][PASSED] - Object: 'Object Repository/Christi/Page_Job Functions/button_Clear button_app-search-button wi wi-search' is clicked on

2020-06-12 17:05:30 - [TEST_STEP][PASSED] - delay(3): Delayed 3 second(s)

2020-06-12 17:05:33 - [MESSAGE][PASSED] - Delayed 3 second(s)

2020-06-12 17:05:33 - [TEST_STEP][PASSED] - if (found == "yes"): Object 'Object Repository/Christi/Page_Online Learning Detail/label_Maaf bagian ini masih terkunci Silahkan buka bagian sebelumnya ya )' is present

2020-06-12 17:05:33 - [TEST_STEP][PASSED] - verifyElementPresent(findTestObject("Christi/Page_Online Learning Search Result/label_Ditemukan modul dengan kata kunci"), 0): Object 'Object Repository/Christi/Page_Online Learning Search Result/label_Ditemukan modul dengan kata kunci' is present

2020-06-12 17:05:33 - [MESSAGE][WARNING] - Timeout '0' is invalid. Using default page load timeout: '30'

2020-06-12 17:05:39 - [MESSAGE][PASSED] - Object 'Object Repository/Christi/Page_Online Learning Search Result/label_Ditemukan modul dengan kata kunci' is present

2020-06-12 17:05:39 - [TEST_STEP][PASSED] - delay(3): Delayed 3 second(s)

2020-06-12 17:05:42 - [MESSAGE][PASSED] - Delayed 3 second(s)

2020-06-12 17:05:42 - [TEST_STEP][PASSED] - click(findTestObject("Christi/Page_Online Learning Search Result/span_Lihat Modul")): Object: 'Object Repository/Christi/Page_Online Learning Search Result/span_Lihat Modul' is clicked on

2020-06-12 17:05:43 - [MESSAGE][PASSED] - Object: 'Object Repository/Christi/Page_Online Learning Search Result/span_Lihat Modul' is clicked on

2020-06-12 17:05:43 - [TEST_STEP][PASSED] - delay(3): Delayed 3 second(s)

2020-06-12 17:05:46 - [MESSAGE][PASSED] - Delayed 3 second(s)

2020-06-12 17:05:46 - [TEST_STEP][PASSED] - if (status == "new"): null

2020-06-12 17:05:46 - [TEST_STEP][PASSED] - delay(3): Delayed 3 second(s)

2020-06-12 17:05:49 - [MESSAGE][PASSED] - Delayed 3 second(s)

2020-06-12 17:05:49 - [TEST_STEP][PASSED] - click(findTestObject("Christi/Page_Online Learning Detail/label_menu_Pre-Test", ["text":nama_materi])): Object: 'Object Repository/Christi/Page_Online Learning Detail/label_menu_Pre-Test' is clicked on

2020-06-12 17:05:56 - [MESSAGE][PASSED] - Object: 'Object Repository/Christi/Page_Online Learning Detail/label_menu_Pre-Test' is clicked on

2020-06-12 17:05:56 - [TEST_STEP][PASSED] - delay(3): Delayed 3 second(s)

2020-06-12 17:05:59 - [MESSAGE][PASSED] - Delayed 3 second(s)

2020-06-12 17:05:59 - [TEST_STEP][PASSED] - click(findTestObject("Christi/Page_Online Learning Detail/li_submenu_Pre-Test", ["text":sub_materi])): Object: 'Object Repository/Christi/Page_Online Learning Detail/li_submenu_Pre-Test' is clicked on

2020-06-12 17:05:59 - [MESSAGE][PASSED] - Object: 'Object Repository/Christi/Page_Online Learning Detail/li_submenu_Pre-Test' is clicked on

2020-06-12 17:05:59 - [TEST_STEP][PASSED] - if (expected == "pass"): null

2020-06-12 17:05:59 - [TEST_STEP][PASSED] - else if (expected == "fail"): Object 'Object Repository/Christi/Page_Online Learning Detail/label_Maaf bagian ini masih terkunci Silahkan buka bagian sebelumnya ya )' is present

2020-06-12 17:05:59 - [TEST_STEP][PASSED] - verifyElementPresent(findTestObject("Christi/Page_Online Learning Detail/label_Maaf bagian ini masih terkunci Silahkan buka bagian sebelumnya ya )"), 0): Object 'Object Repository/Christi/Page_Online Learning Detail/label_Maaf bagian ini masih terkunci Silahkan buka bagian sebelumnya ya )' is present

2020-06-12 17:06:00 - [MESSAGE][WARNING] - Timeout '0' is invalid. Using default page load timeout: '30'

2020-06-12 17:06:05 - [MESSAGE][PASSED] - Object 'Object Repository/Christi/Page_Online Learning Detail/label_Maaf bagian ini masih terkunci Silahkan buka bagian sebelumnya ya )' is present

2020-06-12 17:06:05 - [TEST_STEP][PASSED] - closeBrowser(): Browser is closed

2020-06-12 17:06:06 - [MESSAGE][PASSED] - Browser is closed]]></system-out>
         <system-err><![CDATA[]]></system-err>
      </testcase>
      <testcase name="Test Cases/Christi/User/Online Learning - Materi Belajar" time="98.289" classname="Test Cases/Christi/User/Online Learning - Materi Belajar" status="PASSED">
         <system-out><![CDATA[2020-06-12 17:06:06 - [TEST_CASE][PASSED] - Test Cases/Christi/User/Online Learning - Materi Belajar: Test Cases/Christi/User/Online Learning - Materi Belajar

2020-06-12 17:06:06 - [TEST_STEP][PASSED] - callTestCase(findTestCase("Christi/User/user login"), ["username":"06677", "password":"#@ccPerfect2o19#"], STOP_ON_FAILURE): Call Test Case 'Test Cases/Christi/User/user login' successfully

2020-06-12 17:06:06 - [TEST_CASE][PASSED] - Test Cases/Christi/User/user login: Test Cases/Christi/User/user login

2020-06-12 17:06:06 - [TEST_STEP][PASSED] - openBrowser(""): Browser is opened with url: ''

2020-06-12 17:06:06 - [MESSAGE][INFO] - Starting 'Chrome' driver

2020-06-12 17:06:10 - [MESSAGE][PASSED] - Browser is opened with url: ''

2020-06-12 17:06:10 - [TEST_STEP][PASSED] - navigateToUrl("https://appsrv1.deltadatamandiri.com/ACC_LMS_WEB/#/Main?redirectTo=onlineLearning"): Navigate to 'https://appsrv1.deltadatamandiri.com/ACC_LMS_WEB/#/Main?redirectTo=onlineLearning' successfully

2020-06-12 17:06:25 - [MESSAGE][PASSED] - Navigate to 'https://appsrv1.deltadatamandiri.com/ACC_LMS_WEB/#/Main?redirectTo=onlineLearning' successfully

2020-06-12 17:06:25 - [TEST_STEP][PASSED] - click(findTestObject("Object Repository/Christi/Page_Main/span_login")): Object: 'Object Repository/Christi/Page_Main/span_login' is clicked on

2020-06-12 17:06:32 - [MESSAGE][PASSED] - Object: 'Object Repository/Christi/Page_Main/span_login' is clicked on

2020-06-12 17:06:32 - [TEST_STEP][PASSED] - delay(3): Delayed 3 second(s)

2020-06-12 17:06:35 - [MESSAGE][PASSED] - Delayed 3 second(s)

2020-06-12 17:06:35 - [TEST_STEP][PASSED] - setText(findTestObject("Object Repository/Christi/Page_Main/input_NPK_username"), username): Text '06677' is set on object 'Object Repository/Christi/Page_Main/input_NPK_username'

2020-06-12 17:06:36 - [MESSAGE][PASSED] - Text '06677' is set on object 'Object Repository/Christi/Page_Main/input_NPK_username'

2020-06-12 17:06:36 - [TEST_STEP][PASSED] - setText(findTestObject("Object Repository/Christi/Page_Main/input_Password_password"), password): Text '#@ccPerfect2o19#' is set on object 'Object Repository/Christi/Page_Main/input_Password_password'

2020-06-12 17:06:37 - [MESSAGE][PASSED] - Text '#@ccPerfect2o19#' is set on object 'Object Repository/Christi/Page_Main/input_Password_password'

2020-06-12 17:06:37 - [TEST_STEP][PASSED] - click(findTestObject("Object Repository/Christi/Page_Main/span_Remember me")): Object: 'Object Repository/Christi/Page_Main/span_Remember me' is clicked on

2020-06-12 17:06:37 - [MESSAGE][PASSED] - Object: 'Object Repository/Christi/Page_Main/span_Remember me' is clicked on

2020-06-12 17:06:37 - [TEST_STEP][PASSED] - click(findTestObject("Object Repository/Christi/Page_Main/span_login_1")): Object: 'Object Repository/Christi/Page_Main/span_login_1' is clicked on

2020-06-12 17:06:38 - [MESSAGE][PASSED] - Object: 'Object Repository/Christi/Page_Main/span_login_1' is clicked on

2020-06-12 17:06:38 - [TEST_STEP][PASSED] - delay(5): Delayed 5 second(s)

2020-06-12 17:06:43 - [MESSAGE][PASSED] - Delayed 5 second(s)

2020-06-12 17:06:43 - [MESSAGE][PASSED] - Call Test Case 'Test Cases/Christi/User/user login' successfully

2020-06-12 17:06:43 - [TEST_STEP][PASSED] - delay(3): Delayed 3 second(s)

2020-06-12 17:06:46 - [MESSAGE][PASSED] - Delayed 3 second(s)

2020-06-12 17:06:46 - [TEST_STEP][PASSED] - setText(findTestObject("Christi/Page_Job Functions/input_Back button_searchModul"), nama_modul): Text 'NEOP ARRO' is set on object 'Object Repository/Christi/Page_Job Functions/input_Back button_searchModul'

2020-06-12 17:06:59 - [MESSAGE][PASSED] - Text 'NEOP ARRO' is set on object 'Object Repository/Christi/Page_Job Functions/input_Back button_searchModul'

2020-06-12 17:06:59 - [TEST_STEP][PASSED] - click(findTestObject("Object Repository/Christi/Page_Job Functions/button_Clear button_app-search-button wi wi-search")): Object: 'Object Repository/Christi/Page_Job Functions/button_Clear button_app-search-button wi wi-search' is clicked on

2020-06-12 17:07:00 - [MESSAGE][PASSED] - Object: 'Object Repository/Christi/Page_Job Functions/button_Clear button_app-search-button wi wi-search' is clicked on

2020-06-12 17:07:00 - [TEST_STEP][PASSED] - delay(3): Delayed 3 second(s)

2020-06-12 17:07:03 - [MESSAGE][PASSED] - Delayed 3 second(s)

2020-06-12 17:07:03 - [TEST_STEP][PASSED] - if (found == "yes"): Object 'Object Repository/Christi/Page_Online Learning Detail/label_Pre-Test_oranye' is present

2020-06-12 17:07:03 - [TEST_STEP][PASSED] - verifyElementPresent(findTestObject("Christi/Page_Online Learning Search Result/label_Ditemukan modul dengan kata kunci"), 0): Object 'Object Repository/Christi/Page_Online Learning Search Result/label_Ditemukan modul dengan kata kunci' is present

2020-06-12 17:07:03 - [MESSAGE][WARNING] - Timeout '0' is invalid. Using default page load timeout: '30'

2020-06-12 17:07:09 - [MESSAGE][PASSED] - Object 'Object Repository/Christi/Page_Online Learning Search Result/label_Ditemukan modul dengan kata kunci' is present

2020-06-12 17:07:09 - [TEST_STEP][PASSED] - delay(3): Delayed 3 second(s)

2020-06-12 17:07:12 - [MESSAGE][PASSED] - Delayed 3 second(s)

2020-06-12 17:07:12 - [TEST_STEP][PASSED] - click(findTestObject("Christi/Page_Online Learning Search Result/span_Lihat Modul")): Object: 'Object Repository/Christi/Page_Online Learning Search Result/span_Lihat Modul' is clicked on

2020-06-12 17:07:12 - [MESSAGE][PASSED] - Object: 'Object Repository/Christi/Page_Online Learning Search Result/span_Lihat Modul' is clicked on

2020-06-12 17:07:12 - [TEST_STEP][PASSED] - delay(3): Delayed 3 second(s)

2020-06-12 17:07:15 - [MESSAGE][PASSED] - Delayed 3 second(s)

2020-06-12 17:07:15 - [TEST_STEP][PASSED] - if (status == "new"): Object: 'Object Repository/Christi/Page_Online Learning Detail/button_Mulai Modul' is clicked on

2020-06-12 17:07:15 - [TEST_STEP][PASSED] - click(findTestObject("Christi/Page_Online Learning Detail/button_Mulai Modul"), STOP_ON_FAILURE): Object: 'Object Repository/Christi/Page_Online Learning Detail/button_Mulai Modul' is clicked on

2020-06-12 17:07:24 - [MESSAGE][PASSED] - Object: 'Object Repository/Christi/Page_Online Learning Detail/button_Mulai Modul' is clicked on

2020-06-12 17:07:24 - [TEST_STEP][PASSED] - delay(3): Delayed 3 second(s)

2020-06-12 17:07:27 - [MESSAGE][PASSED] - Delayed 3 second(s)

2020-06-12 17:07:27 - [TEST_STEP][PASSED] - click(findTestObject("Christi/Page_Online Learning Detail/label_menu_Pre-Test", ["text":nama_materi])): Object: 'Object Repository/Christi/Page_Online Learning Detail/label_menu_Pre-Test' is clicked on

2020-06-12 17:07:29 - [MESSAGE][PASSED] - Object: 'Object Repository/Christi/Page_Online Learning Detail/label_menu_Pre-Test' is clicked on

2020-06-12 17:07:29 - [TEST_STEP][PASSED] - delay(3): Delayed 3 second(s)

2020-06-12 17:07:32 - [MESSAGE][PASSED] - Delayed 3 second(s)

2020-06-12 17:07:32 - [TEST_STEP][PASSED] - click(findTestObject("Christi/Page_Online Learning Detail/li_submenu_Pre-Test", ["text":sub_materi])): Object: 'Object Repository/Christi/Page_Online Learning Detail/li_submenu_Pre-Test' is clicked on

2020-06-12 17:07:34 - [MESSAGE][PASSED] - Object: 'Object Repository/Christi/Page_Online Learning Detail/li_submenu_Pre-Test' is clicked on

2020-06-12 17:07:34 - [TEST_STEP][PASSED] - if (expected == "pass"): Object 'Object Repository/Christi/Page_Online Learning Detail/label_Pre-Test_oranye' is present

2020-06-12 17:07:34 - [TEST_STEP][PASSED] - verifyElementPresent(findTestObject("Christi/Page_Online Learning Detail/label_Pre-Test_oranye", ["text":sub_materi]), 0): Object 'Object Repository/Christi/Page_Online Learning Detail/label_Pre-Test_oranye' is present

2020-06-12 17:07:36 - [MESSAGE][WARNING] - Timeout '0' is invalid. Using default page load timeout: '30'

2020-06-12 17:07:38 - [MESSAGE][PASSED] - Object 'Object Repository/Christi/Page_Online Learning Detail/label_Pre-Test_oranye' is present

2020-06-12 17:07:38 - [TEST_STEP][PASSED] - closeBrowser(): Browser is closed

2020-06-12 17:07:44 - [MESSAGE][PASSED] - Browser is closed]]></system-out>
         <system-err><![CDATA[]]></system-err>
      </testcase>
      <system-out><![CDATA[2020-06-12 17:01:41 - [TEST_SUITE][PASSED] - Online Learning: Test Cases/Christi/User/Online Learning - Materi Belajar]]></system-out>
      <system-err><![CDATA[]]></system-err>
   </testsuite>
</testsuites>
