<?xml version="1.0" encoding="UTF-8"?>
<testsuites name="Online Learning" time="252.697" tests="3" failures="0" errors="0">
   <testsuite name="Online Learning" tests="3" failures="0" errors="0" time="252.697" timestamp="2020-06-12 17:26:09" hostname="ASUS - LAPTOP-D0TPACJ1" id="Test Suites/Christi/Online Learning">
      <properties>
         <property name="deviceName" value=""/>
         <property name="devicePlatform" value=""/>
         <property name="logFolder" value="C:\\Users\\ASUS\\git\\LearningManagementWeb\\Reports\\20200612_172554\\Christi\\Online Learning\\20200612_172554"/>
         <property name="logFiles" value="C:\\Users\\ASUS\\git\\LearningManagementWeb\\Reports\\20200612_172554\\Christi\\Online Learning\\20200612_172554\\execution0.log"/>
         <property name="attachments" value=""/>
         <property name="hostName" value="ASUS - LAPTOP-D0TPACJ1"/>
         <property name="os" value="Windows 10 64bit"/>
         <property name="katalonVersion" value="7.0.10.1"/>
         <property name="browser" value="Chrome 83.0.4103.97"/>
         <property name="hostAddress" value="192.168.100.227"/>
         <property name="sessionId" value="2707ee231fc64c0a8265a8bb1f15d213"/>
         <property name="seleniumVersion" value="3.141.59"/>
         <property name="proxyInformation" value="ProxyInformation{proxyOption=NO_PROXY, proxyServerType=HTTP, password=, proxyServerAddress=, proxyServerPort=0}"/>
         <property name="platform" value="Windows 10"/>
      </properties>
      <testcase name="Test Cases/Christi/User/Online Learning - Lihat Modul" time="96.884" classname="Test Cases/Christi/User/Online Learning - Lihat Modul" status="PASSED">
         <system-out><![CDATA[2020-06-12 17:26:10 - [TEST_CASE][PASSED] - Test Cases/Christi/User/Online Learning - Lihat Modul: Test Cases/Christi/User/Online Learning - Lihat Modul

2020-06-12 17:26:11 - [TEST_STEP][PASSED] - callTestCase(findTestCase("Christi/User/user login"), ["username":"06677", "password":"#@ccPerfect2o19#"], STOP_ON_FAILURE): Call Test Case 'Test Cases/Christi/User/user login' successfully

2020-06-12 17:26:12 - [TEST_CASE][PASSED] - Test Cases/Christi/User/user login: Test Cases/Christi/User/user login

2020-06-12 17:26:13 - [TEST_STEP][PASSED] - openBrowser(""): Browser is opened with url: ''

2020-06-12 17:26:13 - [MESSAGE][INFO] - Starting 'Chrome' driver

2020-06-12 17:26:13 - [MESSAGE][INFO] - Action delay is set to 0 seconds

2020-06-12 17:26:23 - [MESSAGE][PASSED] - Browser is opened with url: ''

2020-06-12 17:26:23 - [TEST_STEP][PASSED] - navigateToUrl("https://appsrv1.deltadatamandiri.com/ACC_LMS_WEB/#/Main?redirectTo=onlineLearning"): Navigate to 'https://appsrv1.deltadatamandiri.com/ACC_LMS_WEB/#/Main?redirectTo=onlineLearning' successfully

2020-06-12 17:27:01 - [MESSAGE][PASSED] - Navigate to 'https://appsrv1.deltadatamandiri.com/ACC_LMS_WEB/#/Main?redirectTo=onlineLearning' successfully

2020-06-12 17:27:01 - [TEST_STEP][PASSED] - click(findTestObject("Object Repository/Christi/Page_Main/span_login")): Object: 'Object Repository/Christi/Page_Main/span_login' is clicked on

2020-06-12 17:27:08 - [MESSAGE][PASSED] - Object: 'Object Repository/Christi/Page_Main/span_login' is clicked on

2020-06-12 17:27:08 - [TEST_STEP][PASSED] - delay(3): Delayed 3 second(s)

2020-06-12 17:27:11 - [MESSAGE][PASSED] - Delayed 3 second(s)

2020-06-12 17:27:11 - [TEST_STEP][PASSED] - setText(findTestObject("Object Repository/Christi/Page_Main/input_NPK_username"), username): Text '06677' is set on object 'Object Repository/Christi/Page_Main/input_NPK_username'

2020-06-12 17:27:12 - [MESSAGE][PASSED] - Text '06677' is set on object 'Object Repository/Christi/Page_Main/input_NPK_username'

2020-06-12 17:27:12 - [TEST_STEP][PASSED] - setText(findTestObject("Object Repository/Christi/Page_Main/input_Password_password"), password): Text '#@ccPerfect2o19#' is set on object 'Object Repository/Christi/Page_Main/input_Password_password'

2020-06-12 17:27:12 - [MESSAGE][PASSED] - Text '#@ccPerfect2o19#' is set on object 'Object Repository/Christi/Page_Main/input_Password_password'

2020-06-12 17:27:12 - [TEST_STEP][PASSED] - click(findTestObject("Object Repository/Christi/Page_Main/span_Remember me")): Object: 'Object Repository/Christi/Page_Main/span_Remember me' is clicked on

2020-06-12 17:27:13 - [MESSAGE][PASSED] - Object: 'Object Repository/Christi/Page_Main/span_Remember me' is clicked on

2020-06-12 17:27:13 - [TEST_STEP][PASSED] - click(findTestObject("Object Repository/Christi/Page_Main/span_login_1")): Object: 'Object Repository/Christi/Page_Main/span_login_1' is clicked on

2020-06-12 17:27:14 - [MESSAGE][PASSED] - Object: 'Object Repository/Christi/Page_Main/span_login_1' is clicked on

2020-06-12 17:27:14 - [TEST_STEP][PASSED] - delay(5): Delayed 5 second(s)

2020-06-12 17:27:19 - [MESSAGE][PASSED] - Delayed 5 second(s)

2020-06-12 17:27:19 - [MESSAGE][PASSED] - Call Test Case 'Test Cases/Christi/User/user login' successfully

2020-06-12 17:27:19 - [TEST_STEP][PASSED] - delay(3): Delayed 3 second(s)

2020-06-12 17:27:22 - [MESSAGE][PASSED] - Delayed 3 second(s)

2020-06-12 17:27:22 - [TEST_STEP][PASSED] - setText(findTestObject("Christi/Page_Job Functions/input_Back button_searchModul"), module_name): Text 'zzzzzzzzzz' is set on object 'Object Repository/Christi/Page_Job Functions/input_Back button_searchModul'

2020-06-12 17:27:33 - [MESSAGE][PASSED] - Text 'zzzzzzzzzz' is set on object 'Object Repository/Christi/Page_Job Functions/input_Back button_searchModul'

2020-06-12 17:27:33 - [TEST_STEP][PASSED] - click(findTestObject("Object Repository/Christi/Page_Job Functions/button_Clear button_app-search-button wi wi-search")): Object: 'Object Repository/Christi/Page_Job Functions/button_Clear button_app-search-button wi wi-search' is clicked on

2020-06-12 17:27:34 - [MESSAGE][PASSED] - Object: 'Object Repository/Christi/Page_Job Functions/button_Clear button_app-search-button wi wi-search' is clicked on

2020-06-12 17:27:34 - [TEST_STEP][PASSED] - delay(3): Delayed 3 second(s)

2020-06-12 17:27:37 - [MESSAGE][PASSED] - Delayed 3 second(s)

2020-06-12 17:27:37 - [TEST_STEP][PASSED] - if (found == "yes"): null

2020-06-12 17:27:37 - [TEST_STEP][PASSED] - else if (found == "no"): Object 'Object Repository/Christi/Page_Online Learning Search Result/label_tidak ditemukan' is present

2020-06-12 17:27:37 - [TEST_STEP][PASSED] - verifyElementPresent(findTestObject("Object Repository/Christi/Page_Online Learning Search Result/label_tidak ditemukan"), 0): Object 'Object Repository/Christi/Page_Online Learning Search Result/label_tidak ditemukan' is present

2020-06-12 17:27:37 - [MESSAGE][WARNING] - Timeout '0' is invalid. Using default page load timeout: '30'

2020-06-12 17:27:43 - [MESSAGE][PASSED] - Object 'Object Repository/Christi/Page_Online Learning Search Result/label_tidak ditemukan' is present

2020-06-12 17:27:43 - [TEST_STEP][PASSED] - delay(3): Delayed 3 second(s)

2020-06-12 17:27:46 - [MESSAGE][PASSED] - Delayed 3 second(s)

2020-06-12 17:27:46 - [TEST_STEP][PASSED] - closeBrowser(): Browser is closed

2020-06-12 17:27:47 - [MESSAGE][PASSED] - Browser is closed]]></system-out>
         <system-err><![CDATA[]]></system-err>
      </testcase>
      <testcase name="Test Cases/Christi/User/Online Learning - Lihat Modul" time="77.806" classname="Test Cases/Christi/User/Online Learning - Lihat Modul" status="PASSED">
         <system-out><![CDATA[2020-06-12 17:27:47 - [TEST_CASE][PASSED] - Test Cases/Christi/User/Online Learning - Lihat Modul: Test Cases/Christi/User/Online Learning - Lihat Modul

2020-06-12 17:27:47 - [TEST_STEP][PASSED] - callTestCase(findTestCase("Christi/User/user login"), ["username":"06677", "password":"#@ccPerfect2o19#"], STOP_ON_FAILURE): Call Test Case 'Test Cases/Christi/User/user login' successfully

2020-06-12 17:27:47 - [TEST_CASE][PASSED] - Test Cases/Christi/User/user login: Test Cases/Christi/User/user login

2020-06-12 17:27:47 - [TEST_STEP][PASSED] - openBrowser(""): Browser is opened with url: ''

2020-06-12 17:27:47 - [MESSAGE][INFO] - Starting 'Chrome' driver

2020-06-12 17:27:51 - [MESSAGE][PASSED] - Browser is opened with url: ''

2020-06-12 17:27:51 - [TEST_STEP][PASSED] - navigateToUrl("https://appsrv1.deltadatamandiri.com/ACC_LMS_WEB/#/Main?redirectTo=onlineLearning"): Navigate to 'https://appsrv1.deltadatamandiri.com/ACC_LMS_WEB/#/Main?redirectTo=onlineLearning' successfully

2020-06-12 17:28:04 - [MESSAGE][PASSED] - Navigate to 'https://appsrv1.deltadatamandiri.com/ACC_LMS_WEB/#/Main?redirectTo=onlineLearning' successfully

2020-06-12 17:28:04 - [TEST_STEP][PASSED] - click(findTestObject("Object Repository/Christi/Page_Main/span_login")): Object: 'Object Repository/Christi/Page_Main/span_login' is clicked on

2020-06-12 17:28:09 - [MESSAGE][PASSED] - Object: 'Object Repository/Christi/Page_Main/span_login' is clicked on

2020-06-12 17:28:09 - [TEST_STEP][PASSED] - delay(3): Delayed 3 second(s)

2020-06-12 17:28:12 - [MESSAGE][PASSED] - Delayed 3 second(s)

2020-06-12 17:28:12 - [TEST_STEP][PASSED] - setText(findTestObject("Object Repository/Christi/Page_Main/input_NPK_username"), username): Text '06677' is set on object 'Object Repository/Christi/Page_Main/input_NPK_username'

2020-06-12 17:28:13 - [MESSAGE][PASSED] - Text '06677' is set on object 'Object Repository/Christi/Page_Main/input_NPK_username'

2020-06-12 17:28:13 - [TEST_STEP][PASSED] - setText(findTestObject("Object Repository/Christi/Page_Main/input_Password_password"), password): Text '#@ccPerfect2o19#' is set on object 'Object Repository/Christi/Page_Main/input_Password_password'

2020-06-12 17:28:14 - [MESSAGE][PASSED] - Text '#@ccPerfect2o19#' is set on object 'Object Repository/Christi/Page_Main/input_Password_password'

2020-06-12 17:28:14 - [TEST_STEP][PASSED] - click(findTestObject("Object Repository/Christi/Page_Main/span_Remember me")): Object: 'Object Repository/Christi/Page_Main/span_Remember me' is clicked on

2020-06-12 17:28:14 - [MESSAGE][PASSED] - Object: 'Object Repository/Christi/Page_Main/span_Remember me' is clicked on

2020-06-12 17:28:14 - [TEST_STEP][PASSED] - click(findTestObject("Object Repository/Christi/Page_Main/span_login_1")): Object: 'Object Repository/Christi/Page_Main/span_login_1' is clicked on

2020-06-12 17:28:15 - [MESSAGE][PASSED] - Object: 'Object Repository/Christi/Page_Main/span_login_1' is clicked on

2020-06-12 17:28:15 - [TEST_STEP][PASSED] - delay(5): Delayed 5 second(s)

2020-06-12 17:28:20 - [MESSAGE][PASSED] - Delayed 5 second(s)

2020-06-12 17:28:20 - [MESSAGE][PASSED] - Call Test Case 'Test Cases/Christi/User/user login' successfully

2020-06-12 17:28:20 - [TEST_STEP][PASSED] - delay(3): Delayed 3 second(s)

2020-06-12 17:28:23 - [MESSAGE][PASSED] - Delayed 3 second(s)

2020-06-12 17:28:23 - [TEST_STEP][PASSED] - setText(findTestObject("Christi/Page_Job Functions/input_Back button_searchModul"), module_name): Text 'WELCOMING KIT' is set on object 'Object Repository/Christi/Page_Job Functions/input_Back button_searchModul'

2020-06-12 17:28:36 - [MESSAGE][PASSED] - Text 'WELCOMING KIT' is set on object 'Object Repository/Christi/Page_Job Functions/input_Back button_searchModul'

2020-06-12 17:28:36 - [TEST_STEP][PASSED] - click(findTestObject("Object Repository/Christi/Page_Job Functions/button_Clear button_app-search-button wi wi-search")): Object: 'Object Repository/Christi/Page_Job Functions/button_Clear button_app-search-button wi wi-search' is clicked on

2020-06-12 17:28:37 - [MESSAGE][PASSED] - Object: 'Object Repository/Christi/Page_Job Functions/button_Clear button_app-search-button wi wi-search' is clicked on

2020-06-12 17:28:37 - [TEST_STEP][PASSED] - delay(3): Delayed 3 second(s)

2020-06-12 17:28:40 - [MESSAGE][PASSED] - Delayed 3 second(s)

2020-06-12 17:28:40 - [TEST_STEP][PASSED] - if (found == "yes"): null

2020-06-12 17:28:40 - [TEST_STEP][PASSED] - verifyElementPresent(findTestObject("Christi/Page_Online Learning Search Result/label_Ditemukan modul dengan kata kunci"), 0): Object 'Object Repository/Christi/Page_Online Learning Search Result/label_Ditemukan modul dengan kata kunci' is present

2020-06-12 17:28:40 - [MESSAGE][WARNING] - Timeout '0' is invalid. Using default page load timeout: '30'

2020-06-12 17:28:46 - [MESSAGE][PASSED] - Object 'Object Repository/Christi/Page_Online Learning Search Result/label_Ditemukan modul dengan kata kunci' is present

2020-06-12 17:28:46 - [TEST_STEP][PASSED] - delay(3): Delayed 3 second(s)

2020-06-12 17:28:49 - [MESSAGE][PASSED] - Delayed 3 second(s)

2020-06-12 17:28:49 - [TEST_STEP][PASSED] - click(findTestObject("Christi/Page_Online Learning Search Result/span_Lihat Modul")): Object: 'Object Repository/Christi/Page_Online Learning Search Result/span_Lihat Modul' is clicked on

2020-06-12 17:28:50 - [MESSAGE][PASSED] - Object: 'Object Repository/Christi/Page_Online Learning Search Result/span_Lihat Modul' is clicked on

2020-06-12 17:28:50 - [TEST_STEP][PASSED] - delay(3): Delayed 3 second(s)

2020-06-12 17:28:53 - [MESSAGE][PASSED] - Delayed 3 second(s)

2020-06-12 17:28:53 - [TEST_STEP][PASSED] - verifyElementPresent(findTestObject("Christi/Page_Online Learning Detail/label_active_module", ["text":module_name]), 0): Object 'Object Repository/Christi/Page_Online Learning Detail/label_active_module' is present

2020-06-12 17:28:54 - [MESSAGE][WARNING] - Timeout '0' is invalid. Using default page load timeout: '30'

2020-06-12 17:29:01 - [MESSAGE][PASSED] - Object 'Object Repository/Christi/Page_Online Learning Detail/label_active_module' is present

2020-06-12 17:29:01 - [TEST_STEP][PASSED] - if (status == "new"): null

2020-06-12 17:29:01 - [TEST_STEP][PASSED] - delay(3): Delayed 3 second(s)

2020-06-12 17:29:04 - [MESSAGE][PASSED] - Delayed 3 second(s)

2020-06-12 17:29:04 - [TEST_STEP][PASSED] - closeBrowser(): Browser is closed

2020-06-12 17:29:05 - [MESSAGE][PASSED] - Browser is closed]]></system-out>
         <system-err><![CDATA[]]></system-err>
      </testcase>
      <testcase name="Test Cases/Christi/User/Online Learning - Lihat Modul" time="76.645" classname="Test Cases/Christi/User/Online Learning - Lihat Modul" status="PASSED">
         <system-out><![CDATA[2020-06-12 17:29:05 - [TEST_CASE][PASSED] - Test Cases/Christi/User/Online Learning - Lihat Modul: Test Cases/Christi/User/Online Learning - Lihat Modul

2020-06-12 17:29:05 - [TEST_STEP][PASSED] - callTestCase(findTestCase("Christi/User/user login"), ["username":"06677", "password":"#@ccPerfect2o19#"], STOP_ON_FAILURE): Call Test Case 'Test Cases/Christi/User/user login' successfully

2020-06-12 17:29:05 - [TEST_CASE][PASSED] - Test Cases/Christi/User/user login: Test Cases/Christi/User/user login

2020-06-12 17:29:05 - [TEST_STEP][PASSED] - openBrowser(""): Browser is opened with url: ''

2020-06-12 17:29:05 - [MESSAGE][INFO] - Starting 'Chrome' driver

2020-06-12 17:29:09 - [MESSAGE][PASSED] - Browser is opened with url: ''

2020-06-12 17:29:09 - [TEST_STEP][PASSED] - navigateToUrl("https://appsrv1.deltadatamandiri.com/ACC_LMS_WEB/#/Main?redirectTo=onlineLearning"): Navigate to 'https://appsrv1.deltadatamandiri.com/ACC_LMS_WEB/#/Main?redirectTo=onlineLearning' successfully

2020-06-12 17:29:19 - [MESSAGE][PASSED] - Navigate to 'https://appsrv1.deltadatamandiri.com/ACC_LMS_WEB/#/Main?redirectTo=onlineLearning' successfully

2020-06-12 17:29:19 - [TEST_STEP][PASSED] - click(findTestObject("Object Repository/Christi/Page_Main/span_login")): Object: 'Object Repository/Christi/Page_Main/span_login' is clicked on

2020-06-12 17:29:25 - [MESSAGE][PASSED] - Object: 'Object Repository/Christi/Page_Main/span_login' is clicked on

2020-06-12 17:29:25 - [TEST_STEP][PASSED] - delay(3): Delayed 3 second(s)

2020-06-12 17:29:28 - [MESSAGE][PASSED] - Delayed 3 second(s)

2020-06-12 17:29:28 - [TEST_STEP][PASSED] - setText(findTestObject("Object Repository/Christi/Page_Main/input_NPK_username"), username): Text '06677' is set on object 'Object Repository/Christi/Page_Main/input_NPK_username'

2020-06-12 17:29:29 - [MESSAGE][PASSED] - Text '06677' is set on object 'Object Repository/Christi/Page_Main/input_NPK_username'

2020-06-12 17:29:29 - [TEST_STEP][PASSED] - setText(findTestObject("Object Repository/Christi/Page_Main/input_Password_password"), password): Text '#@ccPerfect2o19#' is set on object 'Object Repository/Christi/Page_Main/input_Password_password'

2020-06-12 17:29:30 - [MESSAGE][PASSED] - Text '#@ccPerfect2o19#' is set on object 'Object Repository/Christi/Page_Main/input_Password_password'

2020-06-12 17:29:30 - [TEST_STEP][PASSED] - click(findTestObject("Object Repository/Christi/Page_Main/span_Remember me")): Object: 'Object Repository/Christi/Page_Main/span_Remember me' is clicked on

2020-06-12 17:29:31 - [MESSAGE][PASSED] - Object: 'Object Repository/Christi/Page_Main/span_Remember me' is clicked on

2020-06-12 17:29:31 - [TEST_STEP][PASSED] - click(findTestObject("Object Repository/Christi/Page_Main/span_login_1")): Object: 'Object Repository/Christi/Page_Main/span_login_1' is clicked on

2020-06-12 17:29:31 - [MESSAGE][PASSED] - Object: 'Object Repository/Christi/Page_Main/span_login_1' is clicked on

2020-06-12 17:29:31 - [TEST_STEP][PASSED] - delay(5): Delayed 5 second(s)

2020-06-12 17:29:36 - [MESSAGE][PASSED] - Delayed 5 second(s)

2020-06-12 17:29:36 - [MESSAGE][PASSED] - Call Test Case 'Test Cases/Christi/User/user login' successfully

2020-06-12 17:29:36 - [TEST_STEP][PASSED] - delay(3): Delayed 3 second(s)

2020-06-12 17:29:39 - [MESSAGE][PASSED] - Delayed 3 second(s)

2020-06-12 17:29:39 - [TEST_STEP][PASSED] - setText(findTestObject("Christi/Page_Job Functions/input_Back button_searchModul"), module_name): Text 'NEOP AAV' is set on object 'Object Repository/Christi/Page_Job Functions/input_Back button_searchModul'

2020-06-12 17:29:52 - [MESSAGE][PASSED] - Text 'NEOP AAV' is set on object 'Object Repository/Christi/Page_Job Functions/input_Back button_searchModul'

2020-06-12 17:29:52 - [TEST_STEP][PASSED] - click(findTestObject("Object Repository/Christi/Page_Job Functions/button_Clear button_app-search-button wi wi-search")): Object: 'Object Repository/Christi/Page_Job Functions/button_Clear button_app-search-button wi wi-search' is clicked on

2020-06-12 17:29:53 - [MESSAGE][PASSED] - Object: 'Object Repository/Christi/Page_Job Functions/button_Clear button_app-search-button wi wi-search' is clicked on

2020-06-12 17:29:53 - [TEST_STEP][PASSED] - delay(3): Delayed 3 second(s)

2020-06-12 17:29:56 - [MESSAGE][PASSED] - Delayed 3 second(s)

2020-06-12 17:29:56 - [TEST_STEP][PASSED] - if (found == "yes"): Object 'Object Repository/Christi/Page_Online Learning Detail/button_Mulai Modul' is present

2020-06-12 17:29:56 - [TEST_STEP][PASSED] - verifyElementPresent(findTestObject("Christi/Page_Online Learning Search Result/label_Ditemukan modul dengan kata kunci"), 0): Object 'Object Repository/Christi/Page_Online Learning Search Result/label_Ditemukan modul dengan kata kunci' is present

2020-06-12 17:29:56 - [MESSAGE][WARNING] - Timeout '0' is invalid. Using default page load timeout: '30'

2020-06-12 17:30:02 - [MESSAGE][PASSED] - Object 'Object Repository/Christi/Page_Online Learning Search Result/label_Ditemukan modul dengan kata kunci' is present

2020-06-12 17:30:02 - [TEST_STEP][PASSED] - delay(3): Delayed 3 second(s)

2020-06-12 17:30:05 - [MESSAGE][PASSED] - Delayed 3 second(s)

2020-06-12 17:30:05 - [TEST_STEP][PASSED] - click(findTestObject("Christi/Page_Online Learning Search Result/span_Lihat Modul")): Object: 'Object Repository/Christi/Page_Online Learning Search Result/span_Lihat Modul' is clicked on

2020-06-12 17:30:06 - [MESSAGE][PASSED] - Object: 'Object Repository/Christi/Page_Online Learning Search Result/span_Lihat Modul' is clicked on

2020-06-12 17:30:06 - [TEST_STEP][PASSED] - delay(3): Delayed 3 second(s)

2020-06-12 17:30:09 - [MESSAGE][PASSED] - Delayed 3 second(s)

2020-06-12 17:30:09 - [TEST_STEP][PASSED] - verifyElementPresent(findTestObject("Christi/Page_Online Learning Detail/label_active_module", ["text":module_name]), 0): Object 'Object Repository/Christi/Page_Online Learning Detail/label_active_module' is present

2020-06-12 17:30:10 - [MESSAGE][WARNING] - Timeout '0' is invalid. Using default page load timeout: '30'

2020-06-12 17:30:17 - [MESSAGE][PASSED] - Object 'Object Repository/Christi/Page_Online Learning Detail/label_active_module' is present

2020-06-12 17:30:17 - [TEST_STEP][PASSED] - if (status == "new"): Object 'Object Repository/Christi/Page_Online Learning Detail/button_Mulai Modul' is present

2020-06-12 17:30:17 - [TEST_STEP][PASSED] - verifyElementPresent(findTestObject("Christi/Page_Online Learning Detail/button_Mulai Modul"), 0): Object 'Object Repository/Christi/Page_Online Learning Detail/button_Mulai Modul' is present

2020-06-12 17:30:17 - [MESSAGE][WARNING] - Timeout '0' is invalid. Using default page load timeout: '30'

2020-06-12 17:30:18 - [MESSAGE][PASSED] - Object 'Object Repository/Christi/Page_Online Learning Detail/button_Mulai Modul' is present

2020-06-12 17:30:18 - [TEST_STEP][PASSED] - delay(3): Delayed 3 second(s)

2020-06-12 17:30:21 - [MESSAGE][PASSED] - Delayed 3 second(s)

2020-06-12 17:30:21 - [TEST_STEP][PASSED] - closeBrowser(): Browser is closed

2020-06-12 17:30:22 - [MESSAGE][PASSED] - Browser is closed]]></system-out>
         <system-err><![CDATA[]]></system-err>
      </testcase>
      <system-out><![CDATA[2020-06-12 17:26:09 - [TEST_SUITE][PASSED] - Online Learning: Test Cases/Christi/User/Online Learning - Lihat Modul]]></system-out>
      <system-err><![CDATA[]]></system-err>
   </testsuite>
</testsuites>
