<?xml version="1.0" encoding="UTF-8"?>
<testsuites name="Manage Pretest" time="363.451" tests="3" failures="0" errors="0">
   <testsuite name="Manage Pretest" tests="3" failures="0" errors="0" time="363.451" timestamp="2020-06-17 19:57:35" hostname="ASUS - LAPTOP-D0TPACJ1" id="Test Suites/Christi/Manage Pretest">
      <properties>
         <property name="deviceName" value=""/>
         <property name="devicePlatform" value=""/>
         <property name="logFolder" value="C:\\Users\\ASUS\\git\\LearningManagementWebs\\Reports\\20200617_195720\\Christi\\Manage Pretest\\20200617_195720"/>
         <property name="logFiles" value="C:\\Users\\ASUS\\git\\LearningManagementWebs\\Reports\\20200617_195720\\Christi\\Manage Pretest\\20200617_195720\\execution0.log"/>
         <property name="attachments" value=""/>
         <property name="hostName" value="ASUS - LAPTOP-D0TPACJ1"/>
         <property name="os" value="Windows 10 64bit"/>
         <property name="katalonVersion" value="7.0.10.1"/>
         <property name="browser" value="Chrome 83.0.4103.106"/>
         <property name="hostAddress" value="192.168.100.227"/>
         <property name="sessionId" value="a46987260ef122b8119af74f473f5651"/>
         <property name="seleniumVersion" value="3.141.59"/>
         <property name="proxyInformation" value="ProxyInformation{proxyOption=NO_PROXY, proxyServerType=HTTP, password=, proxyServerAddress=, proxyServerPort=0}"/>
         <property name="platform" value="Windows 10"/>
      </properties>
      <testcase name="Test Cases/Christi/Admin/Pretest PostTest - Upload CSV" time="108.997" classname="Test Cases/Christi/Admin/Pretest PostTest - Upload CSV" status="PASSED">
         <system-out><![CDATA[2020-06-17 19:57:36 - [TEST_CASE][PASSED] - Test Cases/Christi/Admin/Pretest PostTest - Upload CSV: Test Cases/Christi/Admin/Pretest PostTest - Upload CSV

2020-06-17 19:57:37 - [TEST_STEP][PASSED] - callTestCase(findTestCase("Christi/Admin/admin login"), ["username":"11666", "password":"Password3"], STOP_ON_FAILURE): Call Test Case 'Test Cases/Christi/Admin/admin login' successfully

2020-06-17 19:57:37 - [TEST_CASE][PASSED] - Test Cases/Christi/Admin/admin login: Test Cases/Christi/Admin/admin login

2020-06-17 19:57:38 - [TEST_STEP][PASSED] - openBrowser(""): Browser is opened with url: ''

2020-06-17 19:57:39 - [MESSAGE][INFO] - Starting 'Chrome' driver

2020-06-17 19:57:39 - [MESSAGE][INFO] - Action delay is set to 0 seconds

2020-06-17 19:57:45 - [MESSAGE][PASSED] - Browser is opened with url: ''

2020-06-17 19:57:45 - [TEST_STEP][PASSED] - navigateToUrl("https://appsrv1.deltadatamandiri.com/ACC_LMS_WEB/#/admNLmn"): Navigate to 'https://appsrv1.deltadatamandiri.com/ACC_LMS_WEB/#/admNLmn' successfully

2020-06-17 19:58:26 - [MESSAGE][PASSED] - Navigate to 'https://appsrv1.deltadatamandiri.com/ACC_LMS_WEB/#/admNLmn' successfully

2020-06-17 19:58:26 - [TEST_STEP][PASSED] - click(findTestObject("Christi/Page_Main/button_login")): Object: 'Object Repository/Christi/Page_Main/button_login' is clicked on

2020-06-17 19:58:38 - [MESSAGE][ERROR] - javascript error: Failed to execute 'elementsFromPoint' on 'Document': The provided double value is non-finite.
  (Session info: chrome=83.0.4103.106)
Build info: version: '3.141.59', revision: 'e82be7d358', time: '2018-11-14T08:25:53'
System info: host: 'LAPTOP-D0TPACJ1', ip: '192.168.100.227', os.name: 'Windows 10', os.arch: 'amd64', os.version: '10.0', java.version: '1.8.0_181'
Driver info: com.kms.katalon.selenium.driver.CChromeDriver
Capabilities {acceptInsecureCerts: false, browserName: chrome, browserVersion: 83.0.4103.106, chrome: {chromedriverVersion: 83.0.4103.39 (ccbf011cb2d2b..., userDataDir: C:\Users\ASUS\AppData\Local...}, goog:chromeOptions: {debuggerAddress: localhost:64860}, javascriptEnabled: true, networkConnectionEnabled: false, pageLoadStrategy: normal, platform: WINDOWS, platformName: WINDOWS, proxy: Proxy(), setWindowRect: true, strictFileInteractability: false, timeouts: {implicit: 0, pageLoad: 300000, script: 30000}, unhandledPromptBehavior: dismiss and notify, webauthn:virtualAuthenticators: true}
Session ID: 5f9d75261c468311e356c90100d9ef18

2020-06-17 19:58:39 - [MESSAGE][PASSED] - Object: 'Object Repository/Christi/Page_Main/button_login' is clicked on

2020-06-17 19:58:39 - [TEST_STEP][PASSED] - delay(3): Delayed 3 second(s)

2020-06-17 19:58:42 - [MESSAGE][PASSED] - Delayed 3 second(s)

2020-06-17 19:58:42 - [TEST_STEP][PASSED] - setText(findTestObject("Object Repository/Christi/Page_Main/input_NPK_username"), username): Text '11666' is set on object 'Object Repository/Christi/Page_Main/input_NPK_username'

2020-06-17 19:58:44 - [MESSAGE][PASSED] - Text '11666' is set on object 'Object Repository/Christi/Page_Main/input_NPK_username'

2020-06-17 19:58:44 - [TEST_STEP][PASSED] - setText(findTestObject("Object Repository/Christi/Page_Main/input_Password_password"), password): Text 'Password3' is set on object 'Object Repository/Christi/Page_Main/input_Password_password'

2020-06-17 19:58:45 - [MESSAGE][PASSED] - Text 'Password3' is set on object 'Object Repository/Christi/Page_Main/input_Password_password'

2020-06-17 19:58:45 - [TEST_STEP][PASSED] - delay(5): Delayed 5 second(s)

2020-06-17 19:58:50 - [MESSAGE][PASSED] - Delayed 5 second(s)

2020-06-17 19:58:50 - [TEST_STEP][PASSED] - click(findTestObject("Rizka/Admin/Admin - Login/btnLogin2")): Object: 'Object Repository/Rizka/Admin/Admin - Login/btnLogin2' is clicked on

2020-06-17 19:58:50 - [MESSAGE][PASSED] - Object: 'Object Repository/Rizka/Admin/Admin - Login/btnLogin2' is clicked on

2020-06-17 19:58:50 - [TEST_STEP][PASSED] - delay(5): Delayed 5 second(s)

2020-06-17 19:58:55 - [MESSAGE][PASSED] - Delayed 5 second(s)

2020-06-17 19:58:55 - [MESSAGE][PASSED] - Call Test Case 'Test Cases/Christi/Admin/admin login' successfully

2020-06-17 19:58:55 - [TEST_STEP][PASSED] - delay(3): Delayed 3 second(s)

2020-06-17 19:58:58 - [MESSAGE][PASSED] - Delayed 3 second(s)

2020-06-17 19:58:58 - [TEST_STEP][PASSED] - verifyElementPresent(findTestObject("Christi/Page_Dashboard Admin/button_Test Management"), 0): Object 'Object Repository/Christi/Page_Dashboard Admin/button_Test Management' is present

2020-06-17 19:58:58 - [MESSAGE][WARNING] - Timeout '0' is invalid. Using default page load timeout: '30'

2020-06-17 19:59:03 - [MESSAGE][PASSED] - Object 'Object Repository/Christi/Page_Dashboard Admin/button_Test Management' is present

2020-06-17 19:59:03 - [TEST_STEP][PASSED] - click(findTestObject("Christi/Page_Dashboard Admin/button_Test Management")): Object: 'Object Repository/Christi/Page_Dashboard Admin/button_Test Management' is clicked on

2020-06-17 19:59:03 - [MESSAGE][PASSED] - Object: 'Object Repository/Christi/Page_Dashboard Admin/button_Test Management' is clicked on

2020-06-17 19:59:03 - [TEST_STEP][PASSED] - delay(3): Delayed 3 second(s)

2020-06-17 19:59:06 - [MESSAGE][PASSED] - Delayed 3 second(s)

2020-06-17 19:59:06 - [TEST_STEP][PASSED] - click(findTestObject("Christi/Page_Dashboard Admin/span_Pre-Test  Post-Test")): Object: 'Object Repository/Christi/Page_Dashboard Admin/span_Pre-Test  Post-Test' is clicked on

2020-06-17 19:59:07 - [MESSAGE][PASSED] - Object: 'Object Repository/Christi/Page_Dashboard Admin/span_Pre-Test  Post-Test' is clicked on

2020-06-17 19:59:07 - [TEST_STEP][PASSED] - delay(3): Delayed 3 second(s)

2020-06-17 19:59:10 - [MESSAGE][PASSED] - Delayed 3 second(s)

2020-06-17 19:59:10 - [TEST_STEP][PASSED] - verifyElementPresent(findTestObject("Christi/Page_Manage Test/label_Manage Pre-Test dan Post-Test"), 0): Object 'Object Repository/Christi/Page_Manage Test/label_Manage Pre-Test dan Post-Test' is present

2020-06-17 19:59:10 - [MESSAGE][WARNING] - Timeout '0' is invalid. Using default page load timeout: '30'

2020-06-17 19:59:21 - [MESSAGE][PASSED] - Object 'Object Repository/Christi/Page_Manage Test/label_Manage Pre-Test dan Post-Test' is present

2020-06-17 19:59:21 - [TEST_STEP][PASSED] - delay(3): Delayed 3 second(s)

2020-06-17 19:59:24 - [MESSAGE][PASSED] - Delayed 3 second(s)

2020-06-17 19:59:24 - [TEST_STEP][PASSED] - uploadFile(findTestObject("Christi/Page_Manage Test/input_Clear button_files"), file_upload): File 'C:\Users\ASUS\git\LearningManagementWeb\konten lms\Aristotles.jpg' sent to object: 'Object Repository/Christi/Page_Manage Test/input_Clear button_files'

2020-06-17 19:59:24 - [MESSAGE][PASSED] - File 'C:\Users\ASUS\git\LearningManagementWeb\konten lms\Aristotles.jpg' sent to object: 'Object Repository/Christi/Page_Manage Test/input_Clear button_files'

2020-06-17 19:59:24 - [TEST_STEP][PASSED] - if (expected == "pass"): null

2020-06-17 19:59:24 - [TEST_STEP][PASSED] - else if (expected == "fail"): Object 'Object Repository/Christi/Page_Manage Test/div_Expected file extension is csv' is present

2020-06-17 19:59:24 - [TEST_STEP][PASSED] - if (status == "error, expected file csv"): Object 'Object Repository/Christi/Page_Manage Test/div_Expected file extension is csv' is present

2020-06-17 19:59:24 - [TEST_STEP][PASSED] - verifyElementPresent(findTestObject("Christi/Page_Manage Test/div_Expected file extension is csv"), 0): Object 'Object Repository/Christi/Page_Manage Test/div_Expected file extension is csv' is present

2020-06-17 19:59:25 - [MESSAGE][WARNING] - Timeout '0' is invalid. Using default page load timeout: '30'

2020-06-17 19:59:25 - [MESSAGE][PASSED] - Object 'Object Repository/Christi/Page_Manage Test/div_Expected file extension is csv' is present]]></system-out>
         <system-err><![CDATA[]]></system-err>
      </testcase>
      <testcase name="Test Cases/Christi/Admin/Pretest PostTest - Upload CSV" time="99.237" classname="Test Cases/Christi/Admin/Pretest PostTest - Upload CSV" status="PASSED">
         <system-out><![CDATA[2020-06-17 19:59:25 - [TEST_CASE][PASSED] - Test Cases/Christi/Admin/Pretest PostTest - Upload CSV: Test Cases/Christi/Admin/Pretest PostTest - Upload CSV

2020-06-17 19:59:25 - [TEST_STEP][PASSED] - callTestCase(findTestCase("Christi/Admin/admin login"), ["username":"11666", "password":"Password3"], STOP_ON_FAILURE): Call Test Case 'Test Cases/Christi/Admin/admin login' successfully

2020-06-17 19:59:25 - [TEST_CASE][PASSED] - Test Cases/Christi/Admin/admin login: Test Cases/Christi/Admin/admin login

2020-06-17 19:59:25 - [TEST_STEP][PASSED] - openBrowser(""): Browser is opened with url: ''

2020-06-17 19:59:25 - [MESSAGE][WARNING] - A browser is already opened. Closing browser and opening a new one

2020-06-17 19:59:26 - [MESSAGE][INFO] - Starting 'Chrome' driver

2020-06-17 19:59:29 - [MESSAGE][PASSED] - Browser is opened with url: ''

2020-06-17 19:59:29 - [TEST_STEP][PASSED] - navigateToUrl("https://appsrv1.deltadatamandiri.com/ACC_LMS_WEB/#/admNLmn"): Navigate to 'https://appsrv1.deltadatamandiri.com/ACC_LMS_WEB/#/admNLmn' successfully

2020-06-17 20:00:11 - [MESSAGE][PASSED] - Navigate to 'https://appsrv1.deltadatamandiri.com/ACC_LMS_WEB/#/admNLmn' successfully

2020-06-17 20:00:11 - [TEST_STEP][PASSED] - click(findTestObject("Christi/Page_Main/button_login")): Object: 'Object Repository/Christi/Page_Main/button_login' is clicked on

2020-06-17 20:00:18 - [MESSAGE][ERROR] - javascript error: Failed to execute 'elementsFromPoint' on 'Document': The provided double value is non-finite.
  (Session info: chrome=83.0.4103.106)
Build info: version: '3.141.59', revision: 'e82be7d358', time: '2018-11-14T08:25:53'
System info: host: 'LAPTOP-D0TPACJ1', ip: '192.168.100.227', os.name: 'Windows 10', os.arch: 'amd64', os.version: '10.0', java.version: '1.8.0_181'
Driver info: com.kms.katalon.selenium.driver.CChromeDriver
Capabilities {acceptInsecureCerts: false, browserName: chrome, browserVersion: 83.0.4103.106, chrome: {chromedriverVersion: 83.0.4103.39 (ccbf011cb2d2b..., userDataDir: C:\Users\ASUS\AppData\Local...}, goog:chromeOptions: {debuggerAddress: localhost:64947}, javascriptEnabled: true, networkConnectionEnabled: false, pageLoadStrategy: normal, platform: WINDOWS, platformName: WINDOWS, proxy: Proxy(), setWindowRect: true, strictFileInteractability: false, timeouts: {implicit: 0, pageLoad: 300000, script: 30000}, unhandledPromptBehavior: dismiss and notify, webauthn:virtualAuthenticators: true}
Session ID: 153ef448de7778809bb8e56e740fac35

2020-06-17 20:00:19 - [MESSAGE][PASSED] - Object: 'Object Repository/Christi/Page_Main/button_login' is clicked on

2020-06-17 20:00:19 - [TEST_STEP][PASSED] - delay(3): Delayed 3 second(s)

2020-06-17 20:00:22 - [MESSAGE][PASSED] - Delayed 3 second(s)

2020-06-17 20:00:22 - [TEST_STEP][PASSED] - setText(findTestObject("Object Repository/Christi/Page_Main/input_NPK_username"), username): Text '11666' is set on object 'Object Repository/Christi/Page_Main/input_NPK_username'

2020-06-17 20:00:23 - [MESSAGE][PASSED] - Text '11666' is set on object 'Object Repository/Christi/Page_Main/input_NPK_username'

2020-06-17 20:00:23 - [TEST_STEP][PASSED] - setText(findTestObject("Object Repository/Christi/Page_Main/input_Password_password"), password): Text 'Password3' is set on object 'Object Repository/Christi/Page_Main/input_Password_password'

2020-06-17 20:00:24 - [MESSAGE][PASSED] - Text 'Password3' is set on object 'Object Repository/Christi/Page_Main/input_Password_password'

2020-06-17 20:00:24 - [TEST_STEP][PASSED] - delay(5): Delayed 5 second(s)

2020-06-17 20:00:29 - [MESSAGE][PASSED] - Delayed 5 second(s)

2020-06-17 20:00:29 - [TEST_STEP][PASSED] - click(findTestObject("Rizka/Admin/Admin - Login/btnLogin2")): Object: 'Object Repository/Rizka/Admin/Admin - Login/btnLogin2' is clicked on

2020-06-17 20:00:29 - [MESSAGE][PASSED] - Object: 'Object Repository/Rizka/Admin/Admin - Login/btnLogin2' is clicked on

2020-06-17 20:00:29 - [TEST_STEP][PASSED] - delay(5): Delayed 5 second(s)

2020-06-17 20:00:34 - [MESSAGE][PASSED] - Delayed 5 second(s)

2020-06-17 20:00:34 - [MESSAGE][PASSED] - Call Test Case 'Test Cases/Christi/Admin/admin login' successfully

2020-06-17 20:00:34 - [TEST_STEP][PASSED] - delay(3): Delayed 3 second(s)

2020-06-17 20:00:37 - [MESSAGE][PASSED] - Delayed 3 second(s)

2020-06-17 20:00:37 - [TEST_STEP][PASSED] - verifyElementPresent(findTestObject("Christi/Page_Dashboard Admin/button_Test Management"), 0): Object 'Object Repository/Christi/Page_Dashboard Admin/button_Test Management' is present

2020-06-17 20:00:37 - [MESSAGE][WARNING] - Timeout '0' is invalid. Using default page load timeout: '30'

2020-06-17 20:00:39 - [MESSAGE][PASSED] - Object 'Object Repository/Christi/Page_Dashboard Admin/button_Test Management' is present

2020-06-17 20:00:39 - [TEST_STEP][PASSED] - click(findTestObject("Christi/Page_Dashboard Admin/button_Test Management")): Object: 'Object Repository/Christi/Page_Dashboard Admin/button_Test Management' is clicked on

2020-06-17 20:00:39 - [MESSAGE][PASSED] - Object: 'Object Repository/Christi/Page_Dashboard Admin/button_Test Management' is clicked on

2020-06-17 20:00:39 - [TEST_STEP][PASSED] - delay(3): Delayed 3 second(s)

2020-06-17 20:00:42 - [MESSAGE][PASSED] - Delayed 3 second(s)

2020-06-17 20:00:42 - [TEST_STEP][PASSED] - click(findTestObject("Christi/Page_Dashboard Admin/span_Pre-Test  Post-Test")): Object: 'Object Repository/Christi/Page_Dashboard Admin/span_Pre-Test  Post-Test' is clicked on

2020-06-17 20:00:43 - [MESSAGE][PASSED] - Object: 'Object Repository/Christi/Page_Dashboard Admin/span_Pre-Test  Post-Test' is clicked on

2020-06-17 20:00:43 - [TEST_STEP][PASSED] - delay(3): Delayed 3 second(s)

2020-06-17 20:00:46 - [MESSAGE][PASSED] - Delayed 3 second(s)

2020-06-17 20:00:46 - [TEST_STEP][PASSED] - verifyElementPresent(findTestObject("Christi/Page_Manage Test/label_Manage Pre-Test dan Post-Test"), 0): Object 'Object Repository/Christi/Page_Manage Test/label_Manage Pre-Test dan Post-Test' is present

2020-06-17 20:00:46 - [MESSAGE][WARNING] - Timeout '0' is invalid. Using default page load timeout: '30'

2020-06-17 20:01:01 - [MESSAGE][PASSED] - Object 'Object Repository/Christi/Page_Manage Test/label_Manage Pre-Test dan Post-Test' is present

2020-06-17 20:01:01 - [TEST_STEP][PASSED] - delay(3): Delayed 3 second(s)

2020-06-17 20:01:04 - [MESSAGE][PASSED] - Delayed 3 second(s)

2020-06-17 20:01:04 - [TEST_STEP][PASSED] - uploadFile(findTestObject("Christi/Page_Manage Test/input_Clear button_files"), file_upload): File 'C:\Users\ASUS\git\LearningManagementWeb\konten lms\big file.csv' sent to object: 'Object Repository/Christi/Page_Manage Test/input_Clear button_files'

2020-06-17 20:01:04 - [MESSAGE][PASSED] - File 'C:\Users\ASUS\git\LearningManagementWeb\konten lms\big file.csv' sent to object: 'Object Repository/Christi/Page_Manage Test/input_Clear button_files'

2020-06-17 20:01:04 - [TEST_STEP][PASSED] - if (expected == "pass"): null

2020-06-17 20:01:04 - [TEST_STEP][PASSED] - else if (expected == "fail"): null

2020-06-17 20:01:04 - [TEST_STEP][PASSED] - if (status == "error, expected file csv"): null]]></system-out>
         <system-err><![CDATA[]]></system-err>
      </testcase>
      <testcase name="Test Cases/Christi/Admin/Pretest PostTest - Upload CSV" time="152.81" classname="Test Cases/Christi/Admin/Pretest PostTest - Upload CSV" status="PASSED">
         <system-out><![CDATA[2020-06-17 20:01:04 - [TEST_CASE][PASSED] - Test Cases/Christi/Admin/Pretest PostTest - Upload CSV: Test Cases/Christi/Admin/Pretest PostTest - Upload CSV

2020-06-17 20:01:04 - [TEST_STEP][PASSED] - callTestCase(findTestCase("Christi/Admin/admin login"), ["username":"11666", "password":"Password3"], STOP_ON_FAILURE): Call Test Case 'Test Cases/Christi/Admin/admin login' successfully

2020-06-17 20:01:05 - [TEST_CASE][PASSED] - Test Cases/Christi/Admin/admin login: Test Cases/Christi/Admin/admin login

2020-06-17 20:01:05 - [TEST_STEP][PASSED] - openBrowser(""): Browser is opened with url: ''

2020-06-17 20:01:05 - [MESSAGE][WARNING] - A browser is already opened. Closing browser and opening a new one

2020-06-17 20:01:06 - [MESSAGE][INFO] - Starting 'Chrome' driver

2020-06-17 20:01:08 - [MESSAGE][PASSED] - Browser is opened with url: ''

2020-06-17 20:01:08 - [TEST_STEP][PASSED] - navigateToUrl("https://appsrv1.deltadatamandiri.com/ACC_LMS_WEB/#/admNLmn"): Navigate to 'https://appsrv1.deltadatamandiri.com/ACC_LMS_WEB/#/admNLmn' successfully

2020-06-17 20:01:52 - [MESSAGE][PASSED] - Navigate to 'https://appsrv1.deltadatamandiri.com/ACC_LMS_WEB/#/admNLmn' successfully

2020-06-17 20:01:52 - [TEST_STEP][PASSED] - click(findTestObject("Christi/Page_Main/button_login")): Object: 'Object Repository/Christi/Page_Main/button_login' is clicked on

2020-06-17 20:02:01 - [MESSAGE][ERROR] - javascript error: Failed to execute 'elementsFromPoint' on 'Document': The provided double value is non-finite.
  (Session info: chrome=83.0.4103.106)
Build info: version: '3.141.59', revision: 'e82be7d358', time: '2018-11-14T08:25:53'
System info: host: 'LAPTOP-D0TPACJ1', ip: '192.168.100.227', os.name: 'Windows 10', os.arch: 'amd64', os.version: '10.0', java.version: '1.8.0_181'
Driver info: com.kms.katalon.selenium.driver.CChromeDriver
Capabilities {acceptInsecureCerts: false, browserName: chrome, browserVersion: 83.0.4103.106, chrome: {chromedriverVersion: 83.0.4103.39 (ccbf011cb2d2b..., userDataDir: C:\Users\ASUS\AppData\Local...}, goog:chromeOptions: {debuggerAddress: localhost:65020}, javascriptEnabled: true, networkConnectionEnabled: false, pageLoadStrategy: normal, platform: WINDOWS, platformName: WINDOWS, proxy: Proxy(), setWindowRect: true, strictFileInteractability: false, timeouts: {implicit: 0, pageLoad: 300000, script: 30000}, unhandledPromptBehavior: dismiss and notify, webauthn:virtualAuthenticators: true}
Session ID: a46987260ef122b8119af74f473f5651

2020-06-17 20:02:02 - [MESSAGE][PASSED] - Object: 'Object Repository/Christi/Page_Main/button_login' is clicked on

2020-06-17 20:02:02 - [TEST_STEP][PASSED] - delay(3): Delayed 3 second(s)

2020-06-17 20:02:05 - [MESSAGE][PASSED] - Delayed 3 second(s)

2020-06-17 20:02:05 - [TEST_STEP][PASSED] - setText(findTestObject("Object Repository/Christi/Page_Main/input_NPK_username"), username): Text '11666' is set on object 'Object Repository/Christi/Page_Main/input_NPK_username'

2020-06-17 20:02:06 - [MESSAGE][PASSED] - Text '11666' is set on object 'Object Repository/Christi/Page_Main/input_NPK_username'

2020-06-17 20:02:06 - [TEST_STEP][PASSED] - setText(findTestObject("Object Repository/Christi/Page_Main/input_Password_password"), password): Text 'Password3' is set on object 'Object Repository/Christi/Page_Main/input_Password_password'

2020-06-17 20:02:07 - [MESSAGE][PASSED] - Text 'Password3' is set on object 'Object Repository/Christi/Page_Main/input_Password_password'

2020-06-17 20:02:07 - [TEST_STEP][PASSED] - delay(5): Delayed 5 second(s)

2020-06-17 20:02:12 - [MESSAGE][PASSED] - Delayed 5 second(s)

2020-06-17 20:02:12 - [TEST_STEP][PASSED] - click(findTestObject("Rizka/Admin/Admin - Login/btnLogin2")): Object: 'Object Repository/Rizka/Admin/Admin - Login/btnLogin2' is clicked on

2020-06-17 20:02:12 - [MESSAGE][PASSED] - Object: 'Object Repository/Rizka/Admin/Admin - Login/btnLogin2' is clicked on

2020-06-17 20:02:12 - [TEST_STEP][PASSED] - delay(5): Delayed 5 second(s)

2020-06-17 20:02:17 - [MESSAGE][PASSED] - Delayed 5 second(s)

2020-06-17 20:02:17 - [MESSAGE][PASSED] - Call Test Case 'Test Cases/Christi/Admin/admin login' successfully

2020-06-17 20:02:17 - [TEST_STEP][PASSED] - delay(3): Delayed 3 second(s)

2020-06-17 20:02:20 - [MESSAGE][PASSED] - Delayed 3 second(s)

2020-06-17 20:02:20 - [TEST_STEP][PASSED] - verifyElementPresent(findTestObject("Christi/Page_Dashboard Admin/button_Test Management"), 0): Object 'Object Repository/Christi/Page_Dashboard Admin/button_Test Management' is present

2020-06-17 20:02:20 - [MESSAGE][WARNING] - Timeout '0' is invalid. Using default page load timeout: '30'

2020-06-17 20:02:22 - [MESSAGE][PASSED] - Object 'Object Repository/Christi/Page_Dashboard Admin/button_Test Management' is present

2020-06-17 20:02:22 - [TEST_STEP][PASSED] - click(findTestObject("Christi/Page_Dashboard Admin/button_Test Management")): Object: 'Object Repository/Christi/Page_Dashboard Admin/button_Test Management' is clicked on

2020-06-17 20:02:23 - [MESSAGE][PASSED] - Object: 'Object Repository/Christi/Page_Dashboard Admin/button_Test Management' is clicked on

2020-06-17 20:02:23 - [TEST_STEP][PASSED] - delay(3): Delayed 3 second(s)

2020-06-17 20:02:26 - [MESSAGE][PASSED] - Delayed 3 second(s)

2020-06-17 20:02:26 - [TEST_STEP][PASSED] - click(findTestObject("Christi/Page_Dashboard Admin/span_Pre-Test  Post-Test")): Object: 'Object Repository/Christi/Page_Dashboard Admin/span_Pre-Test  Post-Test' is clicked on

2020-06-17 20:02:26 - [MESSAGE][PASSED] - Object: 'Object Repository/Christi/Page_Dashboard Admin/span_Pre-Test  Post-Test' is clicked on

2020-06-17 20:02:26 - [TEST_STEP][PASSED] - delay(3): Delayed 3 second(s)

2020-06-17 20:02:29 - [MESSAGE][PASSED] - Delayed 3 second(s)

2020-06-17 20:02:29 - [TEST_STEP][PASSED] - verifyElementPresent(findTestObject("Christi/Page_Manage Test/label_Manage Pre-Test dan Post-Test"), 0): Object 'Object Repository/Christi/Page_Manage Test/label_Manage Pre-Test dan Post-Test' is present

2020-06-17 20:02:29 - [MESSAGE][WARNING] - Timeout '0' is invalid. Using default page load timeout: '30'

2020-06-17 20:02:39 - [MESSAGE][PASSED] - Object 'Object Repository/Christi/Page_Manage Test/label_Manage Pre-Test dan Post-Test' is present

2020-06-17 20:02:39 - [TEST_STEP][PASSED] - delay(3): Delayed 3 second(s)

2020-06-17 20:02:42 - [MESSAGE][PASSED] - Delayed 3 second(s)

2020-06-17 20:02:42 - [TEST_STEP][PASSED] - uploadFile(findTestObject("Christi/Page_Manage Test/input_Clear button_files"), file_upload): File 'C:\Users\ASUS\git\LearningManagementWeb\konten lms\Pre-Test_LEMON.csv' sent to object: 'Object Repository/Christi/Page_Manage Test/input_Clear button_files'

2020-06-17 20:02:43 - [MESSAGE][PASSED] - File 'C:\Users\ASUS\git\LearningManagementWeb\konten lms\Pre-Test_LEMON.csv' sent to object: 'Object Repository/Christi/Page_Manage Test/input_Clear button_files'

2020-06-17 20:02:43 - [TEST_STEP][PASSED] - if (expected == "pass"): Object 'Object Repository/Christi/Page_Manage Test/label_isi_soal_pretest_postest' is present

2020-06-17 20:02:43 - [TEST_STEP][PASSED] - delay(30, STOP_ON_FAILURE): Delayed 30 second(s)

2020-06-17 20:03:13 - [MESSAGE][PASSED] - Delayed 30 second(s)

2020-06-17 20:03:13 - [TEST_STEP][PASSED] - click(findTestObject("Alda/Admin - Manage Test/Page_Manage Test/click_search")): Object: 'Object Repository/Alda/Admin - Manage Test/Page_Manage Test/click_search' is clicked on

2020-06-17 20:03:14 - [MESSAGE][PASSED] - Object: 'Object Repository/Alda/Admin - Manage Test/Page_Manage Test/click_search' is clicked on

2020-06-17 20:03:14 - [TEST_STEP][PASSED] - setText(findTestObject("Alda/Admin - Manage Test/Page_Manage Test/input_search"), soal): Text 'new pretest upload' is set on object 'Object Repository/Alda/Admin - Manage Test/Page_Manage Test/input_search'

2020-06-17 20:03:24 - [MESSAGE][PASSED] - Text 'new pretest upload' is set on object 'Object Repository/Alda/Admin - Manage Test/Page_Manage Test/input_search'

2020-06-17 20:03:24 - [TEST_STEP][PASSED] - click(findTestObject("Christi/Page_Manage Test/button_search")): Object: 'Object Repository/Christi/Page_Manage Test/button_search' is clicked on

2020-06-17 20:03:31 - [MESSAGE][PASSED] - Object: 'Object Repository/Christi/Page_Manage Test/button_search' is clicked on

2020-06-17 20:03:31 - [TEST_STEP][PASSED] - delay(3): Delayed 3 second(s)

2020-06-17 20:03:34 - [MESSAGE][PASSED] - Delayed 3 second(s)

2020-06-17 20:03:34 - [TEST_STEP][PASSED] - verifyElementPresent(findTestObject("Christi/Page_Manage Test/label_isi_soal_pretest_postest", ["text":soal]), 0): Object 'Object Repository/Christi/Page_Manage Test/label_isi_soal_pretest_postest' is present

2020-06-17 20:03:34 - [MESSAGE][WARNING] - Timeout '0' is invalid. Using default page load timeout: '30'

2020-06-17 20:03:37 - [MESSAGE][PASSED] - Object 'Object Repository/Christi/Page_Manage Test/label_isi_soal_pretest_postest' is present]]></system-out>
         <system-err><![CDATA[]]></system-err>
      </testcase>
      <system-out><![CDATA[2020-06-17 19:57:35 - [TEST_SUITE][PASSED] - Manage Pretest: Test Cases/Christi/Admin/Pretest PostTest - Upload CSV]]></system-out>
      <system-err><![CDATA[]]></system-err>
   </testsuite>
</testsuites>
