<?xml version="1.0" encoding="UTF-8"?>
<testsuites name="Online Learning" time="115.696" tests="1" failures="0" errors="0">
   <testsuite name="Online Learning" tests="1" failures="0" errors="0" time="115.696" timestamp="2020-05-14 12:14:53" hostname="ASUS - LAPTOP-D0TPACJ1" id="Test Suites/Christi/Online Learning">
      <properties>
         <property name="deviceName" value=""/>
         <property name="devicePlatform" value=""/>
         <property name="logFolder" value="C:\\Users\\ASUS\\git\\LearningManagementWeb\\Reports\\20200514_121441\\Christi\\Online Learning\\20200514_121441"/>
         <property name="logFiles" value="C:\\Users\\ASUS\\git\\LearningManagementWeb\\Reports\\20200514_121441\\Christi\\Online Learning\\20200514_121441\\execution0.log"/>
         <property name="attachments" value=""/>
         <property name="hostName" value="ASUS - LAPTOP-D0TPACJ1"/>
         <property name="os" value="Windows 10 64bit"/>
         <property name="katalonVersion" value="7.0.10.1"/>
         <property name="browser" value="Chrome 81.0.4044.138"/>
         <property name="hostAddress" value="192.168.100.227"/>
         <property name="sessionId" value="f0876c9d3b499a34725e536fe686e0e7"/>
         <property name="seleniumVersion" value="3.141.59"/>
         <property name="proxyInformation" value="ProxyInformation{proxyOption=NO_PROXY, proxyServerType=HTTP, password=, proxyServerAddress=, proxyServerPort=0}"/>
         <property name="platform" value="Windows 10"/>
      </properties>
      <testcase name="Test Cases/Christi/User/Online Learning - Lihat Modul" time="114.897" classname="Test Cases/Christi/User/Online Learning - Lihat Modul" status="PASSED">
         <system-out><![CDATA[2020-05-14 12:14:54 - [TEST_CASE][PASSED] - Test Cases/Christi/User/Online Learning - Lihat Modul: Test Cases/Christi/User/Online Learning - Lihat Modul

2020-05-14 12:14:55 - [TEST_STEP][PASSED] - callTestCase(findTestCase("Christi/User/user login"), ["username":"14426", "password":"Password2"], STOP_ON_FAILURE): Call Test Case 'Test Cases/Christi/User/user login' successfully

2020-05-14 12:14:55 - [TEST_CASE][PASSED] - Test Cases/Christi/User/user login: Test Cases/Christi/User/user login

2020-05-14 12:14:56 - [TEST_STEP][PASSED] - openBrowser(""): Browser is opened with url: ''

2020-05-14 12:14:56 - [MESSAGE][INFO] - Starting 'Chrome' driver

2020-05-14 12:14:57 - [MESSAGE][INFO] - Action delay is set to 0 seconds

2020-05-14 12:15:02 - [MESSAGE][PASSED] - Browser is opened with url: ''

2020-05-14 12:15:02 - [TEST_STEP][PASSED] - maximizeWindow(): Current window maximized

2020-05-14 12:15:03 - [MESSAGE][PASSED] - Current window maximized

2020-05-14 12:15:03 - [TEST_STEP][PASSED] - navigateToUrl("https://appsrv1.deltadatamandiri.com/ACC_LMS_WEB/#/Main"): Navigate to 'https://appsrv1.deltadatamandiri.com/ACC_LMS_WEB/#/Main' successfully

2020-05-14 12:15:31 - [MESSAGE][PASSED] - Navigate to 'https://appsrv1.deltadatamandiri.com/ACC_LMS_WEB/#/Main' successfully

2020-05-14 12:15:31 - [TEST_STEP][PASSED] - click(findTestObject("Object Repository/Christi/Page_Main/span_login")): Object: 'Object Repository/Christi/Page_Main/span_login' is clicked on

2020-05-14 12:15:38 - [MESSAGE][PASSED] - Object: 'Object Repository/Christi/Page_Main/span_login' is clicked on

2020-05-14 12:15:38 - [TEST_STEP][PASSED] - delay(3): Delayed 3 second(s)

2020-05-14 12:15:41 - [MESSAGE][PASSED] - Delayed 3 second(s)

2020-05-14 12:15:41 - [TEST_STEP][PASSED] - setText(findTestObject("Object Repository/Christi/Page_Main/input_NPK_username"), username): Text '14426' is set on object 'Object Repository/Christi/Page_Main/input_NPK_username'

2020-05-14 12:15:41 - [MESSAGE][PASSED] - Text '14426' is set on object 'Object Repository/Christi/Page_Main/input_NPK_username'

2020-05-14 12:15:41 - [TEST_STEP][PASSED] - setText(findTestObject("Object Repository/Christi/Page_Main/input_Password_password"), password): Text 'Password2' is set on object 'Object Repository/Christi/Page_Main/input_Password_password'

2020-05-14 12:15:42 - [MESSAGE][PASSED] - Text 'Password2' is set on object 'Object Repository/Christi/Page_Main/input_Password_password'

2020-05-14 12:15:42 - [TEST_STEP][PASSED] - click(findTestObject("Object Repository/Christi/Page_Main/span_Remember me")): Object: 'Object Repository/Christi/Page_Main/span_Remember me' is clicked on

2020-05-14 12:15:42 - [MESSAGE][PASSED] - Object: 'Object Repository/Christi/Page_Main/span_Remember me' is clicked on

2020-05-14 12:15:42 - [TEST_STEP][PASSED] - click(findTestObject("Object Repository/Christi/Page_Main/span_login_1")): Object: 'Object Repository/Christi/Page_Main/span_login_1' is clicked on

2020-05-14 12:15:43 - [MESSAGE][PASSED] - Object: 'Object Repository/Christi/Page_Main/span_login_1' is clicked on

2020-05-14 12:15:43 - [TEST_STEP][PASSED] - delay(5): Delayed 5 second(s)

2020-05-14 12:15:48 - [MESSAGE][PASSED] - Delayed 5 second(s)

2020-05-14 12:15:48 - [MESSAGE][PASSED] - Call Test Case 'Test Cases/Christi/User/user login' successfully

2020-05-14 12:15:48 - [TEST_STEP][PASSED] - click(findTestObject("Christi/Page_Homepage/i_My Learning Icon_app-icon wi wi-menu fa-lg")): Object: 'Object Repository/Christi/Page_Homepage/i_My Learning Icon_app-icon wi wi-menu fa-lg' is clicked on

2020-05-14 12:16:02 - [MESSAGE][PASSED] - Object: 'Object Repository/Christi/Page_Homepage/i_My Learning Icon_app-icon wi wi-menu fa-lg' is clicked on

2020-05-14 12:16:02 - [TEST_STEP][PASSED] - click(findTestObject("Christi/Page_Homepage/span_Online Learning"), STOP_ON_FAILURE): Object: 'Object Repository/Christi/Page_Homepage/span_Online Learning' is clicked on

2020-05-14 12:16:03 - [MESSAGE][PASSED] - Object: 'Object Repository/Christi/Page_Homepage/span_Online Learning' is clicked on

2020-05-14 12:16:03 - [TEST_STEP][PASSED] - delay(3): Delayed 3 second(s)

2020-05-14 12:16:06 - [MESSAGE][PASSED] - Delayed 3 second(s)

2020-05-14 12:16:06 - [TEST_STEP][PASSED] - setText(findTestObject("Christi/Page_Job Functions/input_Back button_searchModul"), module_name): Text 'NEOP AAV' is set on object 'Object Repository/Christi/Page_Job Functions/input_Back button_searchModul'

2020-05-14 12:16:18 - [MESSAGE][PASSED] - Text 'NEOP AAV' is set on object 'Object Repository/Christi/Page_Job Functions/input_Back button_searchModul'

2020-05-14 12:16:18 - [TEST_STEP][PASSED] - click(findTestObject("Object Repository/Christi/Page_Job Functions/button_Clear button_app-search-button wi wi-search")): Object: 'Object Repository/Christi/Page_Job Functions/button_Clear button_app-search-button wi wi-search' is clicked on

2020-05-14 12:16:19 - [MESSAGE][PASSED] - Object: 'Object Repository/Christi/Page_Job Functions/button_Clear button_app-search-button wi wi-search' is clicked on

2020-05-14 12:16:19 - [TEST_STEP][PASSED] - delay(3): Delayed 3 second(s)

2020-05-14 12:16:22 - [MESSAGE][PASSED] - Delayed 3 second(s)

2020-05-14 12:16:22 - [TEST_STEP][PASSED] - if (found == "yes"): Object 'Object Repository/Christi/Page_Online Learning Detail/button_Mulai Modul' is present

2020-05-14 12:16:22 - [TEST_STEP][PASSED] - verifyElementPresent(findTestObject("Christi/Page_Online Learning Search Result/label_Ditemukan modul dengan kata kunci"), 0): Object 'Object Repository/Christi/Page_Online Learning Search Result/label_Ditemukan modul dengan kata kunci' is present

2020-05-14 12:16:22 - [MESSAGE][WARNING] - Timeout '0' is invalid. Using default page load timeout: '30'

2020-05-14 12:16:29 - [MESSAGE][PASSED] - Object 'Object Repository/Christi/Page_Online Learning Search Result/label_Ditemukan modul dengan kata kunci' is present

2020-05-14 12:16:29 - [TEST_STEP][PASSED] - delay(3): Delayed 3 second(s)

2020-05-14 12:16:32 - [MESSAGE][PASSED] - Delayed 3 second(s)

2020-05-14 12:16:32 - [TEST_STEP][PASSED] - click(findTestObject("Christi/Page_Online Learning Search Result/span_Lihat Modul")): Object: 'Object Repository/Christi/Page_Online Learning Search Result/span_Lihat Modul' is clicked on

2020-05-14 12:16:33 - [MESSAGE][PASSED] - Object: 'Object Repository/Christi/Page_Online Learning Search Result/span_Lihat Modul' is clicked on

2020-05-14 12:16:33 - [TEST_STEP][PASSED] - delay(3): Delayed 3 second(s)

2020-05-14 12:16:36 - [MESSAGE][PASSED] - Delayed 3 second(s)

2020-05-14 12:16:36 - [TEST_STEP][PASSED] - verifyElementPresent(findTestObject("Christi/Page_Online Learning Detail/label_active_module", ["text":module_name]), 0): Object 'Object Repository/Christi/Page_Online Learning Detail/label_active_module' is present

2020-05-14 12:16:36 - [MESSAGE][WARNING] - Timeout '0' is invalid. Using default page load timeout: '30'

2020-05-14 12:16:44 - [MESSAGE][PASSED] - Object 'Object Repository/Christi/Page_Online Learning Detail/label_active_module' is present

2020-05-14 12:16:44 - [TEST_STEP][PASSED] - if (status == "new"): Object 'Object Repository/Christi/Page_Online Learning Detail/button_Mulai Modul' is present

2020-05-14 12:16:44 - [TEST_STEP][PASSED] - verifyElementPresent(findTestObject("Christi/Page_Online Learning Detail/button_Mulai Modul"), 0): Object 'Object Repository/Christi/Page_Online Learning Detail/button_Mulai Modul' is present

2020-05-14 12:16:45 - [MESSAGE][WARNING] - Timeout '0' is invalid. Using default page load timeout: '30'

2020-05-14 12:16:45 - [MESSAGE][PASSED] - Object 'Object Repository/Christi/Page_Online Learning Detail/button_Mulai Modul' is present

2020-05-14 12:16:45 - [TEST_STEP][PASSED] - delay(3): Delayed 3 second(s)

2020-05-14 12:16:48 - [MESSAGE][PASSED] - Delayed 3 second(s)

2020-05-14 12:16:48 - [TEST_STEP][PASSED] - closeBrowser(): Browser is closed

2020-05-14 12:16:49 - [MESSAGE][PASSED] - Browser is closed]]></system-out>
         <system-err><![CDATA[]]></system-err>
      </testcase>
      <system-out><![CDATA[2020-05-14 12:14:53 - [TEST_SUITE][PASSED] - Online Learning: Test Cases/Christi/User/Online Learning - Lihat Modul]]></system-out>
      <system-err><![CDATA[]]></system-err>
   </testsuite>
</testsuites>
