<?xml version="1.0" encoding="UTF-8"?>
<testsuites name="Admin - Manage Test - Pretest and Posttest - Edit (with verify)" time="127.495" tests="1" failures="1" errors="0">
   <testsuite name="Admin - Manage Test - Pretest and Posttest - Edit (with verify)" tests="1" failures="1" errors="0" time="127.495" timestamp="2020-06-15 12:28:28" hostname="rizkajuliant20 - DESKTOP-NHES7H6" id="Test Suites/Denna/Admin - Manage Test - Pretest and Posttest - Edit (with verify)">
      <properties>
         <property name="deviceName" value=""/>
         <property name="devicePlatform" value=""/>
         <property name="logFolder" value="D:\\MY WORLD\\WORKS (TUGAS)\\LearningManagementWeb\\Reports\\20200615_122810\\Denna\\Admin - Manage Test - Pretest and Posttest - Edit (with verify)\\20200615_122810"/>
         <property name="logFiles" value="D:\\MY WORLD\\WORKS (TUGAS)\\LearningManagementWeb\\Reports\\20200615_122810\\Denna\\Admin - Manage Test - Pretest and Posttest - Edit (with verify)\\20200615_122810\\execution0.log"/>
         <property name="attachments" value="D:\\MY WORLD\\WORKS (TUGAS)\\LearningManagementWeb\\Reports\\20200615_122810\\Denna\\Admin - Manage Test - Pretest and Posttest - Edit (with verify)\\20200615_122810\\1592199033004.png, D:\\MY WORLD\\WORKS (TUGAS)\\LearningManagementWeb\\Reports\\20200615_122810\\Denna\\Admin - Manage Test - Pretest and Posttest - Edit (with verify)\\20200615_122810\\1592199033479.png"/>
         <property name="hostName" value="rizkajuliant20 - DESKTOP-NHES7H6"/>
         <property name="os" value="Windows 10 64bit"/>
         <property name="katalonVersion" value="7.2.1.1"/>
         <property name="browser" value="Chrome 83.0.4103.97"/>
         <property name="hostAddress" value="192.168.1.116"/>
         <property name="sessionId" value="e22d41eb90bb78715e000d281a79d7ce"/>
         <property name="seleniumVersion" value="3.141.59"/>
         <property name="proxyInformation" value="ProxyInformation{proxyOption=NO_PROXY, proxyServerType=HTTP, password=, proxyServerAddress=, proxyServerPort=0, executionList=}"/>
         <property name="platform" value="Windows 10"/>
      </properties>
      <testcase name="Test Cases/Denna/Admin - Manage Test - Pretest and Posttest - Edit2" time="124.425" classname="Test Cases/Denna/Admin - Manage Test - Pretest and Posttest - Edit2" status="FAILED">
         <failure type="FAILED" message="Test Cases/Denna/Admin - Manage Test - Pretest and Posttest - Edit2 FAILED.
Reason:
com.kms.katalon.core.exception.StepFailedException: Unable to verify option is present by label 'SALES HEAD' in object 'Object Repository/Denna/Admin - Manage Test - Pretest and Posttest - Edit new/select job position verif' 
	at com.kms.katalon.core.webui.keyword.internal.WebUIKeywordMain.stepFailed(WebUIKeywordMain.groovy:64)
	at com.kms.katalon.core.webui.keyword.internal.WebUIKeywordMain.runKeyword(WebUIKeywordMain.groovy:26)
	at com.kms.katalon.core.webui.keyword.builtin.VerifyOptionPresentByLabelKeyword.verifyOptionPresentByLabel(VerifyOptionPresentByLabelKeyword.groovy:102)
	at com.kms.katalon.core.webui.keyword.builtin.VerifyOptionPresentByLabelKeyword.execute(VerifyOptionPresentByLabelKeyword.groovy:70)
	at com.kms.katalon.core.keyword.internal.KeywordExecutor.executeKeywordForPlatform(KeywordExecutor.groovy:72)
	at com.kms.katalon.core.webui.keyword.WebUiBuiltInKeywords.verifyOptionPresentByLabel(WebUiBuiltInKeywords.groovy:1988)
	at com.kms.katalon.core.webui.keyword.WebUiBuiltInKeywords$verifyOptionPresentByLabel$5.call(Unknown Source)
	at Admin - Manage Test - Pretest and Posttest - Edit2.run(Admin - Manage Test - Pretest and Posttest - Edit2:103)
	at com.kms.katalon.core.main.ScriptEngine.run(ScriptEngine.java:194)
	at com.kms.katalon.core.main.ScriptEngine.runScriptAsRawText(ScriptEngine.java:119)
	at com.kms.katalon.core.main.TestCaseExecutor.runScript(TestCaseExecutor.java:337)
	at com.kms.katalon.core.main.TestCaseExecutor.doExecute(TestCaseExecutor.java:328)
	at com.kms.katalon.core.main.TestCaseExecutor.processExecutionPhase(TestCaseExecutor.java:307)
	at com.kms.katalon.core.main.TestCaseExecutor.accessMainPhase(TestCaseExecutor.java:299)
	at com.kms.katalon.core.main.TestCaseExecutor.execute(TestCaseExecutor.java:233)
	at com.kms.katalon.core.main.TestSuiteExecutor.accessTestCaseMainPhase(TestSuiteExecutor.java:169)
	at com.kms.katalon.core.main.TestSuiteExecutor.accessTestSuiteMainPhase(TestSuiteExecutor.java:142)
	at com.kms.katalon.core.main.TestSuiteExecutor.execute(TestSuiteExecutor.java:91)
	at com.kms.katalon.core.main.TestCaseMain.startTestSuite(TestCaseMain.java:157)
	at com.kms.katalon.core.main.TestCaseMain$startTestSuite$0.call(Unknown Source)
	at TempTestSuite1592198890792.run(TempTestSuite1592198890792.groovy:36)
Caused by: com.kms.katalon.core.exception.StepFailedException: There is no option with label 'SALES HEAD' present in object 'Object Repository/Denna/Admin - Manage Test - Pretest and Posttest - Edit new/select job position verif' 
	at com.kms.katalon.core.webui.keyword.internal.WebUIKeywordMain.stepFailed(WebUIKeywordMain.groovy:64)
	at com.kms.katalon.core.webui.keyword.builtin.VerifyOptionPresentByLabelKeyword$_verifyOptionPresentByLabel_closure1.doCall(VerifyOptionPresentByLabelKeyword.groovy:91)
	at com.kms.katalon.core.webui.keyword.builtin.VerifyOptionPresentByLabelKeyword$_verifyOptionPresentByLabel_closure1.call(VerifyOptionPresentByLabelKeyword.groovy)
	at com.kms.katalon.core.webui.keyword.internal.WebUIKeywordMain.runKeyword(WebUIKeywordMain.groovy:20)
	... 19 more
"/>
         <system-out><![CDATA[2020-06-15 12:28:29 - [TEST_CASE][FAILED] - Test Cases/Denna/Admin - Manage Test - Pretest and Posttest - Edit2: Test Cases/Denna/Admin - Manage Test - Pretest and Posttest - Edit2 FAILED.
Reason:
com.kms.katalon.core.exception.StepFailedException: Unable to verify option is present by label 'SALES HEAD' in object 'Object Repository/Denna/Admin - Manage Test - Pretest and Posttest - Edit new/select job position verif' 
	at com.kms.katalon.core.webui.keyword.internal.WebUIKeywordMain.stepFailed(WebUIKeywordMain.groovy:64)
	at com.kms.katalon.core.webui.keyword.internal.WebUIKeywordMain.runKeyword(WebUIKeywordMain.groovy:26)
	at com.kms.katalon.core.webui.keyword.builtin.VerifyOptionPresentByLabelKeyword.verifyOptionPresentByLabel(VerifyOptionPresentByLabelKeyword.groovy:102)
	at com.kms.katalon.core.webui.keyword.builtin.VerifyOptionPresentByLabelKeyword.execute(VerifyOptionPresentByLabelKeyword.groovy:70)
	at com.kms.katalon.core.keyword.internal.KeywordExecutor.executeKeywordForPlatform(KeywordExecutor.groovy:72)
	at com.kms.katalon.core.webui.keyword.WebUiBuiltInKeywords.verifyOptionPresentByLabel(WebUiBuiltInKeywords.groovy:1988)
	at com.kms.katalon.core.webui.keyword.WebUiBuiltInKeywords$verifyOptionPresentByLabel$5.call(Unknown Source)
	at Admin - Manage Test - Pretest and Posttest - Edit2.run(Admin - Manage Test - Pretest and Posttest - Edit2:103)
	at com.kms.katalon.core.main.ScriptEngine.run(ScriptEngine.java:194)
	at com.kms.katalon.core.main.ScriptEngine.runScriptAsRawText(ScriptEngine.java:119)
	at com.kms.katalon.core.main.TestCaseExecutor.runScript(TestCaseExecutor.java:337)
	at com.kms.katalon.core.main.TestCaseExecutor.doExecute(TestCaseExecutor.java:328)
	at com.kms.katalon.core.main.TestCaseExecutor.processExecutionPhase(TestCaseExecutor.java:307)
	at com.kms.katalon.core.main.TestCaseExecutor.accessMainPhase(TestCaseExecutor.java:299)
	at com.kms.katalon.core.main.TestCaseExecutor.execute(TestCaseExecutor.java:233)
	at com.kms.katalon.core.main.TestSuiteExecutor.accessTestCaseMainPhase(TestSuiteExecutor.java:169)
	at com.kms.katalon.core.main.TestSuiteExecutor.accessTestSuiteMainPhase(TestSuiteExecutor.java:142)
	at com.kms.katalon.core.main.TestSuiteExecutor.execute(TestSuiteExecutor.java:91)
	at com.kms.katalon.core.main.TestCaseMain.startTestSuite(TestCaseMain.java:157)
	at com.kms.katalon.core.main.TestCaseMain$startTestSuite$0.call(Unknown Source)
	at TempTestSuite1592198890792.run(TempTestSuite1592198890792.groovy:36)
Caused by: com.kms.katalon.core.exception.StepFailedException: There is no option with label 'SALES HEAD' present in object 'Object Repository/Denna/Admin - Manage Test - Pretest and Posttest - Edit new/select job position verif' 
	at com.kms.katalon.core.webui.keyword.internal.WebUIKeywordMain.stepFailed(WebUIKeywordMain.groovy:64)
	at com.kms.katalon.core.webui.keyword.builtin.VerifyOptionPresentByLabelKeyword$_verifyOptionPresentByLabel_closure1.doCall(VerifyOptionPresentByLabelKeyword.groovy:91)
	at com.kms.katalon.core.webui.keyword.builtin.VerifyOptionPresentByLabelKeyword$_verifyOptionPresentByLabel_closure1.call(VerifyOptionPresentByLabelKeyword.groovy)
	at com.kms.katalon.core.webui.keyword.internal.WebUIKeywordMain.runKeyword(WebUIKeywordMain.groovy:20)
	... 19 more


2020-06-15 12:28:31 - [TEST_STEP][PASSED] - callTestCase(findTestCase("Denna/Login(Admin)"), [:], STOP_ON_FAILURE): Call Test Case 'Test Cases/Denna/Login(Admin)' successfully

2020-06-15 12:28:31 - [TEST_CASE][PASSED] - Test Cases/Denna/Login(Admin): Test Cases/Denna/Login(Admin)

2020-06-15 12:28:32 - [TEST_STEP][PASSED] - openBrowser("https://appsrv1.deltadatamandiri.com/ACC_LMS_WEB/#/admNLmn"): Browser is opened with url: 'https://appsrv1.deltadatamandiri.com/ACC_LMS_WEB/#/admNLmn'

2020-06-15 12:28:32 - [MESSAGE][INFO] - Starting 'Chrome' driver

2020-06-15 12:28:32 - [MESSAGE][INFO] - Action delay is set to 0 seconds

2020-06-15 12:28:58 - [MESSAGE][PASSED] - Browser is opened with url: 'https://appsrv1.deltadatamandiri.com/ACC_LMS_WEB/#/admNLmn'

2020-06-15 12:28:58 - [TEST_STEP][PASSED] - maximizeWindow(): Current window maximized

2020-06-15 12:28:59 - [MESSAGE][PASSED] - Current window maximized

2020-06-15 12:28:59 - [TEST_STEP][PASSED] - click(findTestObject("Object Repository/Denna/Admin - Login/button login")): Object: 'Object Repository/Denna/Admin - Login/button login' is clicked on

2020-06-15 12:29:05 - [MESSAGE][PASSED] - Object: 'Object Repository/Denna/Admin - Login/button login' is clicked on

2020-06-15 12:29:05 - [TEST_STEP][PASSED] - setText(findTestObject("Object Repository/Denna/Admin - Login/input_NPK_username"), "11666"): Text '11666' is set on object 'Object Repository/Denna/Admin - Login/input_NPK_username'

2020-06-15 12:29:06 - [MESSAGE][PASSED] - Text '11666' is set on object 'Object Repository/Denna/Admin - Login/input_NPK_username'

2020-06-15 12:29:06 - [TEST_STEP][PASSED] - setText(findTestObject("Object Repository/Denna/Admin - Login/input_Password_password"), "Password3"): Text 'Password3' is set on object 'Object Repository/Denna/Admin - Login/input_Password_password'

2020-06-15 12:29:07 - [MESSAGE][PASSED] - Text 'Password3' is set on object 'Object Repository/Denna/Admin - Login/input_Password_password'

2020-06-15 12:29:07 - [TEST_STEP][PASSED] - click(findTestObject("Denna/Admin - Login/button login1")): Object: 'Object Repository/Denna/Admin - Login/button login1' is clicked on

2020-06-15 12:29:07 - [MESSAGE][PASSED] - Object: 'Object Repository/Denna/Admin - Login/button login1' is clicked on

2020-06-15 12:29:07 - [MESSAGE][PASSED] - Call Test Case 'Test Cases/Denna/Login(Admin)' successfully

2020-06-15 12:29:07 - [TEST_STEP][PASSED] - click(findTestObject("Denna/Admin - Manage Test - Pretest and Posttest - Edit new/button_Test Management")): Object: 'Object Repository/Denna/Admin - Manage Test - Pretest and Posttest - Edit new/button_Test Management' is clicked on

2020-06-15 12:29:23 - [MESSAGE][PASSED] - Object: 'Object Repository/Denna/Admin - Manage Test - Pretest and Posttest - Edit new/button_Test Management' is clicked on

2020-06-15 12:29:23 - [TEST_STEP][PASSED] - click(findTestObject("Denna/Admin - Manage Test - Pretest and Posttest - Edit new/span_Pre-Test  Post-Test")): Object: 'Object Repository/Denna/Admin - Manage Test - Pretest and Posttest - Edit new/span_Pre-Test  Post-Test' is clicked on

2020-06-15 12:29:24 - [MESSAGE][PASSED] - Object: 'Object Repository/Denna/Admin - Manage Test - Pretest and Posttest - Edit new/span_Pre-Test  Post-Test' is clicked on

2020-06-15 12:29:24 - [TEST_STEP][PASSED] - delay(2): Delayed 2 second(s)

2020-06-15 12:29:26 - [MESSAGE][PASSED] - Delayed 2 second(s)

2020-06-15 12:29:26 - [TEST_STEP][PASSED] - click(findTestObject("Object Repository/Denna/Admin - Manage Test - Pretest and Posttest - Edit2/button EditOrDelete")): Object: 'Object Repository/Denna/Admin - Manage Test - Pretest and Posttest - Edit2/button EditOrDelete' is clicked on

2020-06-15 12:29:40 - [MESSAGE][PASSED] - Object: 'Object Repository/Denna/Admin - Manage Test - Pretest and Posttest - Edit2/button EditOrDelete' is clicked on

2020-06-15 12:29:40 - [TEST_STEP][PASSED] - click(findTestObject("Denna/Admin - Manage Test - Pretest and Posttest - Edit2/button Edit")): Object: 'Object Repository/Denna/Admin - Manage Test - Pretest and Posttest - Edit2/button Edit' is clicked on

2020-06-15 12:29:41 - [MESSAGE][PASSED] - Object: 'Object Repository/Denna/Admin - Manage Test - Pretest and Posttest - Edit2/button Edit' is clicked on

2020-06-15 12:29:41 - [TEST_STEP][PASSED] - delay(4): Delayed 4 second(s)

2020-06-15 12:29:45 - [MESSAGE][PASSED] - Delayed 4 second(s)

2020-06-15 12:29:45 - [TEST_STEP][PASSED] - selectOptionByLabel(findTestObject("Denna/Admin - Manage Test - Pretest and Posttest - Edit new/select category"), category, true): All options with label 'Pre-Test' are selected in object 'Object Repository/Denna/Admin - Manage Test - Pretest and Posttest - Edit new/select category'  using regular expression

2020-06-15 12:29:50 - [MESSAGE][PASSED] - All options with label 'Pre-Test' are selected in object 'Object Repository/Denna/Admin - Manage Test - Pretest and Posttest - Edit new/select category'  using regular expression

2020-06-15 12:29:50 - [TEST_STEP][PASSED] - selectOptionByLabel(findTestObject("Denna/Admin - Manage Test - Pretest and Posttest - Edit new/select tipe soal"), tipeSoal, true): All options with label 'Uraian' are selected in object 'Object Repository/Denna/Admin - Manage Test - Pretest and Posttest - Edit new/select tipe soal'  using regular expression

2020-06-15 12:29:51 - [MESSAGE][PASSED] - All options with label 'Uraian' are selected in object 'Object Repository/Denna/Admin - Manage Test - Pretest and Posttest - Edit new/select tipe soal'  using regular expression

2020-06-15 12:29:51 - [TEST_STEP][PASSED] - selectOptionByLabel(findTestObject("Denna/Admin - Manage Test - Pretest and Posttest - Edit new/select job function"), jobFunction, true): All options with label 'SALES' are selected in object 'Object Repository/Denna/Admin - Manage Test - Pretest and Posttest - Edit new/select job function'  using regular expression

2020-06-15 12:29:53 - [MESSAGE][PASSED] - All options with label 'SALES' are selected in object 'Object Repository/Denna/Admin - Manage Test - Pretest and Posttest - Edit new/select job function'  using regular expression

2020-06-15 12:29:53 - [TEST_STEP][PASSED] - selectOptionByLabel(findTestObject("Denna/Admin - Manage Test - Pretest and Posttest - Edit new/select job position"), jobPosition, true): All options with label 'SALES HEAD' are selected in object 'Object Repository/Denna/Admin - Manage Test - Pretest and Posttest - Edit new/select job position'  using regular expression

2020-06-15 12:29:56 - [MESSAGE][PASSED] - All options with label 'SALES HEAD' are selected in object 'Object Repository/Denna/Admin - Manage Test - Pretest and Posttest - Edit new/select job position'  using regular expression

2020-06-15 12:29:56 - [TEST_STEP][PASSED] - selectOptionByLabel(findTestObject("Denna/Admin - Manage Test - Pretest and Posttest - Edit new/select module"), module, true): All options with label 'NEOP ARHO' are selected in object 'Object Repository/Denna/Admin - Manage Test - Pretest and Posttest - Edit new/select module'  using regular expression

2020-06-15 12:29:58 - [MESSAGE][PASSED] - All options with label 'NEOP ARHO' are selected in object 'Object Repository/Denna/Admin - Manage Test - Pretest and Posttest - Edit new/select module'  using regular expression

2020-06-15 12:29:58 - [TEST_STEP][PASSED] - setText(findTestObject("Denna/Admin - Manage Test - Pretest and Posttest - Edit new/input Technical Competence"), technicalCompentence): Text 'technical' is set on object 'Object Repository/Denna/Admin - Manage Test - Pretest and Posttest - Edit new/input Technical Competence'

2020-06-15 12:29:59 - [MESSAGE][PASSED] - Text 'technical' is set on object 'Object Repository/Denna/Admin - Manage Test - Pretest and Posttest - Edit new/input Technical Competence'

2020-06-15 12:29:59 - [TEST_STEP][PASSED] - setText(findTestObject("Denna/Admin - Manage Test - Pretest and Posttest - Edit new/input Level Competence"), levelCompetence): Text 'level' is set on object 'Object Repository/Denna/Admin - Manage Test - Pretest and Posttest - Edit new/input Level Competence'

2020-06-15 12:29:59 - [MESSAGE][PASSED] - Text 'level' is set on object 'Object Repository/Denna/Admin - Manage Test - Pretest and Posttest - Edit new/input Level Competence'

2020-06-15 12:29:59 - [TEST_STEP][PASSED] - setText(findTestObject("Denna/Admin - Manage Test - Pretest and Posttest - Edit new/textarea Soal"), soal): Text 'ini soal' is set on object 'Object Repository/Denna/Admin - Manage Test - Pretest and Posttest - Edit new/textarea Soal'

2020-06-15 12:30:00 - [MESSAGE][PASSED] - Text 'ini soal' is set on object 'Object Repository/Denna/Admin - Manage Test - Pretest and Posttest - Edit new/textarea Soal'

2020-06-15 12:30:00 - [TEST_STEP][PASSED] - if (tipeSoal == "Pilihan Ganda"): null

2020-06-15 12:30:00 - [TEST_STEP][PASSED] - else if (tipeSoal == "Uraian"): Text 'ini jawaban' is set on object 'Object Repository/Denna/Admin - Manage Test - Pretest and Posttest - Edit new/textarea Kunci Jawaban Uraian'

2020-06-15 12:30:00 - [TEST_STEP][PASSED] - setText(findTestObject("Denna/Admin - Manage Test - Pretest and Posttest - Edit new/textarea Kunci Jawaban Uraian"), jawabanUraian): Text 'ini jawaban' is set on object 'Object Repository/Denna/Admin - Manage Test - Pretest and Posttest - Edit new/textarea Kunci Jawaban Uraian'

2020-06-15 12:30:01 - [MESSAGE][PASSED] - Text 'ini jawaban' is set on object 'Object Repository/Denna/Admin - Manage Test - Pretest and Posttest - Edit new/textarea Kunci Jawaban Uraian'

2020-06-15 12:30:01 - [TEST_STEP][PASSED] - click(findTestObject("Denna/Admin - Manage Test - Pretest and Posttest - Edit new/button Submit")): Object: 'Object Repository/Denna/Admin - Manage Test - Pretest and Posttest - Edit new/button Submit' is clicked on

2020-06-15 12:30:01 - [MESSAGE][PASSED] - Object: 'Object Repository/Denna/Admin - Manage Test - Pretest and Posttest - Edit new/button Submit' is clicked on

2020-06-15 12:30:01 - [TEST_STEP][FAILED] - switch (kondisi): Unable to verify option is present by label 'SALES HEAD' in object 'Object Repository/Denna/Admin - Manage Test - Pretest and Posttest - Edit new/select job position verif'  (Root cause: com.kms.katalon.core.exception.StepFailedException: Unable to verify option is present by label 'SALES HEAD' in object 'Object Repository/Denna/Admin - Manage Test - Pretest and Posttest - Edit new/select job position verif' 
	at com.kms.katalon.core.webui.keyword.internal.WebUIKeywordMain.stepFailed(WebUIKeywordMain.groovy:64)
	at com.kms.katalon.core.webui.keyword.internal.WebUIKeywordMain.runKeyword(WebUIKeywordMain.groovy:26)
	at com.kms.katalon.core.webui.keyword.builtin.VerifyOptionPresentByLabelKeyword.verifyOptionPresentByLabel(VerifyOptionPresentByLabelKeyword.groovy:102)
	at com.kms.katalon.core.webui.keyword.builtin.VerifyOptionPresentByLabelKeyword.execute(VerifyOptionPresentByLabelKeyword.groovy:70)
	at com.kms.katalon.core.keyword.internal.KeywordExecutor.executeKeywordForPlatform(KeywordExecutor.groovy:72)
	at com.kms.katalon.core.webui.keyword.WebUiBuiltInKeywords.verifyOptionPresentByLabel(WebUiBuiltInKeywords.groovy:1988)
	at com.kms.katalon.core.webui.keyword.WebUiBuiltInKeywords$verifyOptionPresentByLabel$5.call(Unknown Source)
	at Admin - Manage Test - Pretest and Posttest - Edit2.run(Admin - Manage Test - Pretest and Posttest - Edit2:103)
	at com.kms.katalon.core.main.ScriptEngine.run(ScriptEngine.java:194)
	at com.kms.katalon.core.main.ScriptEngine.runScriptAsRawText(ScriptEngine.java:119)
	at com.kms.katalon.core.main.TestCaseExecutor.runScript(TestCaseExecutor.java:337)
	at com.kms.katalon.core.main.TestCaseExecutor.doExecute(TestCaseExecutor.java:328)
	at com.kms.katalon.core.main.TestCaseExecutor.processExecutionPhase(TestCaseExecutor.java:307)
	at com.kms.katalon.core.main.TestCaseExecutor.accessMainPhase(TestCaseExecutor.java:299)
	at com.kms.katalon.core.main.TestCaseExecutor.execute(TestCaseExecutor.java:233)
	at com.kms.katalon.core.main.TestSuiteExecutor.accessTestCaseMainPhase(TestSuiteExecutor.java:169)
	at com.kms.katalon.core.main.TestSuiteExecutor.accessTestSuiteMainPhase(TestSuiteExecutor.java:142)
	at com.kms.katalon.core.main.TestSuiteExecutor.execute(TestSuiteExecutor.java:91)
	at com.kms.katalon.core.main.TestCaseMain.startTestSuite(TestCaseMain.java:157)
	at com.kms.katalon.core.main.TestCaseMain$startTestSuite$0.call(Unknown Source)
	at TempTestSuite1592198890792.run(TempTestSuite1592198890792.groovy:36)
Caused by: com.kms.katalon.core.exception.StepFailedException: There is no option with label 'SALES HEAD' present in object 'Object Repository/Denna/Admin - Manage Test - Pretest and Posttest - Edit new/select job position verif' 
	at com.kms.katalon.core.webui.keyword.internal.WebUIKeywordMain.stepFailed(WebUIKeywordMain.groovy:64)
	at com.kms.katalon.core.webui.keyword.builtin.VerifyOptionPresentByLabelKeyword$_verifyOptionPresentByLabel_closure1.doCall(VerifyOptionPresentByLabelKeyword.groovy:91)
	at com.kms.katalon.core.webui.keyword.builtin.VerifyOptionPresentByLabelKeyword$_verifyOptionPresentByLabel_closure1.call(VerifyOptionPresentByLabelKeyword.groovy)
	at com.kms.katalon.core.webui.keyword.internal.WebUIKeywordMain.runKeyword(WebUIKeywordMain.groovy:20)
	... 19 more
)

2020-06-15 12:30:01 - [TEST_STEP][FAILED] - case "pass":: Unable to verify option is present by label 'SALES HEAD' in object 'Object Repository/Denna/Admin - Manage Test - Pretest and Posttest - Edit new/select job position verif'  (Root cause: com.kms.katalon.core.exception.StepFailedException: Unable to verify option is present by label 'SALES HEAD' in object 'Object Repository/Denna/Admin - Manage Test - Pretest and Posttest - Edit new/select job position verif' 
	at com.kms.katalon.core.webui.keyword.internal.WebUIKeywordMain.stepFailed(WebUIKeywordMain.groovy:64)
	at com.kms.katalon.core.webui.keyword.internal.WebUIKeywordMain.runKeyword(WebUIKeywordMain.groovy:26)
	at com.kms.katalon.core.webui.keyword.builtin.VerifyOptionPresentByLabelKeyword.verifyOptionPresentByLabel(VerifyOptionPresentByLabelKeyword.groovy:102)
	at com.kms.katalon.core.webui.keyword.builtin.VerifyOptionPresentByLabelKeyword.execute(VerifyOptionPresentByLabelKeyword.groovy:70)
	at com.kms.katalon.core.keyword.internal.KeywordExecutor.executeKeywordForPlatform(KeywordExecutor.groovy:72)
	at com.kms.katalon.core.webui.keyword.WebUiBuiltInKeywords.verifyOptionPresentByLabel(WebUiBuiltInKeywords.groovy:1988)
	at com.kms.katalon.core.webui.keyword.WebUiBuiltInKeywords$verifyOptionPresentByLabel$5.call(Unknown Source)
	at Admin - Manage Test - Pretest and Posttest - Edit2.run(Admin - Manage Test - Pretest and Posttest - Edit2:103)
	at com.kms.katalon.core.main.ScriptEngine.run(ScriptEngine.java:194)
	at com.kms.katalon.core.main.ScriptEngine.runScriptAsRawText(ScriptEngine.java:119)
	at com.kms.katalon.core.main.TestCaseExecutor.runScript(TestCaseExecutor.java:337)
	at com.kms.katalon.core.main.TestCaseExecutor.doExecute(TestCaseExecutor.java:328)
	at com.kms.katalon.core.main.TestCaseExecutor.processExecutionPhase(TestCaseExecutor.java:307)
	at com.kms.katalon.core.main.TestCaseExecutor.accessMainPhase(TestCaseExecutor.java:299)
	at com.kms.katalon.core.main.TestCaseExecutor.execute(TestCaseExecutor.java:233)
	at com.kms.katalon.core.main.TestSuiteExecutor.accessTestCaseMainPhase(TestSuiteExecutor.java:169)
	at com.kms.katalon.core.main.TestSuiteExecutor.accessTestSuiteMainPhase(TestSuiteExecutor.java:142)
	at com.kms.katalon.core.main.TestSuiteExecutor.execute(TestSuiteExecutor.java:91)
	at com.kms.katalon.core.main.TestCaseMain.startTestSuite(TestCaseMain.java:157)
	at com.kms.katalon.core.main.TestCaseMain$startTestSuite$0.call(Unknown Source)
	at TempTestSuite1592198890792.run(TempTestSuite1592198890792.groovy:36)
Caused by: com.kms.katalon.core.exception.StepFailedException: There is no option with label 'SALES HEAD' present in object 'Object Repository/Denna/Admin - Manage Test - Pretest and Posttest - Edit new/select job position verif' 
	at com.kms.katalon.core.webui.keyword.internal.WebUIKeywordMain.stepFailed(WebUIKeywordMain.groovy:64)
	at com.kms.katalon.core.webui.keyword.builtin.VerifyOptionPresentByLabelKeyword$_verifyOptionPresentByLabel_closure1.doCall(VerifyOptionPresentByLabelKeyword.groovy:91)
	at com.kms.katalon.core.webui.keyword.builtin.VerifyOptionPresentByLabelKeyword$_verifyOptionPresentByLabel_closure1.call(VerifyOptionPresentByLabelKeyword.groovy)
	at com.kms.katalon.core.webui.keyword.internal.WebUIKeywordMain.runKeyword(WebUIKeywordMain.groovy:20)
	... 19 more
)

2020-06-15 12:30:01 - [TEST_STEP][PASSED] - verifyElementVisible(findTestObject("Denna/Admin - Manage Test - Pretest and Posttest - Edit new/label Edit Test Success")): Object 'Object Repository/Denna/Admin - Manage Test - Pretest and Posttest - Edit new/label Edit Test Success' is visible

2020-06-15 12:30:09 - [MESSAGE][PASSED] - Object 'Object Repository/Denna/Admin - Manage Test - Pretest and Posttest - Edit new/label Edit Test Success' is visible

2020-06-15 12:30:09 - [TEST_STEP][PASSED] - delay(2): Delayed 2 second(s)

2020-06-15 12:30:11 - [MESSAGE][PASSED] - Delayed 2 second(s)

2020-06-15 12:30:11 - [TEST_STEP][PASSED] - click(findTestObject("Object Repository/Denna/Admin - Manage Test - Pretest and Posttest - Edit2/button EditOrDelete")): Object: 'Object Repository/Denna/Admin - Manage Test - Pretest and Posttest - Edit2/button EditOrDelete' is clicked on

2020-06-15 12:30:21 - [MESSAGE][PASSED] - Object: 'Object Repository/Denna/Admin - Manage Test - Pretest and Posttest - Edit2/button EditOrDelete' is clicked on

2020-06-15 12:30:21 - [TEST_STEP][PASSED] - click(findTestObject("Denna/Admin - Manage Test - Pretest and Posttest - Edit2/button Edit")): Object: 'Object Repository/Denna/Admin - Manage Test - Pretest and Posttest - Edit2/button Edit' is clicked on

2020-06-15 12:30:22 - [MESSAGE][PASSED] - Object: 'Object Repository/Denna/Admin - Manage Test - Pretest and Posttest - Edit2/button Edit' is clicked on

2020-06-15 12:30:22 - [TEST_STEP][PASSED] - delay(3): Delayed 3 second(s)

2020-06-15 12:30:25 - [MESSAGE][PASSED] - Delayed 3 second(s)

2020-06-15 12:30:25 - [TEST_STEP][PASSED] - verifyOptionPresentByLabel(findTestObject("Denna/Admin - Manage Test - Pretest and Posttest - Edit new/select category verif"), category, false, 0): 1 option(s) with label 'Pre-Test' is/are present in object 'Object Repository/Denna/Admin - Manage Test - Pretest and Posttest - Edit new/select category verif' 

2020-06-15 12:30:25 - [MESSAGE][WARNING] - Timeout '0' is invalid. Using default page load timeout: '30'

2020-06-15 12:30:30 - [MESSAGE][PASSED] - 1 option(s) with label 'Pre-Test' is/are present in object 'Object Repository/Denna/Admin - Manage Test - Pretest and Posttest - Edit new/select category verif' 

2020-06-15 12:30:30 - [TEST_STEP][PASSED] - verifyOptionPresentByLabel(findTestObject("Denna/Admin - Manage Test - Pretest and Posttest - Edit new/select tipe soal verif"), tipeSoal, false, 0): 1 option(s) with label 'Uraian' is/are present in object 'Object Repository/Denna/Admin - Manage Test - Pretest and Posttest - Edit new/select tipe soal verif' 

2020-06-15 12:30:30 - [MESSAGE][WARNING] - Timeout '0' is invalid. Using default page load timeout: '30'

2020-06-15 12:30:31 - [MESSAGE][PASSED] - 1 option(s) with label 'Uraian' is/are present in object 'Object Repository/Denna/Admin - Manage Test - Pretest and Posttest - Edit new/select tipe soal verif' 

2020-06-15 12:30:31 - [TEST_STEP][PASSED] - verifyOptionPresentByLabel(findTestObject("Denna/Admin - Manage Test - Pretest and Posttest - Edit new/select job function verif"), jobFunction, false, 0): 1 option(s) with label 'SALES' is/are present in object 'Object Repository/Denna/Admin - Manage Test - Pretest and Posttest - Edit new/select job function verif' 

2020-06-15 12:30:31 - [MESSAGE][WARNING] - Timeout '0' is invalid. Using default page load timeout: '30'

2020-06-15 12:30:32 - [MESSAGE][PASSED] - 1 option(s) with label 'SALES' is/are present in object 'Object Repository/Denna/Admin - Manage Test - Pretest and Posttest - Edit new/select job function verif' 

2020-06-15 12:30:32 - [TEST_STEP][FAILED] - verifyOptionPresentByLabel(findTestObject("Denna/Admin - Manage Test - Pretest and Posttest - Edit new/select job position verif"), jobPosition, false, 0): Unable to verify option is present by label 'SALES HEAD' in object 'Object Repository/Denna/Admin - Manage Test - Pretest and Posttest - Edit new/select job position verif'  (Root cause: com.kms.katalon.core.exception.StepFailedException: Unable to verify option is present by label 'SALES HEAD' in object 'Object Repository/Denna/Admin - Manage Test - Pretest and Posttest - Edit new/select job position verif' 
	at com.kms.katalon.core.webui.keyword.internal.WebUIKeywordMain.stepFailed(WebUIKeywordMain.groovy:64)
	at com.kms.katalon.core.webui.keyword.internal.WebUIKeywordMain.runKeyword(WebUIKeywordMain.groovy:26)
	at com.kms.katalon.core.webui.keyword.builtin.VerifyOptionPresentByLabelKeyword.verifyOptionPresentByLabel(VerifyOptionPresentByLabelKeyword.groovy:102)
	at com.kms.katalon.core.webui.keyword.builtin.VerifyOptionPresentByLabelKeyword.execute(VerifyOptionPresentByLabelKeyword.groovy:70)
	at com.kms.katalon.core.keyword.internal.KeywordExecutor.executeKeywordForPlatform(KeywordExecutor.groovy:72)
	at com.kms.katalon.core.webui.keyword.WebUiBuiltInKeywords.verifyOptionPresentByLabel(WebUiBuiltInKeywords.groovy:1988)
	at com.kms.katalon.core.webui.keyword.WebUiBuiltInKeywords$verifyOptionPresentByLabel$5.call(Unknown Source)
	at Admin - Manage Test - Pretest and Posttest - Edit2.run(Admin - Manage Test - Pretest and Posttest - Edit2:103)
	at com.kms.katalon.core.main.ScriptEngine.run(ScriptEngine.java:194)
	at com.kms.katalon.core.main.ScriptEngine.runScriptAsRawText(ScriptEngine.java:119)
	at com.kms.katalon.core.main.TestCaseExecutor.runScript(TestCaseExecutor.java:337)
	at com.kms.katalon.core.main.TestCaseExecutor.doExecute(TestCaseExecutor.java:328)
	at com.kms.katalon.core.main.TestCaseExecutor.processExecutionPhase(TestCaseExecutor.java:307)
	at com.kms.katalon.core.main.TestCaseExecutor.accessMainPhase(TestCaseExecutor.java:299)
	at com.kms.katalon.core.main.TestCaseExecutor.execute(TestCaseExecutor.java:233)
	at com.kms.katalon.core.main.TestSuiteExecutor.accessTestCaseMainPhase(TestSuiteExecutor.java:169)
	at com.kms.katalon.core.main.TestSuiteExecutor.accessTestSuiteMainPhase(TestSuiteExecutor.java:142)
	at com.kms.katalon.core.main.TestSuiteExecutor.execute(TestSuiteExecutor.java:91)
	at com.kms.katalon.core.main.TestCaseMain.startTestSuite(TestCaseMain.java:157)
	at com.kms.katalon.core.main.TestCaseMain$startTestSuite$0.call(Unknown Source)
	at TempTestSuite1592198890792.run(TempTestSuite1592198890792.groovy:36)
Caused by: com.kms.katalon.core.exception.StepFailedException: There is no option with label 'SALES HEAD' present in object 'Object Repository/Denna/Admin - Manage Test - Pretest and Posttest - Edit new/select job position verif' 
	at com.kms.katalon.core.webui.keyword.internal.WebUIKeywordMain.stepFailed(WebUIKeywordMain.groovy:64)
	at com.kms.katalon.core.webui.keyword.builtin.VerifyOptionPresentByLabelKeyword$_verifyOptionPresentByLabel_closure1.doCall(VerifyOptionPresentByLabelKeyword.groovy:91)
	at com.kms.katalon.core.webui.keyword.builtin.VerifyOptionPresentByLabelKeyword$_verifyOptionPresentByLabel_closure1.call(VerifyOptionPresentByLabelKeyword.groovy)
	at com.kms.katalon.core.webui.keyword.internal.WebUIKeywordMain.runKeyword(WebUIKeywordMain.groovy:20)
	... 19 more
)

2020-06-15 12:30:32 - [MESSAGE][WARNING] - Timeout '0' is invalid. Using default page load timeout: '30'

2020-06-15 12:30:33 - [MESSAGE][FAILED] - There is no option with label 'SALES HEAD' present in object 'Object Repository/Denna/Admin - Manage Test - Pretest and Posttest - Edit new/select job position verif'  (Root cause: com.kms.katalon.core.exception.StepFailedException: There is no option with label 'SALES HEAD' present in object 'Object Repository/Denna/Admin - Manage Test - Pretest and Posttest - Edit new/select job position verif' 
	at com.kms.katalon.core.webui.keyword.internal.WebUIKeywordMain.stepFailed(WebUIKeywordMain.groovy:64)
	at com.kms.katalon.core.webui.keyword.builtin.VerifyOptionPresentByLabelKeyword$_verifyOptionPresentByLabel_closure1.doCall(VerifyOptionPresentByLabelKeyword.groovy:91)
	at com.kms.katalon.core.webui.keyword.builtin.VerifyOptionPresentByLabelKeyword$_verifyOptionPresentByLabel_closure1.call(VerifyOptionPresentByLabelKeyword.groovy)
	at com.kms.katalon.core.webui.keyword.internal.WebUIKeywordMain.runKeyword(WebUIKeywordMain.groovy:20)
	at com.kms.katalon.core.webui.keyword.builtin.VerifyOptionPresentByLabelKeyword.verifyOptionPresentByLabel(VerifyOptionPresentByLabelKeyword.groovy:102)
	at com.kms.katalon.core.webui.keyword.builtin.VerifyOptionPresentByLabelKeyword.execute(VerifyOptionPresentByLabelKeyword.groovy:70)
	at com.kms.katalon.core.keyword.internal.KeywordExecutor.executeKeywordForPlatform(KeywordExecutor.groovy:72)
	at com.kms.katalon.core.webui.keyword.WebUiBuiltInKeywords.verifyOptionPresentByLabel(WebUiBuiltInKeywords.groovy:1988)
	at com.kms.katalon.core.webui.keyword.WebUiBuiltInKeywords$verifyOptionPresentByLabel$5.call(Unknown Source)
	at Admin - Manage Test - Pretest and Posttest - Edit2.run(Admin - Manage Test - Pretest and Posttest - Edit2:103)
	at com.kms.katalon.core.main.ScriptEngine.run(ScriptEngine.java:194)
	at com.kms.katalon.core.main.ScriptEngine.runScriptAsRawText(ScriptEngine.java:119)
	at com.kms.katalon.core.main.TestCaseExecutor.runScript(TestCaseExecutor.java:337)
	at com.kms.katalon.core.main.TestCaseExecutor.doExecute(TestCaseExecutor.java:328)
	at com.kms.katalon.core.main.TestCaseExecutor.processExecutionPhase(TestCaseExecutor.java:307)
	at com.kms.katalon.core.main.TestCaseExecutor.accessMainPhase(TestCaseExecutor.java:299)
	at com.kms.katalon.core.main.TestCaseExecutor.execute(TestCaseExecutor.java:233)
	at com.kms.katalon.core.main.TestSuiteExecutor.accessTestCaseMainPhase(TestSuiteExecutor.java:169)
	at com.kms.katalon.core.main.TestSuiteExecutor.accessTestSuiteMainPhase(TestSuiteExecutor.java:142)
	at com.kms.katalon.core.main.TestSuiteExecutor.execute(TestSuiteExecutor.java:91)
	at com.kms.katalon.core.main.TestCaseMain.startTestSuite(TestCaseMain.java:157)
	at com.kms.katalon.core.main.TestCaseMain$startTestSuite$0.call(Unknown Source)
	at TempTestSuite1592198890792.run(TempTestSuite1592198890792.groovy:36)
)
[[ATTACHMENT|D:\\MY WORLD\\WORKS (TUGAS)\\LearningManagementWeb\\Reports\\20200615_122810\\Denna\\Admin - Manage Test - Pretest and Posttest - Edit (with verify)\\20200615_122810\\1592199033004.png]]

2020-06-15 12:30:33 - [MESSAGE][FAILED] - Unable to verify option is present by label 'SALES HEAD' in object 'Object Repository/Denna/Admin - Manage Test - Pretest and Posttest - Edit new/select job position verif'  (Root cause: com.kms.katalon.core.exception.StepFailedException: Unable to verify option is present by label 'SALES HEAD' in object 'Object Repository/Denna/Admin - Manage Test - Pretest and Posttest - Edit new/select job position verif' 
	at com.kms.katalon.core.webui.keyword.internal.WebUIKeywordMain.stepFailed(WebUIKeywordMain.groovy:64)
	at com.kms.katalon.core.webui.keyword.internal.WebUIKeywordMain.runKeyword(WebUIKeywordMain.groovy:26)
	at com.kms.katalon.core.webui.keyword.builtin.VerifyOptionPresentByLabelKeyword.verifyOptionPresentByLabel(VerifyOptionPresentByLabelKeyword.groovy:102)
	at com.kms.katalon.core.webui.keyword.builtin.VerifyOptionPresentByLabelKeyword.execute(VerifyOptionPresentByLabelKeyword.groovy:70)
	at com.kms.katalon.core.keyword.internal.KeywordExecutor.executeKeywordForPlatform(KeywordExecutor.groovy:72)
	at com.kms.katalon.core.webui.keyword.WebUiBuiltInKeywords.verifyOptionPresentByLabel(WebUiBuiltInKeywords.groovy:1988)
	at com.kms.katalon.core.webui.keyword.WebUiBuiltInKeywords$verifyOptionPresentByLabel$5.call(Unknown Source)
	at Admin - Manage Test - Pretest and Posttest - Edit2.run(Admin - Manage Test - Pretest and Posttest - Edit2:103)
	at com.kms.katalon.core.main.ScriptEngine.run(ScriptEngine.java:194)
	at com.kms.katalon.core.main.ScriptEngine.runScriptAsRawText(ScriptEngine.java:119)
	at com.kms.katalon.core.main.TestCaseExecutor.runScript(TestCaseExecutor.java:337)
	at com.kms.katalon.core.main.TestCaseExecutor.doExecute(TestCaseExecutor.java:328)
	at com.kms.katalon.core.main.TestCaseExecutor.processExecutionPhase(TestCaseExecutor.java:307)
	at com.kms.katalon.core.main.TestCaseExecutor.accessMainPhase(TestCaseExecutor.java:299)
	at com.kms.katalon.core.main.TestCaseExecutor.execute(TestCaseExecutor.java:233)
	at com.kms.katalon.core.main.TestSuiteExecutor.accessTestCaseMainPhase(TestSuiteExecutor.java:169)
	at com.kms.katalon.core.main.TestSuiteExecutor.accessTestSuiteMainPhase(TestSuiteExecutor.java:142)
	at com.kms.katalon.core.main.TestSuiteExecutor.execute(TestSuiteExecutor.java:91)
	at com.kms.katalon.core.main.TestCaseMain.startTestSuite(TestCaseMain.java:157)
	at com.kms.katalon.core.main.TestCaseMain$startTestSuite$0.call(Unknown Source)
	at TempTestSuite1592198890792.run(TempTestSuite1592198890792.groovy:36)
Caused by: com.kms.katalon.core.exception.StepFailedException: There is no option with label 'SALES HEAD' present in object 'Object Repository/Denna/Admin - Manage Test - Pretest and Posttest - Edit new/select job position verif' 
	at com.kms.katalon.core.webui.keyword.internal.WebUIKeywordMain.stepFailed(WebUIKeywordMain.groovy:64)
	at com.kms.katalon.core.webui.keyword.builtin.VerifyOptionPresentByLabelKeyword$_verifyOptionPresentByLabel_closure1.doCall(VerifyOptionPresentByLabelKeyword.groovy:91)
	at com.kms.katalon.core.webui.keyword.builtin.VerifyOptionPresentByLabelKeyword$_verifyOptionPresentByLabel_closure1.call(VerifyOptionPresentByLabelKeyword.groovy)
	at com.kms.katalon.core.webui.keyword.internal.WebUIKeywordMain.runKeyword(WebUIKeywordMain.groovy:20)
	... 19 more
)
[[ATTACHMENT|D:\\MY WORLD\\WORKS (TUGAS)\\LearningManagementWeb\\Reports\\20200615_122810\\Denna\\Admin - Manage Test - Pretest and Posttest - Edit (with verify)\\20200615_122810\\1592199033479.png]]]]></system-out>
         <system-err><![CDATA[2020-06-15 12:28:29 - [TEST_CASE][FAILED] - Test Cases/Denna/Admin - Manage Test - Pretest and Posttest - Edit2: Test Cases/Denna/Admin - Manage Test - Pretest and Posttest - Edit2 FAILED.
Reason:
com.kms.katalon.core.exception.StepFailedException: Unable to verify option is present by label 'SALES HEAD' in object 'Object Repository/Denna/Admin - Manage Test - Pretest and Posttest - Edit new/select job position verif' 
	at com.kms.katalon.core.webui.keyword.internal.WebUIKeywordMain.stepFailed(WebUIKeywordMain.groovy:64)
	at com.kms.katalon.core.webui.keyword.internal.WebUIKeywordMain.runKeyword(WebUIKeywordMain.groovy:26)
	at com.kms.katalon.core.webui.keyword.builtin.VerifyOptionPresentByLabelKeyword.verifyOptionPresentByLabel(VerifyOptionPresentByLabelKeyword.groovy:102)
	at com.kms.katalon.core.webui.keyword.builtin.VerifyOptionPresentByLabelKeyword.execute(VerifyOptionPresentByLabelKeyword.groovy:70)
	at com.kms.katalon.core.keyword.internal.KeywordExecutor.executeKeywordForPlatform(KeywordExecutor.groovy:72)
	at com.kms.katalon.core.webui.keyword.WebUiBuiltInKeywords.verifyOptionPresentByLabel(WebUiBuiltInKeywords.groovy:1988)
	at com.kms.katalon.core.webui.keyword.WebUiBuiltInKeywords$verifyOptionPresentByLabel$5.call(Unknown Source)
	at Admin - Manage Test - Pretest and Posttest - Edit2.run(Admin - Manage Test - Pretest and Posttest - Edit2:103)
	at com.kms.katalon.core.main.ScriptEngine.run(ScriptEngine.java:194)
	at com.kms.katalon.core.main.ScriptEngine.runScriptAsRawText(ScriptEngine.java:119)
	at com.kms.katalon.core.main.TestCaseExecutor.runScript(TestCaseExecutor.java:337)
	at com.kms.katalon.core.main.TestCaseExecutor.doExecute(TestCaseExecutor.java:328)
	at com.kms.katalon.core.main.TestCaseExecutor.processExecutionPhase(TestCaseExecutor.java:307)
	at com.kms.katalon.core.main.TestCaseExecutor.accessMainPhase(TestCaseExecutor.java:299)
	at com.kms.katalon.core.main.TestCaseExecutor.execute(TestCaseExecutor.java:233)
	at com.kms.katalon.core.main.TestSuiteExecutor.accessTestCaseMainPhase(TestSuiteExecutor.java:169)
	at com.kms.katalon.core.main.TestSuiteExecutor.accessTestSuiteMainPhase(TestSuiteExecutor.java:142)
	at com.kms.katalon.core.main.TestSuiteExecutor.execute(TestSuiteExecutor.java:91)
	at com.kms.katalon.core.main.TestCaseMain.startTestSuite(TestCaseMain.java:157)
	at com.kms.katalon.core.main.TestCaseMain$startTestSuite$0.call(Unknown Source)
	at TempTestSuite1592198890792.run(TempTestSuite1592198890792.groovy:36)
Caused by: com.kms.katalon.core.exception.StepFailedException: There is no option with label 'SALES HEAD' present in object 'Object Repository/Denna/Admin - Manage Test - Pretest and Posttest - Edit new/select job position verif' 
	at com.kms.katalon.core.webui.keyword.internal.WebUIKeywordMain.stepFailed(WebUIKeywordMain.groovy:64)
	at com.kms.katalon.core.webui.keyword.builtin.VerifyOptionPresentByLabelKeyword$_verifyOptionPresentByLabel_closure1.doCall(VerifyOptionPresentByLabelKeyword.groovy:91)
	at com.kms.katalon.core.webui.keyword.builtin.VerifyOptionPresentByLabelKeyword$_verifyOptionPresentByLabel_closure1.call(VerifyOptionPresentByLabelKeyword.groovy)
	at com.kms.katalon.core.webui.keyword.internal.WebUIKeywordMain.runKeyword(WebUIKeywordMain.groovy:20)
	... 19 more]]></system-err>
      </testcase>
      <system-out><![CDATA[2020-06-15 12:28:28 - [TEST_SUITE][FAILED] - Admin - Manage Test - Pretest and Posttest - Edit (with verify): Test Cases/Denna/Admin - Manage Test - Pretest and Posttest - Edit2 FAILED.
Reason:
com.kms.katalon.core.exception.StepFailedException: Unable to verify option is present by label 'SALES HEAD' in object 'Object Repository/Denna/Admin - Manage Test - Pretest and Posttest - Edit new/select job position verif' 
	at com.kms.katalon.core.webui.keyword.internal.WebUIKeywordMain.stepFailed(WebUIKeywordMain.groovy:64)
	at com.kms.katalon.core.webui.keyword.internal.WebUIKeywordMain.runKeyword(WebUIKeywordMain.groovy:26)
	at com.kms.katalon.core.webui.keyword.builtin.VerifyOptionPresentByLabelKeyword.verifyOptionPresentByLabel(VerifyOptionPresentByLabelKeyword.groovy:102)
	at com.kms.katalon.core.webui.keyword.builtin.VerifyOptionPresentByLabelKeyword.execute(VerifyOptionPresentByLabelKeyword.groovy:70)
	at com.kms.katalon.core.keyword.internal.KeywordExecutor.executeKeywordForPlatform(KeywordExecutor.groovy:72)
	at com.kms.katalon.core.webui.keyword.WebUiBuiltInKeywords.verifyOptionPresentByLabel(WebUiBuiltInKeywords.groovy:1988)
	at com.kms.katalon.core.webui.keyword.WebUiBuiltInKeywords$verifyOptionPresentByLabel$5.call(Unknown Source)
	at Admin - Manage Test - Pretest and Posttest - Edit2.run(Admin - Manage Test - Pretest and Posttest - Edit2:103)
	at com.kms.katalon.core.main.ScriptEngine.run(ScriptEngine.java:194)
	at com.kms.katalon.core.main.ScriptEngine.runScriptAsRawText(ScriptEngine.java:119)
	at com.kms.katalon.core.main.TestCaseExecutor.runScript(TestCaseExecutor.java:337)
	at com.kms.katalon.core.main.TestCaseExecutor.doExecute(TestCaseExecutor.java:328)
	at com.kms.katalon.core.main.TestCaseExecutor.processExecutionPhase(TestCaseExecutor.java:307)
	at com.kms.katalon.core.main.TestCaseExecutor.accessMainPhase(TestCaseExecutor.java:299)
	at com.kms.katalon.core.main.TestCaseExecutor.execute(TestCaseExecutor.java:233)
	at com.kms.katalon.core.main.TestSuiteExecutor.accessTestCaseMainPhase(TestSuiteExecutor.java:169)
	at com.kms.katalon.core.main.TestSuiteExecutor.accessTestSuiteMainPhase(TestSuiteExecutor.java:142)
	at com.kms.katalon.core.main.TestSuiteExecutor.execute(TestSuiteExecutor.java:91)
	at com.kms.katalon.core.main.TestCaseMain.startTestSuite(TestCaseMain.java:157)
	at com.kms.katalon.core.main.TestCaseMain$startTestSuite$0.call(Unknown Source)
	at TempTestSuite1592198890792.run(TempTestSuite1592198890792.groovy:36)
Caused by: com.kms.katalon.core.exception.StepFailedException: There is no option with label 'SALES HEAD' present in object 'Object Repository/Denna/Admin - Manage Test - Pretest and Posttest - Edit new/select job position verif' 
	at com.kms.katalon.core.webui.keyword.internal.WebUIKeywordMain.stepFailed(WebUIKeywordMain.groovy:64)
	at com.kms.katalon.core.webui.keyword.builtin.VerifyOptionPresentByLabelKeyword$_verifyOptionPresentByLabel_closure1.doCall(VerifyOptionPresentByLabelKeyword.groovy:91)
	at com.kms.katalon.core.webui.keyword.builtin.VerifyOptionPresentByLabelKeyword$_verifyOptionPresentByLabel_closure1.call(VerifyOptionPresentByLabelKeyword.groovy)
	at com.kms.katalon.core.webui.keyword.internal.WebUIKeywordMain.runKeyword(WebUIKeywordMain.groovy:20)
	... 19 more]]></system-out>
      <system-err><![CDATA[2020-06-15 12:28:28 - [TEST_SUITE][FAILED] - Admin - Manage Test - Pretest and Posttest - Edit (with verify): Test Cases/Denna/Admin - Manage Test - Pretest and Posttest - Edit2 FAILED.
Reason:
com.kms.katalon.core.exception.StepFailedException: Unable to verify option is present by label 'SALES HEAD' in object 'Object Repository/Denna/Admin - Manage Test - Pretest and Posttest - Edit new/select job position verif' 
	at com.kms.katalon.core.webui.keyword.internal.WebUIKeywordMain.stepFailed(WebUIKeywordMain.groovy:64)
	at com.kms.katalon.core.webui.keyword.internal.WebUIKeywordMain.runKeyword(WebUIKeywordMain.groovy:26)
	at com.kms.katalon.core.webui.keyword.builtin.VerifyOptionPresentByLabelKeyword.verifyOptionPresentByLabel(VerifyOptionPresentByLabelKeyword.groovy:102)
	at com.kms.katalon.core.webui.keyword.builtin.VerifyOptionPresentByLabelKeyword.execute(VerifyOptionPresentByLabelKeyword.groovy:70)
	at com.kms.katalon.core.keyword.internal.KeywordExecutor.executeKeywordForPlatform(KeywordExecutor.groovy:72)
	at com.kms.katalon.core.webui.keyword.WebUiBuiltInKeywords.verifyOptionPresentByLabel(WebUiBuiltInKeywords.groovy:1988)
	at com.kms.katalon.core.webui.keyword.WebUiBuiltInKeywords$verifyOptionPresentByLabel$5.call(Unknown Source)
	at Admin - Manage Test - Pretest and Posttest - Edit2.run(Admin - Manage Test - Pretest and Posttest - Edit2:103)
	at com.kms.katalon.core.main.ScriptEngine.run(ScriptEngine.java:194)
	at com.kms.katalon.core.main.ScriptEngine.runScriptAsRawText(ScriptEngine.java:119)
	at com.kms.katalon.core.main.TestCaseExecutor.runScript(TestCaseExecutor.java:337)
	at com.kms.katalon.core.main.TestCaseExecutor.doExecute(TestCaseExecutor.java:328)
	at com.kms.katalon.core.main.TestCaseExecutor.processExecutionPhase(TestCaseExecutor.java:307)
	at com.kms.katalon.core.main.TestCaseExecutor.accessMainPhase(TestCaseExecutor.java:299)
	at com.kms.katalon.core.main.TestCaseExecutor.execute(TestCaseExecutor.java:233)
	at com.kms.katalon.core.main.TestSuiteExecutor.accessTestCaseMainPhase(TestSuiteExecutor.java:169)
	at com.kms.katalon.core.main.TestSuiteExecutor.accessTestSuiteMainPhase(TestSuiteExecutor.java:142)
	at com.kms.katalon.core.main.TestSuiteExecutor.execute(TestSuiteExecutor.java:91)
	at com.kms.katalon.core.main.TestCaseMain.startTestSuite(TestCaseMain.java:157)
	at com.kms.katalon.core.main.TestCaseMain$startTestSuite$0.call(Unknown Source)
	at TempTestSuite1592198890792.run(TempTestSuite1592198890792.groovy:36)
Caused by: com.kms.katalon.core.exception.StepFailedException: There is no option with label 'SALES HEAD' present in object 'Object Repository/Denna/Admin - Manage Test - Pretest and Posttest - Edit new/select job position verif' 
	at com.kms.katalon.core.webui.keyword.internal.WebUIKeywordMain.stepFailed(WebUIKeywordMain.groovy:64)
	at com.kms.katalon.core.webui.keyword.builtin.VerifyOptionPresentByLabelKeyword$_verifyOptionPresentByLabel_closure1.doCall(VerifyOptionPresentByLabelKeyword.groovy:91)
	at com.kms.katalon.core.webui.keyword.builtin.VerifyOptionPresentByLabelKeyword$_verifyOptionPresentByLabel_closure1.call(VerifyOptionPresentByLabelKeyword.groovy)
	at com.kms.katalon.core.webui.keyword.internal.WebUIKeywordMain.runKeyword(WebUIKeywordMain.groovy:20)
	... 19 more]]></system-err>
   </testsuite>
</testsuites>
