<?xml version="1.0" encoding="UTF-8"?>
<testsuites name="Manage Slider (1)" time="532.432" tests="8" failures="1" errors="0">
   <testsuite name="Manage Slider (1)" tests="8" failures="1" errors="0" time="532.432" timestamp="2020-06-17 16:57:24" hostname="ASUS - LAPTOP-D0TPACJ1" id="Test Suites/Christi/Manage Slider (1)">
      <properties>
         <property name="deviceName" value=""/>
         <property name="devicePlatform" value=""/>
         <property name="logFolder" value="C:\\Users\\ASUS\\git\\LearningManagementWebs\\Reports\\20200617_165708\\Christi\\Manage Slider (1)\\20200617_165708"/>
         <property name="logFiles" value="C:\\Users\\ASUS\\git\\LearningManagementWebs\\Reports\\20200617_165708\\Christi\\Manage Slider (1)\\20200617_165708\\execution0.log"/>
         <property name="attachments" value="C:\\Users\\ASUS\\git\\LearningManagementWebs\\Reports\\20200617_165708\\Christi\\Manage Slider (1)\\20200617_165708\\1592388374225.png, C:\\Users\\ASUS\\git\\LearningManagementWebs\\Reports\\20200617_165708\\Christi\\Manage Slider (1)\\20200617_165708\\1592388374760.png"/>
         <property name="hostName" value="ASUS - LAPTOP-D0TPACJ1"/>
         <property name="os" value="Windows 10 64bit"/>
         <property name="katalonVersion" value="7.0.10.1"/>
         <property name="browser" value="Chrome 83.0.4103.106"/>
         <property name="hostAddress" value="192.168.100.227"/>
         <property name="sessionId" value="ec90c5e12916a87d35705fa41880f143"/>
         <property name="seleniumVersion" value="3.141.59"/>
         <property name="proxyInformation" value="ProxyInformation{proxyOption=NO_PROXY, proxyServerType=HTTP, password=, proxyServerAddress=, proxyServerPort=0}"/>
         <property name="platform" value="Windows 10"/>
      </properties>
      <testcase name="Test Cases/Christi/Admin/Manage Slider - new slider" time="73.942" classname="Test Cases/Christi/Admin/Manage Slider - new slider" status="PASSED">
         <system-out><![CDATA[2020-06-17 16:57:25 - [TEST_CASE][PASSED] - Test Cases/Christi/Admin/Manage Slider - new slider: Test Cases/Christi/Admin/Manage Slider - new slider

2020-06-17 16:57:26 - [TEST_STEP][PASSED] - callTestCase(findTestCase("Christi/Admin/admin login"), ["username":"11666", "password":"Password3"], STOP_ON_FAILURE): Call Test Case 'Test Cases/Christi/Admin/admin login' successfully

2020-06-17 16:57:26 - [TEST_CASE][PASSED] - Test Cases/Christi/Admin/admin login: Test Cases/Christi/Admin/admin login

2020-06-17 16:57:27 - [TEST_STEP][PASSED] - openBrowser(""): Browser is opened with url: ''

2020-06-17 16:57:28 - [MESSAGE][INFO] - Starting 'Chrome' driver

2020-06-17 16:57:28 - [MESSAGE][INFO] - Action delay is set to 0 seconds

2020-06-17 16:57:36 - [MESSAGE][PASSED] - Browser is opened with url: ''

2020-06-17 16:57:36 - [TEST_STEP][PASSED] - navigateToUrl("https://appsrv1.deltadatamandiri.com/ACC_LMS_WEB/#/admNLmn"): Navigate to 'https://appsrv1.deltadatamandiri.com/ACC_LMS_WEB/#/admNLmn' successfully

2020-06-17 16:57:46 - [MESSAGE][PASSED] - Navigate to 'https://appsrv1.deltadatamandiri.com/ACC_LMS_WEB/#/admNLmn' successfully

2020-06-17 16:57:46 - [TEST_STEP][PASSED] - click(findTestObject("Christi/Page_Main/button_login")): Object: 'Object Repository/Christi/Page_Main/button_login' is clicked on

2020-06-17 16:57:52 - [MESSAGE][PASSED] - Object: 'Object Repository/Christi/Page_Main/button_login' is clicked on

2020-06-17 16:57:52 - [TEST_STEP][PASSED] - delay(3): Delayed 3 second(s)

2020-06-17 16:57:55 - [MESSAGE][PASSED] - Delayed 3 second(s)

2020-06-17 16:57:55 - [TEST_STEP][PASSED] - setText(findTestObject("Object Repository/Christi/Page_Main/input_NPK_username"), username): Text '11666' is set on object 'Object Repository/Christi/Page_Main/input_NPK_username'

2020-06-17 16:57:56 - [MESSAGE][PASSED] - Text '11666' is set on object 'Object Repository/Christi/Page_Main/input_NPK_username'

2020-06-17 16:57:56 - [TEST_STEP][PASSED] - setText(findTestObject("Object Repository/Christi/Page_Main/input_Password_password"), password): Text 'Password3' is set on object 'Object Repository/Christi/Page_Main/input_Password_password'

2020-06-17 16:57:57 - [MESSAGE][PASSED] - Text 'Password3' is set on object 'Object Repository/Christi/Page_Main/input_Password_password'

2020-06-17 16:57:57 - [TEST_STEP][PASSED] - delay(5): Delayed 5 second(s)

2020-06-17 16:58:02 - [MESSAGE][PASSED] - Delayed 5 second(s)

2020-06-17 16:58:02 - [TEST_STEP][PASSED] - click(findTestObject("Rizka/Admin/Admin - Login/btnLogin2")): Object: 'Object Repository/Rizka/Admin/Admin - Login/btnLogin2' is clicked on

2020-06-17 16:58:02 - [MESSAGE][PASSED] - Object: 'Object Repository/Rizka/Admin/Admin - Login/btnLogin2' is clicked on

2020-06-17 16:58:02 - [TEST_STEP][PASSED] - delay(5): Delayed 5 second(s)

2020-06-17 16:58:07 - [MESSAGE][PASSED] - Delayed 5 second(s)

2020-06-17 16:58:07 - [MESSAGE][PASSED] - Call Test Case 'Test Cases/Christi/Admin/admin login' successfully

2020-06-17 16:58:07 - [TEST_STEP][PASSED] - delay(3): Delayed 3 second(s)

2020-06-17 16:58:10 - [MESSAGE][PASSED] - Delayed 3 second(s)

2020-06-17 16:58:10 - [TEST_STEP][PASSED] - click(findTestObject("Christi/Page_Dashboard Admin/span_Manage Slider")): Object: 'Object Repository/Christi/Page_Dashboard Admin/span_Manage Slider' is clicked on

2020-06-17 16:58:14 - [MESSAGE][PASSED] - Object: 'Object Repository/Christi/Page_Dashboard Admin/span_Manage Slider' is clicked on

2020-06-17 16:58:14 - [TEST_STEP][PASSED] - delay(3): Delayed 3 second(s)

2020-06-17 16:58:17 - [MESSAGE][PASSED] - Delayed 3 second(s)

2020-06-17 16:58:17 - [TEST_STEP][PASSED] - click(findTestObject("Object Repository/Christi/Page_Manage Sliders/button_New Slider")): Object: 'Object Repository/Christi/Page_Manage Sliders/button_New Slider' is clicked on

2020-06-17 16:58:20 - [MESSAGE][PASSED] - Object: 'Object Repository/Christi/Page_Manage Sliders/button_New Slider' is clicked on

2020-06-17 16:58:20 - [TEST_STEP][PASSED] - delay(3): Delayed 3 second(s)

2020-06-17 16:58:23 - [MESSAGE][PASSED] - Delayed 3 second(s)

2020-06-17 16:58:23 - [TEST_STEP][PASSED] - verifyElementPresent(findTestObject("Object Repository/Christi/Page_Manage Sliders/label_Add Slider"), 0): Object 'Object Repository/Christi/Page_Manage Sliders/label_Add Slider' is present

2020-06-17 16:58:23 - [MESSAGE][WARNING] - Timeout '0' is invalid. Using default page load timeout: '30'

2020-06-17 16:58:23 - [MESSAGE][PASSED] - Object 'Object Repository/Christi/Page_Manage Sliders/label_Add Slider' is present

2020-06-17 16:58:23 - [TEST_STEP][PASSED] - setText(findTestObject("Object Repository/Christi/Page_Manage Sliders/input_nama_slider"), nama_slider): Text '123456789000123456789123456789000123456789' is set on object 'Object Repository/Christi/Page_Manage Sliders/input_nama_slider'

2020-06-17 16:58:24 - [MESSAGE][PASSED] - Text '123456789000123456789123456789000123456789' is set on object 'Object Repository/Christi/Page_Manage Sliders/input_nama_slider'

2020-06-17 16:58:24 - [TEST_STEP][PASSED] - delay(3): Delayed 3 second(s)

2020-06-17 16:58:27 - [MESSAGE][PASSED] - Delayed 3 second(s)

2020-06-17 16:58:27 - [TEST_STEP][PASSED] - setText(findTestObject("Object Repository/Christi/Page_Manage Sliders/input_Section Link_txtSliderLink"), url): Text 'https://appsrv1.deltadatamandiri.com/ACC_LMS_WEB/#/onlineLearningDetail?modulID=6' is set on object 'Object Repository/Christi/Page_Manage Sliders/input_Section Link_txtSliderLink'

2020-06-17 16:58:28 - [MESSAGE][PASSED] - Text 'https://appsrv1.deltadatamandiri.com/ACC_LMS_WEB/#/onlineLearningDetail?modulID=6' is set on object 'Object Repository/Christi/Page_Manage Sliders/input_Section Link_txtSliderLink'

2020-06-17 16:58:28 - [TEST_STEP][PASSED] - delay(3): Delayed 3 second(s)

2020-06-17 16:58:31 - [MESSAGE][PASSED] - Delayed 3 second(s)

2020-06-17 16:58:31 - [TEST_STEP][PASSED] - if (expected == "pass"): null

2020-06-17 16:58:31 - [TEST_STEP][PASSED] - else if (expected == "fail"): Object 'Object Repository/Christi/Page_Manage Sliders/label_Add Slider' is present

2020-06-17 16:58:31 - [TEST_STEP][PASSED] - if (upload == "yes"): null

2020-06-17 16:58:31 - [TEST_STEP][PASSED] - click(findTestObject("Christi/Page_Manage Sliders/span_Confirm")): Object: 'Object Repository/Christi/Page_Manage Sliders/span_Confirm' is clicked on

2020-06-17 16:58:32 - [MESSAGE][PASSED] - Object: 'Object Repository/Christi/Page_Manage Sliders/span_Confirm' is clicked on

2020-06-17 16:58:32 - [TEST_STEP][PASSED] - delay(3): Delayed 3 second(s)

2020-06-17 16:58:35 - [MESSAGE][PASSED] - Delayed 3 second(s)

2020-06-17 16:58:35 - [TEST_STEP][PASSED] - verifyElementPresent(findTestObject("Christi/Page_Manage Sliders/label_Add Slider"), 0): Object 'Object Repository/Christi/Page_Manage Sliders/label_Add Slider' is present

2020-06-17 16:58:35 - [MESSAGE][WARNING] - Timeout '0' is invalid. Using default page load timeout: '30'

2020-06-17 16:58:35 - [MESSAGE][PASSED] - Object 'Object Repository/Christi/Page_Manage Sliders/label_Add Slider' is present

2020-06-17 16:58:35 - [TEST_STEP][PASSED] - delay(3): Delayed 3 second(s)

2020-06-17 16:58:38 - [MESSAGE][PASSED] - Delayed 3 second(s)

2020-06-17 16:58:38 - [TEST_STEP][PASSED] - closeBrowser(): Browser is closed

2020-06-17 16:58:39 - [MESSAGE][PASSED] - Browser is closed]]></system-out>
         <system-err><![CDATA[]]></system-err>
      </testcase>
      <testcase name="Test Cases/Christi/Admin/Manage Slider - new slider" time="58.235" classname="Test Cases/Christi/Admin/Manage Slider - new slider" status="PASSED">
         <system-out><![CDATA[2020-06-17 16:58:39 - [TEST_CASE][PASSED] - Test Cases/Christi/Admin/Manage Slider - new slider: Test Cases/Christi/Admin/Manage Slider - new slider

2020-06-17 16:58:39 - [TEST_STEP][PASSED] - callTestCase(findTestCase("Christi/Admin/admin login"), ["username":"11666", "password":"Password3"], STOP_ON_FAILURE): Call Test Case 'Test Cases/Christi/Admin/admin login' successfully

2020-06-17 16:58:39 - [TEST_CASE][PASSED] - Test Cases/Christi/Admin/admin login: Test Cases/Christi/Admin/admin login

2020-06-17 16:58:39 - [TEST_STEP][PASSED] - openBrowser(""): Browser is opened with url: ''

2020-06-17 16:58:39 - [MESSAGE][INFO] - Starting 'Chrome' driver

2020-06-17 16:58:42 - [MESSAGE][PASSED] - Browser is opened with url: ''

2020-06-17 16:58:42 - [TEST_STEP][PASSED] - navigateToUrl("https://appsrv1.deltadatamandiri.com/ACC_LMS_WEB/#/admNLmn"): Navigate to 'https://appsrv1.deltadatamandiri.com/ACC_LMS_WEB/#/admNLmn' successfully

2020-06-17 16:58:52 - [MESSAGE][PASSED] - Navigate to 'https://appsrv1.deltadatamandiri.com/ACC_LMS_WEB/#/admNLmn' successfully

2020-06-17 16:58:52 - [TEST_STEP][PASSED] - click(findTestObject("Christi/Page_Main/button_login")): Object: 'Object Repository/Christi/Page_Main/button_login' is clicked on

2020-06-17 16:58:56 - [MESSAGE][ERROR] - javascript error: Failed to execute 'elementsFromPoint' on 'Document': The provided double value is non-finite.
  (Session info: chrome=83.0.4103.106)
Build info: version: '3.141.59', revision: 'e82be7d358', time: '2018-11-14T08:25:53'
System info: host: 'LAPTOP-D0TPACJ1', ip: '192.168.100.227', os.name: 'Windows 10', os.arch: 'amd64', os.version: '10.0', java.version: '1.8.0_181'
Driver info: com.kms.katalon.selenium.driver.CChromeDriver
Capabilities {acceptInsecureCerts: false, browserName: chrome, browserVersion: 83.0.4103.106, chrome: {chromedriverVersion: 83.0.4103.39 (ccbf011cb2d2b..., userDataDir: C:\Users\ASUS\AppData\Local...}, goog:chromeOptions: {debuggerAddress: localhost:59002}, javascriptEnabled: true, networkConnectionEnabled: false, pageLoadStrategy: normal, platform: WINDOWS, platformName: WINDOWS, proxy: Proxy(), setWindowRect: true, strictFileInteractability: false, timeouts: {implicit: 0, pageLoad: 300000, script: 30000}, unhandledPromptBehavior: dismiss and notify, webauthn:virtualAuthenticators: true}
Session ID: f23339c24890d03a31ef4a904dd09a52

2020-06-17 16:58:57 - [MESSAGE][PASSED] - Object: 'Object Repository/Christi/Page_Main/button_login' is clicked on

2020-06-17 16:58:57 - [TEST_STEP][PASSED] - delay(3): Delayed 3 second(s)

2020-06-17 16:59:00 - [MESSAGE][PASSED] - Delayed 3 second(s)

2020-06-17 16:59:00 - [TEST_STEP][PASSED] - setText(findTestObject("Object Repository/Christi/Page_Main/input_NPK_username"), username): Text '11666' is set on object 'Object Repository/Christi/Page_Main/input_NPK_username'

2020-06-17 16:59:00 - [MESSAGE][PASSED] - Text '11666' is set on object 'Object Repository/Christi/Page_Main/input_NPK_username'

2020-06-17 16:59:00 - [TEST_STEP][PASSED] - setText(findTestObject("Object Repository/Christi/Page_Main/input_Password_password"), password): Text 'Password3' is set on object 'Object Repository/Christi/Page_Main/input_Password_password'

2020-06-17 16:59:01 - [MESSAGE][PASSED] - Text 'Password3' is set on object 'Object Repository/Christi/Page_Main/input_Password_password'

2020-06-17 16:59:01 - [TEST_STEP][PASSED] - delay(5): Delayed 5 second(s)

2020-06-17 16:59:06 - [MESSAGE][PASSED] - Delayed 5 second(s)

2020-06-17 16:59:06 - [TEST_STEP][PASSED] - click(findTestObject("Rizka/Admin/Admin - Login/btnLogin2")): Object: 'Object Repository/Rizka/Admin/Admin - Login/btnLogin2' is clicked on

2020-06-17 16:59:06 - [MESSAGE][PASSED] - Object: 'Object Repository/Rizka/Admin/Admin - Login/btnLogin2' is clicked on

2020-06-17 16:59:06 - [TEST_STEP][PASSED] - delay(5): Delayed 5 second(s)

2020-06-17 16:59:11 - [MESSAGE][PASSED] - Delayed 5 second(s)

2020-06-17 16:59:11 - [MESSAGE][PASSED] - Call Test Case 'Test Cases/Christi/Admin/admin login' successfully

2020-06-17 16:59:11 - [TEST_STEP][PASSED] - delay(3): Delayed 3 second(s)

2020-06-17 16:59:14 - [MESSAGE][PASSED] - Delayed 3 second(s)

2020-06-17 16:59:14 - [TEST_STEP][PASSED] - click(findTestObject("Christi/Page_Dashboard Admin/span_Manage Slider")): Object: 'Object Repository/Christi/Page_Dashboard Admin/span_Manage Slider' is clicked on

2020-06-17 16:59:15 - [MESSAGE][PASSED] - Object: 'Object Repository/Christi/Page_Dashboard Admin/span_Manage Slider' is clicked on

2020-06-17 16:59:15 - [TEST_STEP][PASSED] - delay(3): Delayed 3 second(s)

2020-06-17 16:59:18 - [MESSAGE][PASSED] - Delayed 3 second(s)

2020-06-17 16:59:18 - [TEST_STEP][PASSED] - click(findTestObject("Object Repository/Christi/Page_Manage Sliders/button_New Slider")): Object: 'Object Repository/Christi/Page_Manage Sliders/button_New Slider' is clicked on

2020-06-17 16:59:19 - [MESSAGE][PASSED] - Object: 'Object Repository/Christi/Page_Manage Sliders/button_New Slider' is clicked on

2020-06-17 16:59:19 - [TEST_STEP][PASSED] - delay(3): Delayed 3 second(s)

2020-06-17 16:59:22 - [MESSAGE][PASSED] - Delayed 3 second(s)

2020-06-17 16:59:22 - [TEST_STEP][PASSED] - verifyElementPresent(findTestObject("Object Repository/Christi/Page_Manage Sliders/label_Add Slider"), 0): Object 'Object Repository/Christi/Page_Manage Sliders/label_Add Slider' is present

2020-06-17 16:59:22 - [MESSAGE][WARNING] - Timeout '0' is invalid. Using default page load timeout: '30'

2020-06-17 16:59:22 - [MESSAGE][PASSED] - Object 'Object Repository/Christi/Page_Manage Sliders/label_Add Slider' is present

2020-06-17 16:59:22 - [TEST_STEP][PASSED] - setText(findTestObject("Object Repository/Christi/Page_Manage Sliders/input_nama_slider"), nama_slider): Text 'Slider Service' is set on object 'Object Repository/Christi/Page_Manage Sliders/input_nama_slider'

2020-06-17 16:59:23 - [MESSAGE][PASSED] - Text 'Slider Service' is set on object 'Object Repository/Christi/Page_Manage Sliders/input_nama_slider'

2020-06-17 16:59:23 - [TEST_STEP][PASSED] - delay(3): Delayed 3 second(s)

2020-06-17 16:59:26 - [MESSAGE][PASSED] - Delayed 3 second(s)

2020-06-17 16:59:26 - [TEST_STEP][PASSED] - setText(findTestObject("Object Repository/Christi/Page_Manage Sliders/input_Section Link_txtSliderLink"), url): Text '123456789000123456789123456789000123456789' is set on object 'Object Repository/Christi/Page_Manage Sliders/input_Section Link_txtSliderLink'

2020-06-17 16:59:27 - [MESSAGE][PASSED] - Text '123456789000123456789123456789000123456789' is set on object 'Object Repository/Christi/Page_Manage Sliders/input_Section Link_txtSliderLink'

2020-06-17 16:59:27 - [TEST_STEP][PASSED] - delay(3): Delayed 3 second(s)

2020-06-17 16:59:30 - [MESSAGE][PASSED] - Delayed 3 second(s)

2020-06-17 16:59:30 - [TEST_STEP][PASSED] - if (expected == "pass"): null

2020-06-17 16:59:30 - [TEST_STEP][PASSED] - else if (expected == "fail"): Object 'Object Repository/Christi/Page_Manage Sliders/label_Add Slider' is present

2020-06-17 16:59:30 - [TEST_STEP][PASSED] - if (upload == "yes"): null

2020-06-17 16:59:30 - [TEST_STEP][PASSED] - click(findTestObject("Christi/Page_Manage Sliders/span_Confirm")): Object: 'Object Repository/Christi/Page_Manage Sliders/span_Confirm' is clicked on

2020-06-17 16:59:30 - [MESSAGE][PASSED] - Object: 'Object Repository/Christi/Page_Manage Sliders/span_Confirm' is clicked on

2020-06-17 16:59:30 - [TEST_STEP][PASSED] - delay(3): Delayed 3 second(s)

2020-06-17 16:59:33 - [MESSAGE][PASSED] - Delayed 3 second(s)

2020-06-17 16:59:33 - [TEST_STEP][PASSED] - verifyElementPresent(findTestObject("Christi/Page_Manage Sliders/label_Add Slider"), 0): Object 'Object Repository/Christi/Page_Manage Sliders/label_Add Slider' is present

2020-06-17 16:59:33 - [MESSAGE][WARNING] - Timeout '0' is invalid. Using default page load timeout: '30'

2020-06-17 16:59:33 - [MESSAGE][PASSED] - Object 'Object Repository/Christi/Page_Manage Sliders/label_Add Slider' is present

2020-06-17 16:59:33 - [TEST_STEP][PASSED] - delay(3): Delayed 3 second(s)

2020-06-17 16:59:36 - [MESSAGE][PASSED] - Delayed 3 second(s)

2020-06-17 16:59:36 - [TEST_STEP][PASSED] - closeBrowser(): Browser is closed

2020-06-17 16:59:37 - [MESSAGE][PASSED] - Browser is closed]]></system-out>
         <system-err><![CDATA[]]></system-err>
      </testcase>
      <testcase name="Test Cases/Christi/Admin/Manage Slider - new slider" time="65.4" classname="Test Cases/Christi/Admin/Manage Slider - new slider" status="PASSED">
         <system-out><![CDATA[2020-06-17 16:59:38 - [TEST_CASE][PASSED] - Test Cases/Christi/Admin/Manage Slider - new slider: Test Cases/Christi/Admin/Manage Slider - new slider

2020-06-17 16:59:38 - [TEST_STEP][PASSED] - callTestCase(findTestCase("Christi/Admin/admin login"), ["username":"11666", "password":"Password3"], STOP_ON_FAILURE): Call Test Case 'Test Cases/Christi/Admin/admin login' successfully

2020-06-17 16:59:38 - [TEST_CASE][PASSED] - Test Cases/Christi/Admin/admin login: Test Cases/Christi/Admin/admin login

2020-06-17 16:59:38 - [TEST_STEP][PASSED] - openBrowser(""): Browser is opened with url: ''

2020-06-17 16:59:38 - [MESSAGE][INFO] - Starting 'Chrome' driver

2020-06-17 16:59:42 - [MESSAGE][PASSED] - Browser is opened with url: ''

2020-06-17 16:59:42 - [TEST_STEP][PASSED] - navigateToUrl("https://appsrv1.deltadatamandiri.com/ACC_LMS_WEB/#/admNLmn"): Navigate to 'https://appsrv1.deltadatamandiri.com/ACC_LMS_WEB/#/admNLmn' successfully

2020-06-17 16:59:54 - [MESSAGE][PASSED] - Navigate to 'https://appsrv1.deltadatamandiri.com/ACC_LMS_WEB/#/admNLmn' successfully

2020-06-17 16:59:54 - [TEST_STEP][PASSED] - click(findTestObject("Christi/Page_Main/button_login")): Object: 'Object Repository/Christi/Page_Main/button_login' is clicked on

2020-06-17 16:59:59 - [MESSAGE][ERROR] - javascript error: Failed to execute 'elementsFromPoint' on 'Document': The provided double value is non-finite.
  (Session info: chrome=83.0.4103.106)
Build info: version: '3.141.59', revision: 'e82be7d358', time: '2018-11-14T08:25:53'
System info: host: 'LAPTOP-D0TPACJ1', ip: '192.168.100.227', os.name: 'Windows 10', os.arch: 'amd64', os.version: '10.0', java.version: '1.8.0_181'
Driver info: com.kms.katalon.selenium.driver.CChromeDriver
Capabilities {acceptInsecureCerts: false, browserName: chrome, browserVersion: 83.0.4103.106, chrome: {chromedriverVersion: 83.0.4103.39 (ccbf011cb2d2b..., userDataDir: C:\Users\ASUS\AppData\Local...}, goog:chromeOptions: {debuggerAddress: localhost:59078}, javascriptEnabled: true, networkConnectionEnabled: false, pageLoadStrategy: normal, platform: WINDOWS, platformName: WINDOWS, proxy: Proxy(), setWindowRect: true, strictFileInteractability: false, timeouts: {implicit: 0, pageLoad: 300000, script: 30000}, unhandledPromptBehavior: dismiss and notify, webauthn:virtualAuthenticators: true}
Session ID: db4e1ce136aa9003a9ebe071db92aa67

2020-06-17 17:00:01 - [MESSAGE][PASSED] - Object: 'Object Repository/Christi/Page_Main/button_login' is clicked on

2020-06-17 17:00:01 - [TEST_STEP][PASSED] - delay(3): Delayed 3 second(s)

2020-06-17 17:00:04 - [MESSAGE][PASSED] - Delayed 3 second(s)

2020-06-17 17:00:04 - [TEST_STEP][PASSED] - setText(findTestObject("Object Repository/Christi/Page_Main/input_NPK_username"), username): Text '11666' is set on object 'Object Repository/Christi/Page_Main/input_NPK_username'

2020-06-17 17:00:05 - [MESSAGE][PASSED] - Text '11666' is set on object 'Object Repository/Christi/Page_Main/input_NPK_username'

2020-06-17 17:00:05 - [TEST_STEP][PASSED] - setText(findTestObject("Object Repository/Christi/Page_Main/input_Password_password"), password): Text 'Password3' is set on object 'Object Repository/Christi/Page_Main/input_Password_password'

2020-06-17 17:00:05 - [MESSAGE][PASSED] - Text 'Password3' is set on object 'Object Repository/Christi/Page_Main/input_Password_password'

2020-06-17 17:00:05 - [TEST_STEP][PASSED] - delay(5): Delayed 5 second(s)

2020-06-17 17:00:10 - [MESSAGE][PASSED] - Delayed 5 second(s)

2020-06-17 17:00:10 - [TEST_STEP][PASSED] - click(findTestObject("Rizka/Admin/Admin - Login/btnLogin2")): Object: 'Object Repository/Rizka/Admin/Admin - Login/btnLogin2' is clicked on

2020-06-17 17:00:11 - [MESSAGE][PASSED] - Object: 'Object Repository/Rizka/Admin/Admin - Login/btnLogin2' is clicked on

2020-06-17 17:00:11 - [TEST_STEP][PASSED] - delay(5): Delayed 5 second(s)

2020-06-17 17:00:16 - [MESSAGE][PASSED] - Delayed 5 second(s)

2020-06-17 17:00:16 - [MESSAGE][PASSED] - Call Test Case 'Test Cases/Christi/Admin/admin login' successfully

2020-06-17 17:00:16 - [TEST_STEP][PASSED] - delay(3): Delayed 3 second(s)

2020-06-17 17:00:19 - [MESSAGE][PASSED] - Delayed 3 second(s)

2020-06-17 17:00:19 - [TEST_STEP][PASSED] - click(findTestObject("Christi/Page_Dashboard Admin/span_Manage Slider")): Object: 'Object Repository/Christi/Page_Dashboard Admin/span_Manage Slider' is clicked on

2020-06-17 17:00:19 - [MESSAGE][PASSED] - Object: 'Object Repository/Christi/Page_Dashboard Admin/span_Manage Slider' is clicked on

2020-06-17 17:00:19 - [TEST_STEP][PASSED] - delay(3): Delayed 3 second(s)

2020-06-17 17:00:23 - [MESSAGE][PASSED] - Delayed 3 second(s)

2020-06-17 17:00:23 - [TEST_STEP][PASSED] - click(findTestObject("Object Repository/Christi/Page_Manage Sliders/button_New Slider")): Object: 'Object Repository/Christi/Page_Manage Sliders/button_New Slider' is clicked on

2020-06-17 17:00:24 - [MESSAGE][PASSED] - Object: 'Object Repository/Christi/Page_Manage Sliders/button_New Slider' is clicked on

2020-06-17 17:00:24 - [TEST_STEP][PASSED] - delay(3): Delayed 3 second(s)

2020-06-17 17:00:27 - [MESSAGE][PASSED] - Delayed 3 second(s)

2020-06-17 17:00:27 - [TEST_STEP][PASSED] - verifyElementPresent(findTestObject("Object Repository/Christi/Page_Manage Sliders/label_Add Slider"), 0): Object 'Object Repository/Christi/Page_Manage Sliders/label_Add Slider' is present

2020-06-17 17:00:27 - [MESSAGE][WARNING] - Timeout '0' is invalid. Using default page load timeout: '30'

2020-06-17 17:00:27 - [MESSAGE][PASSED] - Object 'Object Repository/Christi/Page_Manage Sliders/label_Add Slider' is present

2020-06-17 17:00:27 - [TEST_STEP][PASSED] - setText(findTestObject("Object Repository/Christi/Page_Manage Sliders/input_nama_slider"), nama_slider): Text 'Slider Service' is set on object 'Object Repository/Christi/Page_Manage Sliders/input_nama_slider'

2020-06-17 17:00:28 - [MESSAGE][PASSED] - Text 'Slider Service' is set on object 'Object Repository/Christi/Page_Manage Sliders/input_nama_slider'

2020-06-17 17:00:28 - [TEST_STEP][PASSED] - delay(3): Delayed 3 second(s)

2020-06-17 17:00:31 - [MESSAGE][PASSED] - Delayed 3 second(s)

2020-06-17 17:00:31 - [TEST_STEP][PASSED] - setText(findTestObject("Object Repository/Christi/Page_Manage Sliders/input_Section Link_txtSliderLink"), url): Text 'https://appsrv1.deltadatamandiri.com/ACC_LMS_WEB/#/onlineLearningDetail?modulID=6' is set on object 'Object Repository/Christi/Page_Manage Sliders/input_Section Link_txtSliderLink'

2020-06-17 17:00:32 - [MESSAGE][PASSED] - Text 'https://appsrv1.deltadatamandiri.com/ACC_LMS_WEB/#/onlineLearningDetail?modulID=6' is set on object 'Object Repository/Christi/Page_Manage Sliders/input_Section Link_txtSliderLink'

2020-06-17 17:00:32 - [TEST_STEP][PASSED] - delay(3): Delayed 3 second(s)

2020-06-17 17:00:35 - [MESSAGE][PASSED] - Delayed 3 second(s)

2020-06-17 17:00:35 - [TEST_STEP][PASSED] - if (expected == "pass"): null

2020-06-17 17:00:35 - [TEST_STEP][PASSED] - else if (expected == "fail"): Object 'Object Repository/Christi/Page_Manage Sliders/label_Add Slider' is present

2020-06-17 17:00:35 - [TEST_STEP][PASSED] - if (upload == "yes"): Object 'Object Repository/Christi/Page_Manage Sliders_Alert/div_File size exceeded limit Max upload size is 1MB' is present

2020-06-17 17:00:35 - [TEST_STEP][PASSED] - uploadFile(findTestObject("Christi/Page_Manage Sliders/input_Icon_files"), img_slider): File 'C:\Users\ASUS\git\LearningManagementWeb\konten lms\Aristotles.jpg' sent to object: 'Object Repository/Christi/Page_Manage Sliders/input_Icon_files'

2020-06-17 17:00:35 - [MESSAGE][PASSED] - File 'C:\Users\ASUS\git\LearningManagementWeb\konten lms\Aristotles.jpg' sent to object: 'Object Repository/Christi/Page_Manage Sliders/input_Icon_files'

2020-06-17 17:00:35 - [TEST_STEP][PASSED] - if (max_image_size == "yes"): Object 'Object Repository/Christi/Page_Manage Sliders_Alert/div_File size exceeded limit Max upload size is 1MB' is present

2020-06-17 17:00:35 - [TEST_STEP][PASSED] - verifyElementPresent(findTestObject("Christi/Page_Manage Sliders_Alert/div_File size exceeded limit Max upload size is 1MB"), 1): Object 'Object Repository/Christi/Page_Manage Sliders_Alert/div_File size exceeded limit Max upload size is 1MB' is present

2020-06-17 17:00:36 - [MESSAGE][PASSED] - Object 'Object Repository/Christi/Page_Manage Sliders_Alert/div_File size exceeded limit Max upload size is 1MB' is present

2020-06-17 17:00:36 - [TEST_STEP][PASSED] - click(findTestObject("Christi/Page_Manage Sliders/span_Confirm")): Object: 'Object Repository/Christi/Page_Manage Sliders/span_Confirm' is clicked on

2020-06-17 17:00:36 - [MESSAGE][PASSED] - Object: 'Object Repository/Christi/Page_Manage Sliders/span_Confirm' is clicked on

2020-06-17 17:00:36 - [TEST_STEP][PASSED] - delay(3): Delayed 3 second(s)

2020-06-17 17:00:39 - [MESSAGE][PASSED] - Delayed 3 second(s)

2020-06-17 17:00:39 - [TEST_STEP][PASSED] - verifyElementPresent(findTestObject("Christi/Page_Manage Sliders/label_Add Slider"), 0): Object 'Object Repository/Christi/Page_Manage Sliders/label_Add Slider' is present

2020-06-17 17:00:39 - [MESSAGE][WARNING] - Timeout '0' is invalid. Using default page load timeout: '30'

2020-06-17 17:00:39 - [MESSAGE][PASSED] - Object 'Object Repository/Christi/Page_Manage Sliders/label_Add Slider' is present

2020-06-17 17:00:39 - [TEST_STEP][PASSED] - delay(3): Delayed 3 second(s)

2020-06-17 17:00:42 - [MESSAGE][PASSED] - Delayed 3 second(s)

2020-06-17 17:00:42 - [TEST_STEP][PASSED] - closeBrowser(): Browser is closed

2020-06-17 17:00:43 - [MESSAGE][PASSED] - Browser is closed]]></system-out>
         <system-err><![CDATA[]]></system-err>
      </testcase>
      <testcase name="Test Cases/Christi/Admin/Manage Slider - new slider" time="65.743" classname="Test Cases/Christi/Admin/Manage Slider - new slider" status="PASSED">
         <system-out><![CDATA[2020-06-17 17:00:43 - [TEST_CASE][PASSED] - Test Cases/Christi/Admin/Manage Slider - new slider: Test Cases/Christi/Admin/Manage Slider - new slider

2020-06-17 17:00:43 - [TEST_STEP][PASSED] - callTestCase(findTestCase("Christi/Admin/admin login"), ["username":"11666", "password":"Password3"], STOP_ON_FAILURE): Call Test Case 'Test Cases/Christi/Admin/admin login' successfully

2020-06-17 17:00:43 - [TEST_CASE][PASSED] - Test Cases/Christi/Admin/admin login: Test Cases/Christi/Admin/admin login

2020-06-17 17:00:43 - [TEST_STEP][PASSED] - openBrowser(""): Browser is opened with url: ''

2020-06-17 17:00:43 - [MESSAGE][INFO] - Starting 'Chrome' driver

2020-06-17 17:00:46 - [MESSAGE][PASSED] - Browser is opened with url: ''

2020-06-17 17:00:46 - [TEST_STEP][PASSED] - navigateToUrl("https://appsrv1.deltadatamandiri.com/ACC_LMS_WEB/#/admNLmn"): Navigate to 'https://appsrv1.deltadatamandiri.com/ACC_LMS_WEB/#/admNLmn' successfully

2020-06-17 17:01:01 - [MESSAGE][PASSED] - Navigate to 'https://appsrv1.deltadatamandiri.com/ACC_LMS_WEB/#/admNLmn' successfully

2020-06-17 17:01:01 - [TEST_STEP][PASSED] - click(findTestObject("Christi/Page_Main/button_login")): Object: 'Object Repository/Christi/Page_Main/button_login' is clicked on

2020-06-17 17:01:07 - [MESSAGE][ERROR] - javascript error: Failed to execute 'elementsFromPoint' on 'Document': The provided double value is non-finite.
  (Session info: chrome=83.0.4103.106)
Build info: version: '3.141.59', revision: 'e82be7d358', time: '2018-11-14T08:25:53'
System info: host: 'LAPTOP-D0TPACJ1', ip: '192.168.100.227', os.name: 'Windows 10', os.arch: 'amd64', os.version: '10.0', java.version: '1.8.0_181'
Driver info: com.kms.katalon.selenium.driver.CChromeDriver
Capabilities {acceptInsecureCerts: false, browserName: chrome, browserVersion: 83.0.4103.106, chrome: {chromedriverVersion: 83.0.4103.39 (ccbf011cb2d2b..., userDataDir: C:\Users\ASUS\AppData\Local...}, goog:chromeOptions: {debuggerAddress: localhost:59182}, javascriptEnabled: true, networkConnectionEnabled: false, pageLoadStrategy: normal, platform: WINDOWS, platformName: WINDOWS, proxy: Proxy(), setWindowRect: true, strictFileInteractability: false, timeouts: {implicit: 0, pageLoad: 300000, script: 30000}, unhandledPromptBehavior: dismiss and notify, webauthn:virtualAuthenticators: true}
Session ID: dc3957ed41b473963dc41f40f6cf2d69

2020-06-17 17:01:08 - [MESSAGE][PASSED] - Object: 'Object Repository/Christi/Page_Main/button_login' is clicked on

2020-06-17 17:01:08 - [TEST_STEP][PASSED] - delay(3): Delayed 3 second(s)

2020-06-17 17:01:11 - [MESSAGE][PASSED] - Delayed 3 second(s)

2020-06-17 17:01:11 - [TEST_STEP][PASSED] - setText(findTestObject("Object Repository/Christi/Page_Main/input_NPK_username"), username): Text '11666' is set on object 'Object Repository/Christi/Page_Main/input_NPK_username'

2020-06-17 17:01:11 - [MESSAGE][PASSED] - Text '11666' is set on object 'Object Repository/Christi/Page_Main/input_NPK_username'

2020-06-17 17:01:11 - [TEST_STEP][PASSED] - setText(findTestObject("Object Repository/Christi/Page_Main/input_Password_password"), password): Text 'Password3' is set on object 'Object Repository/Christi/Page_Main/input_Password_password'

2020-06-17 17:01:12 - [MESSAGE][PASSED] - Text 'Password3' is set on object 'Object Repository/Christi/Page_Main/input_Password_password'

2020-06-17 17:01:12 - [TEST_STEP][PASSED] - delay(5): Delayed 5 second(s)

2020-06-17 17:01:17 - [MESSAGE][PASSED] - Delayed 5 second(s)

2020-06-17 17:01:17 - [TEST_STEP][PASSED] - click(findTestObject("Rizka/Admin/Admin - Login/btnLogin2")): Object: 'Object Repository/Rizka/Admin/Admin - Login/btnLogin2' is clicked on

2020-06-17 17:01:17 - [MESSAGE][PASSED] - Object: 'Object Repository/Rizka/Admin/Admin - Login/btnLogin2' is clicked on

2020-06-17 17:01:17 - [TEST_STEP][PASSED] - delay(5): Delayed 5 second(s)

2020-06-17 17:01:22 - [MESSAGE][PASSED] - Delayed 5 second(s)

2020-06-17 17:01:22 - [MESSAGE][PASSED] - Call Test Case 'Test Cases/Christi/Admin/admin login' successfully

2020-06-17 17:01:22 - [TEST_STEP][PASSED] - delay(3): Delayed 3 second(s)

2020-06-17 17:01:25 - [MESSAGE][PASSED] - Delayed 3 second(s)

2020-06-17 17:01:25 - [TEST_STEP][PASSED] - click(findTestObject("Christi/Page_Dashboard Admin/span_Manage Slider")): Object: 'Object Repository/Christi/Page_Dashboard Admin/span_Manage Slider' is clicked on

2020-06-17 17:01:26 - [MESSAGE][PASSED] - Object: 'Object Repository/Christi/Page_Dashboard Admin/span_Manage Slider' is clicked on

2020-06-17 17:01:26 - [TEST_STEP][PASSED] - delay(3): Delayed 3 second(s)

2020-06-17 17:01:29 - [MESSAGE][PASSED] - Delayed 3 second(s)

2020-06-17 17:01:29 - [TEST_STEP][PASSED] - click(findTestObject("Object Repository/Christi/Page_Manage Sliders/button_New Slider")): Object: 'Object Repository/Christi/Page_Manage Sliders/button_New Slider' is clicked on

2020-06-17 17:01:30 - [MESSAGE][PASSED] - Object: 'Object Repository/Christi/Page_Manage Sliders/button_New Slider' is clicked on

2020-06-17 17:01:30 - [TEST_STEP][PASSED] - delay(3): Delayed 3 second(s)

2020-06-17 17:01:33 - [MESSAGE][PASSED] - Delayed 3 second(s)

2020-06-17 17:01:33 - [TEST_STEP][PASSED] - verifyElementPresent(findTestObject("Object Repository/Christi/Page_Manage Sliders/label_Add Slider"), 0): Object 'Object Repository/Christi/Page_Manage Sliders/label_Add Slider' is present

2020-06-17 17:01:33 - [MESSAGE][WARNING] - Timeout '0' is invalid. Using default page load timeout: '30'

2020-06-17 17:01:33 - [MESSAGE][PASSED] - Object 'Object Repository/Christi/Page_Manage Sliders/label_Add Slider' is present

2020-06-17 17:01:33 - [TEST_STEP][PASSED] - setText(findTestObject("Object Repository/Christi/Page_Manage Sliders/input_nama_slider"), nama_slider): Text 'Slider Service' is set on object 'Object Repository/Christi/Page_Manage Sliders/input_nama_slider'

2020-06-17 17:01:34 - [MESSAGE][PASSED] - Text 'Slider Service' is set on object 'Object Repository/Christi/Page_Manage Sliders/input_nama_slider'

2020-06-17 17:01:34 - [TEST_STEP][PASSED] - delay(3): Delayed 3 second(s)

2020-06-17 17:01:37 - [MESSAGE][PASSED] - Delayed 3 second(s)

2020-06-17 17:01:37 - [TEST_STEP][PASSED] - setText(findTestObject("Object Repository/Christi/Page_Manage Sliders/input_Section Link_txtSliderLink"), url): Text 'https://appsrv1.deltadatamandiri.com/ACC_LMS_WEB/#/onlineLearningDetail?modulID=6' is set on object 'Object Repository/Christi/Page_Manage Sliders/input_Section Link_txtSliderLink'

2020-06-17 17:01:38 - [MESSAGE][PASSED] - Text 'https://appsrv1.deltadatamandiri.com/ACC_LMS_WEB/#/onlineLearningDetail?modulID=6' is set on object 'Object Repository/Christi/Page_Manage Sliders/input_Section Link_txtSliderLink'

2020-06-17 17:01:38 - [TEST_STEP][PASSED] - delay(3): Delayed 3 second(s)

2020-06-17 17:01:41 - [MESSAGE][PASSED] - Delayed 3 second(s)

2020-06-17 17:01:41 - [TEST_STEP][PASSED] - if (expected == "pass"): null

2020-06-17 17:01:41 - [TEST_STEP][PASSED] - else if (expected == "fail"): Object 'Object Repository/Christi/Page_Manage Sliders/label_Add Slider' is present

2020-06-17 17:01:41 - [TEST_STEP][PASSED] - if (upload == "yes"): Object 'Object Repository/Christi/Page_Manage Sliders_Alert/div_Expected file extension is jpegjpgpngtiff' is present

2020-06-17 17:01:41 - [TEST_STEP][PASSED] - uploadFile(findTestObject("Christi/Page_Manage Sliders/input_Icon_files"), img_slider): File 'C:\Users\ASUS\git\LearningManagementWeb\konten lms\01. What Business Are we in.pdf' sent to object: 'Object Repository/Christi/Page_Manage Sliders/input_Icon_files'

2020-06-17 17:01:41 - [MESSAGE][PASSED] - File 'C:\Users\ASUS\git\LearningManagementWeb\konten lms\01. What Business Are we in.pdf' sent to object: 'Object Repository/Christi/Page_Manage Sliders/input_Icon_files'

2020-06-17 17:01:41 - [TEST_STEP][PASSED] - if (max_image_size == "yes"): null

2020-06-17 17:01:41 - [TEST_STEP][PASSED] - else if (img_file_invalid == "yes"): Object 'Object Repository/Christi/Page_Manage Sliders_Alert/div_Expected file extension is jpegjpgpngtiff' is present

2020-06-17 17:01:41 - [TEST_STEP][PASSED] - verifyElementPresent(findTestObject("Christi/Page_Manage Sliders_Alert/div_Expected file extension is jpegjpgpngtiff"), 1): Object 'Object Repository/Christi/Page_Manage Sliders_Alert/div_Expected file extension is jpegjpgpngtiff' is present

2020-06-17 17:01:41 - [MESSAGE][PASSED] - Object 'Object Repository/Christi/Page_Manage Sliders_Alert/div_Expected file extension is jpegjpgpngtiff' is present

2020-06-17 17:01:41 - [TEST_STEP][PASSED] - click(findTestObject("Christi/Page_Manage Sliders/span_Confirm")): Object: 'Object Repository/Christi/Page_Manage Sliders/span_Confirm' is clicked on

2020-06-17 17:01:42 - [MESSAGE][PASSED] - Object: 'Object Repository/Christi/Page_Manage Sliders/span_Confirm' is clicked on

2020-06-17 17:01:42 - [TEST_STEP][PASSED] - delay(3): Delayed 3 second(s)

2020-06-17 17:01:45 - [MESSAGE][PASSED] - Delayed 3 second(s)

2020-06-17 17:01:45 - [TEST_STEP][PASSED] - verifyElementPresent(findTestObject("Christi/Page_Manage Sliders/label_Add Slider"), 0): Object 'Object Repository/Christi/Page_Manage Sliders/label_Add Slider' is present

2020-06-17 17:01:45 - [MESSAGE][WARNING] - Timeout '0' is invalid. Using default page load timeout: '30'

2020-06-17 17:01:45 - [MESSAGE][PASSED] - Object 'Object Repository/Christi/Page_Manage Sliders/label_Add Slider' is present

2020-06-17 17:01:45 - [TEST_STEP][PASSED] - delay(3): Delayed 3 second(s)

2020-06-17 17:01:48 - [MESSAGE][PASSED] - Delayed 3 second(s)

2020-06-17 17:01:48 - [TEST_STEP][PASSED] - closeBrowser(): Browser is closed

2020-06-17 17:01:49 - [MESSAGE][PASSED] - Browser is closed]]></system-out>
         <system-err><![CDATA[]]></system-err>
      </testcase>
      <testcase name="Test Cases/Christi/Admin/Manage Slider - new slider" time="62.835" classname="Test Cases/Christi/Admin/Manage Slider - new slider" status="PASSED">
         <system-out><![CDATA[2020-06-17 17:01:49 - [TEST_CASE][PASSED] - Test Cases/Christi/Admin/Manage Slider - new slider: Test Cases/Christi/Admin/Manage Slider - new slider

2020-06-17 17:01:49 - [TEST_STEP][PASSED] - callTestCase(findTestCase("Christi/Admin/admin login"), ["username":"11666", "password":"Password3"], STOP_ON_FAILURE): Call Test Case 'Test Cases/Christi/Admin/admin login' successfully

2020-06-17 17:01:49 - [TEST_CASE][PASSED] - Test Cases/Christi/Admin/admin login: Test Cases/Christi/Admin/admin login

2020-06-17 17:01:49 - [TEST_STEP][PASSED] - openBrowser(""): Browser is opened with url: ''

2020-06-17 17:01:49 - [MESSAGE][INFO] - Starting 'Chrome' driver

2020-06-17 17:01:52 - [MESSAGE][PASSED] - Browser is opened with url: ''

2020-06-17 17:01:52 - [TEST_STEP][PASSED] - navigateToUrl("https://appsrv1.deltadatamandiri.com/ACC_LMS_WEB/#/admNLmn"): Navigate to 'https://appsrv1.deltadatamandiri.com/ACC_LMS_WEB/#/admNLmn' successfully

2020-06-17 17:02:01 - [MESSAGE][PASSED] - Navigate to 'https://appsrv1.deltadatamandiri.com/ACC_LMS_WEB/#/admNLmn' successfully

2020-06-17 17:02:01 - [TEST_STEP][PASSED] - click(findTestObject("Christi/Page_Main/button_login")): Object: 'Object Repository/Christi/Page_Main/button_login' is clicked on

2020-06-17 17:02:05 - [MESSAGE][PASSED] - Object: 'Object Repository/Christi/Page_Main/button_login' is clicked on

2020-06-17 17:02:05 - [TEST_STEP][PASSED] - delay(3): Delayed 3 second(s)

2020-06-17 17:02:08 - [MESSAGE][PASSED] - Delayed 3 second(s)

2020-06-17 17:02:08 - [TEST_STEP][PASSED] - setText(findTestObject("Object Repository/Christi/Page_Main/input_NPK_username"), username): Text '11666' is set on object 'Object Repository/Christi/Page_Main/input_NPK_username'

2020-06-17 17:02:09 - [MESSAGE][PASSED] - Text '11666' is set on object 'Object Repository/Christi/Page_Main/input_NPK_username'

2020-06-17 17:02:09 - [TEST_STEP][PASSED] - setText(findTestObject("Object Repository/Christi/Page_Main/input_Password_password"), password): Text 'Password3' is set on object 'Object Repository/Christi/Page_Main/input_Password_password'

2020-06-17 17:02:09 - [MESSAGE][PASSED] - Text 'Password3' is set on object 'Object Repository/Christi/Page_Main/input_Password_password'

2020-06-17 17:02:09 - [TEST_STEP][PASSED] - delay(5): Delayed 5 second(s)

2020-06-17 17:02:14 - [MESSAGE][PASSED] - Delayed 5 second(s)

2020-06-17 17:02:14 - [TEST_STEP][PASSED] - click(findTestObject("Rizka/Admin/Admin - Login/btnLogin2")): Object: 'Object Repository/Rizka/Admin/Admin - Login/btnLogin2' is clicked on

2020-06-17 17:02:15 - [MESSAGE][PASSED] - Object: 'Object Repository/Rizka/Admin/Admin - Login/btnLogin2' is clicked on

2020-06-17 17:02:15 - [TEST_STEP][PASSED] - delay(5): Delayed 5 second(s)

2020-06-17 17:02:20 - [MESSAGE][PASSED] - Delayed 5 second(s)

2020-06-17 17:02:20 - [MESSAGE][PASSED] - Call Test Case 'Test Cases/Christi/Admin/admin login' successfully

2020-06-17 17:02:20 - [TEST_STEP][PASSED] - delay(3): Delayed 3 second(s)

2020-06-17 17:02:23 - [MESSAGE][PASSED] - Delayed 3 second(s)

2020-06-17 17:02:23 - [TEST_STEP][PASSED] - click(findTestObject("Christi/Page_Dashboard Admin/span_Manage Slider")): Object: 'Object Repository/Christi/Page_Dashboard Admin/span_Manage Slider' is clicked on

2020-06-17 17:02:23 - [MESSAGE][PASSED] - Object: 'Object Repository/Christi/Page_Dashboard Admin/span_Manage Slider' is clicked on

2020-06-17 17:02:23 - [TEST_STEP][PASSED] - delay(3): Delayed 3 second(s)

2020-06-17 17:02:26 - [MESSAGE][PASSED] - Delayed 3 second(s)

2020-06-17 17:02:26 - [TEST_STEP][PASSED] - click(findTestObject("Object Repository/Christi/Page_Manage Sliders/button_New Slider")): Object: 'Object Repository/Christi/Page_Manage Sliders/button_New Slider' is clicked on

2020-06-17 17:02:27 - [MESSAGE][PASSED] - Object: 'Object Repository/Christi/Page_Manage Sliders/button_New Slider' is clicked on

2020-06-17 17:02:27 - [TEST_STEP][PASSED] - delay(3): Delayed 3 second(s)

2020-06-17 17:02:30 - [MESSAGE][PASSED] - Delayed 3 second(s)

2020-06-17 17:02:30 - [TEST_STEP][PASSED] - verifyElementPresent(findTestObject("Object Repository/Christi/Page_Manage Sliders/label_Add Slider"), 0): Object 'Object Repository/Christi/Page_Manage Sliders/label_Add Slider' is present

2020-06-17 17:02:30 - [MESSAGE][WARNING] - Timeout '0' is invalid. Using default page load timeout: '30'

2020-06-17 17:02:31 - [MESSAGE][PASSED] - Object 'Object Repository/Christi/Page_Manage Sliders/label_Add Slider' is present

2020-06-17 17:02:31 - [TEST_STEP][PASSED] - setText(findTestObject("Object Repository/Christi/Page_Manage Sliders/input_nama_slider"), nama_slider): Text '' is set on object 'Object Repository/Christi/Page_Manage Sliders/input_nama_slider'

2020-06-17 17:02:31 - [MESSAGE][PASSED] - Text '' is set on object 'Object Repository/Christi/Page_Manage Sliders/input_nama_slider'

2020-06-17 17:02:31 - [TEST_STEP][PASSED] - delay(3): Delayed 3 second(s)

2020-06-17 17:02:34 - [MESSAGE][PASSED] - Delayed 3 second(s)

2020-06-17 17:02:34 - [TEST_STEP][PASSED] - setText(findTestObject("Object Repository/Christi/Page_Manage Sliders/input_Section Link_txtSliderLink"), url): Text 'https://appsrv1.deltadatamandiri.com/ACC_LMS_WEB/#/onlineLearningDetail?modulID=6' is set on object 'Object Repository/Christi/Page_Manage Sliders/input_Section Link_txtSliderLink'

2020-06-17 17:02:35 - [MESSAGE][PASSED] - Text 'https://appsrv1.deltadatamandiri.com/ACC_LMS_WEB/#/onlineLearningDetail?modulID=6' is set on object 'Object Repository/Christi/Page_Manage Sliders/input_Section Link_txtSliderLink'

2020-06-17 17:02:35 - [TEST_STEP][PASSED] - delay(3): Delayed 3 second(s)

2020-06-17 17:02:38 - [MESSAGE][PASSED] - Delayed 3 second(s)

2020-06-17 17:02:38 - [TEST_STEP][PASSED] - if (expected == "pass"): null

2020-06-17 17:02:38 - [TEST_STEP][PASSED] - else if (expected == "fail"): Object 'Object Repository/Christi/Page_Manage Sliders/label_Add Slider' is present

2020-06-17 17:02:38 - [TEST_STEP][PASSED] - if (upload == "yes"): null

2020-06-17 17:02:38 - [TEST_STEP][PASSED] - uploadFile(findTestObject("Christi/Page_Manage Sliders/input_Icon_files"), img_slider): File 'C:\Users\ASUS\git\LearningManagementWeb\konten lms\WhatsApp Image 2020-02-20 at 08.37.35 (1).jpeg' sent to object: 'Object Repository/Christi/Page_Manage Sliders/input_Icon_files'

2020-06-17 17:02:39 - [MESSAGE][PASSED] - File 'C:\Users\ASUS\git\LearningManagementWeb\konten lms\WhatsApp Image 2020-02-20 at 08.37.35 (1).jpeg' sent to object: 'Object Repository/Christi/Page_Manage Sliders/input_Icon_files'

2020-06-17 17:02:39 - [TEST_STEP][PASSED] - if (max_image_size == "yes"): null

2020-06-17 17:02:39 - [TEST_STEP][PASSED] - click(findTestObject("Christi/Page_Manage Sliders/span_Confirm")): Object: 'Object Repository/Christi/Page_Manage Sliders/span_Confirm' is clicked on

2020-06-17 17:02:45 - [MESSAGE][PASSED] - Object: 'Object Repository/Christi/Page_Manage Sliders/span_Confirm' is clicked on

2020-06-17 17:02:45 - [TEST_STEP][PASSED] - delay(3): Delayed 3 second(s)

2020-06-17 17:02:48 - [MESSAGE][PASSED] - Delayed 3 second(s)

2020-06-17 17:02:48 - [TEST_STEP][PASSED] - verifyElementPresent(findTestObject("Christi/Page_Manage Sliders/label_Add Slider"), 0): Object 'Object Repository/Christi/Page_Manage Sliders/label_Add Slider' is present

2020-06-17 17:02:48 - [MESSAGE][WARNING] - Timeout '0' is invalid. Using default page load timeout: '30'

2020-06-17 17:02:48 - [MESSAGE][PASSED] - Object 'Object Repository/Christi/Page_Manage Sliders/label_Add Slider' is present

2020-06-17 17:02:48 - [TEST_STEP][PASSED] - delay(3): Delayed 3 second(s)

2020-06-17 17:02:51 - [MESSAGE][PASSED] - Delayed 3 second(s)

2020-06-17 17:02:51 - [TEST_STEP][PASSED] - closeBrowser(): Browser is closed

2020-06-17 17:02:52 - [MESSAGE][PASSED] - Browser is closed]]></system-out>
         <system-err><![CDATA[]]></system-err>
      </testcase>
      <testcase name="Test Cases/Christi/Admin/Manage Slider - new slider" time="63.653" classname="Test Cases/Christi/Admin/Manage Slider - new slider" status="PASSED">
         <system-out><![CDATA[2020-06-17 17:02:52 - [TEST_CASE][PASSED] - Test Cases/Christi/Admin/Manage Slider - new slider: Test Cases/Christi/Admin/Manage Slider - new slider

2020-06-17 17:02:52 - [TEST_STEP][PASSED] - callTestCase(findTestCase("Christi/Admin/admin login"), ["username":"11666", "password":"Password3"], STOP_ON_FAILURE): Call Test Case 'Test Cases/Christi/Admin/admin login' successfully

2020-06-17 17:02:52 - [TEST_CASE][PASSED] - Test Cases/Christi/Admin/admin login: Test Cases/Christi/Admin/admin login

2020-06-17 17:02:52 - [TEST_STEP][PASSED] - openBrowser(""): Browser is opened with url: ''

2020-06-17 17:02:52 - [MESSAGE][INFO] - Starting 'Chrome' driver

2020-06-17 17:02:55 - [MESSAGE][PASSED] - Browser is opened with url: ''

2020-06-17 17:02:55 - [TEST_STEP][PASSED] - navigateToUrl("https://appsrv1.deltadatamandiri.com/ACC_LMS_WEB/#/admNLmn"): Navigate to 'https://appsrv1.deltadatamandiri.com/ACC_LMS_WEB/#/admNLmn' successfully

2020-06-17 17:03:03 - [MESSAGE][PASSED] - Navigate to 'https://appsrv1.deltadatamandiri.com/ACC_LMS_WEB/#/admNLmn' successfully

2020-06-17 17:03:03 - [TEST_STEP][PASSED] - click(findTestObject("Christi/Page_Main/button_login")): Object: 'Object Repository/Christi/Page_Main/button_login' is clicked on

2020-06-17 17:03:08 - [MESSAGE][ERROR] - javascript error: Failed to execute 'elementsFromPoint' on 'Document': The provided double value is non-finite.
  (Session info: chrome=83.0.4103.106)
Build info: version: '3.141.59', revision: 'e82be7d358', time: '2018-11-14T08:25:53'
System info: host: 'LAPTOP-D0TPACJ1', ip: '192.168.100.227', os.name: 'Windows 10', os.arch: 'amd64', os.version: '10.0', java.version: '1.8.0_181'
Driver info: com.kms.katalon.selenium.driver.CChromeDriver
Capabilities {acceptInsecureCerts: false, browserName: chrome, browserVersion: 83.0.4103.106, chrome: {chromedriverVersion: 83.0.4103.39 (ccbf011cb2d2b..., userDataDir: C:\Users\ASUS\AppData\Local...}, goog:chromeOptions: {debuggerAddress: localhost:59316}, javascriptEnabled: true, networkConnectionEnabled: false, pageLoadStrategy: normal, platform: WINDOWS, platformName: WINDOWS, proxy: Proxy(), setWindowRect: true, strictFileInteractability: false, timeouts: {implicit: 0, pageLoad: 300000, script: 30000}, unhandledPromptBehavior: dismiss and notify, webauthn:virtualAuthenticators: true}
Session ID: 74bb4a26d5c93f712ab26cd09d246ee8

2020-06-17 17:03:09 - [MESSAGE][PASSED] - Object: 'Object Repository/Christi/Page_Main/button_login' is clicked on

2020-06-17 17:03:09 - [TEST_STEP][PASSED] - delay(3): Delayed 3 second(s)

2020-06-17 17:03:12 - [MESSAGE][PASSED] - Delayed 3 second(s)

2020-06-17 17:03:12 - [TEST_STEP][PASSED] - setText(findTestObject("Object Repository/Christi/Page_Main/input_NPK_username"), username): Text '11666' is set on object 'Object Repository/Christi/Page_Main/input_NPK_username'

2020-06-17 17:03:13 - [MESSAGE][PASSED] - Text '11666' is set on object 'Object Repository/Christi/Page_Main/input_NPK_username'

2020-06-17 17:03:13 - [TEST_STEP][PASSED] - setText(findTestObject("Object Repository/Christi/Page_Main/input_Password_password"), password): Text 'Password3' is set on object 'Object Repository/Christi/Page_Main/input_Password_password'

2020-06-17 17:03:13 - [MESSAGE][PASSED] - Text 'Password3' is set on object 'Object Repository/Christi/Page_Main/input_Password_password'

2020-06-17 17:03:13 - [TEST_STEP][PASSED] - delay(5): Delayed 5 second(s)

2020-06-17 17:03:18 - [MESSAGE][PASSED] - Delayed 5 second(s)

2020-06-17 17:03:18 - [TEST_STEP][PASSED] - click(findTestObject("Rizka/Admin/Admin - Login/btnLogin2")): Object: 'Object Repository/Rizka/Admin/Admin - Login/btnLogin2' is clicked on

2020-06-17 17:03:19 - [MESSAGE][PASSED] - Object: 'Object Repository/Rizka/Admin/Admin - Login/btnLogin2' is clicked on

2020-06-17 17:03:19 - [TEST_STEP][PASSED] - delay(5): Delayed 5 second(s)

2020-06-17 17:03:24 - [MESSAGE][PASSED] - Delayed 5 second(s)

2020-06-17 17:03:24 - [MESSAGE][PASSED] - Call Test Case 'Test Cases/Christi/Admin/admin login' successfully

2020-06-17 17:03:24 - [TEST_STEP][PASSED] - delay(3): Delayed 3 second(s)

2020-06-17 17:03:27 - [MESSAGE][PASSED] - Delayed 3 second(s)

2020-06-17 17:03:27 - [TEST_STEP][PASSED] - click(findTestObject("Christi/Page_Dashboard Admin/span_Manage Slider")): Object: 'Object Repository/Christi/Page_Dashboard Admin/span_Manage Slider' is clicked on

2020-06-17 17:03:27 - [MESSAGE][PASSED] - Object: 'Object Repository/Christi/Page_Dashboard Admin/span_Manage Slider' is clicked on

2020-06-17 17:03:27 - [TEST_STEP][PASSED] - delay(3): Delayed 3 second(s)

2020-06-17 17:03:30 - [MESSAGE][PASSED] - Delayed 3 second(s)

2020-06-17 17:03:30 - [TEST_STEP][PASSED] - click(findTestObject("Object Repository/Christi/Page_Manage Sliders/button_New Slider")): Object: 'Object Repository/Christi/Page_Manage Sliders/button_New Slider' is clicked on

2020-06-17 17:03:33 - [MESSAGE][PASSED] - Object: 'Object Repository/Christi/Page_Manage Sliders/button_New Slider' is clicked on

2020-06-17 17:03:33 - [TEST_STEP][PASSED] - delay(3): Delayed 3 second(s)

2020-06-17 17:03:36 - [MESSAGE][PASSED] - Delayed 3 second(s)

2020-06-17 17:03:36 - [TEST_STEP][PASSED] - verifyElementPresent(findTestObject("Object Repository/Christi/Page_Manage Sliders/label_Add Slider"), 0): Object 'Object Repository/Christi/Page_Manage Sliders/label_Add Slider' is present

2020-06-17 17:03:36 - [MESSAGE][WARNING] - Timeout '0' is invalid. Using default page load timeout: '30'

2020-06-17 17:03:36 - [MESSAGE][PASSED] - Object 'Object Repository/Christi/Page_Manage Sliders/label_Add Slider' is present

2020-06-17 17:03:36 - [TEST_STEP][PASSED] - setText(findTestObject("Object Repository/Christi/Page_Manage Sliders/input_nama_slider"), nama_slider): Text 'Slider Service' is set on object 'Object Repository/Christi/Page_Manage Sliders/input_nama_slider'

2020-06-17 17:03:37 - [MESSAGE][PASSED] - Text 'Slider Service' is set on object 'Object Repository/Christi/Page_Manage Sliders/input_nama_slider'

2020-06-17 17:03:37 - [TEST_STEP][PASSED] - delay(3): Delayed 3 second(s)

2020-06-17 17:03:40 - [MESSAGE][PASSED] - Delayed 3 second(s)

2020-06-17 17:03:40 - [TEST_STEP][PASSED] - setText(findTestObject("Object Repository/Christi/Page_Manage Sliders/input_Section Link_txtSliderLink"), url): Text '' is set on object 'Object Repository/Christi/Page_Manage Sliders/input_Section Link_txtSliderLink'

2020-06-17 17:03:40 - [MESSAGE][PASSED] - Text '' is set on object 'Object Repository/Christi/Page_Manage Sliders/input_Section Link_txtSliderLink'

2020-06-17 17:03:40 - [TEST_STEP][PASSED] - delay(3): Delayed 3 second(s)

2020-06-17 17:03:43 - [MESSAGE][PASSED] - Delayed 3 second(s)

2020-06-17 17:03:43 - [TEST_STEP][PASSED] - if (expected == "pass"): null

2020-06-17 17:03:43 - [TEST_STEP][PASSED] - else if (expected == "fail"): Object 'Object Repository/Christi/Page_Manage Sliders/label_Add Slider' is present

2020-06-17 17:03:43 - [TEST_STEP][PASSED] - if (upload == "yes"): null

2020-06-17 17:03:43 - [TEST_STEP][PASSED] - uploadFile(findTestObject("Christi/Page_Manage Sliders/input_Icon_files"), img_slider): File 'C:\Users\ASUS\git\LearningManagementWeb\konten lms\WhatsApp Image 2020-02-20 at 08.37.35 (1).jpeg' sent to object: 'Object Repository/Christi/Page_Manage Sliders/input_Icon_files'

2020-06-17 17:03:44 - [MESSAGE][PASSED] - File 'C:\Users\ASUS\git\LearningManagementWeb\konten lms\WhatsApp Image 2020-02-20 at 08.37.35 (1).jpeg' sent to object: 'Object Repository/Christi/Page_Manage Sliders/input_Icon_files'

2020-06-17 17:03:44 - [TEST_STEP][PASSED] - if (max_image_size == "yes"): null

2020-06-17 17:03:44 - [TEST_STEP][PASSED] - click(findTestObject("Christi/Page_Manage Sliders/span_Confirm")): Object: 'Object Repository/Christi/Page_Manage Sliders/span_Confirm' is clicked on

2020-06-17 17:03:49 - [MESSAGE][PASSED] - Object: 'Object Repository/Christi/Page_Manage Sliders/span_Confirm' is clicked on

2020-06-17 17:03:49 - [TEST_STEP][PASSED] - delay(3): Delayed 3 second(s)

2020-06-17 17:03:52 - [MESSAGE][PASSED] - Delayed 3 second(s)

2020-06-17 17:03:52 - [TEST_STEP][PASSED] - verifyElementPresent(findTestObject("Christi/Page_Manage Sliders/label_Add Slider"), 0): Object 'Object Repository/Christi/Page_Manage Sliders/label_Add Slider' is present

2020-06-17 17:03:52 - [MESSAGE][WARNING] - Timeout '0' is invalid. Using default page load timeout: '30'

2020-06-17 17:03:52 - [MESSAGE][PASSED] - Object 'Object Repository/Christi/Page_Manage Sliders/label_Add Slider' is present

2020-06-17 17:03:52 - [TEST_STEP][PASSED] - delay(3): Delayed 3 second(s)

2020-06-17 17:03:55 - [MESSAGE][PASSED] - Delayed 3 second(s)

2020-06-17 17:03:55 - [TEST_STEP][PASSED] - closeBrowser(): Browser is closed

2020-06-17 17:03:56 - [MESSAGE][PASSED] - Browser is closed]]></system-out>
         <system-err><![CDATA[]]></system-err>
      </testcase>
      <testcase name="Test Cases/Christi/Admin/Manage Slider - new slider" time="60.721" classname="Test Cases/Christi/Admin/Manage Slider - new slider" status="PASSED">
         <system-out><![CDATA[2020-06-17 17:03:56 - [TEST_CASE][PASSED] - Test Cases/Christi/Admin/Manage Slider - new slider: Test Cases/Christi/Admin/Manage Slider - new slider

2020-06-17 17:03:56 - [TEST_STEP][PASSED] - callTestCase(findTestCase("Christi/Admin/admin login"), ["username":"11666", "password":"Password3"], STOP_ON_FAILURE): Call Test Case 'Test Cases/Christi/Admin/admin login' successfully

2020-06-17 17:03:56 - [TEST_CASE][PASSED] - Test Cases/Christi/Admin/admin login: Test Cases/Christi/Admin/admin login

2020-06-17 17:03:56 - [TEST_STEP][PASSED] - openBrowser(""): Browser is opened with url: ''

2020-06-17 17:03:56 - [MESSAGE][INFO] - Starting 'Chrome' driver

2020-06-17 17:03:59 - [MESSAGE][PASSED] - Browser is opened with url: ''

2020-06-17 17:03:59 - [TEST_STEP][PASSED] - navigateToUrl("https://appsrv1.deltadatamandiri.com/ACC_LMS_WEB/#/admNLmn"): Navigate to 'https://appsrv1.deltadatamandiri.com/ACC_LMS_WEB/#/admNLmn' successfully

2020-06-17 17:04:08 - [MESSAGE][PASSED] - Navigate to 'https://appsrv1.deltadatamandiri.com/ACC_LMS_WEB/#/admNLmn' successfully

2020-06-17 17:04:08 - [TEST_STEP][PASSED] - click(findTestObject("Christi/Page_Main/button_login")): Object: 'Object Repository/Christi/Page_Main/button_login' is clicked on

2020-06-17 17:04:12 - [MESSAGE][ERROR] - javascript error: Failed to execute 'elementsFromPoint' on 'Document': The provided double value is non-finite.
  (Session info: chrome=83.0.4103.106)
Build info: version: '3.141.59', revision: 'e82be7d358', time: '2018-11-14T08:25:53'
System info: host: 'LAPTOP-D0TPACJ1', ip: '192.168.100.227', os.name: 'Windows 10', os.arch: 'amd64', os.version: '10.0', java.version: '1.8.0_181'
Driver info: com.kms.katalon.selenium.driver.CChromeDriver
Capabilities {acceptInsecureCerts: false, browserName: chrome, browserVersion: 83.0.4103.106, chrome: {chromedriverVersion: 83.0.4103.39 (ccbf011cb2d2b..., userDataDir: C:\Users\ASUS\AppData\Local...}, goog:chromeOptions: {debuggerAddress: localhost:59386}, javascriptEnabled: true, networkConnectionEnabled: false, pageLoadStrategy: normal, platform: WINDOWS, platformName: WINDOWS, proxy: Proxy(), setWindowRect: true, strictFileInteractability: false, timeouts: {implicit: 0, pageLoad: 300000, script: 30000}, unhandledPromptBehavior: dismiss and notify, webauthn:virtualAuthenticators: true}
Session ID: 0d11f2e23e395ee378cd8483fc8cbd66

2020-06-17 17:04:13 - [MESSAGE][PASSED] - Object: 'Object Repository/Christi/Page_Main/button_login' is clicked on

2020-06-17 17:04:13 - [TEST_STEP][PASSED] - delay(3): Delayed 3 second(s)

2020-06-17 17:04:16 - [MESSAGE][PASSED] - Delayed 3 second(s)

2020-06-17 17:04:16 - [TEST_STEP][PASSED] - setText(findTestObject("Object Repository/Christi/Page_Main/input_NPK_username"), username): Text '11666' is set on object 'Object Repository/Christi/Page_Main/input_NPK_username'

2020-06-17 17:04:16 - [MESSAGE][PASSED] - Text '11666' is set on object 'Object Repository/Christi/Page_Main/input_NPK_username'

2020-06-17 17:04:16 - [TEST_STEP][PASSED] - setText(findTestObject("Object Repository/Christi/Page_Main/input_Password_password"), password): Text 'Password3' is set on object 'Object Repository/Christi/Page_Main/input_Password_password'

2020-06-17 17:04:17 - [MESSAGE][PASSED] - Text 'Password3' is set on object 'Object Repository/Christi/Page_Main/input_Password_password'

2020-06-17 17:04:17 - [TEST_STEP][PASSED] - delay(5): Delayed 5 second(s)

2020-06-17 17:04:22 - [MESSAGE][PASSED] - Delayed 5 second(s)

2020-06-17 17:04:22 - [TEST_STEP][PASSED] - click(findTestObject("Rizka/Admin/Admin - Login/btnLogin2")): Object: 'Object Repository/Rizka/Admin/Admin - Login/btnLogin2' is clicked on

2020-06-17 17:04:23 - [MESSAGE][PASSED] - Object: 'Object Repository/Rizka/Admin/Admin - Login/btnLogin2' is clicked on

2020-06-17 17:04:23 - [TEST_STEP][PASSED] - delay(5): Delayed 5 second(s)

2020-06-17 17:04:28 - [MESSAGE][PASSED] - Delayed 5 second(s)

2020-06-17 17:04:28 - [MESSAGE][PASSED] - Call Test Case 'Test Cases/Christi/Admin/admin login' successfully

2020-06-17 17:04:28 - [TEST_STEP][PASSED] - delay(3): Delayed 3 second(s)

2020-06-17 17:04:31 - [MESSAGE][PASSED] - Delayed 3 second(s)

2020-06-17 17:04:31 - [TEST_STEP][PASSED] - click(findTestObject("Christi/Page_Dashboard Admin/span_Manage Slider")): Object: 'Object Repository/Christi/Page_Dashboard Admin/span_Manage Slider' is clicked on

2020-06-17 17:04:32 - [MESSAGE][PASSED] - Object: 'Object Repository/Christi/Page_Dashboard Admin/span_Manage Slider' is clicked on

2020-06-17 17:04:32 - [TEST_STEP][PASSED] - delay(3): Delayed 3 second(s)

2020-06-17 17:04:35 - [MESSAGE][PASSED] - Delayed 3 second(s)

2020-06-17 17:04:35 - [TEST_STEP][PASSED] - click(findTestObject("Object Repository/Christi/Page_Manage Sliders/button_New Slider")): Object: 'Object Repository/Christi/Page_Manage Sliders/button_New Slider' is clicked on

2020-06-17 17:04:36 - [MESSAGE][PASSED] - Object: 'Object Repository/Christi/Page_Manage Sliders/button_New Slider' is clicked on

2020-06-17 17:04:36 - [TEST_STEP][PASSED] - delay(3): Delayed 3 second(s)

2020-06-17 17:04:39 - [MESSAGE][PASSED] - Delayed 3 second(s)

2020-06-17 17:04:39 - [TEST_STEP][PASSED] - verifyElementPresent(findTestObject("Object Repository/Christi/Page_Manage Sliders/label_Add Slider"), 0): Object 'Object Repository/Christi/Page_Manage Sliders/label_Add Slider' is present

2020-06-17 17:04:39 - [MESSAGE][WARNING] - Timeout '0' is invalid. Using default page load timeout: '30'

2020-06-17 17:04:39 - [MESSAGE][PASSED] - Object 'Object Repository/Christi/Page_Manage Sliders/label_Add Slider' is present

2020-06-17 17:04:39 - [TEST_STEP][PASSED] - setText(findTestObject("Object Repository/Christi/Page_Manage Sliders/input_nama_slider"), nama_slider): Text 'Slider Service' is set on object 'Object Repository/Christi/Page_Manage Sliders/input_nama_slider'

2020-06-17 17:04:40 - [MESSAGE][PASSED] - Text 'Slider Service' is set on object 'Object Repository/Christi/Page_Manage Sliders/input_nama_slider'

2020-06-17 17:04:40 - [TEST_STEP][PASSED] - delay(3): Delayed 3 second(s)

2020-06-17 17:04:43 - [MESSAGE][PASSED] - Delayed 3 second(s)

2020-06-17 17:04:43 - [TEST_STEP][PASSED] - setText(findTestObject("Object Repository/Christi/Page_Manage Sliders/input_Section Link_txtSliderLink"), url): Text 'https://appsrv1.deltadatamandiri.com/ACC_LMS_WEB/#/onlineLearningDetail?modulID=6' is set on object 'Object Repository/Christi/Page_Manage Sliders/input_Section Link_txtSliderLink'

2020-06-17 17:04:45 - [MESSAGE][PASSED] - Text 'https://appsrv1.deltadatamandiri.com/ACC_LMS_WEB/#/onlineLearningDetail?modulID=6' is set on object 'Object Repository/Christi/Page_Manage Sliders/input_Section Link_txtSliderLink'

2020-06-17 17:04:45 - [TEST_STEP][PASSED] - delay(3): Delayed 3 second(s)

2020-06-17 17:04:48 - [MESSAGE][PASSED] - Delayed 3 second(s)

2020-06-17 17:04:48 - [TEST_STEP][PASSED] - if (expected == "pass"): null

2020-06-17 17:04:48 - [TEST_STEP][PASSED] - else if (expected == "fail"): Object 'Object Repository/Christi/Page_Manage Sliders/label_Add Slider' is present

2020-06-17 17:04:48 - [TEST_STEP][PASSED] - if (upload == "yes"): null

2020-06-17 17:04:48 - [TEST_STEP][PASSED] - click(findTestObject("Christi/Page_Manage Sliders/span_Confirm")): Object: 'Object Repository/Christi/Page_Manage Sliders/span_Confirm' is clicked on

2020-06-17 17:04:49 - [MESSAGE][PASSED] - Object: 'Object Repository/Christi/Page_Manage Sliders/span_Confirm' is clicked on

2020-06-17 17:04:49 - [TEST_STEP][PASSED] - delay(3): Delayed 3 second(s)

2020-06-17 17:04:52 - [MESSAGE][PASSED] - Delayed 3 second(s)

2020-06-17 17:04:52 - [TEST_STEP][PASSED] - verifyElementPresent(findTestObject("Christi/Page_Manage Sliders/label_Add Slider"), 0): Object 'Object Repository/Christi/Page_Manage Sliders/label_Add Slider' is present

2020-06-17 17:04:52 - [MESSAGE][WARNING] - Timeout '0' is invalid. Using default page load timeout: '30'

2020-06-17 17:04:52 - [MESSAGE][PASSED] - Object 'Object Repository/Christi/Page_Manage Sliders/label_Add Slider' is present

2020-06-17 17:04:52 - [TEST_STEP][PASSED] - delay(3): Delayed 3 second(s)

2020-06-17 17:04:55 - [MESSAGE][PASSED] - Delayed 3 second(s)

2020-06-17 17:04:55 - [TEST_STEP][PASSED] - closeBrowser(): Browser is closed

2020-06-17 17:04:56 - [MESSAGE][PASSED] - Browser is closed]]></system-out>
         <system-err><![CDATA[]]></system-err>
      </testcase>
      <testcase name="Test Cases/Christi/Admin/Manage Slider - new slider" time="78.054" classname="Test Cases/Christi/Admin/Manage Slider - new slider" status="FAILED">
         <failure type="FAILED" message="Test Cases/Christi/Admin/Manage Slider - new slider FAILED.
Reason:
com.kms.katalon.core.exception.StepFailedException: Unable to verify object 'Object Repository/Christi/Page_Manage Sliders/label_NEOP UW' is present
	at com.kms.katalon.core.webui.keyword.internal.WebUIKeywordMain.stepFailed(WebUIKeywordMain.groovy:64)
	at com.kms.katalon.core.webui.keyword.internal.WebUIKeywordMain.runKeyword(WebUIKeywordMain.groovy:26)
	at com.kms.katalon.core.webui.keyword.builtin.VerifyElementPresentKeyword.verifyElementPresent(VerifyElementPresentKeyword.groovy:92)
	at com.kms.katalon.core.webui.keyword.builtin.VerifyElementPresentKeyword.execute(VerifyElementPresentKeyword.groovy:68)
	at com.kms.katalon.core.keyword.internal.KeywordExecutor.executeKeywordForPlatform(KeywordExecutor.groovy:60)
	at com.kms.katalon.core.webui.keyword.WebUiBuiltInKeywords.verifyElementPresent(WebUiBuiltInKeywords.groovy:1434)
	at com.kms.katalon.core.webui.keyword.WebUiBuiltInKeywords$verifyElementPresent$3.call(Unknown Source)
	at Manage Slider - new slider.run(Manage Slider - new slider:61)
	at com.kms.katalon.core.main.ScriptEngine.run(ScriptEngine.java:194)
	at com.kms.katalon.core.main.ScriptEngine.runScriptAsRawText(ScriptEngine.java:119)
	at com.kms.katalon.core.main.TestCaseExecutor.runScript(TestCaseExecutor.java:337)
	at com.kms.katalon.core.main.TestCaseExecutor.doExecute(TestCaseExecutor.java:328)
	at com.kms.katalon.core.main.TestCaseExecutor.processExecutionPhase(TestCaseExecutor.java:307)
	at com.kms.katalon.core.main.TestCaseExecutor.accessMainPhase(TestCaseExecutor.java:299)
	at com.kms.katalon.core.main.TestCaseExecutor.execute(TestCaseExecutor.java:233)
	at com.kms.katalon.core.main.TestSuiteExecutor.accessTestCaseMainPhase(TestSuiteExecutor.java:169)
	at com.kms.katalon.core.main.TestSuiteExecutor.accessTestSuiteMainPhase(TestSuiteExecutor.java:142)
	at com.kms.katalon.core.main.TestSuiteExecutor.execute(TestSuiteExecutor.java:91)
	at com.kms.katalon.core.main.TestCaseMain.startTestSuite(TestCaseMain.java:157)
	at com.kms.katalon.core.main.TestCaseMain$startTestSuite$0.call(Unknown Source)
	at TempTestSuite1592387828401.run(TempTestSuite1592387828401.groovy:36)
Caused by: com.kms.katalon.core.exception.StepFailedException: com.kms.katalon.core.webui.exception.WebElementNotFoundException: Web element with id: 'Object Repository/Christi/Page_Manage Sliders/label_NEOP UW' located by 'By.xpath: //*[@name = 'label13' and (text() = 'Slider Service' or . = 'Slider Service')]' not found
	at com.kms.katalon.core.webui.keyword.internal.WebUIKeywordMain.stepFailed(WebUIKeywordMain.groovy:64)
	at com.kms.katalon.core.webui.keyword.builtin.VerifyElementPresentKeyword$_verifyElementPresent_closure1.doCall(VerifyElementPresentKeyword.groovy:85)
	at com.kms.katalon.core.webui.keyword.builtin.VerifyElementPresentKeyword$_verifyElementPresent_closure1.call(VerifyElementPresentKeyword.groovy)
	at com.kms.katalon.core.webui.keyword.internal.WebUIKeywordMain.runKeyword(WebUIKeywordMain.groovy:20)
	... 19 more
"/>
         <system-out><![CDATA[2020-06-17 17:04:57 - [TEST_CASE][FAILED] - Test Cases/Christi/Admin/Manage Slider - new slider: Test Cases/Christi/Admin/Manage Slider - new slider FAILED.
Reason:
com.kms.katalon.core.exception.StepFailedException: Unable to verify object 'Object Repository/Christi/Page_Manage Sliders/label_NEOP UW' is present
	at com.kms.katalon.core.webui.keyword.internal.WebUIKeywordMain.stepFailed(WebUIKeywordMain.groovy:64)
	at com.kms.katalon.core.webui.keyword.internal.WebUIKeywordMain.runKeyword(WebUIKeywordMain.groovy:26)
	at com.kms.katalon.core.webui.keyword.builtin.VerifyElementPresentKeyword.verifyElementPresent(VerifyElementPresentKeyword.groovy:92)
	at com.kms.katalon.core.webui.keyword.builtin.VerifyElementPresentKeyword.execute(VerifyElementPresentKeyword.groovy:68)
	at com.kms.katalon.core.keyword.internal.KeywordExecutor.executeKeywordForPlatform(KeywordExecutor.groovy:60)
	at com.kms.katalon.core.webui.keyword.WebUiBuiltInKeywords.verifyElementPresent(WebUiBuiltInKeywords.groovy:1434)
	at com.kms.katalon.core.webui.keyword.WebUiBuiltInKeywords$verifyElementPresent$3.call(Unknown Source)
	at Manage Slider - new slider.run(Manage Slider - new slider:61)
	at com.kms.katalon.core.main.ScriptEngine.run(ScriptEngine.java:194)
	at com.kms.katalon.core.main.ScriptEngine.runScriptAsRawText(ScriptEngine.java:119)
	at com.kms.katalon.core.main.TestCaseExecutor.runScript(TestCaseExecutor.java:337)
	at com.kms.katalon.core.main.TestCaseExecutor.doExecute(TestCaseExecutor.java:328)
	at com.kms.katalon.core.main.TestCaseExecutor.processExecutionPhase(TestCaseExecutor.java:307)
	at com.kms.katalon.core.main.TestCaseExecutor.accessMainPhase(TestCaseExecutor.java:299)
	at com.kms.katalon.core.main.TestCaseExecutor.execute(TestCaseExecutor.java:233)
	at com.kms.katalon.core.main.TestSuiteExecutor.accessTestCaseMainPhase(TestSuiteExecutor.java:169)
	at com.kms.katalon.core.main.TestSuiteExecutor.accessTestSuiteMainPhase(TestSuiteExecutor.java:142)
	at com.kms.katalon.core.main.TestSuiteExecutor.execute(TestSuiteExecutor.java:91)
	at com.kms.katalon.core.main.TestCaseMain.startTestSuite(TestCaseMain.java:157)
	at com.kms.katalon.core.main.TestCaseMain$startTestSuite$0.call(Unknown Source)
	at TempTestSuite1592387828401.run(TempTestSuite1592387828401.groovy:36)
Caused by: com.kms.katalon.core.exception.StepFailedException: com.kms.katalon.core.webui.exception.WebElementNotFoundException: Web element with id: 'Object Repository/Christi/Page_Manage Sliders/label_NEOP UW' located by 'By.xpath: //*[@name = 'label13' and (text() = 'Slider Service' or . = 'Slider Service')]' not found
	at com.kms.katalon.core.webui.keyword.internal.WebUIKeywordMain.stepFailed(WebUIKeywordMain.groovy:64)
	at com.kms.katalon.core.webui.keyword.builtin.VerifyElementPresentKeyword$_verifyElementPresent_closure1.doCall(VerifyElementPresentKeyword.groovy:85)
	at com.kms.katalon.core.webui.keyword.builtin.VerifyElementPresentKeyword$_verifyElementPresent_closure1.call(VerifyElementPresentKeyword.groovy)
	at com.kms.katalon.core.webui.keyword.internal.WebUIKeywordMain.runKeyword(WebUIKeywordMain.groovy:20)
	... 19 more


2020-06-17 17:04:57 - [TEST_STEP][PASSED] - callTestCase(findTestCase("Christi/Admin/admin login"), ["username":"11666", "password":"Password3"], STOP_ON_FAILURE): Call Test Case 'Test Cases/Christi/Admin/admin login' successfully

2020-06-17 17:04:57 - [TEST_CASE][PASSED] - Test Cases/Christi/Admin/admin login: Test Cases/Christi/Admin/admin login

2020-06-17 17:04:57 - [TEST_STEP][PASSED] - openBrowser(""): Browser is opened with url: ''

2020-06-17 17:04:57 - [MESSAGE][INFO] - Starting 'Chrome' driver

2020-06-17 17:05:00 - [MESSAGE][PASSED] - Browser is opened with url: ''

2020-06-17 17:05:00 - [TEST_STEP][PASSED] - navigateToUrl("https://appsrv1.deltadatamandiri.com/ACC_LMS_WEB/#/admNLmn"): Navigate to 'https://appsrv1.deltadatamandiri.com/ACC_LMS_WEB/#/admNLmn' successfully

2020-06-17 17:05:08 - [MESSAGE][PASSED] - Navigate to 'https://appsrv1.deltadatamandiri.com/ACC_LMS_WEB/#/admNLmn' successfully

2020-06-17 17:05:08 - [TEST_STEP][PASSED] - click(findTestObject("Christi/Page_Main/button_login")): Object: 'Object Repository/Christi/Page_Main/button_login' is clicked on

2020-06-17 17:05:12 - [MESSAGE][ERROR] - javascript error: Failed to execute 'elementsFromPoint' on 'Document': The provided double value is non-finite.
  (Session info: chrome=83.0.4103.106)
Build info: version: '3.141.59', revision: 'e82be7d358', time: '2018-11-14T08:25:53'
System info: host: 'LAPTOP-D0TPACJ1', ip: '192.168.100.227', os.name: 'Windows 10', os.arch: 'amd64', os.version: '10.0', java.version: '1.8.0_181'
Driver info: com.kms.katalon.selenium.driver.CChromeDriver
Capabilities {acceptInsecureCerts: false, browserName: chrome, browserVersion: 83.0.4103.106, chrome: {chromedriverVersion: 83.0.4103.39 (ccbf011cb2d2b..., userDataDir: C:\Users\ASUS\AppData\Local...}, goog:chromeOptions: {debuggerAddress: localhost:59465}, javascriptEnabled: true, networkConnectionEnabled: false, pageLoadStrategy: normal, platform: WINDOWS, platformName: WINDOWS, proxy: Proxy(), setWindowRect: true, strictFileInteractability: false, timeouts: {implicit: 0, pageLoad: 300000, script: 30000}, unhandledPromptBehavior: dismiss and notify, webauthn:virtualAuthenticators: true}
Session ID: ec90c5e12916a87d35705fa41880f143

2020-06-17 17:05:13 - [MESSAGE][PASSED] - Object: 'Object Repository/Christi/Page_Main/button_login' is clicked on

2020-06-17 17:05:13 - [TEST_STEP][PASSED] - delay(3): Delayed 3 second(s)

2020-06-17 17:05:16 - [MESSAGE][PASSED] - Delayed 3 second(s)

2020-06-17 17:05:16 - [TEST_STEP][PASSED] - setText(findTestObject("Object Repository/Christi/Page_Main/input_NPK_username"), username): Text '11666' is set on object 'Object Repository/Christi/Page_Main/input_NPK_username'

2020-06-17 17:05:17 - [MESSAGE][PASSED] - Text '11666' is set on object 'Object Repository/Christi/Page_Main/input_NPK_username'

2020-06-17 17:05:17 - [TEST_STEP][PASSED] - setText(findTestObject("Object Repository/Christi/Page_Main/input_Password_password"), password): Text 'Password3' is set on object 'Object Repository/Christi/Page_Main/input_Password_password'

2020-06-17 17:05:17 - [MESSAGE][PASSED] - Text 'Password3' is set on object 'Object Repository/Christi/Page_Main/input_Password_password'

2020-06-17 17:05:17 - [TEST_STEP][PASSED] - delay(5): Delayed 5 second(s)

2020-06-17 17:05:22 - [MESSAGE][PASSED] - Delayed 5 second(s)

2020-06-17 17:05:22 - [TEST_STEP][PASSED] - click(findTestObject("Rizka/Admin/Admin - Login/btnLogin2")): Object: 'Object Repository/Rizka/Admin/Admin - Login/btnLogin2' is clicked on

2020-06-17 17:05:23 - [MESSAGE][PASSED] - Object: 'Object Repository/Rizka/Admin/Admin - Login/btnLogin2' is clicked on

2020-06-17 17:05:23 - [TEST_STEP][PASSED] - delay(5): Delayed 5 second(s)

2020-06-17 17:05:28 - [MESSAGE][PASSED] - Delayed 5 second(s)

2020-06-17 17:05:28 - [MESSAGE][PASSED] - Call Test Case 'Test Cases/Christi/Admin/admin login' successfully

2020-06-17 17:05:28 - [TEST_STEP][PASSED] - delay(3): Delayed 3 second(s)

2020-06-17 17:05:31 - [MESSAGE][PASSED] - Delayed 3 second(s)

2020-06-17 17:05:31 - [TEST_STEP][PASSED] - click(findTestObject("Christi/Page_Dashboard Admin/span_Manage Slider")): Object: 'Object Repository/Christi/Page_Dashboard Admin/span_Manage Slider' is clicked on

2020-06-17 17:05:33 - [MESSAGE][PASSED] - Object: 'Object Repository/Christi/Page_Dashboard Admin/span_Manage Slider' is clicked on

2020-06-17 17:05:33 - [TEST_STEP][PASSED] - delay(3): Delayed 3 second(s)

2020-06-17 17:05:36 - [MESSAGE][PASSED] - Delayed 3 second(s)

2020-06-17 17:05:36 - [TEST_STEP][PASSED] - click(findTestObject("Object Repository/Christi/Page_Manage Sliders/button_New Slider")): Object: 'Object Repository/Christi/Page_Manage Sliders/button_New Slider' is clicked on

2020-06-17 17:05:36 - [MESSAGE][PASSED] - Object: 'Object Repository/Christi/Page_Manage Sliders/button_New Slider' is clicked on

2020-06-17 17:05:36 - [TEST_STEP][PASSED] - delay(3): Delayed 3 second(s)

2020-06-17 17:05:39 - [MESSAGE][PASSED] - Delayed 3 second(s)

2020-06-17 17:05:39 - [TEST_STEP][PASSED] - verifyElementPresent(findTestObject("Object Repository/Christi/Page_Manage Sliders/label_Add Slider"), 0): Object 'Object Repository/Christi/Page_Manage Sliders/label_Add Slider' is present

2020-06-17 17:05:39 - [MESSAGE][WARNING] - Timeout '0' is invalid. Using default page load timeout: '30'

2020-06-17 17:05:40 - [MESSAGE][PASSED] - Object 'Object Repository/Christi/Page_Manage Sliders/label_Add Slider' is present

2020-06-17 17:05:40 - [TEST_STEP][PASSED] - setText(findTestObject("Object Repository/Christi/Page_Manage Sliders/input_nama_slider"), nama_slider): Text 'Slider Service' is set on object 'Object Repository/Christi/Page_Manage Sliders/input_nama_slider'

2020-06-17 17:05:40 - [MESSAGE][PASSED] - Text 'Slider Service' is set on object 'Object Repository/Christi/Page_Manage Sliders/input_nama_slider'

2020-06-17 17:05:40 - [TEST_STEP][PASSED] - delay(3): Delayed 3 second(s)

2020-06-17 17:05:43 - [MESSAGE][PASSED] - Delayed 3 second(s)

2020-06-17 17:05:43 - [TEST_STEP][PASSED] - setText(findTestObject("Object Repository/Christi/Page_Manage Sliders/input_Section Link_txtSliderLink"), url): Text 'https://appsrv1.deltadatamandiri.com/ACC_LMS_WEB/#/onlineLearningDetail?modulID=6' is set on object 'Object Repository/Christi/Page_Manage Sliders/input_Section Link_txtSliderLink'

2020-06-17 17:05:45 - [MESSAGE][PASSED] - Text 'https://appsrv1.deltadatamandiri.com/ACC_LMS_WEB/#/onlineLearningDetail?modulID=6' is set on object 'Object Repository/Christi/Page_Manage Sliders/input_Section Link_txtSliderLink'

2020-06-17 17:05:45 - [TEST_STEP][PASSED] - delay(3): Delayed 3 second(s)

2020-06-17 17:05:48 - [MESSAGE][PASSED] - Delayed 3 second(s)

2020-06-17 17:05:48 - [TEST_STEP][FAILED] - if (expected == "pass"): Unable to verify object 'Object Repository/Christi/Page_Manage Sliders/label_NEOP UW' is present (Root cause: com.kms.katalon.core.exception.StepFailedException: Unable to verify object 'Object Repository/Christi/Page_Manage Sliders/label_NEOP UW' is present
	at com.kms.katalon.core.webui.keyword.internal.WebUIKeywordMain.stepFailed(WebUIKeywordMain.groovy:64)
	at com.kms.katalon.core.webui.keyword.internal.WebUIKeywordMain.runKeyword(WebUIKeywordMain.groovy:26)
	at com.kms.katalon.core.webui.keyword.builtin.VerifyElementPresentKeyword.verifyElementPresent(VerifyElementPresentKeyword.groovy:92)
	at com.kms.katalon.core.webui.keyword.builtin.VerifyElementPresentKeyword.execute(VerifyElementPresentKeyword.groovy:68)
	at com.kms.katalon.core.keyword.internal.KeywordExecutor.executeKeywordForPlatform(KeywordExecutor.groovy:60)
	at com.kms.katalon.core.webui.keyword.WebUiBuiltInKeywords.verifyElementPresent(WebUiBuiltInKeywords.groovy:1434)
	at com.kms.katalon.core.webui.keyword.WebUiBuiltInKeywords$verifyElementPresent$3.call(Unknown Source)
	at Manage Slider - new slider.run(Manage Slider - new slider:61)
	at com.kms.katalon.core.main.ScriptEngine.run(ScriptEngine.java:194)
	at com.kms.katalon.core.main.ScriptEngine.runScriptAsRawText(ScriptEngine.java:119)
	at com.kms.katalon.core.main.TestCaseExecutor.runScript(TestCaseExecutor.java:337)
	at com.kms.katalon.core.main.TestCaseExecutor.doExecute(TestCaseExecutor.java:328)
	at com.kms.katalon.core.main.TestCaseExecutor.processExecutionPhase(TestCaseExecutor.java:307)
	at com.kms.katalon.core.main.TestCaseExecutor.accessMainPhase(TestCaseExecutor.java:299)
	at com.kms.katalon.core.main.TestCaseExecutor.execute(TestCaseExecutor.java:233)
	at com.kms.katalon.core.main.TestSuiteExecutor.accessTestCaseMainPhase(TestSuiteExecutor.java:169)
	at com.kms.katalon.core.main.TestSuiteExecutor.accessTestSuiteMainPhase(TestSuiteExecutor.java:142)
	at com.kms.katalon.core.main.TestSuiteExecutor.execute(TestSuiteExecutor.java:91)
	at com.kms.katalon.core.main.TestCaseMain.startTestSuite(TestCaseMain.java:157)
	at com.kms.katalon.core.main.TestCaseMain$startTestSuite$0.call(Unknown Source)
	at TempTestSuite1592387828401.run(TempTestSuite1592387828401.groovy:36)
Caused by: com.kms.katalon.core.exception.StepFailedException: com.kms.katalon.core.webui.exception.WebElementNotFoundException: Web element with id: 'Object Repository/Christi/Page_Manage Sliders/label_NEOP UW' located by 'By.xpath: //*[@name = 'label13' and (text() = 'Slider Service' or . = 'Slider Service')]' not found
	at com.kms.katalon.core.webui.keyword.internal.WebUIKeywordMain.stepFailed(WebUIKeywordMain.groovy:64)
	at com.kms.katalon.core.webui.keyword.builtin.VerifyElementPresentKeyword$_verifyElementPresent_closure1.doCall(VerifyElementPresentKeyword.groovy:85)
	at com.kms.katalon.core.webui.keyword.builtin.VerifyElementPresentKeyword$_verifyElementPresent_closure1.call(VerifyElementPresentKeyword.groovy)
	at com.kms.katalon.core.webui.keyword.internal.WebUIKeywordMain.runKeyword(WebUIKeywordMain.groovy:20)
	... 19 more
)

2020-06-17 17:05:48 - [TEST_STEP][PASSED] - if (upload == "yes"): Object 'Object Repository/Christi/Page_Manage Sliders/div_File uploaded successfully' is present

2020-06-17 17:05:48 - [TEST_STEP][PASSED] - uploadFile(findTestObject("Object Repository/Christi/Page_Manage Sliders/input_Icon_files"), img_slider): File 'C:\Users\ASUS\git\LearningManagementWeb\konten lms\WhatsApp Image 2020-02-20 at 08.37.35 (1).jpeg' sent to object: 'Object Repository/Christi/Page_Manage Sliders/input_Icon_files'

2020-06-17 17:05:49 - [MESSAGE][PASSED] - File 'C:\Users\ASUS\git\LearningManagementWeb\konten lms\WhatsApp Image 2020-02-20 at 08.37.35 (1).jpeg' sent to object: 'Object Repository/Christi/Page_Manage Sliders/input_Icon_files'

2020-06-17 17:05:49 - [TEST_STEP][PASSED] - verifyElementPresent(findTestObject("Object Repository/Christi/Page_Manage Sliders/div_File uploaded successfully"), 0): Object 'Object Repository/Christi/Page_Manage Sliders/div_File uploaded successfully' is present

2020-06-17 17:05:49 - [MESSAGE][WARNING] - Timeout '0' is invalid. Using default page load timeout: '30'

2020-06-17 17:05:58 - [MESSAGE][PASSED] - Object 'Object Repository/Christi/Page_Manage Sliders/div_File uploaded successfully' is present

2020-06-17 17:05:58 - [TEST_STEP][PASSED] - delay(3): Delayed 3 second(s)

2020-06-17 17:06:01 - [MESSAGE][PASSED] - Delayed 3 second(s)

2020-06-17 17:06:01 - [TEST_STEP][PASSED] - verifyElementClickable(findTestObject("Object Repository/Christi/Page_Manage Sliders/span_Confirm")): Object 'Object Repository/Christi/Page_Manage Sliders/span_Confirm' is clickable

2020-06-17 17:06:01 - [MESSAGE][PASSED] - Object 'Object Repository/Christi/Page_Manage Sliders/span_Confirm' is clickable

2020-06-17 17:06:01 - [TEST_STEP][PASSED] - click(findTestObject("Object Repository/Christi/Page_Manage Sliders/span_Confirm")): Object: 'Object Repository/Christi/Page_Manage Sliders/span_Confirm' is clicked on

2020-06-17 17:06:02 - [MESSAGE][PASSED] - Object: 'Object Repository/Christi/Page_Manage Sliders/span_Confirm' is clicked on

2020-06-17 17:06:02 - [TEST_STEP][PASSED] - delay(3): Delayed 3 second(s)

2020-06-17 17:06:05 - [MESSAGE][PASSED] - Delayed 3 second(s)

2020-06-17 17:06:05 - [TEST_STEP][PASSED] - verifyElementPresent(findTestObject("Object Repository/Christi/Page_Manage Sliders/button_New Slider"), 0): Object 'Object Repository/Christi/Page_Manage Sliders/button_New Slider' is present

2020-06-17 17:06:06 - [MESSAGE][WARNING] - Timeout '0' is invalid. Using default page load timeout: '30'

2020-06-17 17:06:06 - [MESSAGE][PASSED] - Object 'Object Repository/Christi/Page_Manage Sliders/button_New Slider' is present

2020-06-17 17:06:06 - [TEST_STEP][PASSED] - delay(3): Delayed 3 second(s)

2020-06-17 17:06:09 - [MESSAGE][PASSED] - Delayed 3 second(s)

2020-06-17 17:06:09 - [TEST_STEP][FAILED] - verifyElementPresent(findTestObject("Christi/Page_Manage Sliders/label_NEOP UW", ["text":nama_slider]), 3): Unable to verify object 'Object Repository/Christi/Page_Manage Sliders/label_NEOP UW' is present (Root cause: com.kms.katalon.core.exception.StepFailedException: Unable to verify object 'Object Repository/Christi/Page_Manage Sliders/label_NEOP UW' is present
	at com.kms.katalon.core.webui.keyword.internal.WebUIKeywordMain.stepFailed(WebUIKeywordMain.groovy:64)
	at com.kms.katalon.core.webui.keyword.internal.WebUIKeywordMain.runKeyword(WebUIKeywordMain.groovy:26)
	at com.kms.katalon.core.webui.keyword.builtin.VerifyElementPresentKeyword.verifyElementPresent(VerifyElementPresentKeyword.groovy:92)
	at com.kms.katalon.core.webui.keyword.builtin.VerifyElementPresentKeyword.execute(VerifyElementPresentKeyword.groovy:68)
	at com.kms.katalon.core.keyword.internal.KeywordExecutor.executeKeywordForPlatform(KeywordExecutor.groovy:60)
	at com.kms.katalon.core.webui.keyword.WebUiBuiltInKeywords.verifyElementPresent(WebUiBuiltInKeywords.groovy:1434)
	at com.kms.katalon.core.webui.keyword.WebUiBuiltInKeywords$verifyElementPresent$3.call(Unknown Source)
	at Manage Slider - new slider.run(Manage Slider - new slider:61)
	at com.kms.katalon.core.main.ScriptEngine.run(ScriptEngine.java:194)
	at com.kms.katalon.core.main.ScriptEngine.runScriptAsRawText(ScriptEngine.java:119)
	at com.kms.katalon.core.main.TestCaseExecutor.runScript(TestCaseExecutor.java:337)
	at com.kms.katalon.core.main.TestCaseExecutor.doExecute(TestCaseExecutor.java:328)
	at com.kms.katalon.core.main.TestCaseExecutor.processExecutionPhase(TestCaseExecutor.java:307)
	at com.kms.katalon.core.main.TestCaseExecutor.accessMainPhase(TestCaseExecutor.java:299)
	at com.kms.katalon.core.main.TestCaseExecutor.execute(TestCaseExecutor.java:233)
	at com.kms.katalon.core.main.TestSuiteExecutor.accessTestCaseMainPhase(TestSuiteExecutor.java:169)
	at com.kms.katalon.core.main.TestSuiteExecutor.accessTestSuiteMainPhase(TestSuiteExecutor.java:142)
	at com.kms.katalon.core.main.TestSuiteExecutor.execute(TestSuiteExecutor.java:91)
	at com.kms.katalon.core.main.TestCaseMain.startTestSuite(TestCaseMain.java:157)
	at com.kms.katalon.core.main.TestCaseMain$startTestSuite$0.call(Unknown Source)
	at TempTestSuite1592387828401.run(TempTestSuite1592387828401.groovy:36)
Caused by: com.kms.katalon.core.exception.StepFailedException: com.kms.katalon.core.webui.exception.WebElementNotFoundException: Web element with id: 'Object Repository/Christi/Page_Manage Sliders/label_NEOP UW' located by 'By.xpath: //*[@name = 'label13' and (text() = 'Slider Service' or . = 'Slider Service')]' not found
	at com.kms.katalon.core.webui.keyword.internal.WebUIKeywordMain.stepFailed(WebUIKeywordMain.groovy:64)
	at com.kms.katalon.core.webui.keyword.builtin.VerifyElementPresentKeyword$_verifyElementPresent_closure1.doCall(VerifyElementPresentKeyword.groovy:85)
	at com.kms.katalon.core.webui.keyword.builtin.VerifyElementPresentKeyword$_verifyElementPresent_closure1.call(VerifyElementPresentKeyword.groovy)
	at com.kms.katalon.core.webui.keyword.internal.WebUIKeywordMain.runKeyword(WebUIKeywordMain.groovy:20)
	... 19 more
)

2020-06-17 17:06:14 - [MESSAGE][INFO] - Unable to find the element located by 'By.xpath: //*[@name = 'label13' and (text() = 'Slider Service' or . = 'Slider Service')]'. Please recheck the objects properties to make sure the desired element is located. 

2020-06-17 17:06:14 - [MESSAGE][FAILED] - com.kms.katalon.core.webui.exception.WebElementNotFoundException: Web element with id: 'Object Repository/Christi/Page_Manage Sliders/label_NEOP UW' located by 'By.xpath: //*[@name = 'label13' and (text() = 'Slider Service' or . = 'Slider Service')]' not found (Root cause: com.kms.katalon.core.exception.StepFailedException: com.kms.katalon.core.webui.exception.WebElementNotFoundException: Web element with id: 'Object Repository/Christi/Page_Manage Sliders/label_NEOP UW' located by 'By.xpath: //*[@name = 'label13' and (text() = 'Slider Service' or . = 'Slider Service')]' not found
	at com.kms.katalon.core.webui.keyword.internal.WebUIKeywordMain.stepFailed(WebUIKeywordMain.groovy:64)
	at com.kms.katalon.core.webui.keyword.builtin.VerifyElementPresentKeyword$_verifyElementPresent_closure1.doCall(VerifyElementPresentKeyword.groovy:85)
	at com.kms.katalon.core.webui.keyword.builtin.VerifyElementPresentKeyword$_verifyElementPresent_closure1.call(VerifyElementPresentKeyword.groovy)
	at com.kms.katalon.core.webui.keyword.internal.WebUIKeywordMain.runKeyword(WebUIKeywordMain.groovy:20)
	at com.kms.katalon.core.webui.keyword.builtin.VerifyElementPresentKeyword.verifyElementPresent(VerifyElementPresentKeyword.groovy:92)
	at com.kms.katalon.core.webui.keyword.builtin.VerifyElementPresentKeyword.execute(VerifyElementPresentKeyword.groovy:68)
	at com.kms.katalon.core.keyword.internal.KeywordExecutor.executeKeywordForPlatform(KeywordExecutor.groovy:60)
	at com.kms.katalon.core.webui.keyword.WebUiBuiltInKeywords.verifyElementPresent(WebUiBuiltInKeywords.groovy:1434)
	at com.kms.katalon.core.webui.keyword.WebUiBuiltInKeywords$verifyElementPresent$3.call(Unknown Source)
	at Manage Slider - new slider.run(Manage Slider - new slider:61)
	at com.kms.katalon.core.main.ScriptEngine.run(ScriptEngine.java:194)
	at com.kms.katalon.core.main.ScriptEngine.runScriptAsRawText(ScriptEngine.java:119)
	at com.kms.katalon.core.main.TestCaseExecutor.runScript(TestCaseExecutor.java:337)
	at com.kms.katalon.core.main.TestCaseExecutor.doExecute(TestCaseExecutor.java:328)
	at com.kms.katalon.core.main.TestCaseExecutor.processExecutionPhase(TestCaseExecutor.java:307)
	at com.kms.katalon.core.main.TestCaseExecutor.accessMainPhase(TestCaseExecutor.java:299)
	at com.kms.katalon.core.main.TestCaseExecutor.execute(TestCaseExecutor.java:233)
	at com.kms.katalon.core.main.TestSuiteExecutor.accessTestCaseMainPhase(TestSuiteExecutor.java:169)
	at com.kms.katalon.core.main.TestSuiteExecutor.accessTestSuiteMainPhase(TestSuiteExecutor.java:142)
	at com.kms.katalon.core.main.TestSuiteExecutor.execute(TestSuiteExecutor.java:91)
	at com.kms.katalon.core.main.TestCaseMain.startTestSuite(TestCaseMain.java:157)
	at com.kms.katalon.core.main.TestCaseMain$startTestSuite$0.call(Unknown Source)
	at TempTestSuite1592387828401.run(TempTestSuite1592387828401.groovy:36)
)
[[ATTACHMENT|C:\\Users\\ASUS\\git\\LearningManagementWebs\\Reports\\20200617_165708\\Christi\\Manage Slider (1)\\20200617_165708\\1592388374225.png]]

2020-06-17 17:06:15 - [MESSAGE][FAILED] - Unable to verify object 'Object Repository/Christi/Page_Manage Sliders/label_NEOP UW' is present (Root cause: com.kms.katalon.core.exception.StepFailedException: Unable to verify object 'Object Repository/Christi/Page_Manage Sliders/label_NEOP UW' is present
	at com.kms.katalon.core.webui.keyword.internal.WebUIKeywordMain.stepFailed(WebUIKeywordMain.groovy:64)
	at com.kms.katalon.core.webui.keyword.internal.WebUIKeywordMain.runKeyword(WebUIKeywordMain.groovy:26)
	at com.kms.katalon.core.webui.keyword.builtin.VerifyElementPresentKeyword.verifyElementPresent(VerifyElementPresentKeyword.groovy:92)
	at com.kms.katalon.core.webui.keyword.builtin.VerifyElementPresentKeyword.execute(VerifyElementPresentKeyword.groovy:68)
	at com.kms.katalon.core.keyword.internal.KeywordExecutor.executeKeywordForPlatform(KeywordExecutor.groovy:60)
	at com.kms.katalon.core.webui.keyword.WebUiBuiltInKeywords.verifyElementPresent(WebUiBuiltInKeywords.groovy:1434)
	at com.kms.katalon.core.webui.keyword.WebUiBuiltInKeywords$verifyElementPresent$3.call(Unknown Source)
	at Manage Slider - new slider.run(Manage Slider - new slider:61)
	at com.kms.katalon.core.main.ScriptEngine.run(ScriptEngine.java:194)
	at com.kms.katalon.core.main.ScriptEngine.runScriptAsRawText(ScriptEngine.java:119)
	at com.kms.katalon.core.main.TestCaseExecutor.runScript(TestCaseExecutor.java:337)
	at com.kms.katalon.core.main.TestCaseExecutor.doExecute(TestCaseExecutor.java:328)
	at com.kms.katalon.core.main.TestCaseExecutor.processExecutionPhase(TestCaseExecutor.java:307)
	at com.kms.katalon.core.main.TestCaseExecutor.accessMainPhase(TestCaseExecutor.java:299)
	at com.kms.katalon.core.main.TestCaseExecutor.execute(TestCaseExecutor.java:233)
	at com.kms.katalon.core.main.TestSuiteExecutor.accessTestCaseMainPhase(TestSuiteExecutor.java:169)
	at com.kms.katalon.core.main.TestSuiteExecutor.accessTestSuiteMainPhase(TestSuiteExecutor.java:142)
	at com.kms.katalon.core.main.TestSuiteExecutor.execute(TestSuiteExecutor.java:91)
	at com.kms.katalon.core.main.TestCaseMain.startTestSuite(TestCaseMain.java:157)
	at com.kms.katalon.core.main.TestCaseMain$startTestSuite$0.call(Unknown Source)
	at TempTestSuite1592387828401.run(TempTestSuite1592387828401.groovy:36)
Caused by: com.kms.katalon.core.exception.StepFailedException: com.kms.katalon.core.webui.exception.WebElementNotFoundException: Web element with id: 'Object Repository/Christi/Page_Manage Sliders/label_NEOP UW' located by 'By.xpath: //*[@name = 'label13' and (text() = 'Slider Service' or . = 'Slider Service')]' not found
	at com.kms.katalon.core.webui.keyword.internal.WebUIKeywordMain.stepFailed(WebUIKeywordMain.groovy:64)
	at com.kms.katalon.core.webui.keyword.builtin.VerifyElementPresentKeyword$_verifyElementPresent_closure1.doCall(VerifyElementPresentKeyword.groovy:85)
	at com.kms.katalon.core.webui.keyword.builtin.VerifyElementPresentKeyword$_verifyElementPresent_closure1.call(VerifyElementPresentKeyword.groovy)
	at com.kms.katalon.core.webui.keyword.internal.WebUIKeywordMain.runKeyword(WebUIKeywordMain.groovy:20)
	... 19 more
)
[[ATTACHMENT|C:\\Users\\ASUS\\git\\LearningManagementWebs\\Reports\\20200617_165708\\Christi\\Manage Slider (1)\\20200617_165708\\1592388374760.png]]]]></system-out>
         <system-err><![CDATA[2020-06-17 17:04:57 - [TEST_CASE][FAILED] - Test Cases/Christi/Admin/Manage Slider - new slider: Test Cases/Christi/Admin/Manage Slider - new slider FAILED.
Reason:
com.kms.katalon.core.exception.StepFailedException: Unable to verify object 'Object Repository/Christi/Page_Manage Sliders/label_NEOP UW' is present
	at com.kms.katalon.core.webui.keyword.internal.WebUIKeywordMain.stepFailed(WebUIKeywordMain.groovy:64)
	at com.kms.katalon.core.webui.keyword.internal.WebUIKeywordMain.runKeyword(WebUIKeywordMain.groovy:26)
	at com.kms.katalon.core.webui.keyword.builtin.VerifyElementPresentKeyword.verifyElementPresent(VerifyElementPresentKeyword.groovy:92)
	at com.kms.katalon.core.webui.keyword.builtin.VerifyElementPresentKeyword.execute(VerifyElementPresentKeyword.groovy:68)
	at com.kms.katalon.core.keyword.internal.KeywordExecutor.executeKeywordForPlatform(KeywordExecutor.groovy:60)
	at com.kms.katalon.core.webui.keyword.WebUiBuiltInKeywords.verifyElementPresent(WebUiBuiltInKeywords.groovy:1434)
	at com.kms.katalon.core.webui.keyword.WebUiBuiltInKeywords$verifyElementPresent$3.call(Unknown Source)
	at Manage Slider - new slider.run(Manage Slider - new slider:61)
	at com.kms.katalon.core.main.ScriptEngine.run(ScriptEngine.java:194)
	at com.kms.katalon.core.main.ScriptEngine.runScriptAsRawText(ScriptEngine.java:119)
	at com.kms.katalon.core.main.TestCaseExecutor.runScript(TestCaseExecutor.java:337)
	at com.kms.katalon.core.main.TestCaseExecutor.doExecute(TestCaseExecutor.java:328)
	at com.kms.katalon.core.main.TestCaseExecutor.processExecutionPhase(TestCaseExecutor.java:307)
	at com.kms.katalon.core.main.TestCaseExecutor.accessMainPhase(TestCaseExecutor.java:299)
	at com.kms.katalon.core.main.TestCaseExecutor.execute(TestCaseExecutor.java:233)
	at com.kms.katalon.core.main.TestSuiteExecutor.accessTestCaseMainPhase(TestSuiteExecutor.java:169)
	at com.kms.katalon.core.main.TestSuiteExecutor.accessTestSuiteMainPhase(TestSuiteExecutor.java:142)
	at com.kms.katalon.core.main.TestSuiteExecutor.execute(TestSuiteExecutor.java:91)
	at com.kms.katalon.core.main.TestCaseMain.startTestSuite(TestCaseMain.java:157)
	at com.kms.katalon.core.main.TestCaseMain$startTestSuite$0.call(Unknown Source)
	at TempTestSuite1592387828401.run(TempTestSuite1592387828401.groovy:36)
Caused by: com.kms.katalon.core.exception.StepFailedException: com.kms.katalon.core.webui.exception.WebElementNotFoundException: Web element with id: 'Object Repository/Christi/Page_Manage Sliders/label_NEOP UW' located by 'By.xpath: //*[@name = 'label13' and (text() = 'Slider Service' or . = 'Slider Service')]' not found
	at com.kms.katalon.core.webui.keyword.internal.WebUIKeywordMain.stepFailed(WebUIKeywordMain.groovy:64)
	at com.kms.katalon.core.webui.keyword.builtin.VerifyElementPresentKeyword$_verifyElementPresent_closure1.doCall(VerifyElementPresentKeyword.groovy:85)
	at com.kms.katalon.core.webui.keyword.builtin.VerifyElementPresentKeyword$_verifyElementPresent_closure1.call(VerifyElementPresentKeyword.groovy)
	at com.kms.katalon.core.webui.keyword.internal.WebUIKeywordMain.runKeyword(WebUIKeywordMain.groovy:20)
	... 19 more]]></system-err>
      </testcase>
      <system-out><![CDATA[2020-06-17 16:57:24 - [TEST_SUITE][FAILED] - Manage Slider (1): Test Cases/Christi/Admin/Manage Slider - new slider FAILED.
Reason:
com.kms.katalon.core.exception.StepFailedException: Unable to verify object 'Object Repository/Christi/Page_Manage Sliders/label_NEOP UW' is present
	at com.kms.katalon.core.webui.keyword.internal.WebUIKeywordMain.stepFailed(WebUIKeywordMain.groovy:64)
	at com.kms.katalon.core.webui.keyword.internal.WebUIKeywordMain.runKeyword(WebUIKeywordMain.groovy:26)
	at com.kms.katalon.core.webui.keyword.builtin.VerifyElementPresentKeyword.verifyElementPresent(VerifyElementPresentKeyword.groovy:92)
	at com.kms.katalon.core.webui.keyword.builtin.VerifyElementPresentKeyword.execute(VerifyElementPresentKeyword.groovy:68)
	at com.kms.katalon.core.keyword.internal.KeywordExecutor.executeKeywordForPlatform(KeywordExecutor.groovy:60)
	at com.kms.katalon.core.webui.keyword.WebUiBuiltInKeywords.verifyElementPresent(WebUiBuiltInKeywords.groovy:1434)
	at com.kms.katalon.core.webui.keyword.WebUiBuiltInKeywords$verifyElementPresent$3.call(Unknown Source)
	at Manage Slider - new slider.run(Manage Slider - new slider:61)
	at com.kms.katalon.core.main.ScriptEngine.run(ScriptEngine.java:194)
	at com.kms.katalon.core.main.ScriptEngine.runScriptAsRawText(ScriptEngine.java:119)
	at com.kms.katalon.core.main.TestCaseExecutor.runScript(TestCaseExecutor.java:337)
	at com.kms.katalon.core.main.TestCaseExecutor.doExecute(TestCaseExecutor.java:328)
	at com.kms.katalon.core.main.TestCaseExecutor.processExecutionPhase(TestCaseExecutor.java:307)
	at com.kms.katalon.core.main.TestCaseExecutor.accessMainPhase(TestCaseExecutor.java:299)
	at com.kms.katalon.core.main.TestCaseExecutor.execute(TestCaseExecutor.java:233)
	at com.kms.katalon.core.main.TestSuiteExecutor.accessTestCaseMainPhase(TestSuiteExecutor.java:169)
	at com.kms.katalon.core.main.TestSuiteExecutor.accessTestSuiteMainPhase(TestSuiteExecutor.java:142)
	at com.kms.katalon.core.main.TestSuiteExecutor.execute(TestSuiteExecutor.java:91)
	at com.kms.katalon.core.main.TestCaseMain.startTestSuite(TestCaseMain.java:157)
	at com.kms.katalon.core.main.TestCaseMain$startTestSuite$0.call(Unknown Source)
	at TempTestSuite1592387828401.run(TempTestSuite1592387828401.groovy:36)
Caused by: com.kms.katalon.core.exception.StepFailedException: com.kms.katalon.core.webui.exception.WebElementNotFoundException: Web element with id: 'Object Repository/Christi/Page_Manage Sliders/label_NEOP UW' located by 'By.xpath: //*[@name = 'label13' and (text() = 'Slider Service' or . = 'Slider Service')]' not found
	at com.kms.katalon.core.webui.keyword.internal.WebUIKeywordMain.stepFailed(WebUIKeywordMain.groovy:64)
	at com.kms.katalon.core.webui.keyword.builtin.VerifyElementPresentKeyword$_verifyElementPresent_closure1.doCall(VerifyElementPresentKeyword.groovy:85)
	at com.kms.katalon.core.webui.keyword.builtin.VerifyElementPresentKeyword$_verifyElementPresent_closure1.call(VerifyElementPresentKeyword.groovy)
	at com.kms.katalon.core.webui.keyword.internal.WebUIKeywordMain.runKeyword(WebUIKeywordMain.groovy:20)
	... 19 more]]></system-out>
      <system-err><![CDATA[2020-06-17 16:57:24 - [TEST_SUITE][FAILED] - Manage Slider (1): Test Cases/Christi/Admin/Manage Slider - new slider FAILED.
Reason:
com.kms.katalon.core.exception.StepFailedException: Unable to verify object 'Object Repository/Christi/Page_Manage Sliders/label_NEOP UW' is present
	at com.kms.katalon.core.webui.keyword.internal.WebUIKeywordMain.stepFailed(WebUIKeywordMain.groovy:64)
	at com.kms.katalon.core.webui.keyword.internal.WebUIKeywordMain.runKeyword(WebUIKeywordMain.groovy:26)
	at com.kms.katalon.core.webui.keyword.builtin.VerifyElementPresentKeyword.verifyElementPresent(VerifyElementPresentKeyword.groovy:92)
	at com.kms.katalon.core.webui.keyword.builtin.VerifyElementPresentKeyword.execute(VerifyElementPresentKeyword.groovy:68)
	at com.kms.katalon.core.keyword.internal.KeywordExecutor.executeKeywordForPlatform(KeywordExecutor.groovy:60)
	at com.kms.katalon.core.webui.keyword.WebUiBuiltInKeywords.verifyElementPresent(WebUiBuiltInKeywords.groovy:1434)
	at com.kms.katalon.core.webui.keyword.WebUiBuiltInKeywords$verifyElementPresent$3.call(Unknown Source)
	at Manage Slider - new slider.run(Manage Slider - new slider:61)
	at com.kms.katalon.core.main.ScriptEngine.run(ScriptEngine.java:194)
	at com.kms.katalon.core.main.ScriptEngine.runScriptAsRawText(ScriptEngine.java:119)
	at com.kms.katalon.core.main.TestCaseExecutor.runScript(TestCaseExecutor.java:337)
	at com.kms.katalon.core.main.TestCaseExecutor.doExecute(TestCaseExecutor.java:328)
	at com.kms.katalon.core.main.TestCaseExecutor.processExecutionPhase(TestCaseExecutor.java:307)
	at com.kms.katalon.core.main.TestCaseExecutor.accessMainPhase(TestCaseExecutor.java:299)
	at com.kms.katalon.core.main.TestCaseExecutor.execute(TestCaseExecutor.java:233)
	at com.kms.katalon.core.main.TestSuiteExecutor.accessTestCaseMainPhase(TestSuiteExecutor.java:169)
	at com.kms.katalon.core.main.TestSuiteExecutor.accessTestSuiteMainPhase(TestSuiteExecutor.java:142)
	at com.kms.katalon.core.main.TestSuiteExecutor.execute(TestSuiteExecutor.java:91)
	at com.kms.katalon.core.main.TestCaseMain.startTestSuite(TestCaseMain.java:157)
	at com.kms.katalon.core.main.TestCaseMain$startTestSuite$0.call(Unknown Source)
	at TempTestSuite1592387828401.run(TempTestSuite1592387828401.groovy:36)
Caused by: com.kms.katalon.core.exception.StepFailedException: com.kms.katalon.core.webui.exception.WebElementNotFoundException: Web element with id: 'Object Repository/Christi/Page_Manage Sliders/label_NEOP UW' located by 'By.xpath: //*[@name = 'label13' and (text() = 'Slider Service' or . = 'Slider Service')]' not found
	at com.kms.katalon.core.webui.keyword.internal.WebUIKeywordMain.stepFailed(WebUIKeywordMain.groovy:64)
	at com.kms.katalon.core.webui.keyword.builtin.VerifyElementPresentKeyword$_verifyElementPresent_closure1.doCall(VerifyElementPresentKeyword.groovy:85)
	at com.kms.katalon.core.webui.keyword.builtin.VerifyElementPresentKeyword$_verifyElementPresent_closure1.call(VerifyElementPresentKeyword.groovy)
	at com.kms.katalon.core.webui.keyword.internal.WebUIKeywordMain.runKeyword(WebUIKeywordMain.groovy:20)
	... 19 more]]></system-err>
   </testsuite>
</testsuites>
