<?xml version="1.0" encoding="UTF-8"?>
<testsuites name="Manage Pretest" time="256.13" tests="3" failures="0" errors="1">
   <testsuite name="Manage Pretest" tests="3" failures="0" errors="1" time="256.13" timestamp="2020-06-05 12:40:33" hostname="ASUS - LAPTOP-D0TPACJ1" id="Test Suites/Christi/Manage Pretest">
      <properties>
         <property name="deviceName" value=""/>
         <property name="devicePlatform" value=""/>
         <property name="logFolder" value="C:\\Users\\ASUS\\git\\LearningManagementWeb\\Reports\\20200605_124022\\Christi\\Manage Pretest\\20200605_124022"/>
         <property name="logFiles" value="C:\\Users\\ASUS\\git\\LearningManagementWeb\\Reports\\20200605_124022\\Christi\\Manage Pretest\\20200605_124022\\execution0.log"/>
         <property name="attachments" value=""/>
         <property name="hostName" value="ASUS - LAPTOP-D0TPACJ1"/>
         <property name="os" value="Windows 10 64bit"/>
         <property name="katalonVersion" value="7.0.10.1"/>
         <property name="browser" value="Chrome 83.0.4103.61"/>
         <property name="hostAddress" value="192.168.100.227"/>
         <property name="sessionId" value="11b41501cc907196f8f17b108c2b9993"/>
         <property name="seleniumVersion" value="3.141.59"/>
         <property name="proxyInformation" value="ProxyInformation{proxyOption=NO_PROXY, proxyServerType=HTTP, password=, proxyServerAddress=, proxyServerPort=0}"/>
         <property name="platform" value="Windows 10"/>
      </properties>
      <testcase name="Test Cases/Christi/Admin/Pretest PostTest - Upload CSV" time="78.27" classname="Test Cases/Christi/Admin/Pretest PostTest - Upload CSV" status="PASSED">
         <system-out><![CDATA[2020-06-05 12:40:33 - [TEST_CASE][PASSED] - Test Cases/Christi/Admin/Pretest PostTest - Upload CSV: Test Cases/Christi/Admin/Pretest PostTest - Upload CSV

2020-06-05 12:40:34 - [TEST_STEP][PASSED] - callTestCase(findTestCase("Christi/Admin/admin login"), ["username":"11666", "password":"Password3"], STOP_ON_FAILURE): Call Test Case 'Test Cases/Christi/Admin/admin login' successfully

2020-06-05 12:40:35 - [TEST_CASE][PASSED] - Test Cases/Christi/Admin/admin login: Test Cases/Christi/Admin/admin login

2020-06-05 12:40:35 - [TEST_STEP][PASSED] - openBrowser(""): Browser is opened with url: ''

2020-06-05 12:40:37 - [MESSAGE][INFO] - Starting 'Chrome' driver

2020-06-05 12:40:37 - [MESSAGE][INFO] - Action delay is set to 0 seconds

2020-06-05 12:40:46 - [MESSAGE][PASSED] - Browser is opened with url: ''

2020-06-05 12:40:46 - [TEST_STEP][PASSED] - navigateToUrl("https://appsrv1.deltadatamandiri.com/ACC_LMS_WEB/#/admNLmn"): Navigate to 'https://appsrv1.deltadatamandiri.com/ACC_LMS_WEB/#/admNLmn' successfully

2020-06-05 12:41:03 - [MESSAGE][PASSED] - Navigate to 'https://appsrv1.deltadatamandiri.com/ACC_LMS_WEB/#/admNLmn' successfully

2020-06-05 12:41:03 - [TEST_STEP][PASSED] - click(findTestObject("Christi/Page_Main/button_login")): Object: 'Object Repository/Christi/Page_Main/button_login' is clicked on

2020-06-05 12:41:08 - [MESSAGE][ERROR] - javascript error: Failed to execute 'elementsFromPoint' on 'Document': The provided double value is non-finite.
  (Session info: chrome=83.0.4103.61)
Build info: version: '3.141.59', revision: 'e82be7d358', time: '2018-11-14T08:25:53'
System info: host: 'LAPTOP-D0TPACJ1', ip: '192.168.100.227', os.name: 'Windows 10', os.arch: 'amd64', os.version: '10.0', java.version: '1.8.0_181'
Driver info: com.kms.katalon.selenium.driver.CChromeDriver
Capabilities {acceptInsecureCerts: false, browserName: chrome, browserVersion: 83.0.4103.61, chrome: {chromedriverVersion: 83.0.4103.39 (ccbf011cb2d2b..., userDataDir: C:\Users\ASUS\AppData\Local...}, goog:chromeOptions: {debuggerAddress: localhost:56311}, javascriptEnabled: true, networkConnectionEnabled: false, pageLoadStrategy: normal, platform: WINDOWS, platformName: WINDOWS, proxy: Proxy(), setWindowRect: true, strictFileInteractability: false, timeouts: {implicit: 0, pageLoad: 300000, script: 30000}, unhandledPromptBehavior: dismiss and notify, webauthn:virtualAuthenticators: true}
Session ID: 40444830597a748987ef49ae34353597

2020-06-05 12:41:09 - [MESSAGE][PASSED] - Object: 'Object Repository/Christi/Page_Main/button_login' is clicked on

2020-06-05 12:41:09 - [TEST_STEP][PASSED] - delay(3): Delayed 3 second(s)

2020-06-05 12:41:12 - [MESSAGE][PASSED] - Delayed 3 second(s)

2020-06-05 12:41:12 - [TEST_STEP][PASSED] - setText(findTestObject("Object Repository/Christi/Page_Main/input_NPK_username"), username): Text '11666' is set on object 'Object Repository/Christi/Page_Main/input_NPK_username'

2020-06-05 12:41:13 - [MESSAGE][PASSED] - Text '11666' is set on object 'Object Repository/Christi/Page_Main/input_NPK_username'

2020-06-05 12:41:13 - [TEST_STEP][PASSED] - setText(findTestObject("Object Repository/Christi/Page_Main/input_Password_password"), password): Text 'Password3' is set on object 'Object Repository/Christi/Page_Main/input_Password_password'

2020-06-05 12:41:13 - [MESSAGE][PASSED] - Text 'Password3' is set on object 'Object Repository/Christi/Page_Main/input_Password_password'

2020-06-05 12:41:13 - [TEST_STEP][PASSED] - delay(5): Delayed 5 second(s)

2020-06-05 12:41:18 - [MESSAGE][PASSED] - Delayed 5 second(s)

2020-06-05 12:41:18 - [TEST_STEP][PASSED] - click(findTestObject("Rizka/Admin/Admin - Login/btnLogin2")): Object: 'Object Repository/Rizka/Admin/Admin - Login/btnLogin2' is clicked on

2020-06-05 12:41:19 - [MESSAGE][PASSED] - Object: 'Object Repository/Rizka/Admin/Admin - Login/btnLogin2' is clicked on

2020-06-05 12:41:19 - [TEST_STEP][PASSED] - delay(5): Delayed 5 second(s)

2020-06-05 12:41:24 - [MESSAGE][PASSED] - Delayed 5 second(s)

2020-06-05 12:41:24 - [MESSAGE][PASSED] - Call Test Case 'Test Cases/Christi/Admin/admin login' successfully

2020-06-05 12:41:24 - [TEST_STEP][PASSED] - delay(3): Delayed 3 second(s)

2020-06-05 12:41:27 - [MESSAGE][PASSED] - Delayed 3 second(s)

2020-06-05 12:41:27 - [TEST_STEP][PASSED] - verifyElementPresent(findTestObject("Christi/Page_Dashboard Admin/button_Manage Test"), 0): Object 'Object Repository/Christi/Page_Dashboard Admin/button_Manage Test' is present

2020-06-05 12:41:27 - [MESSAGE][WARNING] - Timeout '0' is invalid. Using default page load timeout: '30'

2020-06-05 12:41:29 - [MESSAGE][PASSED] - Object 'Object Repository/Christi/Page_Dashboard Admin/button_Manage Test' is present

2020-06-05 12:41:29 - [TEST_STEP][PASSED] - click(findTestObject("Object Repository/Christi/Page_Dashboard Admin/button_Manage Test")): Object: 'Object Repository/Christi/Page_Dashboard Admin/button_Manage Test' is clicked on

2020-06-05 12:41:30 - [MESSAGE][PASSED] - Object: 'Object Repository/Christi/Page_Dashboard Admin/button_Manage Test' is clicked on

2020-06-05 12:41:30 - [TEST_STEP][PASSED] - delay(3): Delayed 3 second(s)

2020-06-05 12:41:33 - [MESSAGE][PASSED] - Delayed 3 second(s)

2020-06-05 12:41:33 - [TEST_STEP][PASSED] - click(findTestObject("Christi/Page_Dashboard Admin/span_Pre-Test  Post-Test")): Object: 'Object Repository/Christi/Page_Dashboard Admin/span_Pre-Test  Post-Test' is clicked on

2020-06-05 12:41:34 - [MESSAGE][PASSED] - Object: 'Object Repository/Christi/Page_Dashboard Admin/span_Pre-Test  Post-Test' is clicked on

2020-06-05 12:41:34 - [TEST_STEP][PASSED] - delay(3): Delayed 3 second(s)

2020-06-05 12:41:37 - [MESSAGE][PASSED] - Delayed 3 second(s)

2020-06-05 12:41:37 - [TEST_STEP][PASSED] - verifyElementPresent(findTestObject("Christi/Page_Manage Test/label_Manage Pre-Test dan Post-Test"), 0): Object 'Object Repository/Christi/Page_Manage Test/label_Manage Pre-Test dan Post-Test' is present

2020-06-05 12:41:37 - [MESSAGE][WARNING] - Timeout '0' is invalid. Using default page load timeout: '30'

2020-06-05 12:41:48 - [MESSAGE][PASSED] - Object 'Object Repository/Christi/Page_Manage Test/label_Manage Pre-Test dan Post-Test' is present

2020-06-05 12:41:48 - [TEST_STEP][PASSED] - delay(3): Delayed 3 second(s)

2020-06-05 12:41:51 - [MESSAGE][PASSED] - Delayed 3 second(s)

2020-06-05 12:41:51 - [TEST_STEP][PASSED] - uploadFile(findTestObject("Christi/Page_Manage Test/input_Clear button_files"), file_upload): File 'C:\Users\ASUS\git\LearningManagementWeb\konten lms\Aristotles.jpg' sent to object: 'Object Repository/Christi/Page_Manage Test/input_Clear button_files'

2020-06-05 12:41:51 - [MESSAGE][PASSED] - File 'C:\Users\ASUS\git\LearningManagementWeb\konten lms\Aristotles.jpg' sent to object: 'Object Repository/Christi/Page_Manage Test/input_Clear button_files'

2020-06-05 12:41:51 - [TEST_STEP][PASSED] - if (expected == "pass"): null

2020-06-05 12:41:51 - [TEST_STEP][PASSED] - else if (expected == "fail"): Object 'Object Repository/Christi/Page_Manage Test/div_Expected file extension is csv' is present

2020-06-05 12:41:51 - [TEST_STEP][PASSED] - if (status == "error, expected file csv"): Object 'Object Repository/Christi/Page_Manage Test/div_Expected file extension is csv' is present

2020-06-05 12:41:51 - [TEST_STEP][PASSED] - verifyElementPresent(findTestObject("Christi/Page_Manage Test/div_Expected file extension is csv"), 0): Object 'Object Repository/Christi/Page_Manage Test/div_Expected file extension is csv' is present

2020-06-05 12:41:51 - [MESSAGE][WARNING] - Timeout '0' is invalid. Using default page load timeout: '30'

2020-06-05 12:41:52 - [MESSAGE][PASSED] - Object 'Object Repository/Christi/Page_Manage Test/div_Expected file extension is csv' is present]]></system-out>
         <system-err><![CDATA[]]></system-err>
      </testcase>
      <testcase name="Test Cases/Christi/Admin/Pretest PostTest - Upload CSV" time="76.048" classname="Test Cases/Christi/Admin/Pretest PostTest - Upload CSV" status="PASSED">
         <system-out><![CDATA[2020-06-05 12:41:52 - [TEST_CASE][PASSED] - Test Cases/Christi/Admin/Pretest PostTest - Upload CSV: Test Cases/Christi/Admin/Pretest PostTest - Upload CSV

2020-06-05 12:41:52 - [TEST_STEP][PASSED] - callTestCase(findTestCase("Christi/Admin/admin login"), ["username":"11666", "password":"Password3"], STOP_ON_FAILURE): Call Test Case 'Test Cases/Christi/Admin/admin login' successfully

2020-06-05 12:41:52 - [TEST_CASE][PASSED] - Test Cases/Christi/Admin/admin login: Test Cases/Christi/Admin/admin login

2020-06-05 12:41:52 - [TEST_STEP][PASSED] - openBrowser(""): Browser is opened with url: ''

2020-06-05 12:41:52 - [MESSAGE][WARNING] - A browser is already opened. Closing browser and opening a new one

2020-06-05 12:41:53 - [MESSAGE][INFO] - Starting 'Chrome' driver

2020-06-05 12:41:56 - [MESSAGE][PASSED] - Browser is opened with url: ''

2020-06-05 12:41:56 - [TEST_STEP][PASSED] - navigateToUrl("https://appsrv1.deltadatamandiri.com/ACC_LMS_WEB/#/admNLmn"): Navigate to 'https://appsrv1.deltadatamandiri.com/ACC_LMS_WEB/#/admNLmn' successfully

2020-06-05 12:42:17 - [MESSAGE][PASSED] - Navigate to 'https://appsrv1.deltadatamandiri.com/ACC_LMS_WEB/#/admNLmn' successfully

2020-06-05 12:42:17 - [TEST_STEP][PASSED] - click(findTestObject("Christi/Page_Main/button_login")): Object: 'Object Repository/Christi/Page_Main/button_login' is clicked on

2020-06-05 12:42:23 - [MESSAGE][ERROR] - javascript error: Failed to execute 'elementsFromPoint' on 'Document': The provided double value is non-finite.
  (Session info: chrome=83.0.4103.61)
Build info: version: '3.141.59', revision: 'e82be7d358', time: '2018-11-14T08:25:53'
System info: host: 'LAPTOP-D0TPACJ1', ip: '192.168.100.227', os.name: 'Windows 10', os.arch: 'amd64', os.version: '10.0', java.version: '1.8.0_181'
Driver info: com.kms.katalon.selenium.driver.CChromeDriver
Capabilities {acceptInsecureCerts: false, browserName: chrome, browserVersion: 83.0.4103.61, chrome: {chromedriverVersion: 83.0.4103.39 (ccbf011cb2d2b..., userDataDir: C:\Users\ASUS\AppData\Local...}, goog:chromeOptions: {debuggerAddress: localhost:56383}, javascriptEnabled: true, networkConnectionEnabled: false, pageLoadStrategy: normal, platform: WINDOWS, platformName: WINDOWS, proxy: Proxy(), setWindowRect: true, strictFileInteractability: false, timeouts: {implicit: 0, pageLoad: 300000, script: 30000}, unhandledPromptBehavior: dismiss and notify, webauthn:virtualAuthenticators: true}
Session ID: f155cb968250486c781bbaf8eac9ae08

2020-06-05 12:42:25 - [MESSAGE][PASSED] - Object: 'Object Repository/Christi/Page_Main/button_login' is clicked on

2020-06-05 12:42:25 - [TEST_STEP][PASSED] - delay(3): Delayed 3 second(s)

2020-06-05 12:42:28 - [MESSAGE][PASSED] - Delayed 3 second(s)

2020-06-05 12:42:28 - [TEST_STEP][PASSED] - setText(findTestObject("Object Repository/Christi/Page_Main/input_NPK_username"), username): Text '11666' is set on object 'Object Repository/Christi/Page_Main/input_NPK_username'

2020-06-05 12:42:29 - [MESSAGE][PASSED] - Text '11666' is set on object 'Object Repository/Christi/Page_Main/input_NPK_username'

2020-06-05 12:42:29 - [TEST_STEP][PASSED] - setText(findTestObject("Object Repository/Christi/Page_Main/input_Password_password"), password): Text 'Password3' is set on object 'Object Repository/Christi/Page_Main/input_Password_password'

2020-06-05 12:42:30 - [MESSAGE][PASSED] - Text 'Password3' is set on object 'Object Repository/Christi/Page_Main/input_Password_password'

2020-06-05 12:42:30 - [TEST_STEP][PASSED] - delay(5): Delayed 5 second(s)

2020-06-05 12:42:35 - [MESSAGE][PASSED] - Delayed 5 second(s)

2020-06-05 12:42:35 - [TEST_STEP][PASSED] - click(findTestObject("Rizka/Admin/Admin - Login/btnLogin2")): Object: 'Object Repository/Rizka/Admin/Admin - Login/btnLogin2' is clicked on

2020-06-05 12:42:36 - [MESSAGE][PASSED] - Object: 'Object Repository/Rizka/Admin/Admin - Login/btnLogin2' is clicked on

2020-06-05 12:42:36 - [TEST_STEP][PASSED] - delay(5): Delayed 5 second(s)

2020-06-05 12:42:41 - [MESSAGE][PASSED] - Delayed 5 second(s)

2020-06-05 12:42:41 - [MESSAGE][PASSED] - Call Test Case 'Test Cases/Christi/Admin/admin login' successfully

2020-06-05 12:42:41 - [TEST_STEP][PASSED] - delay(3): Delayed 3 second(s)

2020-06-05 12:42:44 - [MESSAGE][PASSED] - Delayed 3 second(s)

2020-06-05 12:42:44 - [TEST_STEP][PASSED] - verifyElementPresent(findTestObject("Christi/Page_Dashboard Admin/button_Manage Test"), 0): Object 'Object Repository/Christi/Page_Dashboard Admin/button_Manage Test' is present

2020-06-05 12:42:44 - [MESSAGE][WARNING] - Timeout '0' is invalid. Using default page load timeout: '30'

2020-06-05 12:42:46 - [MESSAGE][PASSED] - Object 'Object Repository/Christi/Page_Dashboard Admin/button_Manage Test' is present

2020-06-05 12:42:46 - [TEST_STEP][PASSED] - click(findTestObject("Object Repository/Christi/Page_Dashboard Admin/button_Manage Test")): Object: 'Object Repository/Christi/Page_Dashboard Admin/button_Manage Test' is clicked on

2020-06-05 12:42:47 - [MESSAGE][PASSED] - Object: 'Object Repository/Christi/Page_Dashboard Admin/button_Manage Test' is clicked on

2020-06-05 12:42:47 - [TEST_STEP][PASSED] - delay(3): Delayed 3 second(s)

2020-06-05 12:42:50 - [MESSAGE][PASSED] - Delayed 3 second(s)

2020-06-05 12:42:50 - [TEST_STEP][PASSED] - click(findTestObject("Christi/Page_Dashboard Admin/span_Pre-Test  Post-Test")): Object: 'Object Repository/Christi/Page_Dashboard Admin/span_Pre-Test  Post-Test' is clicked on

2020-06-05 12:42:51 - [MESSAGE][PASSED] - Object: 'Object Repository/Christi/Page_Dashboard Admin/span_Pre-Test  Post-Test' is clicked on

2020-06-05 12:42:51 - [TEST_STEP][PASSED] - delay(3): Delayed 3 second(s)

2020-06-05 12:42:54 - [MESSAGE][PASSED] - Delayed 3 second(s)

2020-06-05 12:42:54 - [TEST_STEP][PASSED] - verifyElementPresent(findTestObject("Christi/Page_Manage Test/label_Manage Pre-Test dan Post-Test"), 0): Object 'Object Repository/Christi/Page_Manage Test/label_Manage Pre-Test dan Post-Test' is present

2020-06-05 12:42:54 - [MESSAGE][WARNING] - Timeout '0' is invalid. Using default page load timeout: '30'

2020-06-05 12:43:04 - [MESSAGE][PASSED] - Object 'Object Repository/Christi/Page_Manage Test/label_Manage Pre-Test dan Post-Test' is present

2020-06-05 12:43:04 - [TEST_STEP][PASSED] - delay(3): Delayed 3 second(s)

2020-06-05 12:43:07 - [MESSAGE][PASSED] - Delayed 3 second(s)

2020-06-05 12:43:07 - [TEST_STEP][PASSED] - uploadFile(findTestObject("Christi/Page_Manage Test/input_Clear button_files"), file_upload): File 'C:\Users\ASUS\git\LearningManagementWeb\konten lms\big file.csv' sent to object: 'Object Repository/Christi/Page_Manage Test/input_Clear button_files'

2020-06-05 12:43:08 - [MESSAGE][PASSED] - File 'C:\Users\ASUS\git\LearningManagementWeb\konten lms\big file.csv' sent to object: 'Object Repository/Christi/Page_Manage Test/input_Clear button_files'

2020-06-05 12:43:08 - [TEST_STEP][PASSED] - if (expected == "pass"): null

2020-06-05 12:43:08 - [TEST_STEP][PASSED] - else if (expected == "fail"): null

2020-06-05 12:43:08 - [TEST_STEP][PASSED] - if (status == "error, expected file csv"): null]]></system-out>
         <system-err><![CDATA[]]></system-err>
      </testcase>
      <testcase name="Test Cases/Christi/Admin/Pretest PostTest - Upload CSV" time="99.801" classname="Test Cases/Christi/Admin/Pretest PostTest - Upload CSV" status="ERROR">
         <error type="ERROR" message="Test Cases/Christi/Admin/Pretest PostTest - Upload CSV FAILED.
Reason:
groovy.lang.MissingPropertyException: No such property: Keys for class: Script1589340431681
	at Pretest PostTest - Upload CSV.run(Pretest PostTest - Upload CSV:46)
	at com.kms.katalon.core.main.ScriptEngine.run(ScriptEngine.java:194)
	at com.kms.katalon.core.main.ScriptEngine.runScriptAsRawText(ScriptEngine.java:119)
	at com.kms.katalon.core.main.TestCaseExecutor.runScript(TestCaseExecutor.java:337)
	at com.kms.katalon.core.main.TestCaseExecutor.doExecute(TestCaseExecutor.java:328)
	at com.kms.katalon.core.main.TestCaseExecutor.processExecutionPhase(TestCaseExecutor.java:307)
	at com.kms.katalon.core.main.TestCaseExecutor.accessMainPhase(TestCaseExecutor.java:299)
	at com.kms.katalon.core.main.TestCaseExecutor.execute(TestCaseExecutor.java:233)
	at com.kms.katalon.core.main.TestSuiteExecutor.accessTestCaseMainPhase(TestSuiteExecutor.java:169)
	at com.kms.katalon.core.main.TestSuiteExecutor.accessTestSuiteMainPhase(TestSuiteExecutor.java:142)
	at com.kms.katalon.core.main.TestSuiteExecutor.execute(TestSuiteExecutor.java:91)
	at com.kms.katalon.core.main.TestCaseMain.startTestSuite(TestCaseMain.java:157)
	at com.kms.katalon.core.main.TestCaseMain$startTestSuite$0.call(Unknown Source)
	at TempTestSuite1591335622968.run(TempTestSuite1591335622968.groovy:36)
"/>
         <system-out><![CDATA[2020-06-05 12:43:08 - [TEST_CASE][ERROR] - Test Cases/Christi/Admin/Pretest PostTest - Upload CSV: Test Cases/Christi/Admin/Pretest PostTest - Upload CSV FAILED.
Reason:
groovy.lang.MissingPropertyException: No such property: Keys for class: Script1589340431681
	at Pretest PostTest - Upload CSV.run(Pretest PostTest - Upload CSV:46)
	at com.kms.katalon.core.main.ScriptEngine.run(ScriptEngine.java:194)
	at com.kms.katalon.core.main.ScriptEngine.runScriptAsRawText(ScriptEngine.java:119)
	at com.kms.katalon.core.main.TestCaseExecutor.runScript(TestCaseExecutor.java:337)
	at com.kms.katalon.core.main.TestCaseExecutor.doExecute(TestCaseExecutor.java:328)
	at com.kms.katalon.core.main.TestCaseExecutor.processExecutionPhase(TestCaseExecutor.java:307)
	at com.kms.katalon.core.main.TestCaseExecutor.accessMainPhase(TestCaseExecutor.java:299)
	at com.kms.katalon.core.main.TestCaseExecutor.execute(TestCaseExecutor.java:233)
	at com.kms.katalon.core.main.TestSuiteExecutor.accessTestCaseMainPhase(TestSuiteExecutor.java:169)
	at com.kms.katalon.core.main.TestSuiteExecutor.accessTestSuiteMainPhase(TestSuiteExecutor.java:142)
	at com.kms.katalon.core.main.TestSuiteExecutor.execute(TestSuiteExecutor.java:91)
	at com.kms.katalon.core.main.TestCaseMain.startTestSuite(TestCaseMain.java:157)
	at com.kms.katalon.core.main.TestCaseMain$startTestSuite$0.call(Unknown Source)
	at TempTestSuite1591335622968.run(TempTestSuite1591335622968.groovy:36)


2020-06-05 12:43:08 - [TEST_STEP][PASSED] - callTestCase(findTestCase("Christi/Admin/admin login"), ["username":"11666", "password":"Password3"], STOP_ON_FAILURE): Call Test Case 'Test Cases/Christi/Admin/admin login' successfully

2020-06-05 12:43:08 - [TEST_CASE][PASSED] - Test Cases/Christi/Admin/admin login: Test Cases/Christi/Admin/admin login

2020-06-05 12:43:08 - [TEST_STEP][PASSED] - openBrowser(""): Browser is opened with url: ''

2020-06-05 12:43:08 - [MESSAGE][WARNING] - A browser is already opened. Closing browser and opening a new one

2020-06-05 12:43:09 - [MESSAGE][INFO] - Starting 'Chrome' driver

2020-06-05 12:43:12 - [MESSAGE][PASSED] - Browser is opened with url: ''

2020-06-05 12:43:12 - [TEST_STEP][PASSED] - navigateToUrl("https://appsrv1.deltadatamandiri.com/ACC_LMS_WEB/#/admNLmn"): Navigate to 'https://appsrv1.deltadatamandiri.com/ACC_LMS_WEB/#/admNLmn' successfully

2020-06-05 12:43:25 - [MESSAGE][PASSED] - Navigate to 'https://appsrv1.deltadatamandiri.com/ACC_LMS_WEB/#/admNLmn' successfully

2020-06-05 12:43:25 - [TEST_STEP][PASSED] - click(findTestObject("Christi/Page_Main/button_login")): Object: 'Object Repository/Christi/Page_Main/button_login' is clicked on

2020-06-05 12:43:31 - [MESSAGE][PASSED] - Object: 'Object Repository/Christi/Page_Main/button_login' is clicked on

2020-06-05 12:43:31 - [TEST_STEP][PASSED] - delay(3): Delayed 3 second(s)

2020-06-05 12:43:34 - [MESSAGE][PASSED] - Delayed 3 second(s)

2020-06-05 12:43:34 - [TEST_STEP][PASSED] - setText(findTestObject("Object Repository/Christi/Page_Main/input_NPK_username"), username): Text '11666' is set on object 'Object Repository/Christi/Page_Main/input_NPK_username'

2020-06-05 12:43:35 - [MESSAGE][PASSED] - Text '11666' is set on object 'Object Repository/Christi/Page_Main/input_NPK_username'

2020-06-05 12:43:35 - [TEST_STEP][PASSED] - setText(findTestObject("Object Repository/Christi/Page_Main/input_Password_password"), password): Text 'Password3' is set on object 'Object Repository/Christi/Page_Main/input_Password_password'

2020-06-05 12:43:35 - [MESSAGE][PASSED] - Text 'Password3' is set on object 'Object Repository/Christi/Page_Main/input_Password_password'

2020-06-05 12:43:35 - [TEST_STEP][PASSED] - delay(5): Delayed 5 second(s)

2020-06-05 12:43:40 - [MESSAGE][PASSED] - Delayed 5 second(s)

2020-06-05 12:43:40 - [TEST_STEP][PASSED] - click(findTestObject("Rizka/Admin/Admin - Login/btnLogin2")): Object: 'Object Repository/Rizka/Admin/Admin - Login/btnLogin2' is clicked on

2020-06-05 12:43:41 - [MESSAGE][PASSED] - Object: 'Object Repository/Rizka/Admin/Admin - Login/btnLogin2' is clicked on

2020-06-05 12:43:41 - [TEST_STEP][PASSED] - delay(5): Delayed 5 second(s)

2020-06-05 12:43:46 - [MESSAGE][PASSED] - Delayed 5 second(s)

2020-06-05 12:43:46 - [MESSAGE][PASSED] - Call Test Case 'Test Cases/Christi/Admin/admin login' successfully

2020-06-05 12:43:46 - [TEST_STEP][PASSED] - delay(3): Delayed 3 second(s)

2020-06-05 12:43:49 - [MESSAGE][PASSED] - Delayed 3 second(s)

2020-06-05 12:43:49 - [TEST_STEP][PASSED] - verifyElementPresent(findTestObject("Christi/Page_Dashboard Admin/button_Manage Test"), 0): Object 'Object Repository/Christi/Page_Dashboard Admin/button_Manage Test' is present

2020-06-05 12:43:49 - [MESSAGE][WARNING] - Timeout '0' is invalid. Using default page load timeout: '30'

2020-06-05 12:43:49 - [MESSAGE][PASSED] - Object 'Object Repository/Christi/Page_Dashboard Admin/button_Manage Test' is present

2020-06-05 12:43:49 - [TEST_STEP][PASSED] - click(findTestObject("Object Repository/Christi/Page_Dashboard Admin/button_Manage Test")): Object: 'Object Repository/Christi/Page_Dashboard Admin/button_Manage Test' is clicked on

2020-06-05 12:43:52 - [MESSAGE][PASSED] - Object: 'Object Repository/Christi/Page_Dashboard Admin/button_Manage Test' is clicked on

2020-06-05 12:43:52 - [TEST_STEP][PASSED] - delay(3): Delayed 3 second(s)

2020-06-05 12:43:55 - [MESSAGE][PASSED] - Delayed 3 second(s)

2020-06-05 12:43:55 - [TEST_STEP][PASSED] - click(findTestObject("Christi/Page_Dashboard Admin/span_Pre-Test  Post-Test")): Object: 'Object Repository/Christi/Page_Dashboard Admin/span_Pre-Test  Post-Test' is clicked on

2020-06-05 12:43:55 - [MESSAGE][PASSED] - Object: 'Object Repository/Christi/Page_Dashboard Admin/span_Pre-Test  Post-Test' is clicked on

2020-06-05 12:43:55 - [TEST_STEP][PASSED] - delay(3): Delayed 3 second(s)

2020-06-05 12:43:58 - [MESSAGE][PASSED] - Delayed 3 second(s)

2020-06-05 12:43:58 - [TEST_STEP][PASSED] - verifyElementPresent(findTestObject("Christi/Page_Manage Test/label_Manage Pre-Test dan Post-Test"), 0): Object 'Object Repository/Christi/Page_Manage Test/label_Manage Pre-Test dan Post-Test' is present

2020-06-05 12:43:58 - [MESSAGE][WARNING] - Timeout '0' is invalid. Using default page load timeout: '30'

2020-06-05 12:44:08 - [MESSAGE][PASSED] - Object 'Object Repository/Christi/Page_Manage Test/label_Manage Pre-Test dan Post-Test' is present

2020-06-05 12:44:08 - [TEST_STEP][PASSED] - delay(3): Delayed 3 second(s)

2020-06-05 12:44:11 - [MESSAGE][PASSED] - Delayed 3 second(s)

2020-06-05 12:44:11 - [TEST_STEP][PASSED] - uploadFile(findTestObject("Christi/Page_Manage Test/input_Clear button_files"), file_upload): File 'C:\Users\ASUS\git\LearningManagementWeb\konten lms\Pre-Test_LEMON.csv' sent to object: 'Object Repository/Christi/Page_Manage Test/input_Clear button_files'

2020-06-05 12:44:12 - [MESSAGE][PASSED] - File 'C:\Users\ASUS\git\LearningManagementWeb\konten lms\Pre-Test_LEMON.csv' sent to object: 'Object Repository/Christi/Page_Manage Test/input_Clear button_files'

2020-06-05 12:44:12 - [TEST_STEP][PASSED] - if (expected == "pass"): null

2020-06-05 12:44:12 - [TEST_STEP][PASSED] - waitForElementNotPresent(findTestObject("Christi/Page_Manage Test/i_Last_spinner-image animated infinite fa fa-circle-o-notch fa-spin"), 15): Web element with id: 'Object Repository/Christi/Page_Manage Test/i_Last_spinner-image animated infinite fa fa-circle-o-notch fa-spin' located by 'By.xpath: //body[@id='ng-app']/app-root/app-page-outlet/app-page-managetest/div/main/div/div/div[2]/div/i' is present after '15' second(s)

2020-06-05 12:44:34 - [MESSAGE][WARNING] - Web element with id: 'Object Repository/Christi/Page_Manage Test/i_Last_spinner-image animated infinite fa fa-circle-o-notch fa-spin' located by 'By.xpath: //body[@id='ng-app']/app-root/app-page-outlet/app-page-managetest/div/main/div/div/div[2]/div/i' is present after '15' second(s)

2020-06-05 12:44:34 - [TEST_STEP][PASSED] - click(findTestObject("Alda/Admin - Manage Test/Page_Manage Test/click_search")): Object: 'Object Repository/Alda/Admin - Manage Test/Page_Manage Test/click_search' is clicked on

2020-06-05 12:44:46 - [MESSAGE][PASSED] - Object: 'Object Repository/Alda/Admin - Manage Test/Page_Manage Test/click_search' is clicked on

2020-06-05 12:44:46 - [TEST_STEP][PASSED] - setText(findTestObject("Alda/Admin - Manage Test/Page_Manage Test/input_search"), soal): Text 'new pretest upload' is set on object 'Object Repository/Alda/Admin - Manage Test/Page_Manage Test/input_search'

2020-06-05 12:44:47 - [MESSAGE][PASSED] - Text 'new pretest upload' is set on object 'Object Repository/Alda/Admin - Manage Test/Page_Manage Test/input_search'

2020-06-05 12:44:47 - [TEST_STEP][PASSED] - sendKeys(findTestObject("Alda/Admin - Manage Test/Page_Manage Test/click_search"), Keys.chord(ENTER)): null]]></system-out>
         <system-err><![CDATA[2020-06-05 12:43:08 - [TEST_CASE][ERROR] - Test Cases/Christi/Admin/Pretest PostTest - Upload CSV: Test Cases/Christi/Admin/Pretest PostTest - Upload CSV FAILED.
Reason:
groovy.lang.MissingPropertyException: No such property: Keys for class: Script1589340431681
	at Pretest PostTest - Upload CSV.run(Pretest PostTest - Upload CSV:46)
	at com.kms.katalon.core.main.ScriptEngine.run(ScriptEngine.java:194)
	at com.kms.katalon.core.main.ScriptEngine.runScriptAsRawText(ScriptEngine.java:119)
	at com.kms.katalon.core.main.TestCaseExecutor.runScript(TestCaseExecutor.java:337)
	at com.kms.katalon.core.main.TestCaseExecutor.doExecute(TestCaseExecutor.java:328)
	at com.kms.katalon.core.main.TestCaseExecutor.processExecutionPhase(TestCaseExecutor.java:307)
	at com.kms.katalon.core.main.TestCaseExecutor.accessMainPhase(TestCaseExecutor.java:299)
	at com.kms.katalon.core.main.TestCaseExecutor.execute(TestCaseExecutor.java:233)
	at com.kms.katalon.core.main.TestSuiteExecutor.accessTestCaseMainPhase(TestSuiteExecutor.java:169)
	at com.kms.katalon.core.main.TestSuiteExecutor.accessTestSuiteMainPhase(TestSuiteExecutor.java:142)
	at com.kms.katalon.core.main.TestSuiteExecutor.execute(TestSuiteExecutor.java:91)
	at com.kms.katalon.core.main.TestCaseMain.startTestSuite(TestCaseMain.java:157)
	at com.kms.katalon.core.main.TestCaseMain$startTestSuite$0.call(Unknown Source)
	at TempTestSuite1591335622968.run(TempTestSuite1591335622968.groovy:36)]]></system-err>
      </testcase>
      <system-out><![CDATA[2020-06-05 12:40:33 - [TEST_SUITE][ERROR] - Manage Pretest: Test Cases/Christi/Admin/Pretest PostTest - Upload CSV FAILED.
Reason:
groovy.lang.MissingPropertyException: No such property: Keys for class: Script1589340431681
	at Pretest PostTest - Upload CSV.run(Pretest PostTest - Upload CSV:46)
	at com.kms.katalon.core.main.ScriptEngine.run(ScriptEngine.java:194)
	at com.kms.katalon.core.main.ScriptEngine.runScriptAsRawText(ScriptEngine.java:119)
	at com.kms.katalon.core.main.TestCaseExecutor.runScript(TestCaseExecutor.java:337)
	at com.kms.katalon.core.main.TestCaseExecutor.doExecute(TestCaseExecutor.java:328)
	at com.kms.katalon.core.main.TestCaseExecutor.processExecutionPhase(TestCaseExecutor.java:307)
	at com.kms.katalon.core.main.TestCaseExecutor.accessMainPhase(TestCaseExecutor.java:299)
	at com.kms.katalon.core.main.TestCaseExecutor.execute(TestCaseExecutor.java:233)
	at com.kms.katalon.core.main.TestSuiteExecutor.accessTestCaseMainPhase(TestSuiteExecutor.java:169)
	at com.kms.katalon.core.main.TestSuiteExecutor.accessTestSuiteMainPhase(TestSuiteExecutor.java:142)
	at com.kms.katalon.core.main.TestSuiteExecutor.execute(TestSuiteExecutor.java:91)
	at com.kms.katalon.core.main.TestCaseMain.startTestSuite(TestCaseMain.java:157)
	at com.kms.katalon.core.main.TestCaseMain$startTestSuite$0.call(Unknown Source)
	at TempTestSuite1591335622968.run(TempTestSuite1591335622968.groovy:36)]]></system-out>
      <system-err><![CDATA[2020-06-05 12:40:33 - [TEST_SUITE][ERROR] - Manage Pretest: Test Cases/Christi/Admin/Pretest PostTest - Upload CSV FAILED.
Reason:
groovy.lang.MissingPropertyException: No such property: Keys for class: Script1589340431681
	at Pretest PostTest - Upload CSV.run(Pretest PostTest - Upload CSV:46)
	at com.kms.katalon.core.main.ScriptEngine.run(ScriptEngine.java:194)
	at com.kms.katalon.core.main.ScriptEngine.runScriptAsRawText(ScriptEngine.java:119)
	at com.kms.katalon.core.main.TestCaseExecutor.runScript(TestCaseExecutor.java:337)
	at com.kms.katalon.core.main.TestCaseExecutor.doExecute(TestCaseExecutor.java:328)
	at com.kms.katalon.core.main.TestCaseExecutor.processExecutionPhase(TestCaseExecutor.java:307)
	at com.kms.katalon.core.main.TestCaseExecutor.accessMainPhase(TestCaseExecutor.java:299)
	at com.kms.katalon.core.main.TestCaseExecutor.execute(TestCaseExecutor.java:233)
	at com.kms.katalon.core.main.TestSuiteExecutor.accessTestCaseMainPhase(TestSuiteExecutor.java:169)
	at com.kms.katalon.core.main.TestSuiteExecutor.accessTestSuiteMainPhase(TestSuiteExecutor.java:142)
	at com.kms.katalon.core.main.TestSuiteExecutor.execute(TestSuiteExecutor.java:91)
	at com.kms.katalon.core.main.TestCaseMain.startTestSuite(TestCaseMain.java:157)
	at com.kms.katalon.core.main.TestCaseMain$startTestSuite$0.call(Unknown Source)
	at TempTestSuite1591335622968.run(TempTestSuite1591335622968.groovy:36)]]></system-err>
   </testsuite>
</testsuites>
