<?xml version="1.0" encoding="UTF-8"?>
<testsuites name="Admin - Manage Test - Pretest and Posttest - Delete" time="129.873" tests="2" failures="0" errors="0">
   <testsuite name="Admin - Manage Test - Pretest and Posttest - Delete" tests="2" failures="0" errors="0" time="129.873" timestamp="2020-06-16 11:39:44" hostname="rizkajuliant20 - DESKTOP-NHES7H6" id="Test Suites/Denna/Admin - Manage Test - Pretest and Posttest - Delete">
      <properties>
         <property name="deviceName" value=""/>
         <property name="devicePlatform" value=""/>
         <property name="logFolder" value="D:\\MY WORLD\\WORKS (TUGAS)\\LearningManagementWeb\\Reports\\20200616_113928\\Denna\\Admin - Manage Test - Pretest and Posttest - Delete\\20200616_113928"/>
         <property name="logFiles" value="D:\\MY WORLD\\WORKS (TUGAS)\\LearningManagementWeb\\Reports\\20200616_113928\\Denna\\Admin - Manage Test - Pretest and Posttest - Delete\\20200616_113928\\execution0.log"/>
         <property name="attachments" value=""/>
         <property name="hostName" value="rizkajuliant20 - DESKTOP-NHES7H6"/>
         <property name="os" value="Windows 10 64bit"/>
         <property name="katalonVersion" value="7.2.1.1"/>
         <property name="browser" value="Chrome 83.0.4103.97"/>
         <property name="hostAddress" value="192.168.1.116"/>
         <property name="sessionId" value="81f78c3a45a5e0536eb857133068b5f4"/>
         <property name="seleniumVersion" value="3.141.59"/>
         <property name="proxyInformation" value="ProxyInformation{proxyOption=NO_PROXY, proxyServerType=HTTP, password=, proxyServerAddress=, proxyServerPort=0, executionList=}"/>
         <property name="platform" value="Windows 10"/>
      </properties>
      <testcase name="Test Cases/Denna/Admin - Manage Test - Pretest and PostTest - Delete" time="71.338" classname="Test Cases/Denna/Admin - Manage Test - Pretest and PostTest - Delete" status="PASSED">
         <system-out><![CDATA[2020-06-16 11:39:45 - [TEST_CASE][PASSED] - Test Cases/Denna/Admin - Manage Test - Pretest and PostTest - Delete: Test Cases/Denna/Admin - Manage Test - Pretest and PostTest - Delete

2020-06-16 11:39:47 - [TEST_STEP][PASSED] - callTestCase(findTestCase("Denna/Login(Admin)"), [:], STOP_ON_FAILURE): Call Test Case 'Test Cases/Denna/Login(Admin)' successfully

2020-06-16 11:39:47 - [TEST_CASE][PASSED] - Test Cases/Denna/Login(Admin): Test Cases/Denna/Login(Admin)

2020-06-16 11:39:48 - [TEST_STEP][PASSED] - openBrowser("https://appsrv1.deltadatamandiri.com/ACC_LMS_WEB/#/admNLmn"): Browser is opened with url: 'https://appsrv1.deltadatamandiri.com/ACC_LMS_WEB/#/admNLmn'

2020-06-16 11:39:49 - [MESSAGE][INFO] - Starting 'Chrome' driver

2020-06-16 11:39:49 - [MESSAGE][INFO] - Action delay is set to 0 seconds

2020-06-16 11:40:25 - [MESSAGE][PASSED] - Browser is opened with url: 'https://appsrv1.deltadatamandiri.com/ACC_LMS_WEB/#/admNLmn'

2020-06-16 11:40:25 - [TEST_STEP][PASSED] - maximizeWindow(): Current window maximized

2020-06-16 11:40:27 - [MESSAGE][PASSED] - Current window maximized

2020-06-16 11:40:27 - [TEST_STEP][PASSED] - click(findTestObject("Object Repository/Denna/Admin - Login/button login")): Object: 'Object Repository/Denna/Admin - Login/button login' is clicked on

2020-06-16 11:40:31 - [MESSAGE][ERROR] - javascript error: Failed to execute 'elementsFromPoint' on 'Document': The provided double value is non-finite.
  (Session info: chrome=83.0.4103.97)
Build info: version: '3.141.59', revision: 'e82be7d358', time: '2018-11-14T08:25:53'
System info: host: 'DESKTOP-NHES7H6', ip: '192.168.1.116', os.name: 'Windows 10', os.arch: 'amd64', os.version: '10.0', java.version: '1.8.0_181'
Driver info: com.kms.katalon.selenium.driver.CChromeDriver
Capabilities {acceptInsecureCerts: false, browserName: chrome, browserVersion: 83.0.4103.97, chrome: {chromedriverVersion: 83.0.4103.39 (ccbf011cb2d2b..., userDataDir: C:\Users\ASUS\AppData\Local...}, goog:chromeOptions: {debuggerAddress: localhost:54082}, javascriptEnabled: true, networkConnectionEnabled: false, pageLoadStrategy: normal, platform: WINDOWS, platformName: WINDOWS, proxy: Proxy(), setWindowRect: true, strictFileInteractability: false, timeouts: {implicit: 0, pageLoad: 300000, script: 30000}, unhandledPromptBehavior: dismiss and notify, webauthn:virtualAuthenticators: true}
Session ID: ef7df44db80b8aa4f5313a06ae97045a

2020-06-16 11:40:32 - [MESSAGE][PASSED] - Object: 'Object Repository/Denna/Admin - Login/button login' is clicked on

2020-06-16 11:40:32 - [TEST_STEP][PASSED] - setText(findTestObject("Object Repository/Denna/Admin - Login/input_NPK_username"), "11666"): Text '11666' is set on object 'Object Repository/Denna/Admin - Login/input_NPK_username'

2020-06-16 11:40:34 - [MESSAGE][PASSED] - Text '11666' is set on object 'Object Repository/Denna/Admin - Login/input_NPK_username'

2020-06-16 11:40:34 - [TEST_STEP][PASSED] - setText(findTestObject("Object Repository/Denna/Admin - Login/input_Password_password"), "Password3"): Text 'Password3' is set on object 'Object Repository/Denna/Admin - Login/input_Password_password'

2020-06-16 11:40:35 - [MESSAGE][PASSED] - Text 'Password3' is set on object 'Object Repository/Denna/Admin - Login/input_Password_password'

2020-06-16 11:40:35 - [TEST_STEP][PASSED] - click(findTestObject("Denna/Admin - Login/button login1")): Object: 'Object Repository/Denna/Admin - Login/button login1' is clicked on

2020-06-16 11:40:35 - [MESSAGE][PASSED] - Object: 'Object Repository/Denna/Admin - Login/button login1' is clicked on

2020-06-16 11:40:35 - [MESSAGE][PASSED] - Call Test Case 'Test Cases/Denna/Login(Admin)' successfully

2020-06-16 11:40:35 - [TEST_STEP][NOT_RUN] - delay(2): NOT_RUN: delay(2)

2020-06-16 11:40:35 - [MESSAGE][NOT_RUN] - NOT_RUN: delay(2)

2020-06-16 11:40:35 - [TEST_STEP][PASSED] - click(findTestObject("Denna/Admin - Manage Test - Prestest and Protest - Delete/btnManageFAQ_v2")): Object: 'Object Repository/Denna/Admin - Manage Test - Prestest and Protest - Delete/btnManageFAQ_v2' is clicked on

2020-06-16 11:40:43 - [MESSAGE][PASSED] - Object: 'Object Repository/Denna/Admin - Manage Test - Prestest and Protest - Delete/btnManageFAQ_v2' is clicked on

2020-06-16 11:40:43 - [TEST_STEP][PASSED] - delay(3): Delayed 3 second(s)

2020-06-16 11:40:46 - [MESSAGE][PASSED] - Delayed 3 second(s)

2020-06-16 11:40:46 - [TEST_STEP][PASSED] - setText(findTestObject("Denna/Admin - Manage Test - Prestest and Protest - Delete/fieldSearch_v2"), searchID): Text 'qwerty' is set on object 'Object Repository/Denna/Admin - Manage Test - Prestest and Protest - Delete/fieldSearch_v2'

2020-06-16 11:40:49 - [MESSAGE][PASSED] - Text 'qwerty' is set on object 'Object Repository/Denna/Admin - Manage Test - Prestest and Protest - Delete/fieldSearch_v2'

2020-06-16 11:40:49 - [TEST_STEP][PASSED] - sendKeys(findTestObject("Denna/Admin - Manage Test - Prestest and Protest - Delete/fieldSearch_v2"), Keys.chord(ENTER)): Keys 'ENTER + ' sent to object: 'Object Repository/Denna/Admin - Manage Test - Prestest and Protest - Delete/fieldSearch_v2'

2020-06-16 11:40:51 - [MESSAGE][PASSED] - Keys 'ENTER + ' sent to object: 'Object Repository/Denna/Admin - Manage Test - Prestest and Protest - Delete/fieldSearch_v2'

2020-06-16 11:40:51 - [TEST_STEP][PASSED] - delay(3): Delayed 3 second(s)

2020-06-16 11:40:54 - [MESSAGE][PASSED] - Delayed 3 second(s)

2020-06-16 11:40:54 - [TEST_STEP][PASSED] - switch (kondisi): null

2020-06-16 11:40:54 - [TEST_STEP][PASSED] - case "fail":: null

2020-06-16 11:40:54 - [TEST_STEP][PASSED] - verifyElementVisible(findTestObject("Denna/Admin - Manage Test - Prestest and Protest - Delete/div_Searching Not Found")): Object 'Object Repository/Denna/Admin - Manage Test - Prestest and Protest - Delete/div_Searching Not Found' is visible

2020-06-16 11:40:55 - [MESSAGE][PASSED] - Object 'Object Repository/Denna/Admin - Manage Test - Prestest and Protest - Delete/div_Searching Not Found' is visible

2020-06-16 11:40:55 - [TEST_STEP][PASSED] - break: null

2020-06-16 11:40:55 - [TEST_STEP][PASSED] - closeBrowser(): Browser is closed

2020-06-16 11:40:56 - [MESSAGE][PASSED] - Browser is closed]]></system-out>
         <system-err><![CDATA[]]></system-err>
      </testcase>
      <testcase name="Test Cases/Denna/Admin - Manage Test - Pretest and PostTest - Delete" time="56.471" classname="Test Cases/Denna/Admin - Manage Test - Pretest and PostTest - Delete" status="PASSED">
         <system-out><![CDATA[2020-06-16 11:40:56 - [TEST_CASE][PASSED] - Test Cases/Denna/Admin - Manage Test - Pretest and PostTest - Delete: Test Cases/Denna/Admin - Manage Test - Pretest and PostTest - Delete

2020-06-16 11:40:57 - [TEST_STEP][PASSED] - callTestCase(findTestCase("Denna/Login(Admin)"), [:], STOP_ON_FAILURE): Call Test Case 'Test Cases/Denna/Login(Admin)' successfully

2020-06-16 11:40:57 - [TEST_CASE][PASSED] - Test Cases/Denna/Login(Admin): Test Cases/Denna/Login(Admin)

2020-06-16 11:40:57 - [TEST_STEP][PASSED] - openBrowser("https://appsrv1.deltadatamandiri.com/ACC_LMS_WEB/#/admNLmn"): Browser is opened with url: 'https://appsrv1.deltadatamandiri.com/ACC_LMS_WEB/#/admNLmn'

2020-06-16 11:40:57 - [MESSAGE][INFO] - Starting 'Chrome' driver

2020-06-16 11:41:19 - [MESSAGE][PASSED] - Browser is opened with url: 'https://appsrv1.deltadatamandiri.com/ACC_LMS_WEB/#/admNLmn'

2020-06-16 11:41:19 - [TEST_STEP][PASSED] - maximizeWindow(): Current window maximized

2020-06-16 11:41:20 - [MESSAGE][PASSED] - Current window maximized

2020-06-16 11:41:20 - [TEST_STEP][PASSED] - click(findTestObject("Object Repository/Denna/Admin - Login/button login")): Object: 'Object Repository/Denna/Admin - Login/button login' is clicked on

2020-06-16 11:41:25 - [MESSAGE][ERROR] - javascript error: Failed to execute 'elementsFromPoint' on 'Document': The provided double value is non-finite.
  (Session info: chrome=83.0.4103.97)
Build info: version: '3.141.59', revision: 'e82be7d358', time: '2018-11-14T08:25:53'
System info: host: 'DESKTOP-NHES7H6', ip: '192.168.1.116', os.name: 'Windows 10', os.arch: 'amd64', os.version: '10.0', java.version: '1.8.0_181'
Driver info: com.kms.katalon.selenium.driver.CChromeDriver
Capabilities {acceptInsecureCerts: false, browserName: chrome, browserVersion: 83.0.4103.97, chrome: {chromedriverVersion: 83.0.4103.39 (ccbf011cb2d2b..., userDataDir: C:\Users\ASUS\AppData\Local...}, goog:chromeOptions: {debuggerAddress: localhost:54138}, javascriptEnabled: true, networkConnectionEnabled: false, pageLoadStrategy: normal, platform: WINDOWS, platformName: WINDOWS, proxy: Proxy(), setWindowRect: true, strictFileInteractability: false, timeouts: {implicit: 0, pageLoad: 300000, script: 30000}, unhandledPromptBehavior: dismiss and notify, webauthn:virtualAuthenticators: true}
Session ID: 81f78c3a45a5e0536eb857133068b5f4

2020-06-16 11:41:26 - [MESSAGE][PASSED] - Object: 'Object Repository/Denna/Admin - Login/button login' is clicked on

2020-06-16 11:41:26 - [TEST_STEP][PASSED] - setText(findTestObject("Object Repository/Denna/Admin - Login/input_NPK_username"), "11666"): Text '11666' is set on object 'Object Repository/Denna/Admin - Login/input_NPK_username'

2020-06-16 11:41:28 - [MESSAGE][PASSED] - Text '11666' is set on object 'Object Repository/Denna/Admin - Login/input_NPK_username'

2020-06-16 11:41:28 - [TEST_STEP][PASSED] - setText(findTestObject("Object Repository/Denna/Admin - Login/input_Password_password"), "Password3"): Text 'Password3' is set on object 'Object Repository/Denna/Admin - Login/input_Password_password'

2020-06-16 11:41:29 - [MESSAGE][PASSED] - Text 'Password3' is set on object 'Object Repository/Denna/Admin - Login/input_Password_password'

2020-06-16 11:41:29 - [TEST_STEP][PASSED] - click(findTestObject("Denna/Admin - Login/button login1")): Object: 'Object Repository/Denna/Admin - Login/button login1' is clicked on

2020-06-16 11:41:29 - [MESSAGE][PASSED] - Object: 'Object Repository/Denna/Admin - Login/button login1' is clicked on

2020-06-16 11:41:29 - [MESSAGE][PASSED] - Call Test Case 'Test Cases/Denna/Login(Admin)' successfully

2020-06-16 11:41:29 - [TEST_STEP][NOT_RUN] - delay(2): NOT_RUN: delay(2)

2020-06-16 11:41:29 - [MESSAGE][NOT_RUN] - NOT_RUN: delay(2)

2020-06-16 11:41:29 - [TEST_STEP][PASSED] - click(findTestObject("Denna/Admin - Manage Test - Prestest and Protest - Delete/btnManageFAQ_v2")): Object: 'Object Repository/Denna/Admin - Manage Test - Prestest and Protest - Delete/btnManageFAQ_v2' is clicked on

2020-06-16 11:41:38 - [MESSAGE][PASSED] - Object: 'Object Repository/Denna/Admin - Manage Test - Prestest and Protest - Delete/btnManageFAQ_v2' is clicked on

2020-06-16 11:41:38 - [TEST_STEP][PASSED] - delay(3): Delayed 3 second(s)

2020-06-16 11:41:41 - [MESSAGE][PASSED] - Delayed 3 second(s)

2020-06-16 11:41:41 - [TEST_STEP][PASSED] - setText(findTestObject("Denna/Admin - Manage Test - Prestest and Protest - Delete/fieldSearch_v2"), searchID): Text '1771' is set on object 'Object Repository/Denna/Admin - Manage Test - Prestest and Protest - Delete/fieldSearch_v2'

2020-06-16 11:41:44 - [MESSAGE][PASSED] - Text '1771' is set on object 'Object Repository/Denna/Admin - Manage Test - Prestest and Protest - Delete/fieldSearch_v2'

2020-06-16 11:41:44 - [TEST_STEP][PASSED] - sendKeys(findTestObject("Denna/Admin - Manage Test - Prestest and Protest - Delete/fieldSearch_v2"), Keys.chord(ENTER)): Keys 'ENTER + ' sent to object: 'Object Repository/Denna/Admin - Manage Test - Prestest and Protest - Delete/fieldSearch_v2'

2020-06-16 11:41:44 - [MESSAGE][PASSED] - Keys 'ENTER + ' sent to object: 'Object Repository/Denna/Admin - Manage Test - Prestest and Protest - Delete/fieldSearch_v2'

2020-06-16 11:41:44 - [TEST_STEP][PASSED] - delay(3): Delayed 3 second(s)

2020-06-16 11:41:47 - [MESSAGE][PASSED] - Delayed 3 second(s)

2020-06-16 11:41:47 - [TEST_STEP][PASSED] - switch (kondisi): Object 'Object Repository/Denna/Admin - Manage Test - Prestest and Protest - Delete/label_1771' is visible

2020-06-16 11:41:47 - [TEST_STEP][PASSED] - case "pass":: Object 'Object Repository/Denna/Admin - Manage Test - Prestest and Protest - Delete/label_1771' is visible

2020-06-16 11:41:47 - [TEST_STEP][PASSED] - click(findTestObject("Denna/Admin - Manage Test - Prestest and Protest - Delete/btnDelete_v2")): Object: 'Object Repository/Denna/Admin - Manage Test - Prestest and Protest - Delete/btnDelete_v2' is clicked on

2020-06-16 11:41:49 - [MESSAGE][PASSED] - Object: 'Object Repository/Denna/Admin - Manage Test - Prestest and Protest - Delete/btnDelete_v2' is clicked on

2020-06-16 11:41:49 - [TEST_STEP][PASSED] - if (keterangan == "cancel"): Object 'Object Repository/Denna/Admin - Manage Test - Prestest and Protest - Delete/label_1771' is visible

2020-06-16 11:41:49 - [TEST_STEP][PASSED] - click(findTestObject("Denna/Admin - Manage Test - Prestest and Protest - Delete/btnTidak_v2")): Object: 'Object Repository/Denna/Admin - Manage Test - Prestest and Protest - Delete/btnTidak_v2' is clicked on

2020-06-16 11:41:50 - [MESSAGE][PASSED] - Object: 'Object Repository/Denna/Admin - Manage Test - Prestest and Protest - Delete/btnTidak_v2' is clicked on

2020-06-16 11:41:50 - [TEST_STEP][PASSED] - verifyElementVisible(findTestObject("Denna/Admin - Manage Test - Prestest and Protest - Delete/label_1771")): Object 'Object Repository/Denna/Admin - Manage Test - Prestest and Protest - Delete/label_1771' is visible

2020-06-16 11:41:51 - [MESSAGE][PASSED] - Object 'Object Repository/Denna/Admin - Manage Test - Prestest and Protest - Delete/label_1771' is visible

2020-06-16 11:41:51 - [TEST_STEP][PASSED] - closeBrowser(): Browser is closed

2020-06-16 11:41:53 - [MESSAGE][PASSED] - Browser is closed]]></system-out>
         <system-err><![CDATA[]]></system-err>
      </testcase>
      <system-out><![CDATA[2020-06-16 11:39:44 - [TEST_SUITE][PASSED] - Admin - Manage Test - Pretest and Posttest - Delete: Test Cases/Denna/Admin - Manage Test - Pretest and PostTest - Delete]]></system-out>
      <system-err><![CDATA[]]></system-err>
   </testsuite>
</testsuites>
