<?xml version="1.0" encoding="UTF-8"?>
<testsuites name="Admin_Pretest Posttest - Next Page" time="421.149" tests="4" failures="0" errors="0">
   <testsuite name="Admin_Pretest Posttest - Next Page" tests="4" failures="0" errors="0" time="421.149" timestamp="2020-06-17 13:42:01" hostname="ASUS - LAPTOP-D0TPACJ1" id="Test Suites/Alda/Admin_Pretest Posttest - Next Page">
      <properties>
         <property name="deviceName" value=""/>
         <property name="devicePlatform" value=""/>
         <property name="logFolder" value="C:\\Users\\ASUS\\git\\LearningManagementWebs\\Reports\\20200617_134156\\Alda\\Admin_Pretest Posttest - Next Page\\20200617_134156"/>
         <property name="logFiles" value="C:\\Users\\ASUS\\git\\LearningManagementWebs\\Reports\\20200617_134156\\Alda\\Admin_Pretest Posttest - Next Page\\20200617_134156\\execution0.log"/>
         <property name="attachments" value=""/>
         <property name="hostName" value="ASUS - LAPTOP-D0TPACJ1"/>
         <property name="os" value="Windows 10 64bit"/>
         <property name="katalonVersion" value="7.0.10.1"/>
         <property name="browser" value="Chrome 83.0.4103.106"/>
         <property name="hostAddress" value="192.168.100.227"/>
         <property name="sessionId" value="1ac2ef4816eda2587154b4660ed48cac"/>
         <property name="seleniumVersion" value="3.141.59"/>
         <property name="proxyInformation" value="ProxyInformation{proxyOption=NO_PROXY, proxyServerType=HTTP, password=, proxyServerAddress=, proxyServerPort=0}"/>
         <property name="platform" value="Windows 10"/>
      </properties>
      <testcase name="Test Cases/Alda/Admin - Manage Test - Pretest Posttest/Pretest Posttest - Next Page" time="114.935" classname="Test Cases/Alda/Admin - Manage Test - Pretest Posttest/Pretest Posttest - Next Page" status="PASSED">
         <system-out><![CDATA[2020-06-17 13:42:02 - [TEST_CASE][PASSED] - Test Cases/Alda/Admin - Manage Test - Pretest Posttest/Pretest Posttest - Next Page: Test Cases/Alda/Admin - Manage Test - Pretest Posttest/Pretest Posttest - Next Page

2020-06-17 13:42:03 - [TEST_STEP][PASSED] - callTestCase(findTestCase("Christi/Admin/admin login"), ["username":"11666", "password":"Password3"], STOP_ON_FAILURE): Call Test Case 'Test Cases/Christi/Admin/admin login' successfully

2020-06-17 13:42:03 - [TEST_CASE][PASSED] - Test Cases/Christi/Admin/admin login: Test Cases/Christi/Admin/admin login

2020-06-17 13:42:03 - [TEST_STEP][PASSED] - openBrowser(""): Browser is opened with url: ''

2020-06-17 13:42:04 - [MESSAGE][INFO] - Starting 'Chrome' driver

2020-06-17 13:42:04 - [MESSAGE][INFO] - Action delay is set to 0 seconds

2020-06-17 13:42:11 - [MESSAGE][PASSED] - Browser is opened with url: ''

2020-06-17 13:42:11 - [TEST_STEP][PASSED] - navigateToUrl("https://appsrv1.deltadatamandiri.com/ACC_LMS_WEB/#/admNLmn"): Navigate to 'https://appsrv1.deltadatamandiri.com/ACC_LMS_WEB/#/admNLmn' successfully

2020-06-17 13:42:54 - [MESSAGE][PASSED] - Navigate to 'https://appsrv1.deltadatamandiri.com/ACC_LMS_WEB/#/admNLmn' successfully

2020-06-17 13:42:54 - [TEST_STEP][PASSED] - click(findTestObject("Christi/Page_Main/button_login")): Object: 'Object Repository/Christi/Page_Main/button_login' is clicked on

2020-06-17 13:43:00 - [MESSAGE][ERROR] - javascript error: Failed to execute 'elementsFromPoint' on 'Document': The provided double value is non-finite.
  (Session info: chrome=83.0.4103.106)
Build info: version: '3.141.59', revision: 'e82be7d358', time: '2018-11-14T08:25:53'
System info: host: 'LAPTOP-D0TPACJ1', ip: '192.168.100.227', os.name: 'Windows 10', os.arch: 'amd64', os.version: '10.0', java.version: '1.8.0_181'
Driver info: com.kms.katalon.selenium.driver.CChromeDriver
Capabilities {acceptInsecureCerts: false, browserName: chrome, browserVersion: 83.0.4103.106, chrome: {chromedriverVersion: 83.0.4103.39 (ccbf011cb2d2b..., userDataDir: C:\Users\ASUS\AppData\Local...}, goog:chromeOptions: {debuggerAddress: localhost:52983}, javascriptEnabled: true, networkConnectionEnabled: false, pageLoadStrategy: normal, platform: WINDOWS, platformName: WINDOWS, proxy: Proxy(), setWindowRect: true, strictFileInteractability: false, timeouts: {implicit: 0, pageLoad: 300000, script: 30000}, unhandledPromptBehavior: dismiss and notify, webauthn:virtualAuthenticators: true}
Session ID: bb1f04a94820fba9537589d5d926cc3b

2020-06-17 13:43:01 - [MESSAGE][PASSED] - Object: 'Object Repository/Christi/Page_Main/button_login' is clicked on

2020-06-17 13:43:01 - [TEST_STEP][PASSED] - delay(3): Delayed 3 second(s)

2020-06-17 13:43:04 - [MESSAGE][PASSED] - Delayed 3 second(s)

2020-06-17 13:43:04 - [TEST_STEP][PASSED] - setText(findTestObject("Object Repository/Christi/Page_Main/input_NPK_username"), username): Text '11666' is set on object 'Object Repository/Christi/Page_Main/input_NPK_username'

2020-06-17 13:43:05 - [MESSAGE][PASSED] - Text '11666' is set on object 'Object Repository/Christi/Page_Main/input_NPK_username'

2020-06-17 13:43:05 - [TEST_STEP][PASSED] - setText(findTestObject("Object Repository/Christi/Page_Main/input_Password_password"), password): Text 'Password3' is set on object 'Object Repository/Christi/Page_Main/input_Password_password'

2020-06-17 13:43:06 - [MESSAGE][PASSED] - Text 'Password3' is set on object 'Object Repository/Christi/Page_Main/input_Password_password'

2020-06-17 13:43:06 - [TEST_STEP][PASSED] - delay(5): Delayed 5 second(s)

2020-06-17 13:43:11 - [MESSAGE][PASSED] - Delayed 5 second(s)

2020-06-17 13:43:11 - [TEST_STEP][PASSED] - click(findTestObject("Rizka/Admin/Admin - Login/btnLogin2")): Object: 'Object Repository/Rizka/Admin/Admin - Login/btnLogin2' is clicked on

2020-06-17 13:43:12 - [MESSAGE][PASSED] - Object: 'Object Repository/Rizka/Admin/Admin - Login/btnLogin2' is clicked on

2020-06-17 13:43:12 - [TEST_STEP][PASSED] - delay(5): Delayed 5 second(s)

2020-06-17 13:43:17 - [MESSAGE][PASSED] - Delayed 5 second(s)

2020-06-17 13:43:17 - [MESSAGE][PASSED] - Call Test Case 'Test Cases/Christi/Admin/admin login' successfully

2020-06-17 13:43:17 - [TEST_STEP][PASSED] - delay(3): Delayed 3 second(s)

2020-06-17 13:43:20 - [MESSAGE][PASSED] - Delayed 3 second(s)

2020-06-17 13:43:20 - [TEST_STEP][PASSED] - click(findTestObject("Christi/Page_Dashboard Admin/span_Test Management")): Object: 'Object Repository/Christi/Page_Dashboard Admin/span_Test Management' is clicked on

2020-06-17 13:43:21 - [MESSAGE][PASSED] - Object: 'Object Repository/Christi/Page_Dashboard Admin/span_Test Management' is clicked on

2020-06-17 13:43:21 - [TEST_STEP][PASSED] - click(findTestObject("Christi/Page_Dashboard Admin/span_Pre-Test  Post-Test")): Object: 'Object Repository/Christi/Page_Dashboard Admin/span_Pre-Test  Post-Test' is clicked on

2020-06-17 13:43:22 - [MESSAGE][PASSED] - Object: 'Object Repository/Christi/Page_Dashboard Admin/span_Pre-Test  Post-Test' is clicked on

2020-06-17 13:43:22 - [TEST_STEP][PASSED] - delay(5): Delayed 5 second(s)

2020-06-17 13:43:27 - [MESSAGE][PASSED] - Delayed 5 second(s)

2020-06-17 13:43:27 - [TEST_STEP][PASSED] - scrollToElement(findTestObject("Alda/Admin - Manage Test/Page_Manage Test/nav_FirstPrevious  12NextLast"), 0): Scroll to object 'Object Repository/Alda/Admin - Manage Test/Page_Manage Test/nav_FirstPrevious  12NextLast' successfully

2020-06-17 13:43:27 - [MESSAGE][WARNING] - Timeout '0' is invalid. Using default page load timeout: '30'

2020-06-17 13:43:39 - [MESSAGE][PASSED] - Scroll to object 'Object Repository/Alda/Admin - Manage Test/Page_Manage Test/nav_FirstPrevious  12NextLast' successfully

2020-06-17 13:43:39 - [TEST_STEP][PASSED] - delay(5): Delayed 5 second(s)

2020-06-17 13:43:44 - [MESSAGE][PASSED] - Delayed 5 second(s)

2020-06-17 13:43:44 - [TEST_STEP][PASSED] - if (next_page_status == "input"): null

2020-06-17 13:43:44 - [TEST_STEP][PASSED] - else if (next_page_status == "click"): Delayed 3 second(s)

2020-06-17 13:43:44 - [TEST_STEP][PASSED] - click(findTestObject("Alda/Admin - Manage Test/Page_Manage Test/btn_next_page")): Object: 'Object Repository/Alda/Admin - Manage Test/Page_Manage Test/btn_next_page' is clicked on

2020-06-17 13:43:44 - [MESSAGE][PASSED] - Object: 'Object Repository/Alda/Admin - Manage Test/Page_Manage Test/btn_next_page' is clicked on

2020-06-17 13:43:44 - [TEST_STEP][PASSED] - delay(3): Delayed 3 second(s)

2020-06-17 13:43:47 - [MESSAGE][PASSED] - Delayed 3 second(s)

2020-06-17 13:43:47 - [TEST_STEP][PASSED] - if (expected_output == "pass"): Object 'Object Repository/Alda/Admin - Manage Test/Page_Manage Test/btn_previous_page (active)' is visible

2020-06-17 13:43:47 - [TEST_STEP][PASSED] - verifyElementVisible(findTestObject("Alda/Admin - Manage Test/Page_Manage Test/btn_previous_page (active)")): Object 'Object Repository/Alda/Admin - Manage Test/Page_Manage Test/btn_previous_page (active)' is visible

2020-06-17 13:43:56 - [MESSAGE][PASSED] - Object 'Object Repository/Alda/Admin - Manage Test/Page_Manage Test/btn_previous_page (active)' is visible

2020-06-17 13:43:56 - [TEST_STEP][PASSED] - closeBrowser(): Browser is closed

2020-06-17 13:43:57 - [MESSAGE][PASSED] - Browser is closed]]></system-out>
         <system-err><![CDATA[]]></system-err>
      </testcase>
      <testcase name="Test Cases/Alda/Admin - Manage Test - Pretest Posttest/Pretest Posttest - Next Page" time="116.686" classname="Test Cases/Alda/Admin - Manage Test - Pretest Posttest/Pretest Posttest - Next Page" status="PASSED">
         <system-out><![CDATA[2020-06-17 13:43:57 - [TEST_CASE][PASSED] - Test Cases/Alda/Admin - Manage Test - Pretest Posttest/Pretest Posttest - Next Page: Test Cases/Alda/Admin - Manage Test - Pretest Posttest/Pretest Posttest - Next Page

2020-06-17 13:43:57 - [TEST_STEP][PASSED] - callTestCase(findTestCase("Christi/Admin/admin login"), ["username":"11666", "password":"Password3"], STOP_ON_FAILURE): Call Test Case 'Test Cases/Christi/Admin/admin login' successfully

2020-06-17 13:43:57 - [TEST_CASE][PASSED] - Test Cases/Christi/Admin/admin login: Test Cases/Christi/Admin/admin login

2020-06-17 13:43:57 - [TEST_STEP][PASSED] - openBrowser(""): Browser is opened with url: ''

2020-06-17 13:43:57 - [MESSAGE][INFO] - Starting 'Chrome' driver

2020-06-17 13:44:00 - [MESSAGE][PASSED] - Browser is opened with url: ''

2020-06-17 13:44:00 - [TEST_STEP][PASSED] - navigateToUrl("https://appsrv1.deltadatamandiri.com/ACC_LMS_WEB/#/admNLmn"): Navigate to 'https://appsrv1.deltadatamandiri.com/ACC_LMS_WEB/#/admNLmn' successfully

2020-06-17 13:44:47 - [MESSAGE][PASSED] - Navigate to 'https://appsrv1.deltadatamandiri.com/ACC_LMS_WEB/#/admNLmn' successfully

2020-06-17 13:44:47 - [TEST_STEP][PASSED] - click(findTestObject("Christi/Page_Main/button_login")): Object: 'Object Repository/Christi/Page_Main/button_login' is clicked on

2020-06-17 13:44:53 - [MESSAGE][ERROR] - javascript error: Failed to execute 'elementsFromPoint' on 'Document': The provided double value is non-finite.
  (Session info: chrome=83.0.4103.106)
Build info: version: '3.141.59', revision: 'e82be7d358', time: '2018-11-14T08:25:53'
System info: host: 'LAPTOP-D0TPACJ1', ip: '192.168.100.227', os.name: 'Windows 10', os.arch: 'amd64', os.version: '10.0', java.version: '1.8.0_181'
Driver info: com.kms.katalon.selenium.driver.CChromeDriver
Capabilities {acceptInsecureCerts: false, browserName: chrome, browserVersion: 83.0.4103.106, chrome: {chromedriverVersion: 83.0.4103.39 (ccbf011cb2d2b..., userDataDir: C:\Users\ASUS\AppData\Local...}, goog:chromeOptions: {debuggerAddress: localhost:53048}, javascriptEnabled: true, networkConnectionEnabled: false, pageLoadStrategy: normal, platform: WINDOWS, platformName: WINDOWS, proxy: Proxy(), setWindowRect: true, strictFileInteractability: false, timeouts: {implicit: 0, pageLoad: 300000, script: 30000}, unhandledPromptBehavior: dismiss and notify, webauthn:virtualAuthenticators: true}
Session ID: 804053e60bac40ff4b194bc8935a1e1f

2020-06-17 13:44:54 - [MESSAGE][PASSED] - Object: 'Object Repository/Christi/Page_Main/button_login' is clicked on

2020-06-17 13:44:54 - [TEST_STEP][PASSED] - delay(3): Delayed 3 second(s)

2020-06-17 13:44:57 - [MESSAGE][PASSED] - Delayed 3 second(s)

2020-06-17 13:44:57 - [TEST_STEP][PASSED] - setText(findTestObject("Object Repository/Christi/Page_Main/input_NPK_username"), username): Text '11666' is set on object 'Object Repository/Christi/Page_Main/input_NPK_username'

2020-06-17 13:44:58 - [MESSAGE][PASSED] - Text '11666' is set on object 'Object Repository/Christi/Page_Main/input_NPK_username'

2020-06-17 13:44:58 - [TEST_STEP][PASSED] - setText(findTestObject("Object Repository/Christi/Page_Main/input_Password_password"), password): Text 'Password3' is set on object 'Object Repository/Christi/Page_Main/input_Password_password'

2020-06-17 13:44:59 - [MESSAGE][PASSED] - Text 'Password3' is set on object 'Object Repository/Christi/Page_Main/input_Password_password'

2020-06-17 13:44:59 - [TEST_STEP][PASSED] - delay(5): Delayed 5 second(s)

2020-06-17 13:45:04 - [MESSAGE][PASSED] - Delayed 5 second(s)

2020-06-17 13:45:04 - [TEST_STEP][PASSED] - click(findTestObject("Rizka/Admin/Admin - Login/btnLogin2")): Object: 'Object Repository/Rizka/Admin/Admin - Login/btnLogin2' is clicked on

2020-06-17 13:45:04 - [MESSAGE][PASSED] - Object: 'Object Repository/Rizka/Admin/Admin - Login/btnLogin2' is clicked on

2020-06-17 13:45:04 - [TEST_STEP][PASSED] - delay(5): Delayed 5 second(s)

2020-06-17 13:45:09 - [MESSAGE][PASSED] - Delayed 5 second(s)

2020-06-17 13:45:09 - [MESSAGE][PASSED] - Call Test Case 'Test Cases/Christi/Admin/admin login' successfully

2020-06-17 13:45:09 - [TEST_STEP][PASSED] - delay(3): Delayed 3 second(s)

2020-06-17 13:45:12 - [MESSAGE][PASSED] - Delayed 3 second(s)

2020-06-17 13:45:12 - [TEST_STEP][PASSED] - click(findTestObject("Christi/Page_Dashboard Admin/span_Test Management")): Object: 'Object Repository/Christi/Page_Dashboard Admin/span_Test Management' is clicked on

2020-06-17 13:45:15 - [MESSAGE][PASSED] - Object: 'Object Repository/Christi/Page_Dashboard Admin/span_Test Management' is clicked on

2020-06-17 13:45:15 - [TEST_STEP][PASSED] - click(findTestObject("Christi/Page_Dashboard Admin/span_Pre-Test  Post-Test")): Object: 'Object Repository/Christi/Page_Dashboard Admin/span_Pre-Test  Post-Test' is clicked on

2020-06-17 13:45:16 - [MESSAGE][PASSED] - Object: 'Object Repository/Christi/Page_Dashboard Admin/span_Pre-Test  Post-Test' is clicked on

2020-06-17 13:45:16 - [TEST_STEP][PASSED] - delay(5): Delayed 5 second(s)

2020-06-17 13:45:21 - [MESSAGE][PASSED] - Delayed 5 second(s)

2020-06-17 13:45:21 - [TEST_STEP][PASSED] - scrollToElement(findTestObject("Alda/Admin - Manage Test/Page_Manage Test/nav_FirstPrevious  12NextLast"), 0): Scroll to object 'Object Repository/Alda/Admin - Manage Test/Page_Manage Test/nav_FirstPrevious  12NextLast' successfully

2020-06-17 13:45:21 - [MESSAGE][WARNING] - Timeout '0' is invalid. Using default page load timeout: '30'

2020-06-17 13:45:31 - [MESSAGE][PASSED] - Scroll to object 'Object Repository/Alda/Admin - Manage Test/Page_Manage Test/nav_FirstPrevious  12NextLast' successfully

2020-06-17 13:45:31 - [TEST_STEP][PASSED] - delay(5): Delayed 5 second(s)

2020-06-17 13:45:36 - [MESSAGE][PASSED] - Delayed 5 second(s)

2020-06-17 13:45:36 - [TEST_STEP][PASSED] - if (next_page_status == "input"): Delayed 3 second(s)

2020-06-17 13:45:36 - [TEST_STEP][PASSED] - clearText(findTestObject("Alda/Admin - Manage Test/Page_Manage Test/input_next_page"), STOP_ON_FAILURE): Text of object 'Object Repository/Alda/Admin - Manage Test/Page_Manage Test/input_next_page' is cleared

2020-06-17 13:45:37 - [MESSAGE][PASSED] - Text of object 'Object Repository/Alda/Admin - Manage Test/Page_Manage Test/input_next_page' is cleared

2020-06-17 13:45:37 - [TEST_STEP][PASSED] - setText(findTestObject("Alda/Admin - Manage Test/Page_Manage Test/input_next_page"), var_next_page): Text '2' is set on object 'Object Repository/Alda/Admin - Manage Test/Page_Manage Test/input_next_page'

2020-06-17 13:45:37 - [MESSAGE][PASSED] - Text '2' is set on object 'Object Repository/Alda/Admin - Manage Test/Page_Manage Test/input_next_page'

2020-06-17 13:45:37 - [TEST_STEP][PASSED] - sendKeys(findTestObject("Object Repository/Alda/Admin - Manage Test/Page_Manage Test/input_next_page"), Keys.chord(ENTER)): Keys 'ENTER + ' sent to object: 'Object Repository/Alda/Admin - Manage Test/Page_Manage Test/input_next_page'

2020-06-17 13:45:38 - [MESSAGE][PASSED] - Keys 'ENTER + ' sent to object: 'Object Repository/Alda/Admin - Manage Test/Page_Manage Test/input_next_page'

2020-06-17 13:45:38 - [TEST_STEP][PASSED] - delay(3): Delayed 3 second(s)

2020-06-17 13:45:41 - [MESSAGE][PASSED] - Delayed 3 second(s)

2020-06-17 13:45:41 - [TEST_STEP][PASSED] - if (expected_output == "pass"): Object 'Object Repository/Alda/Admin - Manage Test/Page_Manage Test/btn_previous_page (active)' is visible

2020-06-17 13:45:41 - [TEST_STEP][PASSED] - verifyElementVisible(findTestObject("Alda/Admin - Manage Test/Page_Manage Test/btn_previous_page (active)")): Object 'Object Repository/Alda/Admin - Manage Test/Page_Manage Test/btn_previous_page (active)' is visible

2020-06-17 13:45:53 - [MESSAGE][PASSED] - Object 'Object Repository/Alda/Admin - Manage Test/Page_Manage Test/btn_previous_page (active)' is visible

2020-06-17 13:45:53 - [TEST_STEP][PASSED] - closeBrowser(): Browser is closed

2020-06-17 13:45:54 - [MESSAGE][PASSED] - Browser is closed]]></system-out>
         <system-err><![CDATA[]]></system-err>
      </testcase>
      <testcase name="Test Cases/Alda/Admin - Manage Test - Pretest Posttest/Pretest Posttest - Next Page" time="110.463" classname="Test Cases/Alda/Admin - Manage Test - Pretest Posttest/Pretest Posttest - Next Page" status="PASSED">
         <system-out><![CDATA[2020-06-17 13:45:54 - [TEST_CASE][PASSED] - Test Cases/Alda/Admin - Manage Test - Pretest Posttest/Pretest Posttest - Next Page: Test Cases/Alda/Admin - Manage Test - Pretest Posttest/Pretest Posttest - Next Page

2020-06-17 13:45:54 - [TEST_STEP][PASSED] - callTestCase(findTestCase("Christi/Admin/admin login"), ["username":"11666", "password":"Password3"], STOP_ON_FAILURE): Call Test Case 'Test Cases/Christi/Admin/admin login' successfully

2020-06-17 13:45:54 - [TEST_CASE][PASSED] - Test Cases/Christi/Admin/admin login: Test Cases/Christi/Admin/admin login

2020-06-17 13:45:54 - [TEST_STEP][PASSED] - openBrowser(""): Browser is opened with url: ''

2020-06-17 13:45:54 - [MESSAGE][INFO] - Starting 'Chrome' driver

2020-06-17 13:45:57 - [MESSAGE][PASSED] - Browser is opened with url: ''

2020-06-17 13:45:57 - [TEST_STEP][PASSED] - navigateToUrl("https://appsrv1.deltadatamandiri.com/ACC_LMS_WEB/#/admNLmn"): Navigate to 'https://appsrv1.deltadatamandiri.com/ACC_LMS_WEB/#/admNLmn' successfully

2020-06-17 13:46:44 - [MESSAGE][PASSED] - Navigate to 'https://appsrv1.deltadatamandiri.com/ACC_LMS_WEB/#/admNLmn' successfully

2020-06-17 13:46:44 - [TEST_STEP][PASSED] - click(findTestObject("Christi/Page_Main/button_login")): Object: 'Object Repository/Christi/Page_Main/button_login' is clicked on

2020-06-17 13:46:49 - [MESSAGE][ERROR] - javascript error: Failed to execute 'elementsFromPoint' on 'Document': The provided double value is non-finite.
  (Session info: chrome=83.0.4103.106)
Build info: version: '3.141.59', revision: 'e82be7d358', time: '2018-11-14T08:25:53'
System info: host: 'LAPTOP-D0TPACJ1', ip: '192.168.100.227', os.name: 'Windows 10', os.arch: 'amd64', os.version: '10.0', java.version: '1.8.0_181'
Driver info: com.kms.katalon.selenium.driver.CChromeDriver
Capabilities {acceptInsecureCerts: false, browserName: chrome, browserVersion: 83.0.4103.106, chrome: {chromedriverVersion: 83.0.4103.39 (ccbf011cb2d2b..., userDataDir: C:\Users\ASUS\AppData\Local...}, goog:chromeOptions: {debuggerAddress: localhost:53120}, javascriptEnabled: true, networkConnectionEnabled: false, pageLoadStrategy: normal, platform: WINDOWS, platformName: WINDOWS, proxy: Proxy(), setWindowRect: true, strictFileInteractability: false, timeouts: {implicit: 0, pageLoad: 300000, script: 30000}, unhandledPromptBehavior: dismiss and notify, webauthn:virtualAuthenticators: true}
Session ID: cb3c31c1c12f0b923980633db021f532

2020-06-17 13:46:50 - [MESSAGE][PASSED] - Object: 'Object Repository/Christi/Page_Main/button_login' is clicked on

2020-06-17 13:46:50 - [TEST_STEP][PASSED] - delay(3): Delayed 3 second(s)

2020-06-17 13:46:53 - [MESSAGE][PASSED] - Delayed 3 second(s)

2020-06-17 13:46:53 - [TEST_STEP][PASSED] - setText(findTestObject("Object Repository/Christi/Page_Main/input_NPK_username"), username): Text '11666' is set on object 'Object Repository/Christi/Page_Main/input_NPK_username'

2020-06-17 13:46:53 - [MESSAGE][PASSED] - Text '11666' is set on object 'Object Repository/Christi/Page_Main/input_NPK_username'

2020-06-17 13:46:53 - [TEST_STEP][PASSED] - setText(findTestObject("Object Repository/Christi/Page_Main/input_Password_password"), password): Text 'Password3' is set on object 'Object Repository/Christi/Page_Main/input_Password_password'

2020-06-17 13:46:54 - [MESSAGE][PASSED] - Text 'Password3' is set on object 'Object Repository/Christi/Page_Main/input_Password_password'

2020-06-17 13:46:54 - [TEST_STEP][PASSED] - delay(5): Delayed 5 second(s)

2020-06-17 13:46:59 - [MESSAGE][PASSED] - Delayed 5 second(s)

2020-06-17 13:46:59 - [TEST_STEP][PASSED] - click(findTestObject("Rizka/Admin/Admin - Login/btnLogin2")): Object: 'Object Repository/Rizka/Admin/Admin - Login/btnLogin2' is clicked on

2020-06-17 13:47:00 - [MESSAGE][PASSED] - Object: 'Object Repository/Rizka/Admin/Admin - Login/btnLogin2' is clicked on

2020-06-17 13:47:00 - [TEST_STEP][PASSED] - delay(5): Delayed 5 second(s)

2020-06-17 13:47:05 - [MESSAGE][PASSED] - Delayed 5 second(s)

2020-06-17 13:47:05 - [MESSAGE][PASSED] - Call Test Case 'Test Cases/Christi/Admin/admin login' successfully

2020-06-17 13:47:05 - [TEST_STEP][PASSED] - delay(3): Delayed 3 second(s)

2020-06-17 13:47:08 - [MESSAGE][PASSED] - Delayed 3 second(s)

2020-06-17 13:47:08 - [TEST_STEP][PASSED] - click(findTestObject("Christi/Page_Dashboard Admin/span_Test Management")): Object: 'Object Repository/Christi/Page_Dashboard Admin/span_Test Management' is clicked on

2020-06-17 13:47:11 - [MESSAGE][PASSED] - Object: 'Object Repository/Christi/Page_Dashboard Admin/span_Test Management' is clicked on

2020-06-17 13:47:11 - [TEST_STEP][PASSED] - click(findTestObject("Christi/Page_Dashboard Admin/span_Pre-Test  Post-Test")): Object: 'Object Repository/Christi/Page_Dashboard Admin/span_Pre-Test  Post-Test' is clicked on

2020-06-17 13:47:12 - [MESSAGE][PASSED] - Object: 'Object Repository/Christi/Page_Dashboard Admin/span_Pre-Test  Post-Test' is clicked on

2020-06-17 13:47:12 - [TEST_STEP][PASSED] - delay(5): Delayed 5 second(s)

2020-06-17 13:47:17 - [MESSAGE][PASSED] - Delayed 5 second(s)

2020-06-17 13:47:17 - [TEST_STEP][PASSED] - scrollToElement(findTestObject("Alda/Admin - Manage Test/Page_Manage Test/nav_FirstPrevious  12NextLast"), 0): Scroll to object 'Object Repository/Alda/Admin - Manage Test/Page_Manage Test/nav_FirstPrevious  12NextLast' successfully

2020-06-17 13:47:17 - [MESSAGE][WARNING] - Timeout '0' is invalid. Using default page load timeout: '30'

2020-06-17 13:47:25 - [MESSAGE][PASSED] - Scroll to object 'Object Repository/Alda/Admin - Manage Test/Page_Manage Test/nav_FirstPrevious  12NextLast' successfully

2020-06-17 13:47:25 - [TEST_STEP][PASSED] - delay(5): Delayed 5 second(s)

2020-06-17 13:47:30 - [MESSAGE][PASSED] - Delayed 5 second(s)

2020-06-17 13:47:30 - [TEST_STEP][PASSED] - if (next_page_status == "input"): Delayed 3 second(s)

2020-06-17 13:47:30 - [TEST_STEP][PASSED] - clearText(findTestObject("Alda/Admin - Manage Test/Page_Manage Test/input_next_page"), STOP_ON_FAILURE): Text of object 'Object Repository/Alda/Admin - Manage Test/Page_Manage Test/input_next_page' is cleared

2020-06-17 13:47:31 - [MESSAGE][PASSED] - Text of object 'Object Repository/Alda/Admin - Manage Test/Page_Manage Test/input_next_page' is cleared

2020-06-17 13:47:31 - [TEST_STEP][PASSED] - setText(findTestObject("Alda/Admin - Manage Test/Page_Manage Test/input_next_page"), var_next_page): Text '5' is set on object 'Object Repository/Alda/Admin - Manage Test/Page_Manage Test/input_next_page'

2020-06-17 13:47:31 - [MESSAGE][PASSED] - Text '5' is set on object 'Object Repository/Alda/Admin - Manage Test/Page_Manage Test/input_next_page'

2020-06-17 13:47:31 - [TEST_STEP][PASSED] - sendKeys(findTestObject("Object Repository/Alda/Admin - Manage Test/Page_Manage Test/input_next_page"), Keys.chord(ENTER)): Keys 'ENTER + ' sent to object: 'Object Repository/Alda/Admin - Manage Test/Page_Manage Test/input_next_page'

2020-06-17 13:47:32 - [MESSAGE][PASSED] - Keys 'ENTER + ' sent to object: 'Object Repository/Alda/Admin - Manage Test/Page_Manage Test/input_next_page'

2020-06-17 13:47:32 - [TEST_STEP][PASSED] - delay(3): Delayed 3 second(s)

2020-06-17 13:47:35 - [MESSAGE][PASSED] - Delayed 3 second(s)

2020-06-17 13:47:35 - [TEST_STEP][PASSED] - if (expected_output == "pass"): Object 'Object Repository/Alda/Admin - Manage Test/Page_Manage Test/btn_previous_page (active)' is visible

2020-06-17 13:47:35 - [TEST_STEP][PASSED] - verifyElementVisible(findTestObject("Alda/Admin - Manage Test/Page_Manage Test/btn_previous_page (active)")): Object 'Object Repository/Alda/Admin - Manage Test/Page_Manage Test/btn_previous_page (active)' is visible

2020-06-17 13:47:43 - [MESSAGE][PASSED] - Object 'Object Repository/Alda/Admin - Manage Test/Page_Manage Test/btn_previous_page (active)' is visible

2020-06-17 13:47:43 - [TEST_STEP][PASSED] - closeBrowser(): Browser is closed

2020-06-17 13:47:44 - [MESSAGE][PASSED] - Browser is closed]]></system-out>
         <system-err><![CDATA[]]></system-err>
      </testcase>
      <testcase name="Test Cases/Alda/Admin - Manage Test - Pretest Posttest/Pretest Posttest - Next Page" time="77.823" classname="Test Cases/Alda/Admin - Manage Test - Pretest Posttest/Pretest Posttest - Next Page" status="PASSED">
         <system-out><![CDATA[2020-06-17 13:47:44 - [TEST_CASE][PASSED] - Test Cases/Alda/Admin - Manage Test - Pretest Posttest/Pretest Posttest - Next Page: Test Cases/Alda/Admin - Manage Test - Pretest Posttest/Pretest Posttest - Next Page

2020-06-17 13:47:44 - [TEST_STEP][PASSED] - callTestCase(findTestCase("Christi/Admin/admin login"), ["username":"11666", "password":"Password3"], STOP_ON_FAILURE): Call Test Case 'Test Cases/Christi/Admin/admin login' successfully

2020-06-17 13:47:44 - [TEST_CASE][PASSED] - Test Cases/Christi/Admin/admin login: Test Cases/Christi/Admin/admin login

2020-06-17 13:47:44 - [TEST_STEP][PASSED] - openBrowser(""): Browser is opened with url: ''

2020-06-17 13:47:44 - [MESSAGE][INFO] - Starting 'Chrome' driver

2020-06-17 13:47:48 - [MESSAGE][PASSED] - Browser is opened with url: ''

2020-06-17 13:47:48 - [TEST_STEP][PASSED] - navigateToUrl("https://appsrv1.deltadatamandiri.com/ACC_LMS_WEB/#/admNLmn"): Navigate to 'https://appsrv1.deltadatamandiri.com/ACC_LMS_WEB/#/admNLmn' successfully

2020-06-17 13:48:15 - [MESSAGE][PASSED] - Navigate to 'https://appsrv1.deltadatamandiri.com/ACC_LMS_WEB/#/admNLmn' successfully

2020-06-17 13:48:15 - [TEST_STEP][PASSED] - click(findTestObject("Christi/Page_Main/button_login")): Object: 'Object Repository/Christi/Page_Main/button_login' is clicked on

2020-06-17 13:48:23 - [MESSAGE][ERROR] - javascript error: Failed to execute 'elementsFromPoint' on 'Document': The provided double value is non-finite.
  (Session info: chrome=83.0.4103.106)
Build info: version: '3.141.59', revision: 'e82be7d358', time: '2018-11-14T08:25:53'
System info: host: 'LAPTOP-D0TPACJ1', ip: '192.168.100.227', os.name: 'Windows 10', os.arch: 'amd64', os.version: '10.0', java.version: '1.8.0_181'
Driver info: com.kms.katalon.selenium.driver.CChromeDriver
Capabilities {acceptInsecureCerts: false, browserName: chrome, browserVersion: 83.0.4103.106, chrome: {chromedriverVersion: 83.0.4103.39 (ccbf011cb2d2b..., userDataDir: C:\Users\ASUS\AppData\Local...}, goog:chromeOptions: {debuggerAddress: localhost:53207}, javascriptEnabled: true, networkConnectionEnabled: false, pageLoadStrategy: normal, platform: WINDOWS, platformName: WINDOWS, proxy: Proxy(), setWindowRect: true, strictFileInteractability: false, timeouts: {implicit: 0, pageLoad: 300000, script: 30000}, unhandledPromptBehavior: dismiss and notify, webauthn:virtualAuthenticators: true}
Session ID: 1ac2ef4816eda2587154b4660ed48cac

2020-06-17 13:48:24 - [MESSAGE][PASSED] - Object: 'Object Repository/Christi/Page_Main/button_login' is clicked on

2020-06-17 13:48:24 - [TEST_STEP][PASSED] - delay(3): Delayed 3 second(s)

2020-06-17 13:48:27 - [MESSAGE][PASSED] - Delayed 3 second(s)

2020-06-17 13:48:27 - [TEST_STEP][PASSED] - setText(findTestObject("Object Repository/Christi/Page_Main/input_NPK_username"), username): Text '11666' is set on object 'Object Repository/Christi/Page_Main/input_NPK_username'

2020-06-17 13:48:27 - [MESSAGE][PASSED] - Text '11666' is set on object 'Object Repository/Christi/Page_Main/input_NPK_username'

2020-06-17 13:48:27 - [TEST_STEP][PASSED] - setText(findTestObject("Object Repository/Christi/Page_Main/input_Password_password"), password): Text 'Password3' is set on object 'Object Repository/Christi/Page_Main/input_Password_password'

2020-06-17 13:48:28 - [MESSAGE][PASSED] - Text 'Password3' is set on object 'Object Repository/Christi/Page_Main/input_Password_password'

2020-06-17 13:48:28 - [TEST_STEP][PASSED] - delay(5): Delayed 5 second(s)

2020-06-17 13:48:33 - [MESSAGE][PASSED] - Delayed 5 second(s)

2020-06-17 13:48:33 - [TEST_STEP][PASSED] - click(findTestObject("Rizka/Admin/Admin - Login/btnLogin2")): Object: 'Object Repository/Rizka/Admin/Admin - Login/btnLogin2' is clicked on

2020-06-17 13:48:34 - [MESSAGE][PASSED] - Object: 'Object Repository/Rizka/Admin/Admin - Login/btnLogin2' is clicked on

2020-06-17 13:48:34 - [TEST_STEP][PASSED] - delay(5): Delayed 5 second(s)

2020-06-17 13:48:39 - [MESSAGE][PASSED] - Delayed 5 second(s)

2020-06-17 13:48:39 - [MESSAGE][PASSED] - Call Test Case 'Test Cases/Christi/Admin/admin login' successfully

2020-06-17 13:48:39 - [TEST_STEP][PASSED] - delay(3): Delayed 3 second(s)

2020-06-17 13:48:42 - [MESSAGE][PASSED] - Delayed 3 second(s)

2020-06-17 13:48:42 - [TEST_STEP][PASSED] - click(findTestObject("Christi/Page_Dashboard Admin/span_Test Management")): Object: 'Object Repository/Christi/Page_Dashboard Admin/span_Test Management' is clicked on

2020-06-17 13:48:42 - [MESSAGE][PASSED] - Object: 'Object Repository/Christi/Page_Dashboard Admin/span_Test Management' is clicked on

2020-06-17 13:48:42 - [TEST_STEP][PASSED] - click(findTestObject("Christi/Page_Dashboard Admin/span_Pre-Test  Post-Test")): Object: 'Object Repository/Christi/Page_Dashboard Admin/span_Pre-Test  Post-Test' is clicked on

2020-06-17 13:48:43 - [MESSAGE][PASSED] - Object: 'Object Repository/Christi/Page_Dashboard Admin/span_Pre-Test  Post-Test' is clicked on

2020-06-17 13:48:43 - [TEST_STEP][PASSED] - delay(5): Delayed 5 second(s)

2020-06-17 13:48:48 - [MESSAGE][PASSED] - Delayed 5 second(s)

2020-06-17 13:48:48 - [TEST_STEP][PASSED] - scrollToElement(findTestObject("Alda/Admin - Manage Test/Page_Manage Test/nav_FirstPrevious  12NextLast"), 0): Scroll to object 'Object Repository/Alda/Admin - Manage Test/Page_Manage Test/nav_FirstPrevious  12NextLast' successfully

2020-06-17 13:48:48 - [MESSAGE][WARNING] - Timeout '0' is invalid. Using default page load timeout: '30'

2020-06-17 13:48:56 - [MESSAGE][PASSED] - Scroll to object 'Object Repository/Alda/Admin - Manage Test/Page_Manage Test/nav_FirstPrevious  12NextLast' successfully

2020-06-17 13:48:56 - [TEST_STEP][PASSED] - delay(5): Delayed 5 second(s)

2020-06-17 13:49:01 - [MESSAGE][PASSED] - Delayed 5 second(s)

2020-06-17 13:49:01 - [TEST_STEP][PASSED] - if (next_page_status == "input"): null

2020-06-17 13:49:01 - [TEST_STEP][PASSED] - if (expected_output == "pass"): null

2020-06-17 13:49:01 - [TEST_STEP][PASSED] - else if (expected_output == "fail"): Object 'Object Repository/Alda/Admin - Manage Test/Page_Manage Test/btn_previous_page' is visible

2020-06-17 13:49:01 - [TEST_STEP][PASSED] - verifyElementVisible(findTestObject("Alda/Admin - Manage Test/Page_Manage Test/btn_previous_page")): Object 'Object Repository/Alda/Admin - Manage Test/Page_Manage Test/btn_previous_page' is visible

2020-06-17 13:49:01 - [MESSAGE][PASSED] - Object 'Object Repository/Alda/Admin - Manage Test/Page_Manage Test/btn_previous_page' is visible

2020-06-17 13:49:01 - [TEST_STEP][PASSED] - closeBrowser(): Browser is closed

2020-06-17 13:49:02 - [MESSAGE][PASSED] - Browser is closed]]></system-out>
         <system-err><![CDATA[]]></system-err>
      </testcase>
      <system-out><![CDATA[2020-06-17 13:42:01 - [TEST_SUITE][PASSED] - Admin_Pretest Posttest - Next Page: Test Cases/Alda/Admin - Manage Test - Pretest Posttest/Pretest Posttest - Next Page]]></system-out>
      <system-err><![CDATA[]]></system-err>
   </testsuite>
</testsuites>
