<?xml version="1.0" encoding="UTF-8"?>
<testsuites name="Manage Slider" time="127.626" tests="2" failures="0" errors="0">
   <testsuite name="Manage Slider" tests="2" failures="0" errors="0" time="127.626" timestamp="2020-06-01 12:09:33" hostname="ASUS - LAPTOP-D0TPACJ1" id="Test Suites/Christi/Manage Slider">
      <properties>
         <property name="deviceName" value=""/>
         <property name="devicePlatform" value=""/>
         <property name="logFolder" value="C:\\Users\\ASUS\\git\\LearningManagementWeb\\Reports\\20200601_120921\\Christi\\Manage Slider\\20200601_120921"/>
         <property name="logFiles" value="C:\\Users\\ASUS\\git\\LearningManagementWeb\\Reports\\20200601_120921\\Christi\\Manage Slider\\20200601_120921\\execution0.log"/>
         <property name="attachments" value=""/>
         <property name="hostName" value="ASUS - LAPTOP-D0TPACJ1"/>
         <property name="os" value="Windows 10 64bit"/>
         <property name="katalonVersion" value="7.0.10.1"/>
         <property name="browser" value="Chrome 83.0.4103.61"/>
         <property name="hostAddress" value="192.168.100.227"/>
         <property name="sessionId" value="5d42b7316b7678b442150b2af02e2470"/>
         <property name="seleniumVersion" value="3.141.59"/>
         <property name="proxyInformation" value="ProxyInformation{proxyOption=NO_PROXY, proxyServerType=HTTP, password=, proxyServerAddress=, proxyServerPort=0}"/>
         <property name="platform" value="Windows 10"/>
      </properties>
      <testcase name="Test Cases/Christi/Admin/Manage Slider - Delete" time="77.99" classname="Test Cases/Christi/Admin/Manage Slider - Delete" status="PASSED">
         <system-out><![CDATA[2020-06-01 12:09:34 - [TEST_CASE][PASSED] - Test Cases/Christi/Admin/Manage Slider - Delete: Test Cases/Christi/Admin/Manage Slider - Delete

2020-06-01 12:09:34 - [TEST_STEP][PASSED] - callTestCase(findTestCase("Christi/Admin/admin login"), ["username":"11666", "password":"Password3"], STOP_ON_FAILURE): Call Test Case 'Test Cases/Christi/Admin/admin login' successfully

2020-06-01 12:09:35 - [TEST_CASE][PASSED] - Test Cases/Christi/Admin/admin login: Test Cases/Christi/Admin/admin login

2020-06-01 12:09:35 - [TEST_STEP][PASSED] - openBrowser(""): Browser is opened with url: ''

2020-06-01 12:09:36 - [MESSAGE][INFO] - Starting 'Chrome' driver

2020-06-01 12:09:36 - [MESSAGE][INFO] - Action delay is set to 0 seconds

2020-06-01 12:09:41 - [MESSAGE][PASSED] - Browser is opened with url: ''

2020-06-01 12:09:41 - [TEST_STEP][PASSED] - navigateToUrl("https://appsrv1.deltadatamandiri.com/ACC_LMS_WEB/#/admNLmn"): Navigate to 'https://appsrv1.deltadatamandiri.com/ACC_LMS_WEB/#/admNLmn' successfully

2020-06-01 12:09:54 - [MESSAGE][PASSED] - Navigate to 'https://appsrv1.deltadatamandiri.com/ACC_LMS_WEB/#/admNLmn' successfully

2020-06-01 12:09:54 - [TEST_STEP][PASSED] - click(findTestObject("Christi/Page_Main/button_login")): Object: 'Object Repository/Christi/Page_Main/button_login' is clicked on

2020-06-01 12:09:58 - [MESSAGE][ERROR] - javascript error: Failed to execute 'elementsFromPoint' on 'Document': The provided double value is non-finite.
  (Session info: chrome=83.0.4103.61)
Build info: version: '3.141.59', revision: 'e82be7d358', time: '2018-11-14T08:25:53'
System info: host: 'LAPTOP-D0TPACJ1', ip: '192.168.100.227', os.name: 'Windows 10', os.arch: 'amd64', os.version: '10.0', java.version: '1.8.0_181'
Driver info: com.kms.katalon.selenium.driver.CChromeDriver
Capabilities {acceptInsecureCerts: false, browserName: chrome, browserVersion: 83.0.4103.61, chrome: {chromedriverVersion: 83.0.4103.39 (ccbf011cb2d2b..., userDataDir: C:\Users\ASUS\AppData\Local...}, goog:chromeOptions: {debuggerAddress: localhost:51492}, javascriptEnabled: true, networkConnectionEnabled: false, pageLoadStrategy: normal, platform: WINDOWS, platformName: WINDOWS, proxy: Proxy(), setWindowRect: true, strictFileInteractability: false, timeouts: {implicit: 0, pageLoad: 300000, script: 30000}, unhandledPromptBehavior: dismiss and notify, webauthn:virtualAuthenticators: true}
Session ID: b2674f25c2afac9d6753fb5d1c535c20

2020-06-01 12:09:59 - [MESSAGE][PASSED] - Object: 'Object Repository/Christi/Page_Main/button_login' is clicked on

2020-06-01 12:09:59 - [TEST_STEP][PASSED] - delay(3): Delayed 3 second(s)

2020-06-01 12:10:02 - [MESSAGE][PASSED] - Delayed 3 second(s)

2020-06-01 12:10:02 - [TEST_STEP][PASSED] - setText(findTestObject("Object Repository/Christi/Page_Main/input_NPK_username"), username): Text '11666' is set on object 'Object Repository/Christi/Page_Main/input_NPK_username'

2020-06-01 12:10:03 - [MESSAGE][PASSED] - Text '11666' is set on object 'Object Repository/Christi/Page_Main/input_NPK_username'

2020-06-01 12:10:03 - [TEST_STEP][PASSED] - setText(findTestObject("Object Repository/Christi/Page_Main/input_Password_password"), password): Text 'Password3' is set on object 'Object Repository/Christi/Page_Main/input_Password_password'

2020-06-01 12:10:04 - [MESSAGE][PASSED] - Text 'Password3' is set on object 'Object Repository/Christi/Page_Main/input_Password_password'

2020-06-01 12:10:04 - [TEST_STEP][PASSED] - delay(5): Delayed 5 second(s)

2020-06-01 12:10:09 - [MESSAGE][PASSED] - Delayed 5 second(s)

2020-06-01 12:10:09 - [TEST_STEP][PASSED] - click(findTestObject("Rizka/Admin/Admin - Login/btnLogin2")): Object: 'Object Repository/Rizka/Admin/Admin - Login/btnLogin2' is clicked on

2020-06-01 12:10:09 - [MESSAGE][PASSED] - Object: 'Object Repository/Rizka/Admin/Admin - Login/btnLogin2' is clicked on

2020-06-01 12:10:09 - [TEST_STEP][PASSED] - delay(5): Delayed 5 second(s)

2020-06-01 12:10:14 - [MESSAGE][PASSED] - Delayed 5 second(s)

2020-06-01 12:10:14 - [MESSAGE][PASSED] - Call Test Case 'Test Cases/Christi/Admin/admin login' successfully

2020-06-01 12:10:14 - [TEST_STEP][PASSED] - delay(3): Delayed 3 second(s)

2020-06-01 12:10:17 - [MESSAGE][PASSED] - Delayed 3 second(s)

2020-06-01 12:10:17 - [TEST_STEP][PASSED] - click(findTestObject("Object Repository/Christi/Page_Dashboard Admin/span_Manage Slider")): Object: 'Object Repository/Christi/Page_Dashboard Admin/span_Manage Slider' is clicked on

2020-06-01 12:10:36 - [MESSAGE][PASSED] - Object: 'Object Repository/Christi/Page_Dashboard Admin/span_Manage Slider' is clicked on

2020-06-01 12:10:36 - [TEST_STEP][PASSED] - delay(3): Delayed 3 second(s)

2020-06-01 12:10:39 - [MESSAGE][PASSED] - Delayed 3 second(s)

2020-06-01 12:10:39 - [TEST_STEP][PASSED] - if (expected == "pass"): Object: 'Object Repository/Christi/Page_Manage Sliders/button_YA' is clicked on

2020-06-01 12:10:39 - [TEST_STEP][PASSED] - verifyElementPresent(findTestObject("Christi/Page_Manage Sliders/label_Slider", ["text":nama_slider]), 0): Object 'Object Repository/Christi/Page_Manage Sliders/label_Slider' is present

2020-06-01 12:10:39 - [MESSAGE][WARNING] - Timeout '0' is invalid. Using default page load timeout: '30'

2020-06-01 12:10:41 - [MESSAGE][PASSED] - Object 'Object Repository/Christi/Page_Manage Sliders/label_Slider' is present

2020-06-01 12:10:41 - [TEST_STEP][PASSED] - delay(3): Delayed 3 second(s)

2020-06-01 12:10:44 - [MESSAGE][PASSED] - Delayed 3 second(s)

2020-06-01 12:10:44 - [TEST_STEP][PASSED] - click(findTestObject("Object Repository/Christi/Page_Manage Sliders/span_Delete")): Object: 'Object Repository/Christi/Page_Manage Sliders/span_Delete' is clicked on

2020-06-01 12:10:44 - [MESSAGE][PASSED] - Object: 'Object Repository/Christi/Page_Manage Sliders/span_Delete' is clicked on

2020-06-01 12:10:44 - [TEST_STEP][PASSED] - delay(3): Delayed 3 second(s)

2020-06-01 12:10:47 - [MESSAGE][PASSED] - Delayed 3 second(s)

2020-06-01 12:10:47 - [TEST_STEP][PASSED] - click(findTestObject("Object Repository/Christi/Page_Manage Sliders/button_YA")): Object: 'Object Repository/Christi/Page_Manage Sliders/button_YA' is clicked on

2020-06-01 12:10:48 - [MESSAGE][PASSED] - Object: 'Object Repository/Christi/Page_Manage Sliders/button_YA' is clicked on

2020-06-01 12:10:48 - [TEST_STEP][PASSED] - delay(3): Delayed 3 second(s)

2020-06-01 12:10:51 - [MESSAGE][PASSED] - Delayed 3 second(s)

2020-06-01 12:10:51 - [TEST_STEP][PASSED] - closeBrowser(STOP_ON_FAILURE): Browser is closed

2020-06-01 12:10:52 - [MESSAGE][PASSED] - Browser is closed]]></system-out>
         <system-err><![CDATA[]]></system-err>
      </testcase>
      <testcase name="Test Cases/Christi/Admin/Manage Slider - Delete" time="48.545" classname="Test Cases/Christi/Admin/Manage Slider - Delete" status="PASSED">
         <system-out><![CDATA[2020-06-01 12:10:52 - [TEST_CASE][PASSED] - Test Cases/Christi/Admin/Manage Slider - Delete: Test Cases/Christi/Admin/Manage Slider - Delete

2020-06-01 12:10:52 - [TEST_STEP][PASSED] - callTestCase(findTestCase("Christi/Admin/admin login"), ["username":"11666", "password":"Password3"], STOP_ON_FAILURE): Call Test Case 'Test Cases/Christi/Admin/admin login' successfully

2020-06-01 12:10:52 - [TEST_CASE][PASSED] - Test Cases/Christi/Admin/admin login: Test Cases/Christi/Admin/admin login

2020-06-01 12:10:52 - [TEST_STEP][PASSED] - openBrowser(""): Browser is opened with url: ''

2020-06-01 12:10:52 - [MESSAGE][INFO] - Starting 'Chrome' driver

2020-06-01 12:10:54 - [MESSAGE][PASSED] - Browser is opened with url: ''

2020-06-01 12:10:54 - [TEST_STEP][PASSED] - navigateToUrl("https://appsrv1.deltadatamandiri.com/ACC_LMS_WEB/#/admNLmn"): Navigate to 'https://appsrv1.deltadatamandiri.com/ACC_LMS_WEB/#/admNLmn' successfully

2020-06-01 12:11:07 - [MESSAGE][PASSED] - Navigate to 'https://appsrv1.deltadatamandiri.com/ACC_LMS_WEB/#/admNLmn' successfully

2020-06-01 12:11:07 - [TEST_STEP][PASSED] - click(findTestObject("Christi/Page_Main/button_login")): Object: 'Object Repository/Christi/Page_Main/button_login' is clicked on

2020-06-01 12:11:11 - [MESSAGE][ERROR] - javascript error: Failed to execute 'elementsFromPoint' on 'Document': The provided double value is non-finite.
  (Session info: chrome=83.0.4103.61)
Build info: version: '3.141.59', revision: 'e82be7d358', time: '2018-11-14T08:25:53'
System info: host: 'LAPTOP-D0TPACJ1', ip: '192.168.100.227', os.name: 'Windows 10', os.arch: 'amd64', os.version: '10.0', java.version: '1.8.0_181'
Driver info: com.kms.katalon.selenium.driver.CChromeDriver
Capabilities {acceptInsecureCerts: false, browserName: chrome, browserVersion: 83.0.4103.61, chrome: {chromedriverVersion: 83.0.4103.39 (ccbf011cb2d2b..., userDataDir: C:\Users\ASUS\AppData\Local...}, goog:chromeOptions: {debuggerAddress: localhost:51555}, javascriptEnabled: true, networkConnectionEnabled: false, pageLoadStrategy: normal, platform: WINDOWS, platformName: WINDOWS, proxy: Proxy(), setWindowRect: true, strictFileInteractability: false, timeouts: {implicit: 0, pageLoad: 300000, script: 30000}, unhandledPromptBehavior: dismiss and notify, webauthn:virtualAuthenticators: true}
Session ID: 5d42b7316b7678b442150b2af02e2470

2020-06-01 12:11:12 - [MESSAGE][PASSED] - Object: 'Object Repository/Christi/Page_Main/button_login' is clicked on

2020-06-01 12:11:12 - [TEST_STEP][PASSED] - delay(3): Delayed 3 second(s)

2020-06-01 12:11:15 - [MESSAGE][PASSED] - Delayed 3 second(s)

2020-06-01 12:11:15 - [TEST_STEP][PASSED] - setText(findTestObject("Object Repository/Christi/Page_Main/input_NPK_username"), username): Text '11666' is set on object 'Object Repository/Christi/Page_Main/input_NPK_username'

2020-06-01 12:11:16 - [MESSAGE][PASSED] - Text '11666' is set on object 'Object Repository/Christi/Page_Main/input_NPK_username'

2020-06-01 12:11:16 - [TEST_STEP][PASSED] - setText(findTestObject("Object Repository/Christi/Page_Main/input_Password_password"), password): Text 'Password3' is set on object 'Object Repository/Christi/Page_Main/input_Password_password'

2020-06-01 12:11:16 - [MESSAGE][PASSED] - Text 'Password3' is set on object 'Object Repository/Christi/Page_Main/input_Password_password'

2020-06-01 12:11:16 - [TEST_STEP][PASSED] - delay(5): Delayed 5 second(s)

2020-06-01 12:11:21 - [MESSAGE][PASSED] - Delayed 5 second(s)

2020-06-01 12:11:21 - [TEST_STEP][PASSED] - click(findTestObject("Rizka/Admin/Admin - Login/btnLogin2")): Object: 'Object Repository/Rizka/Admin/Admin - Login/btnLogin2' is clicked on

2020-06-01 12:11:22 - [MESSAGE][PASSED] - Object: 'Object Repository/Rizka/Admin/Admin - Login/btnLogin2' is clicked on

2020-06-01 12:11:22 - [TEST_STEP][PASSED] - delay(5): Delayed 5 second(s)

2020-06-01 12:11:27 - [MESSAGE][PASSED] - Delayed 5 second(s)

2020-06-01 12:11:27 - [MESSAGE][PASSED] - Call Test Case 'Test Cases/Christi/Admin/admin login' successfully

2020-06-01 12:11:27 - [TEST_STEP][PASSED] - delay(3): Delayed 3 second(s)

2020-06-01 12:11:30 - [MESSAGE][PASSED] - Delayed 3 second(s)

2020-06-01 12:11:30 - [TEST_STEP][PASSED] - click(findTestObject("Object Repository/Christi/Page_Dashboard Admin/span_Manage Slider")): Object: 'Object Repository/Christi/Page_Dashboard Admin/span_Manage Slider' is clicked on

2020-06-01 12:11:32 - [MESSAGE][PASSED] - Object: 'Object Repository/Christi/Page_Dashboard Admin/span_Manage Slider' is clicked on

2020-06-01 12:11:32 - [TEST_STEP][PASSED] - delay(3): Delayed 3 second(s)

2020-06-01 12:11:35 - [MESSAGE][PASSED] - Delayed 3 second(s)

2020-06-01 12:11:35 - [TEST_STEP][PASSED] - if (expected == "pass"): null

2020-06-01 12:11:35 - [TEST_STEP][PASSED] - else if (expected == "fail"): Web element with id: 'Object Repository/Christi/Page_Manage Sliders/label_Slider' located by 'By.xpath: //label[(text() = 'xxxxxx' or . = 'xxxxxx')]' is not present after '30' second(s)

2020-06-01 12:11:35 - [TEST_STEP][PASSED] - verifyElementNotPresent(findTestObject("Christi/Page_Manage Sliders/label_Slider", ["text":nama_slider]), 0): Web element with id: 'Object Repository/Christi/Page_Manage Sliders/label_Slider' located by 'By.xpath: //label[(text() = 'xxxxxx' or . = 'xxxxxx')]' is not present after '30' second(s)

2020-06-01 12:11:35 - [MESSAGE][WARNING] - Timeout '0' is invalid. Using default page load timeout: '30'

2020-06-01 12:11:36 - [MESSAGE][PASSED] - Web element with id: 'Object Repository/Christi/Page_Manage Sliders/label_Slider' located by 'By.xpath: //label[(text() = 'xxxxxx' or . = 'xxxxxx')]' is not present after '30' second(s)

2020-06-01 12:11:36 - [TEST_STEP][PASSED] - delay(3): Delayed 3 second(s)

2020-06-01 12:11:39 - [MESSAGE][PASSED] - Delayed 3 second(s)

2020-06-01 12:11:39 - [TEST_STEP][PASSED] - closeBrowser(STOP_ON_FAILURE): Browser is closed

2020-06-01 12:11:40 - [MESSAGE][PASSED] - Browser is closed]]></system-out>
         <system-err><![CDATA[]]></system-err>
      </testcase>
      <system-out><![CDATA[2020-06-01 12:09:33 - [TEST_SUITE][PASSED] - Manage Slider: Test Cases/Christi/Admin/Manage Slider - Delete]]></system-out>
      <system-err><![CDATA[]]></system-err>
   </testsuite>
</testsuites>
