<?xml version="1.0" encoding="UTF-8"?>
<testsuites name="Online Learning" time="150.999" tests="2" failures="0" errors="0">
   <testsuite name="Online Learning" tests="2" failures="0" errors="0" time="150.999" timestamp="2020-06-12 16:52:50" hostname="ASUS - LAPTOP-D0TPACJ1" id="Test Suites/Christi/Online Learning">
      <properties>
         <property name="deviceName" value=""/>
         <property name="devicePlatform" value=""/>
         <property name="logFolder" value="C:\\Users\\ASUS\\git\\LearningManagementWeb\\Reports\\20200612_165238\\Christi\\Online Learning\\20200612_165238"/>
         <property name="logFiles" value="C:\\Users\\ASUS\\git\\LearningManagementWeb\\Reports\\20200612_165238\\Christi\\Online Learning\\20200612_165238\\execution0.log"/>
         <property name="attachments" value=""/>
         <property name="hostName" value="ASUS - LAPTOP-D0TPACJ1"/>
         <property name="os" value="Windows 10 64bit"/>
         <property name="katalonVersion" value="7.0.10.1"/>
         <property name="browser" value="Chrome 83.0.4103.97"/>
         <property name="hostAddress" value="192.168.100.227"/>
         <property name="sessionId" value="8f785bb47b4bbffebf079aa91cd6d2cf"/>
         <property name="seleniumVersion" value="3.141.59"/>
         <property name="proxyInformation" value="ProxyInformation{proxyOption=NO_PROXY, proxyServerType=HTTP, password=, proxyServerAddress=, proxyServerPort=0}"/>
         <property name="platform" value="Windows 10"/>
      </properties>
      <testcase name="Test Cases/Christi/User/Online Learning - Search" time="78.005" classname="Test Cases/Christi/User/Online Learning - Search" status="PASSED">
         <system-out><![CDATA[2020-06-12 16:52:52 - [TEST_CASE][PASSED] - Test Cases/Christi/User/Online Learning - Search: Test Cases/Christi/User/Online Learning - Search

2020-06-12 16:52:53 - [TEST_STEP][PASSED] - callTestCase(findTestCase("Christi/User/user login"), ["username":"06677", "password":"#@ccPerfect2o19#"], STOP_ON_FAILURE): Call Test Case 'Test Cases/Christi/User/user login' successfully

2020-06-12 16:52:54 - [TEST_CASE][PASSED] - Test Cases/Christi/User/user login: Test Cases/Christi/User/user login

2020-06-12 16:52:55 - [TEST_STEP][PASSED] - openBrowser(""): Browser is opened with url: ''

2020-06-12 16:52:56 - [MESSAGE][INFO] - Starting 'Chrome' driver

2020-06-12 16:52:56 - [MESSAGE][INFO] - Action delay is set to 0 seconds

2020-06-12 16:53:03 - [MESSAGE][PASSED] - Browser is opened with url: ''

2020-06-12 16:53:03 - [TEST_STEP][PASSED] - navigateToUrl("https://appsrv1.deltadatamandiri.com/ACC_LMS_WEB/#/Main?redirectTo=onlineLearning"): Navigate to 'https://appsrv1.deltadatamandiri.com/ACC_LMS_WEB/#/Main?redirectTo=onlineLearning' successfully

2020-06-12 16:53:19 - [MESSAGE][PASSED] - Navigate to 'https://appsrv1.deltadatamandiri.com/ACC_LMS_WEB/#/Main?redirectTo=onlineLearning' successfully

2020-06-12 16:53:19 - [TEST_STEP][PASSED] - click(findTestObject("Object Repository/Christi/Page_Main/span_login")): Object: 'Object Repository/Christi/Page_Main/span_login' is clicked on

2020-06-12 16:53:27 - [MESSAGE][PASSED] - Object: 'Object Repository/Christi/Page_Main/span_login' is clicked on

2020-06-12 16:53:27 - [TEST_STEP][PASSED] - delay(3): Delayed 3 second(s)

2020-06-12 16:53:30 - [MESSAGE][PASSED] - Delayed 3 second(s)

2020-06-12 16:53:30 - [TEST_STEP][PASSED] - setText(findTestObject("Object Repository/Christi/Page_Main/input_NPK_username"), username): Text '06677' is set on object 'Object Repository/Christi/Page_Main/input_NPK_username'

2020-06-12 16:53:31 - [MESSAGE][PASSED] - Text '06677' is set on object 'Object Repository/Christi/Page_Main/input_NPK_username'

2020-06-12 16:53:31 - [TEST_STEP][PASSED] - setText(findTestObject("Object Repository/Christi/Page_Main/input_Password_password"), password): Text '#@ccPerfect2o19#' is set on object 'Object Repository/Christi/Page_Main/input_Password_password'

2020-06-12 16:53:33 - [MESSAGE][PASSED] - Text '#@ccPerfect2o19#' is set on object 'Object Repository/Christi/Page_Main/input_Password_password'

2020-06-12 16:53:33 - [TEST_STEP][PASSED] - click(findTestObject("Object Repository/Christi/Page_Main/span_Remember me")): Object: 'Object Repository/Christi/Page_Main/span_Remember me' is clicked on

2020-06-12 16:53:34 - [MESSAGE][PASSED] - Object: 'Object Repository/Christi/Page_Main/span_Remember me' is clicked on

2020-06-12 16:53:34 - [TEST_STEP][PASSED] - click(findTestObject("Object Repository/Christi/Page_Main/span_login_1")): Object: 'Object Repository/Christi/Page_Main/span_login_1' is clicked on

2020-06-12 16:53:35 - [MESSAGE][PASSED] - Object: 'Object Repository/Christi/Page_Main/span_login_1' is clicked on

2020-06-12 16:53:35 - [TEST_STEP][PASSED] - delay(5): Delayed 5 second(s)

2020-06-12 16:53:40 - [MESSAGE][PASSED] - Delayed 5 second(s)

2020-06-12 16:53:40 - [MESSAGE][PASSED] - Call Test Case 'Test Cases/Christi/User/user login' successfully

2020-06-12 16:53:40 - [TEST_STEP][PASSED] - delay(3): Delayed 3 second(s)

2020-06-12 16:53:43 - [MESSAGE][PASSED] - Delayed 3 second(s)

2020-06-12 16:53:43 - [TEST_STEP][PASSED] - setText(findTestObject("Christi/Page_Job Functions/input_Back button_searchModul"), search_module): Text 'xxxxx' is set on object 'Object Repository/Christi/Page_Job Functions/input_Back button_searchModul'

2020-06-12 16:53:59 - [MESSAGE][PASSED] - Text 'xxxxx' is set on object 'Object Repository/Christi/Page_Job Functions/input_Back button_searchModul'

2020-06-12 16:53:59 - [TEST_STEP][PASSED] - click(findTestObject("Object Repository/Christi/Page_Job Functions/button_Clear button_app-search-button wi wi-search")): Object: 'Object Repository/Christi/Page_Job Functions/button_Clear button_app-search-button wi wi-search' is clicked on

2020-06-12 16:53:59 - [MESSAGE][PASSED] - Object: 'Object Repository/Christi/Page_Job Functions/button_Clear button_app-search-button wi wi-search' is clicked on

2020-06-12 16:53:59 - [TEST_STEP][PASSED] - delay(3): Delayed 3 second(s)

2020-06-12 16:54:03 - [MESSAGE][PASSED] - Delayed 3 second(s)

2020-06-12 16:54:03 - [TEST_STEP][PASSED] - if (expected == "pass"): null

2020-06-12 16:54:03 - [TEST_STEP][PASSED] - else if (expected == "fail"): Object 'Object Repository/Christi/Page_Online Learning Search Result/label_tidak ditemukan' is present

2020-06-12 16:54:03 - [TEST_STEP][PASSED] - verifyElementPresent(findTestObject("Object Repository/Christi/Page_Online Learning Search Result/label_tidak ditemukan"), 0): Object 'Object Repository/Christi/Page_Online Learning Search Result/label_tidak ditemukan' is present

2020-06-12 16:54:03 - [MESSAGE][WARNING] - Timeout '0' is invalid. Using default page load timeout: '30'

2020-06-12 16:54:08 - [MESSAGE][PASSED] - Object 'Object Repository/Christi/Page_Online Learning Search Result/label_tidak ditemukan' is present

2020-06-12 16:54:08 - [TEST_STEP][PASSED] - closeBrowser(): Browser is closed

2020-06-12 16:54:10 - [MESSAGE][PASSED] - Browser is closed]]></system-out>
         <system-err><![CDATA[]]></system-err>
      </testcase>
      <testcase name="Test Cases/Christi/User/Online Learning - Search" time="70.623" classname="Test Cases/Christi/User/Online Learning - Search" status="PASSED">
         <system-out><![CDATA[2020-06-12 16:54:10 - [TEST_CASE][PASSED] - Test Cases/Christi/User/Online Learning - Search: Test Cases/Christi/User/Online Learning - Search

2020-06-12 16:54:10 - [TEST_STEP][PASSED] - callTestCase(findTestCase("Christi/User/user login"), ["username":"06677", "password":"#@ccPerfect2o19#"], STOP_ON_FAILURE): Call Test Case 'Test Cases/Christi/User/user login' successfully

2020-06-12 16:54:10 - [TEST_CASE][PASSED] - Test Cases/Christi/User/user login: Test Cases/Christi/User/user login

2020-06-12 16:54:10 - [TEST_STEP][PASSED] - openBrowser(""): Browser is opened with url: ''

2020-06-12 16:54:10 - [MESSAGE][INFO] - Starting 'Chrome' driver

2020-06-12 16:54:15 - [MESSAGE][PASSED] - Browser is opened with url: ''

2020-06-12 16:54:15 - [TEST_STEP][PASSED] - navigateToUrl("https://appsrv1.deltadatamandiri.com/ACC_LMS_WEB/#/Main?redirectTo=onlineLearning"): Navigate to 'https://appsrv1.deltadatamandiri.com/ACC_LMS_WEB/#/Main?redirectTo=onlineLearning' successfully

2020-06-12 16:54:35 - [MESSAGE][PASSED] - Navigate to 'https://appsrv1.deltadatamandiri.com/ACC_LMS_WEB/#/Main?redirectTo=onlineLearning' successfully

2020-06-12 16:54:35 - [TEST_STEP][PASSED] - click(findTestObject("Object Repository/Christi/Page_Main/span_login")): Object: 'Object Repository/Christi/Page_Main/span_login' is clicked on

2020-06-12 16:54:41 - [MESSAGE][ERROR] - javascript error: Failed to execute 'elementsFromPoint' on 'Document': The provided double value is non-finite.
  (Session info: chrome=83.0.4103.97)
Build info: version: '3.141.59', revision: 'e82be7d358', time: '2018-11-14T08:25:53'
System info: host: 'LAPTOP-D0TPACJ1', ip: '192.168.100.227', os.name: 'Windows 10', os.arch: 'amd64', os.version: '10.0', java.version: '1.8.0_181'
Driver info: com.kms.katalon.selenium.driver.CChromeDriver
Capabilities {acceptInsecureCerts: false, browserName: chrome, browserVersion: 83.0.4103.97, chrome: {chromedriverVersion: 83.0.4103.39 (ccbf011cb2d2b..., userDataDir: C:\Users\ASUS\AppData\Local...}, goog:chromeOptions: {debuggerAddress: localhost:53602}, javascriptEnabled: true, networkConnectionEnabled: false, pageLoadStrategy: normal, platform: WINDOWS, platformName: WINDOWS, proxy: Proxy(), setWindowRect: true, strictFileInteractability: false, timeouts: {implicit: 0, pageLoad: 300000, script: 30000}, unhandledPromptBehavior: dismiss and notify, webauthn:virtualAuthenticators: true}
Session ID: 8f785bb47b4bbffebf079aa91cd6d2cf

2020-06-12 16:54:42 - [MESSAGE][PASSED] - Object: 'Object Repository/Christi/Page_Main/span_login' is clicked on

2020-06-12 16:54:42 - [TEST_STEP][PASSED] - delay(3): Delayed 3 second(s)

2020-06-12 16:54:45 - [MESSAGE][PASSED] - Delayed 3 second(s)

2020-06-12 16:54:45 - [TEST_STEP][PASSED] - setText(findTestObject("Object Repository/Christi/Page_Main/input_NPK_username"), username): Text '06677' is set on object 'Object Repository/Christi/Page_Main/input_NPK_username'

2020-06-12 16:54:45 - [MESSAGE][PASSED] - Text '06677' is set on object 'Object Repository/Christi/Page_Main/input_NPK_username'

2020-06-12 16:54:45 - [TEST_STEP][PASSED] - setText(findTestObject("Object Repository/Christi/Page_Main/input_Password_password"), password): Text '#@ccPerfect2o19#' is set on object 'Object Repository/Christi/Page_Main/input_Password_password'

2020-06-12 16:54:46 - [MESSAGE][PASSED] - Text '#@ccPerfect2o19#' is set on object 'Object Repository/Christi/Page_Main/input_Password_password'

2020-06-12 16:54:46 - [TEST_STEP][PASSED] - click(findTestObject("Object Repository/Christi/Page_Main/span_Remember me")): Object: 'Object Repository/Christi/Page_Main/span_Remember me' is clicked on

2020-06-12 16:54:47 - [MESSAGE][PASSED] - Object: 'Object Repository/Christi/Page_Main/span_Remember me' is clicked on

2020-06-12 16:54:47 - [TEST_STEP][PASSED] - click(findTestObject("Object Repository/Christi/Page_Main/span_login_1")): Object: 'Object Repository/Christi/Page_Main/span_login_1' is clicked on

2020-06-12 16:54:47 - [MESSAGE][PASSED] - Object: 'Object Repository/Christi/Page_Main/span_login_1' is clicked on

2020-06-12 16:54:47 - [TEST_STEP][PASSED] - delay(5): Delayed 5 second(s)

2020-06-12 16:54:52 - [MESSAGE][PASSED] - Delayed 5 second(s)

2020-06-12 16:54:52 - [MESSAGE][PASSED] - Call Test Case 'Test Cases/Christi/User/user login' successfully

2020-06-12 16:54:52 - [TEST_STEP][PASSED] - delay(3): Delayed 3 second(s)

2020-06-12 16:54:55 - [MESSAGE][PASSED] - Delayed 3 second(s)

2020-06-12 16:54:55 - [TEST_STEP][PASSED] - setText(findTestObject("Christi/Page_Job Functions/input_Back button_searchModul"), search_module): Text 'WELCOMING KIT' is set on object 'Object Repository/Christi/Page_Job Functions/input_Back button_searchModul'

2020-06-12 16:55:08 - [MESSAGE][PASSED] - Text 'WELCOMING KIT' is set on object 'Object Repository/Christi/Page_Job Functions/input_Back button_searchModul'

2020-06-12 16:55:08 - [TEST_STEP][PASSED] - click(findTestObject("Object Repository/Christi/Page_Job Functions/button_Clear button_app-search-button wi wi-search")): Object: 'Object Repository/Christi/Page_Job Functions/button_Clear button_app-search-button wi wi-search' is clicked on

2020-06-12 16:55:10 - [MESSAGE][PASSED] - Object: 'Object Repository/Christi/Page_Job Functions/button_Clear button_app-search-button wi wi-search' is clicked on

2020-06-12 16:55:10 - [TEST_STEP][PASSED] - delay(3): Delayed 3 second(s)

2020-06-12 16:55:13 - [MESSAGE][PASSED] - Delayed 3 second(s)

2020-06-12 16:55:13 - [TEST_STEP][PASSED] - if (expected == "pass"): Object 'Object Repository/Christi/Page_Online Learning Search Result/label_Ditemukan modul dengan kata kunci' is present

2020-06-12 16:55:13 - [TEST_STEP][PASSED] - verifyElementPresent(findTestObject("Christi/Page_Online Learning Search Result/label_Ditemukan modul dengan kata kunci"), 0): Object 'Object Repository/Christi/Page_Online Learning Search Result/label_Ditemukan modul dengan kata kunci' is present

2020-06-12 16:55:14 - [MESSAGE][WARNING] - Timeout '0' is invalid. Using default page load timeout: '30'

2020-06-12 16:55:19 - [MESSAGE][PASSED] - Object 'Object Repository/Christi/Page_Online Learning Search Result/label_Ditemukan modul dengan kata kunci' is present

2020-06-12 16:55:19 - [TEST_STEP][PASSED] - closeBrowser(): Browser is closed

2020-06-12 16:55:20 - [MESSAGE][PASSED] - Browser is closed]]></system-out>
         <system-err><![CDATA[]]></system-err>
      </testcase>
      <system-out><![CDATA[2020-06-12 16:52:50 - [TEST_SUITE][PASSED] - Online Learning: Test Cases/Christi/User/Online Learning - Search]]></system-out>
      <system-err><![CDATA[]]></system-err>
   </testsuite>
</testsuites>
