<?xml version="1.0" encoding="UTF-8"?>
<testsuites name="Online Learning" time="88.069" tests="1" failures="0" errors="0">
   <testsuite name="Online Learning" tests="1" failures="0" errors="0" time="88.069" timestamp="2020-05-13 19:28:14" hostname="ASUS - LAPTOP-D0TPACJ1" id="Test Suites/Christi/Online Learning">
      <properties>
         <property name="deviceName" value=""/>
         <property name="devicePlatform" value=""/>
         <property name="logFolder" value="C:\\Users\\ASUS\\git\\LearningManagementWeb\\Reports\\20200513_192804\\Christi\\Online Learning\\20200513_192804"/>
         <property name="logFiles" value="C:\\Users\\ASUS\\git\\LearningManagementWeb\\Reports\\20200513_192804\\Christi\\Online Learning\\20200513_192804\\execution0.log"/>
         <property name="attachments" value=""/>
         <property name="hostName" value="ASUS - LAPTOP-D0TPACJ1"/>
         <property name="os" value="Windows 10 64bit"/>
         <property name="katalonVersion" value="7.0.10.1"/>
         <property name="browser" value="Chrome 81.0.4044.138"/>
         <property name="hostAddress" value="192.168.100.227"/>
         <property name="sessionId" value="bc6eb55c0add080b5f9956f3032f4497"/>
         <property name="seleniumVersion" value="3.141.59"/>
         <property name="proxyInformation" value="ProxyInformation{proxyOption=NO_PROXY, proxyServerType=HTTP, password=, proxyServerAddress=, proxyServerPort=0}"/>
         <property name="platform" value="Windows 10"/>
      </properties>
      <testcase name="Test Cases/Christi/User/Online Learning - Lihat Modul" time="87.201" classname="Test Cases/Christi/User/Online Learning - Lihat Modul" status="PASSED">
         <system-out><![CDATA[2020-05-13 19:28:15 - [TEST_CASE][PASSED] - Test Cases/Christi/User/Online Learning - Lihat Modul: Test Cases/Christi/User/Online Learning - Lihat Modul

2020-05-13 19:28:16 - [TEST_STEP][PASSED] - callTestCase(findTestCase("Christi/User/user login"), ["username":"14426", "password":"Password2"], STOP_ON_FAILURE): Call Test Case 'Test Cases/Christi/User/user login' successfully

2020-05-13 19:28:17 - [TEST_CASE][PASSED] - Test Cases/Christi/User/user login: Test Cases/Christi/User/user login

2020-05-13 19:28:17 - [TEST_STEP][PASSED] - openBrowser(""): Browser is opened with url: ''

2020-05-13 19:28:17 - [MESSAGE][INFO] - Starting 'Chrome' driver

2020-05-13 19:28:17 - [MESSAGE][INFO] - Action delay is set to 0 seconds

2020-05-13 19:28:22 - [MESSAGE][PASSED] - Browser is opened with url: ''

2020-05-13 19:28:22 - [TEST_STEP][PASSED] - maximizeWindow(): Current window maximized

2020-05-13 19:28:23 - [MESSAGE][PASSED] - Current window maximized

2020-05-13 19:28:23 - [TEST_STEP][PASSED] - navigateToUrl("https://appsrv1.deltadatamandiri.com/ACC_LMS_WEB/#/Main"): Navigate to 'https://appsrv1.deltadatamandiri.com/ACC_LMS_WEB/#/Main' successfully

2020-05-13 19:28:31 - [MESSAGE][PASSED] - Navigate to 'https://appsrv1.deltadatamandiri.com/ACC_LMS_WEB/#/Main' successfully

2020-05-13 19:28:31 - [TEST_STEP][PASSED] - click(findTestObject("Object Repository/Christi/Page_Main/span_login")): Object: 'Object Repository/Christi/Page_Main/span_login' is clicked on

2020-05-13 19:28:35 - [MESSAGE][ERROR] - javascript error: Failed to execute 'elementsFromPoint' on 'Document': The provided double value is non-finite.
  (Session info: chrome=81.0.4044.138)
Build info: version: '3.141.59', revision: 'e82be7d358', time: '2018-11-14T08:25:53'
System info: host: 'LAPTOP-D0TPACJ1', ip: '192.168.100.227', os.name: 'Windows 10', os.arch: 'amd64', os.version: '10.0', java.version: '1.8.0_181'
Driver info: com.kms.katalon.selenium.driver.CChromeDriver
Capabilities {acceptInsecureCerts: false, browserName: chrome, browserVersion: 81.0.4044.138, chrome: {chromedriverVersion: 80.0.3987.106 (f68069574609..., userDataDir: C:\Users\ASUS\AppData\Local...}, goog:chromeOptions: {debuggerAddress: localhost:51522}, javascriptEnabled: true, networkConnectionEnabled: false, pageLoadStrategy: normal, platform: WINDOWS, platformName: WINDOWS, proxy: Proxy(), setWindowRect: true, strictFileInteractability: false, timeouts: {implicit: 0, pageLoad: 300000, script: 30000}, unhandledPromptBehavior: dismiss and notify}
Session ID: bc6eb55c0add080b5f9956f3032f4497

2020-05-13 19:28:36 - [MESSAGE][PASSED] - Object: 'Object Repository/Christi/Page_Main/span_login' is clicked on

2020-05-13 19:28:36 - [TEST_STEP][PASSED] - delay(3): Delayed 3 second(s)

2020-05-13 19:28:39 - [MESSAGE][PASSED] - Delayed 3 second(s)

2020-05-13 19:28:39 - [TEST_STEP][PASSED] - setText(findTestObject("Object Repository/Christi/Page_Main/input_NPK_username"), username): Text '14426' is set on object 'Object Repository/Christi/Page_Main/input_NPK_username'

2020-05-13 19:28:40 - [MESSAGE][PASSED] - Text '14426' is set on object 'Object Repository/Christi/Page_Main/input_NPK_username'

2020-05-13 19:28:40 - [TEST_STEP][PASSED] - setText(findTestObject("Object Repository/Christi/Page_Main/input_Password_password"), password): Text 'Password2' is set on object 'Object Repository/Christi/Page_Main/input_Password_password'

2020-05-13 19:28:40 - [MESSAGE][PASSED] - Text 'Password2' is set on object 'Object Repository/Christi/Page_Main/input_Password_password'

2020-05-13 19:28:40 - [TEST_STEP][PASSED] - click(findTestObject("Object Repository/Christi/Page_Main/span_Remember me")): Object: 'Object Repository/Christi/Page_Main/span_Remember me' is clicked on

2020-05-13 19:28:41 - [MESSAGE][PASSED] - Object: 'Object Repository/Christi/Page_Main/span_Remember me' is clicked on

2020-05-13 19:28:41 - [TEST_STEP][PASSED] - click(findTestObject("Object Repository/Christi/Page_Main/span_login_1")): Object: 'Object Repository/Christi/Page_Main/span_login_1' is clicked on

2020-05-13 19:28:41 - [MESSAGE][PASSED] - Object: 'Object Repository/Christi/Page_Main/span_login_1' is clicked on

2020-05-13 19:28:41 - [TEST_STEP][PASSED] - delay(5): Delayed 5 second(s)

2020-05-13 19:28:46 - [MESSAGE][PASSED] - Delayed 5 second(s)

2020-05-13 19:28:46 - [MESSAGE][PASSED] - Call Test Case 'Test Cases/Christi/User/user login' successfully

2020-05-13 19:28:46 - [TEST_STEP][PASSED] - click(findTestObject("Christi/Page_Homepage/i_My Learning Icon_app-icon wi wi-menu fa-lg")): Object: 'Object Repository/Christi/Page_Homepage/i_My Learning Icon_app-icon wi wi-menu fa-lg' is clicked on

2020-05-13 19:28:59 - [MESSAGE][PASSED] - Object: 'Object Repository/Christi/Page_Homepage/i_My Learning Icon_app-icon wi wi-menu fa-lg' is clicked on

2020-05-13 19:28:59 - [TEST_STEP][PASSED] - click(findTestObject("Christi/Page_Homepage/span_Online Learning"), STOP_ON_FAILURE): Object: 'Object Repository/Christi/Page_Homepage/span_Online Learning' is clicked on

2020-05-13 19:29:00 - [MESSAGE][PASSED] - Object: 'Object Repository/Christi/Page_Homepage/span_Online Learning' is clicked on

2020-05-13 19:29:00 - [TEST_STEP][PASSED] - delay(3): Delayed 3 second(s)

2020-05-13 19:29:03 - [MESSAGE][PASSED] - Delayed 3 second(s)

2020-05-13 19:29:03 - [TEST_STEP][PASSED] - setText(findTestObject("Christi/Page_Job Functions/input_Back button_searchModul"), module_name): Text 'NEOP AAV' is set on object 'Object Repository/Christi/Page_Job Functions/input_Back button_searchModul'

2020-05-13 19:29:14 - [MESSAGE][PASSED] - Text 'NEOP AAV' is set on object 'Object Repository/Christi/Page_Job Functions/input_Back button_searchModul'

2020-05-13 19:29:14 - [TEST_STEP][PASSED] - click(findTestObject("Object Repository/Christi/Page_Job Functions/button_Clear button_app-search-button wi wi-search")): Object: 'Object Repository/Christi/Page_Job Functions/button_Clear button_app-search-button wi wi-search' is clicked on

2020-05-13 19:29:14 - [MESSAGE][PASSED] - Object: 'Object Repository/Christi/Page_Job Functions/button_Clear button_app-search-button wi wi-search' is clicked on

2020-05-13 19:29:14 - [TEST_STEP][PASSED] - delay(3): Delayed 3 second(s)

2020-05-13 19:29:17 - [MESSAGE][PASSED] - Delayed 3 second(s)

2020-05-13 19:29:17 - [TEST_STEP][PASSED] - if (found == "yes"): Object 'Object Repository/Christi/Page_Online Learning Detail/button_Mulai Modul' is present

2020-05-13 19:29:17 - [TEST_STEP][PASSED] - verifyElementPresent(findTestObject("Christi/Page_Online Learning Search Result/label_Ditemukan modul dengan kata kunci"), 0): Object 'Object Repository/Christi/Page_Online Learning Search Result/label_Ditemukan modul dengan kata kunci' is present

2020-05-13 19:29:18 - [MESSAGE][WARNING] - Timeout '0' is invalid. Using default page load timeout: '30'

2020-05-13 19:29:24 - [MESSAGE][PASSED] - Object 'Object Repository/Christi/Page_Online Learning Search Result/label_Ditemukan modul dengan kata kunci' is present

2020-05-13 19:29:24 - [TEST_STEP][PASSED] - delay(3): Delayed 3 second(s)

2020-05-13 19:29:27 - [MESSAGE][PASSED] - Delayed 3 second(s)

2020-05-13 19:29:27 - [TEST_STEP][PASSED] - click(findTestObject("Christi/Page_Online Learning Search Result/span_Lihat Modul")): Object: 'Object Repository/Christi/Page_Online Learning Search Result/span_Lihat Modul' is clicked on

2020-05-13 19:29:27 - [MESSAGE][PASSED] - Object: 'Object Repository/Christi/Page_Online Learning Search Result/span_Lihat Modul' is clicked on

2020-05-13 19:29:27 - [TEST_STEP][PASSED] - delay(3): Delayed 3 second(s)

2020-05-13 19:29:30 - [MESSAGE][PASSED] - Delayed 3 second(s)

2020-05-13 19:29:30 - [TEST_STEP][PASSED] - if (status == "new"): Object 'Object Repository/Christi/Page_Online Learning Detail/button_Mulai Modul' is present

2020-05-13 19:29:30 - [TEST_STEP][PASSED] - verifyElementPresent(findTestObject("Christi/Page_Online Learning Detail/button_Mulai Modul"), 0): Object 'Object Repository/Christi/Page_Online Learning Detail/button_Mulai Modul' is present

2020-05-13 19:29:30 - [MESSAGE][WARNING] - Timeout '0' is invalid. Using default page load timeout: '30'

2020-05-13 19:29:39 - [MESSAGE][PASSED] - Object 'Object Repository/Christi/Page_Online Learning Detail/button_Mulai Modul' is present

2020-05-13 19:29:39 - [TEST_STEP][PASSED] - delay(3): Delayed 3 second(s)

2020-05-13 19:29:42 - [MESSAGE][PASSED] - Delayed 3 second(s)

2020-05-13 19:29:42 - [TEST_STEP][PASSED] - closeBrowser(): Browser is closed

2020-05-13 19:29:42 - [MESSAGE][PASSED] - Browser is closed]]></system-out>
         <system-err><![CDATA[]]></system-err>
      </testcase>
      <system-out><![CDATA[2020-05-13 19:28:14 - [TEST_SUITE][PASSED] - Online Learning: Test Cases/Christi/User/Online Learning - Lihat Modul]]></system-out>
      <system-err><![CDATA[]]></system-err>
   </testsuite>
</testsuites>
