<?xml version="1.0" encoding="UTF-8" standalone="no"?>
<!DOCTYPE log SYSTEM "logger.dtd">
<log>
<record>
  <date>2020-05-19T15:01:34</date>
  <millis>1589875294878</millis>
  <sequence>0</sequence>
  <level>START</level>
  <class>com.kms.katalon.core.logging.XmlKeywordLogger</class>
  <method>startSuite</method>
  <thread>1</thread>
  <message>Start Test Suite : Test Suites/Rizka/Admin - Manage Modules</message>
  <nestedLevel>0</nestedLevel>
  <property name="name">Admin - Manage Modules</property>
  <property name="description"></property>
  <property name="id">Test Suites/Rizka/Admin - Manage Modules</property>
</record>
<record>
  <date>2020-05-19T15:01:34</date>
  <millis>1589875294913</millis>
  <sequence>1</sequence>
  <level>RUN_DATA</level>
  <class>com.kms.katalon.core.logging.XmlKeywordLogger</class>
  <method>logMessage</method>
  <thread>1</thread>
  <message>hostName = rizkajuliant20 - DESKTOP-NHES7H6</message>
  <nestedLevel>0</nestedLevel>
  <property name="hostName">rizkajuliant20 - DESKTOP-NHES7H6</property>
</record>
<record>
  <date>2020-05-19T15:01:34</date>
  <millis>1589875294917</millis>
  <sequence>2</sequence>
  <level>RUN_DATA</level>
  <class>com.kms.katalon.core.logging.XmlKeywordLogger</class>
  <method>logMessage</method>
  <thread>1</thread>
  <message>os = Windows 10 64bit</message>
  <nestedLevel>0</nestedLevel>
  <property name="os">Windows 10 64bit</property>
</record>
<record>
  <date>2020-05-19T15:01:34</date>
  <millis>1589875294925</millis>
  <sequence>3</sequence>
  <level>RUN_DATA</level>
  <class>com.kms.katalon.core.logging.XmlKeywordLogger</class>
  <method>logMessage</method>
  <thread>1</thread>
  <message>hostAddress = 192.168.1.116</message>
  <nestedLevel>0</nestedLevel>
  <property name="hostAddress">192.168.1.116</property>
</record>
<record>
  <date>2020-05-19T15:01:34</date>
  <millis>1589875294928</millis>
  <sequence>4</sequence>
  <level>RUN_DATA</level>
  <class>com.kms.katalon.core.logging.XmlKeywordLogger</class>
  <method>logMessage</method>
  <thread>1</thread>
  <message>katalonVersion = 7.2.1.1</message>
  <nestedLevel>0</nestedLevel>
  <property name="katalonVersion">7.2.1.1</property>
</record>
<record>
  <date>2020-05-19T15:01:36</date>
  <millis>1589875296009</millis>
  <sequence>5</sequence>
  <level>START</level>
  <class>com.kms.katalon.core.logging.XmlKeywordLogger</class>
  <method>startTest</method>
  <thread>1</thread>
  <message>Start Test Case : Test Cases/Rizka/Admin - Manage Modules</message>
  <nestedLevel>1</nestedLevel>
  <property name="name">Test Cases/Rizka/Admin - Manage Modules</property>
  <property name="description"></property>
  <property name="id">Test Cases/Rizka/Admin - Manage Modules</property>
  <property name="source">D:\\MY WORLD\\WORKS (TUGAS)\\LearningManagementWeb\\Test Cases\\Rizka\\Admin - Manage Modules.tc</property>
  <property name="tag"></property>
  <property name="isOptional">false</property>
</record>
<record>
  <date>2020-05-19T15:01:36</date>
  <millis>1589875296092</millis>
  <sequence>7</sequence>
  <level>INFO</level>
  <class>com.kms.katalon.core.logging.XmlKeywordLogger</class>
  <method>logMessage</method>
  <thread>1</thread>
  <message>namaModul = security testing !@#$%^&amp;amp;*()__+_)</message>
  <nestedLevel>1</nestedLevel>
</record>
<record>
  <date>2020-05-19T15:01:36</date>
  <millis>1589875296093</millis>
  <sequence>8</sequence>
  <level>INFO</level>
  <class>com.kms.katalon.core.logging.XmlKeywordLogger</class>
  <method>logMessage</method>
  <thread>1</thread>
  <message>condition = passed</message>
  <nestedLevel>1</nestedLevel>
</record>
<record>
  <date>2020-05-19T15:01:36</date>
  <millis>1589875296984</millis>
  <sequence>9</sequence>
  <level>START</level>
  <class>com.kms.katalon.core.logging.XmlKeywordLogger</class>
  <method>startKeyword</method>
  <thread>1</thread>
  <message>Start action : openBrowser(\&amp;quot;\&amp;quot;)</message>
  <nestedLevel>1</nestedLevel>
  <property name="startLine">18</property>
  <property name="stepIndex">1</property>
</record>
<record>
  <date>2020-05-19T15:01:37</date>
  <millis>1589875297785</millis>
  <sequence>11</sequence>
  <level>INFO</level>
  <class>com.kms.katalon.core.logging.XmlKeywordLogger</class>
  <method>logMessage</method>
  <thread>1</thread>
  <message>Starting &amp;apos;Chrome&amp;apos; driver</message>
  <nestedLevel>1</nestedLevel>
</record>
<record>
  <date>2020-05-19T15:01:37</date>
  <millis>1589875297963</millis>
  <sequence>13</sequence>
  <level>INFO</level>
  <class>com.kms.katalon.core.logging.XmlKeywordLogger</class>
  <method>logMessage</method>
  <thread>1</thread>
  <message>Action delay is set to 0 seconds</message>
  <nestedLevel>1</nestedLevel>
</record>
<record>
  <date>2020-05-19T15:01:47</date>
  <millis>1589875307401</millis>
  <sequence>15</sequence>
  <level>RUN_DATA</level>
  <class>com.kms.katalon.core.logging.XmlKeywordLogger</class>
  <method>logMessage</method>
  <thread>1</thread>
  <message>sessionId = 9831102ef1301924795b77b63502158d</message>
  <nestedLevel>1</nestedLevel>
  <property name="sessionId">9831102ef1301924795b77b63502158d</property>
</record>
<record>
  <date>2020-05-19T15:01:47</date>
  <millis>1589875307442</millis>
  <sequence>16</sequence>
  <level>RUN_DATA</level>
  <class>com.kms.katalon.core.logging.XmlKeywordLogger</class>
  <method>logMessage</method>
  <thread>1</thread>
  <message>browser = Chrome 81.0.4044.138</message>
  <nestedLevel>1</nestedLevel>
  <property name="browser">Chrome 81.0.4044.138</property>
</record>
<record>
  <date>2020-05-19T15:01:47</date>
  <millis>1589875307445</millis>
  <sequence>17</sequence>
  <level>RUN_DATA</level>
  <class>com.kms.katalon.core.logging.XmlKeywordLogger</class>
  <method>logMessage</method>
  <thread>1</thread>
  <message>platform = Windows 10</message>
  <nestedLevel>1</nestedLevel>
  <property name="platform">Windows 10</property>
</record>
<record>
  <date>2020-05-19T15:01:47</date>
  <millis>1589875307447</millis>
  <sequence>18</sequence>
  <level>RUN_DATA</level>
  <class>com.kms.katalon.core.logging.XmlKeywordLogger</class>
  <method>logMessage</method>
  <thread>1</thread>
  <message>seleniumVersion = 3.141.59</message>
  <nestedLevel>1</nestedLevel>
  <property name="seleniumVersion">3.141.59</property>
</record>
<record>
  <date>2020-05-19T15:01:47</date>
  <millis>1589875307449</millis>
  <sequence>19</sequence>
  <level>RUN_DATA</level>
  <class>com.kms.katalon.core.logging.XmlKeywordLogger</class>
  <method>logMessage</method>
  <thread>1</thread>
  <message>proxyInformation = ProxyInformation{proxyOption=NO_PROXY, proxyServerType=HTTP, password=, proxyServerAddress=, proxyServerPort=0, executionList=}</message>
  <nestedLevel>1</nestedLevel>
  <property name="proxyInformation">ProxyInformation{proxyOption=NO_PROXY, proxyServerType=HTTP, password=, proxyServerAddress=, proxyServerPort=0, executionList=}</property>
</record>
<record>
  <date>2020-05-19T15:01:47</date>
  <millis>1589875307466</millis>
  <sequence>20</sequence>
  <level>PASSED</level>
  <class>com.kms.katalon.core.logging.XmlKeywordLogger</class>
  <method>logMessage</method>
  <thread>1</thread>
  <message>Browser is opened with url: &amp;apos;&amp;apos;</message>
  <nestedLevel>1</nestedLevel>
</record>
<record>
  <date>2020-05-19T15:01:47</date>
  <millis>1589875307468</millis>
  <sequence>21</sequence>
  <level>END</level>
  <class>com.kms.katalon.core.logging.XmlKeywordLogger</class>
  <method>endKeyword</method>
  <thread>1</thread>
  <message>End action : openBrowser(\&amp;quot;\&amp;quot;)</message>
  <nestedLevel>1</nestedLevel>
</record>
<record>
  <date>2020-05-19T15:01:47</date>
  <millis>1589875307468</millis>
  <sequence>22</sequence>
  <level>START</level>
  <class>com.kms.katalon.core.logging.XmlKeywordLogger</class>
  <method>startKeyword</method>
  <thread>1</thread>
  <message>Start action : navigateToUrl(\&amp;quot;https://appsrv1.deltadatamandiri.com/ACC_LMS_WEB/#/admNLmn\&amp;quot;)</message>
  <nestedLevel>1</nestedLevel>
  <property name="startLine">20</property>
  <property name="stepIndex">2</property>
</record>
<record>
  <date>2020-05-19T15:01:58</date>
  <millis>1589875318167</millis>
  <sequence>25</sequence>
  <level>PASSED</level>
  <class>com.kms.katalon.core.logging.XmlKeywordLogger</class>
  <method>logMessage</method>
  <thread>1</thread>
  <message>Navigate to &amp;apos;https://appsrv1.deltadatamandiri.com/ACC_LMS_WEB/#/admNLmn&amp;apos; successfully</message>
  <nestedLevel>1</nestedLevel>
</record>
<record>
  <date>2020-05-19T15:01:58</date>
  <millis>1589875318170</millis>
  <sequence>26</sequence>
  <level>END</level>
  <class>com.kms.katalon.core.logging.XmlKeywordLogger</class>
  <method>endKeyword</method>
  <thread>1</thread>
  <message>End action : navigateToUrl(\&amp;quot;https://appsrv1.deltadatamandiri.com/ACC_LMS_WEB/#/admNLmn\&amp;quot;)</message>
  <nestedLevel>1</nestedLevel>
</record>
<record>
  <date>2020-05-19T15:01:58</date>
  <millis>1589875318171</millis>
  <sequence>27</sequence>
  <level>START</level>
  <class>com.kms.katalon.core.logging.XmlKeywordLogger</class>
  <method>startKeyword</method>
  <thread>1</thread>
  <message>Start action : delay(5)</message>
  <nestedLevel>1</nestedLevel>
  <property name="startLine">22</property>
  <property name="stepIndex">3</property>
</record>
<record>
  <date>2020-05-19T15:02:03</date>
  <millis>1589875323250</millis>
  <sequence>29</sequence>
  <level>PASSED</level>
  <class>com.kms.katalon.core.logging.XmlKeywordLogger</class>
  <method>logMessage</method>
  <thread>1</thread>
  <message>Delayed 5 second(s)</message>
  <nestedLevel>1</nestedLevel>
</record>
<record>
  <date>2020-05-19T15:02:03</date>
  <millis>1589875323251</millis>
  <sequence>30</sequence>
  <level>END</level>
  <class>com.kms.katalon.core.logging.XmlKeywordLogger</class>
  <method>endKeyword</method>
  <thread>1</thread>
  <message>End action : delay(5)</message>
  <nestedLevel>1</nestedLevel>
</record>
<record>
  <date>2020-05-19T15:02:03</date>
  <millis>1589875323252</millis>
  <sequence>31</sequence>
  <level>START</level>
  <class>com.kms.katalon.core.logging.XmlKeywordLogger</class>
  <method>startKeyword</method>
  <thread>1</thread>
  <message>Start action : click(findTestObject(\&amp;quot;Rizka/Admin - Login/btnLogin\&amp;quot;))</message>
  <nestedLevel>1</nestedLevel>
  <property name="startLine">24</property>
  <property name="stepIndex">4</property>
</record>
<record>
  <date>2020-05-19T15:02:04</date>
  <millis>1589875324452</millis>
  <sequence>42</sequence>
  <level>PASSED</level>
  <class>com.kms.katalon.core.logging.XmlKeywordLogger</class>
  <method>logMessage</method>
  <thread>1</thread>
  <message>Object: &amp;apos;Object Repository/Rizka/Admin - Login/btnLogin&amp;apos; is clicked on</message>
  <nestedLevel>1</nestedLevel>
</record>
<record>
  <date>2020-05-19T15:02:04</date>
  <millis>1589875324454</millis>
  <sequence>43</sequence>
  <level>END</level>
  <class>com.kms.katalon.core.logging.XmlKeywordLogger</class>
  <method>endKeyword</method>
  <thread>1</thread>
  <message>End action : click(findTestObject(\&amp;quot;Rizka/Admin - Login/btnLogin\&amp;quot;))</message>
  <nestedLevel>1</nestedLevel>
</record>
<record>
  <date>2020-05-19T15:02:04</date>
  <millis>1589875324455</millis>
  <sequence>44</sequence>
  <level>START</level>
  <class>com.kms.katalon.core.logging.XmlKeywordLogger</class>
  <method>startKeyword</method>
  <thread>1</thread>
  <message>Start action : setText(findTestObject(\&amp;quot;Rizka/Admin - Login/txtUsername\&amp;quot;), \&amp;quot;11666\&amp;quot;)</message>
  <nestedLevel>1</nestedLevel>
  <property name="startLine">26</property>
  <property name="stepIndex">5</property>
</record>
<record>
  <date>2020-05-19T15:02:05</date>
  <millis>1589875325350</millis>
  <sequence>55</sequence>
  <level>PASSED</level>
  <class>com.kms.katalon.core.logging.XmlKeywordLogger</class>
  <method>logMessage</method>
  <thread>1</thread>
  <message>Text &amp;apos;11666&amp;apos; is set on object &amp;apos;Object Repository/Rizka/Admin - Login/txtUsername&amp;apos;</message>
  <nestedLevel>1</nestedLevel>
</record>
<record>
  <date>2020-05-19T15:02:05</date>
  <millis>1589875325352</millis>
  <sequence>56</sequence>
  <level>END</level>
  <class>com.kms.katalon.core.logging.XmlKeywordLogger</class>
  <method>endKeyword</method>
  <thread>1</thread>
  <message>End action : setText(findTestObject(\&amp;quot;Rizka/Admin - Login/txtUsername\&amp;quot;), \&amp;quot;11666\&amp;quot;)</message>
  <nestedLevel>1</nestedLevel>
</record>
<record>
  <date>2020-05-19T15:02:05</date>
  <millis>1589875325352</millis>
  <sequence>57</sequence>
  <level>START</level>
  <class>com.kms.katalon.core.logging.XmlKeywordLogger</class>
  <method>startKeyword</method>
  <thread>1</thread>
  <message>Start action : setText(findTestObject(\&amp;quot;Rizka/Admin - Login/txtPassword\&amp;quot;), \&amp;quot;Password3\&amp;quot;)</message>
  <nestedLevel>1</nestedLevel>
  <property name="startLine">28</property>
  <property name="stepIndex">6</property>
</record>
<record>
  <date>2020-05-19T15:02:06</date>
  <millis>1589875326139</millis>
  <sequence>68</sequence>
  <level>PASSED</level>
  <class>com.kms.katalon.core.logging.XmlKeywordLogger</class>
  <method>logMessage</method>
  <thread>1</thread>
  <message>Text &amp;apos;Password3&amp;apos; is set on object &amp;apos;Object Repository/Rizka/Admin - Login/txtPassword&amp;apos;</message>
  <nestedLevel>1</nestedLevel>
</record>
<record>
  <date>2020-05-19T15:02:06</date>
  <millis>1589875326141</millis>
  <sequence>69</sequence>
  <level>END</level>
  <class>com.kms.katalon.core.logging.XmlKeywordLogger</class>
  <method>endKeyword</method>
  <thread>1</thread>
  <message>End action : setText(findTestObject(\&amp;quot;Rizka/Admin - Login/txtPassword\&amp;quot;), \&amp;quot;Password3\&amp;quot;)</message>
  <nestedLevel>1</nestedLevel>
</record>
<record>
  <date>2020-05-19T15:02:06</date>
  <millis>1589875326141</millis>
  <sequence>70</sequence>
  <level>START</level>
  <class>com.kms.katalon.core.logging.XmlKeywordLogger</class>
  <method>startKeyword</method>
  <thread>1</thread>
  <message>Start action : click(findTestObject(\&amp;quot;Rizka/Admin - Login/btnEyePass\&amp;quot;))</message>
  <nestedLevel>1</nestedLevel>
  <property name="startLine">30</property>
  <property name="stepIndex">7</property>
</record>
<record>
  <date>2020-05-19T15:02:06</date>
  <millis>1589875326619</millis>
  <sequence>81</sequence>
  <level>PASSED</level>
  <class>com.kms.katalon.core.logging.XmlKeywordLogger</class>
  <method>logMessage</method>
  <thread>1</thread>
  <message>Object: &amp;apos;Object Repository/Rizka/Admin - Login/btnEyePass&amp;apos; is clicked on</message>
  <nestedLevel>1</nestedLevel>
</record>
<record>
  <date>2020-05-19T15:02:06</date>
  <millis>1589875326621</millis>
  <sequence>82</sequence>
  <level>END</level>
  <class>com.kms.katalon.core.logging.XmlKeywordLogger</class>
  <method>endKeyword</method>
  <thread>1</thread>
  <message>End action : click(findTestObject(\&amp;quot;Rizka/Admin - Login/btnEyePass\&amp;quot;))</message>
  <nestedLevel>1</nestedLevel>
</record>
<record>
  <date>2020-05-19T15:02:06</date>
  <millis>1589875326621</millis>
  <sequence>83</sequence>
  <level>START</level>
  <class>com.kms.katalon.core.logging.XmlKeywordLogger</class>
  <method>startKeyword</method>
  <thread>1</thread>
  <message>Start action : click(findTestObject(\&amp;quot;Rizka/Admin - Login/checkboxRememberMe\&amp;quot;))</message>
  <nestedLevel>1</nestedLevel>
  <property name="startLine">32</property>
  <property name="stepIndex">8</property>
</record>
<record>
  <date>2020-05-19T15:02:07</date>
  <millis>1589875327205</millis>
  <sequence>94</sequence>
  <level>PASSED</level>
  <class>com.kms.katalon.core.logging.XmlKeywordLogger</class>
  <method>logMessage</method>
  <thread>1</thread>
  <message>Object: &amp;apos;Object Repository/Rizka/Admin - Login/checkboxRememberMe&amp;apos; is clicked on</message>
  <nestedLevel>1</nestedLevel>
</record>
<record>
  <date>2020-05-19T15:02:07</date>
  <millis>1589875327206</millis>
  <sequence>95</sequence>
  <level>END</level>
  <class>com.kms.katalon.core.logging.XmlKeywordLogger</class>
  <method>endKeyword</method>
  <thread>1</thread>
  <message>End action : click(findTestObject(\&amp;quot;Rizka/Admin - Login/checkboxRememberMe\&amp;quot;))</message>
  <nestedLevel>1</nestedLevel>
</record>
<record>
  <date>2020-05-19T15:02:07</date>
  <millis>1589875327207</millis>
  <sequence>96</sequence>
  <level>START</level>
  <class>com.kms.katalon.core.logging.XmlKeywordLogger</class>
  <method>startKeyword</method>
  <thread>1</thread>
  <message>Start action : click(findTestObject(\&amp;quot;Rizka/Admin - Login/btnLogin2\&amp;quot;))</message>
  <nestedLevel>1</nestedLevel>
  <property name="startLine">34</property>
  <property name="stepIndex">9</property>
</record>
<record>
  <date>2020-05-19T15:02:07</date>
  <millis>1589875327746</millis>
  <sequence>107</sequence>
  <level>PASSED</level>
  <class>com.kms.katalon.core.logging.XmlKeywordLogger</class>
  <method>logMessage</method>
  <thread>1</thread>
  <message>Object: &amp;apos;Object Repository/Rizka/Admin - Login/btnLogin2&amp;apos; is clicked on</message>
  <nestedLevel>1</nestedLevel>
</record>
<record>
  <date>2020-05-19T15:02:07</date>
  <millis>1589875327748</millis>
  <sequence>108</sequence>
  <level>END</level>
  <class>com.kms.katalon.core.logging.XmlKeywordLogger</class>
  <method>endKeyword</method>
  <thread>1</thread>
  <message>End action : click(findTestObject(\&amp;quot;Rizka/Admin - Login/btnLogin2\&amp;quot;))</message>
  <nestedLevel>1</nestedLevel>
</record>
<record>
  <date>2020-05-19T15:02:07</date>
  <millis>1589875327749</millis>
  <sequence>109</sequence>
  <level>START</level>
  <class>com.kms.katalon.core.logging.XmlKeywordLogger</class>
  <method>startKeyword</method>
  <thread>1</thread>
  <message>Start action : delay(20)</message>
  <nestedLevel>1</nestedLevel>
  <property name="startLine">36</property>
  <property name="stepIndex">10</property>
</record>
<record>
  <date>2020-05-19T15:02:27</date>
  <millis>1589875347753</millis>
  <sequence>111</sequence>
  <level>PASSED</level>
  <class>com.kms.katalon.core.logging.XmlKeywordLogger</class>
  <method>logMessage</method>
  <thread>1</thread>
  <message>Delayed 20 second(s)</message>
  <nestedLevel>1</nestedLevel>
</record>
<record>
  <date>2020-05-19T15:02:27</date>
  <millis>1589875347754</millis>
  <sequence>112</sequence>
  <level>END</level>
  <class>com.kms.katalon.core.logging.XmlKeywordLogger</class>
  <method>endKeyword</method>
  <thread>1</thread>
  <message>End action : delay(20)</message>
  <nestedLevel>1</nestedLevel>
</record>
<record>
  <date>2020-05-19T15:02:27</date>
  <millis>1589875347754</millis>
  <sequence>113</sequence>
  <level>START</level>
  <class>com.kms.katalon.core.logging.XmlKeywordLogger</class>
  <method>startKeyword</method>
  <thread>1</thread>
  <message>Start action : click(findTestObject(\&amp;quot;Rizka/Admin - Manage Modules/btnManageModules\&amp;quot;))</message>
  <nestedLevel>1</nestedLevel>
  <property name="startLine">38</property>
  <property name="stepIndex">11</property>
</record>
<record>
  <date>2020-05-19T15:02:28</date>
  <millis>1589875348268</millis>
  <sequence>124</sequence>
  <level>PASSED</level>
  <class>com.kms.katalon.core.logging.XmlKeywordLogger</class>
  <method>logMessage</method>
  <thread>1</thread>
  <message>Object: &amp;apos;Object Repository/Rizka/Admin - Manage Modules/btnManageModules&amp;apos; is clicked on</message>
  <nestedLevel>1</nestedLevel>
</record>
<record>
  <date>2020-05-19T15:02:28</date>
  <millis>1589875348270</millis>
  <sequence>125</sequence>
  <level>END</level>
  <class>com.kms.katalon.core.logging.XmlKeywordLogger</class>
  <method>endKeyword</method>
  <thread>1</thread>
  <message>End action : click(findTestObject(\&amp;quot;Rizka/Admin - Manage Modules/btnManageModules\&amp;quot;))</message>
  <nestedLevel>1</nestedLevel>
</record>
<record>
  <date>2020-05-19T15:02:28</date>
  <millis>1589875348270</millis>
  <sequence>126</sequence>
  <level>START</level>
  <class>com.kms.katalon.core.logging.XmlKeywordLogger</class>
  <method>startKeyword</method>
  <thread>1</thread>
  <message>Start action : delay(5)</message>
  <nestedLevel>1</nestedLevel>
  <property name="startLine">40</property>
  <property name="stepIndex">12</property>
</record>
<record>
  <date>2020-05-19T15:02:33</date>
  <millis>1589875353277</millis>
  <sequence>128</sequence>
  <level>PASSED</level>
  <class>com.kms.katalon.core.logging.XmlKeywordLogger</class>
  <method>logMessage</method>
  <thread>1</thread>
  <message>Delayed 5 second(s)</message>
  <nestedLevel>1</nestedLevel>
</record>
<record>
  <date>2020-05-19T15:02:33</date>
  <millis>1589875353278</millis>
  <sequence>129</sequence>
  <level>END</level>
  <class>com.kms.katalon.core.logging.XmlKeywordLogger</class>
  <method>endKeyword</method>
  <thread>1</thread>
  <message>End action : delay(5)</message>
  <nestedLevel>1</nestedLevel>
</record>
<record>
  <date>2020-05-19T15:02:33</date>
  <millis>1589875353279</millis>
  <sequence>130</sequence>
  <level>START</level>
  <class>com.kms.katalon.core.logging.XmlKeywordLogger</class>
  <method>startKeyword</method>
  <thread>1</thread>
  <message>Start action : setText(findTestObject(\&amp;quot;Rizka/Admin - Manage Modules/inputSearch\&amp;quot;), namaModul)</message>
  <nestedLevel>1</nestedLevel>
  <property name="startLine">42</property>
  <property name="stepIndex">13</property>
</record>
<record>
  <date>2020-05-19T15:02:38</date>
  <millis>1589875358233</millis>
  <sequence>141</sequence>
  <level>PASSED</level>
  <class>com.kms.katalon.core.logging.XmlKeywordLogger</class>
  <method>logMessage</method>
  <thread>1</thread>
  <message>Text &amp;apos;security testing !@#$%^&amp;amp;*()__+_)&amp;apos; is set on object &amp;apos;Object Repository/Rizka/Admin - Manage Modules/inputSearch&amp;apos;</message>
  <nestedLevel>1</nestedLevel>
</record>
<record>
  <date>2020-05-19T15:02:38</date>
  <millis>1589875358234</millis>
  <sequence>142</sequence>
  <level>END</level>
  <class>com.kms.katalon.core.logging.XmlKeywordLogger</class>
  <method>endKeyword</method>
  <thread>1</thread>
  <message>End action : setText(findTestObject(\&amp;quot;Rizka/Admin - Manage Modules/inputSearch\&amp;quot;), namaModul)</message>
  <nestedLevel>1</nestedLevel>
</record>
<record>
  <date>2020-05-19T15:02:38</date>
  <millis>1589875358235</millis>
  <sequence>143</sequence>
  <level>START</level>
  <class>com.kms.katalon.core.logging.XmlKeywordLogger</class>
  <method>startKeyword</method>
  <thread>1</thread>
  <message>Start action : click(findTestObject(\&amp;quot;Rizka/Admin - Manage Modules/btnSearch\&amp;quot;))</message>
  <nestedLevel>1</nestedLevel>
  <property name="startLine">44</property>
  <property name="stepIndex">14</property>
</record>
<record>
  <date>2020-05-19T15:02:38</date>
  <millis>1589875358712</millis>
  <sequence>154</sequence>
  <level>PASSED</level>
  <class>com.kms.katalon.core.logging.XmlKeywordLogger</class>
  <method>logMessage</method>
  <thread>1</thread>
  <message>Object: &amp;apos;Object Repository/Rizka/Admin - Manage Modules/btnSearch&amp;apos; is clicked on</message>
  <nestedLevel>1</nestedLevel>
</record>
<record>
  <date>2020-05-19T15:02:38</date>
  <millis>1589875358713</millis>
  <sequence>155</sequence>
  <level>END</level>
  <class>com.kms.katalon.core.logging.XmlKeywordLogger</class>
  <method>endKeyword</method>
  <thread>1</thread>
  <message>End action : click(findTestObject(\&amp;quot;Rizka/Admin - Manage Modules/btnSearch\&amp;quot;))</message>
  <nestedLevel>1</nestedLevel>
</record>
<record>
  <date>2020-05-19T15:02:38</date>
  <millis>1589875358714</millis>
  <sequence>156</sequence>
  <level>START</level>
  <class>com.kms.katalon.core.logging.XmlKeywordLogger</class>
  <method>startKeyword</method>
  <thread>1</thread>
  <message>Start action : delay(5)</message>
  <nestedLevel>1</nestedLevel>
  <property name="startLine">46</property>
  <property name="stepIndex">15</property>
</record>
<record>
  <date>2020-05-19T15:02:43</date>
  <millis>1589875363718</millis>
  <sequence>158</sequence>
  <level>PASSED</level>
  <class>com.kms.katalon.core.logging.XmlKeywordLogger</class>
  <method>logMessage</method>
  <thread>1</thread>
  <message>Delayed 5 second(s)</message>
  <nestedLevel>1</nestedLevel>
</record>
<record>
  <date>2020-05-19T15:02:43</date>
  <millis>1589875363720</millis>
  <sequence>159</sequence>
  <level>END</level>
  <class>com.kms.katalon.core.logging.XmlKeywordLogger</class>
  <method>endKeyword</method>
  <thread>1</thread>
  <message>End action : delay(5)</message>
  <nestedLevel>1</nestedLevel>
</record>
<record>
  <date>2020-05-19T15:02:43</date>
  <millis>1589875363722</millis>
  <sequence>160</sequence>
  <level>START</level>
  <class>com.kms.katalon.core.logging.XmlKeywordLogger</class>
  <method>startKeyword</method>
  <thread>1</thread>
  <message>Start action : if (condition == \&amp;quot;passed\&amp;quot;)</message>
  <nestedLevel>1</nestedLevel>
  <property name="startLine">48</property>
  <property name="stepIndex">16</property>
</record>
<record>
  <date>2020-05-19T15:02:43</date>
  <millis>1589875363725</millis>
  <sequence>161</sequence>
  <level>START</level>
  <class>com.kms.katalon.core.logging.XmlKeywordLogger</class>
  <method>startKeyword</method>
  <thread>1</thread>
  <message>Start action : verifyElementPresent(findTestObject(\&amp;quot;Rizka/Admin - Manage Modules/label_NEOP Teller Cash  PDC dan FAB\&amp;quot;, [\&amp;quot;text\&amp;quot;:namaModul]), 0)</message>
  <nestedLevel>2</nestedLevel>
  <property name="startLine">49</property>
  <property name="stepIndex">1</property>
</record>
<record>
  <date>2020-05-19T15:02:43</date>
  <millis>1589875363899</millis>
  <sequence>166</sequence>
  <level>WARNING</level>
  <class>com.kms.katalon.core.logging.XmlKeywordLogger</class>
  <method>logMessage</method>
  <thread>1</thread>
  <message>Timeout &amp;apos;0&amp;apos; is invalid. Using default page load timeout: &amp;apos;30&amp;apos;</message>
  <nestedLevel>1</nestedLevel>
</record>
<record>
  <date>2020-05-19T15:03:29</date>
  <millis>1589875409524</millis>
  <sequence>228</sequence>
  <level>INFO</level>
  <class>com.kms.katalon.core.logging.XmlKeywordLogger</class>
  <method>logMessage</method>
  <thread>1</thread>
  <message>Unable to find the element located by &amp;apos;By.xpath: id(\&amp;quot;ng-app\&amp;quot;)/app-root[1]/app-page-outlet[1]/app-page-managemoduls[1]/div[@class=\&amp;quot;app-page container left-panel-collapsed-container slide-in-left-panel-container left-panel-container-md-10 left-panel-container-sm-10 left-panel-container-xs-2\&amp;quot;]/main[@class=\&amp;quot;app-content clearfix\&amp;quot;]/div[@class=\&amp;quot;row app-content-row clearfix\&amp;quot;]/div[@class=\&amp;quot;app-page-content app-content-column adminPageContent col-md-10 col-sm-10\&amp;quot;]/div[@class=\&amp;quot;app-grid-layout clearfix\&amp;quot;]/div[@class=\&amp;quot;app-grid-row clearfix\&amp;quot;]/div[@class=\&amp;quot;app-grid-column col-sm-12\&amp;quot;]/div[@class=\&amp;quot;app-container\&amp;quot;]/app-partial-contentmanagemodule[1]/section[@class=\&amp;quot;app-partial clearfix\&amp;quot;]/div[@class=\&amp;quot;app-livelist app-panel media-list Classic\&amp;quot;]/ul[@class=\&amp;quot;app-livelist-container clearfix media-list\&amp;quot;]/li[@class=\&amp;quot;app-list-item col-xs-12 col-sm-12 col-md-12 col-lg-12 list-group-item\&amp;quot;]/div[@class=\&amp;quot;app-container media-body\&amp;quot;]/div[@class=\&amp;quot;app-grid-row clearfix gridTableContent\&amp;quot;]/div[@class=\&amp;quot;app-grid-column col-sm-2\&amp;quot;]/label[@class=\&amp;quot;app-label\&amp;quot;][count(. | //*[(text() = &amp;apos;security testing !@#$%^&amp;amp;*()__+_)&amp;apos; or . = &amp;apos;security testing !@#$%^&amp;amp;*()__+_)&amp;apos;)]) = count(//*[(text() = &amp;apos;security testing !@#$%^&amp;amp;*()__+_)&amp;apos; or . = &amp;apos;security testing !@#$%^&amp;amp;*()__+_)&amp;apos;)])]&amp;apos;. Please recheck the objects properties to make sure the desired element is located. </message>
  <nestedLevel>1</nestedLevel>
</record>
<record>
  <date>2020-05-19T15:03:29</date>
  <millis>1589875409941</millis>
  <sequence>231</sequence>
  <level>FAILED</level>
  <class>com.kms.katalon.core.logging.XmlKeywordLogger</class>
  <method>logMessage</method>
  <thread>1</thread>
  <message>com.kms.katalon.core.webui.exception.WebElementNotFoundException: Web element with id: &amp;apos;Object Repository/Rizka/Admin - Manage Modules/label_NEOP Teller Cash  PDC dan FAB&amp;apos; located by &amp;apos;By.xpath: id(\&amp;quot;ng-app\&amp;quot;)/app-root[1]/app-page-outlet[1]/app-page-managemoduls[1]/div[@class=\&amp;quot;app-page container left-panel-collapsed-container slide-in-left-panel-container left-panel-container-md-10 left-panel-container-sm-10 left-panel-container-xs-2\&amp;quot;]/main[@class=\&amp;quot;app-content clearfix\&amp;quot;]/div[@class=\&amp;quot;row app-content-row clearfix\&amp;quot;]/div[@class=\&amp;quot;app-page-content app-content-column adminPageContent col-md-10 col-sm-10\&amp;quot;]/div[@class=\&amp;quot;app-grid-layout clearfix\&amp;quot;]/div[@class=\&amp;quot;app-grid-row clearfix\&amp;quot;]/div[@class=\&amp;quot;app-grid-column col-sm-12\&amp;quot;]/div[@class=\&amp;quot;app-container\&amp;quot;]/app-partial-contentmanagemodule[1]/section[@class=\&amp;quot;app-partial clearfix\&amp;quot;]/div[@class=\&amp;quot;app-livelist app-panel media-list Classic\&amp;quot;]/ul[@class=\&amp;quot;app-livelist-container clearfix media-list\&amp;quot;]/li[@class=\&amp;quot;app-list-item col-xs-12 col-sm-12 col-md-12 col-lg-12 list-group-item\&amp;quot;]/div[@class=\&amp;quot;app-container media-body\&amp;quot;]/div[@class=\&amp;quot;app-grid-row clearfix gridTableContent\&amp;quot;]/div[@class=\&amp;quot;app-grid-column col-sm-2\&amp;quot;]/label[@class=\&amp;quot;app-label\&amp;quot;][count(. | //*[(text() = &amp;apos;security testing !@#$%^&amp;amp;*()__+_)&amp;apos; or . = &amp;apos;security testing !@#$%^&amp;amp;*()__+_)&amp;apos;)]) = count(//*[(text() = &amp;apos;security testing !@#$%^&amp;amp;*()__+_)&amp;apos; or . = &amp;apos;security testing !@#$%^&amp;amp;*()__+_)&amp;apos;)])]&amp;apos; not found (Root cause: com.kms.katalon.core.exception.StepFailedException: com.kms.katalon.core.webui.exception.WebElementNotFoundException: Web element with id: &amp;apos;Object Repository/Rizka/Admin - Manage Modules/label_NEOP Teller Cash  PDC dan FAB&amp;apos; located by &amp;apos;By.xpath: id(\&amp;quot;ng-app\&amp;quot;)/app-root[1]/app-page-outlet[1]/app-page-managemoduls[1]/div[@class=\&amp;quot;app-page container left-panel-collapsed-container slide-in-left-panel-container left-panel-container-md-10 left-panel-container-sm-10 left-panel-container-xs-2\&amp;quot;]/main[@class=\&amp;quot;app-content clearfix\&amp;quot;]/div[@class=\&amp;quot;row app-content-row clearfix\&amp;quot;]/div[@class=\&amp;quot;app-page-content app-content-column adminPageContent col-md-10 col-sm-10\&amp;quot;]/div[@class=\&amp;quot;app-grid-layout clearfix\&amp;quot;]/div[@class=\&amp;quot;app-grid-row clearfix\&amp;quot;]/div[@class=\&amp;quot;app-grid-column col-sm-12\&amp;quot;]/div[@class=\&amp;quot;app-container\&amp;quot;]/app-partial-contentmanagemodule[1]/section[@class=\&amp;quot;app-partial clearfix\&amp;quot;]/div[@class=\&amp;quot;app-livelist app-panel media-list Classic\&amp;quot;]/ul[@class=\&amp;quot;app-livelist-container clearfix media-list\&amp;quot;]/li[@class=\&amp;quot;app-list-item col-xs-12 col-sm-12 col-md-12 col-lg-12 list-group-item\&amp;quot;]/div[@class=\&amp;quot;app-container media-body\&amp;quot;]/div[@class=\&amp;quot;app-grid-row clearfix gridTableContent\&amp;quot;]/div[@class=\&amp;quot;app-grid-column col-sm-2\&amp;quot;]/label[@class=\&amp;quot;app-label\&amp;quot;][count(. | //*[(text() = &amp;apos;security testing !@#$%^&amp;amp;*()__+_)&amp;apos; or . = &amp;apos;security testing !@#$%^&amp;amp;*()__+_)&amp;apos;)]) = count(//*[(text() = &amp;apos;security testing !@#$%^&amp;amp;*()__+_)&amp;apos; or . = &amp;apos;security testing !@#$%^&amp;amp;*()__+_)&amp;apos;)])]&amp;apos; not found\r\n\tat com.kms.katalon.core.webui.keyword.internal.WebUIKeywordMain.stepFailed(WebUIKeywordMain.groovy:64)\r\n\tat com.kms.katalon.core.webui.keyword.builtin.VerifyElementPresentKeyword$_verifyElementPresent_closure1.doCall(VerifyElementPresentKeyword.groovy:85)\r\n\tat com.kms.katalon.core.webui.keyword.builtin.VerifyElementPresentKeyword$_verifyElementPresent_closure1.call(VerifyElementPresentKeyword.groovy)\r\n\tat com.kms.katalon.core.webui.keyword.internal.WebUIKeywordMain.runKeyword(WebUIKeywordMain.groovy:20)\r\n\tat com.kms.katalon.core.webui.keyword.builtin.VerifyElementPresentKeyword.verifyElementPresent(VerifyElementPresentKeyword.groovy:92)\r\n\tat com.kms.katalon.core.webui.keyword.builtin.VerifyElementPresentKeyword.execute(VerifyElementPresentKeyword.groovy:68)\r\n\tat com.kms.katalon.core.keyword.internal.KeywordExecutor.executeKeywordForPlatform(KeywordExecutor.groovy:72)\r\n\tat com.kms.katalon.core.webui.keyword.WebUiBuiltInKeywords.verifyElementPresent(WebUiBuiltInKeywords.groovy:1434)\r\n\tat com.kms.katalon.core.webui.keyword.WebUiBuiltInKeywords$verifyElementPresent$3.call(Unknown Source)\r\n\tat Admin - Manage Modules.run(Admin - Manage Modules:49)\r\n\tat com.kms.katalon.core.main.ScriptEngine.run(ScriptEngine.java:194)\r\n\tat com.kms.katalon.core.main.ScriptEngine.runScriptAsRawText(ScriptEngine.java:119)\r\n\tat com.kms.katalon.core.main.TestCaseExecutor.runScript(TestCaseExecutor.java:337)\r\n\tat com.kms.katalon.core.main.TestCaseExecutor.doExecute(TestCaseExecutor.java:328)\r\n\tat com.kms.katalon.core.main.TestCaseExecutor.processExecutionPhase(TestCaseExecutor.java:307)\r\n\tat com.kms.katalon.core.main.TestCaseExecutor.accessMainPhase(TestCaseExecutor.java:299)\r\n\tat com.kms.katalon.core.main.TestCaseExecutor.execute(TestCaseExecutor.java:233)\r\n\tat com.kms.katalon.core.main.TestSuiteExecutor.accessTestCaseMainPhase(TestSuiteExecutor.java:169)\r\n\tat com.kms.katalon.core.main.TestSuiteExecutor.accessTestSuiteMainPhase(TestSuiteExecutor.java:142)\r\n\tat com.kms.katalon.core.main.TestSuiteExecutor.execute(TestSuiteExecutor.java:91)\r\n\tat com.kms.katalon.core.main.TestCaseMain.startTestSuite(TestCaseMain.java:157)\r\n\tat com.kms.katalon.core.main.TestCaseMain$startTestSuite$0.call(Unknown Source)\r\n\tat TempTestSuite1589875223412.run(TempTestSuite1589875223412.groovy:36)\r\n)</message>
  <nestedLevel>1</nestedLevel>
  <property name="failed.exception.class">com.kms.katalon.core.exception.StepFailedException</property>
  <property name="attachment">1589875409530.png</property>
  <property name="failed.exception.stacktrace">com.kms.katalon.core.exception.StepFailedException: com.kms.katalon.core.webui.exception.WebElementNotFoundException: Web element with id: &apos;Object Repository/Rizka/Admin - Manage Modules/label_NEOP Teller Cash  PDC dan FAB&apos; located by &apos;By.xpath: id(\&quot;ng-app\&quot;)/app-root[1]/app-page-outlet[1]/app-page-managemoduls[1]/div[@class=\&quot;app-page container left-panel-collapsed-container slide-in-left-panel-container left-panel-container-md-10 left-panel-container-sm-10 left-panel-container-xs-2\&quot;]/main[@class=\&quot;app-content clearfix\&quot;]/div[@class=\&quot;row app-content-row clearfix\&quot;]/div[@class=\&quot;app-page-content app-content-column adminPageContent col-md-10 col-sm-10\&quot;]/div[@class=\&quot;app-grid-layout clearfix\&quot;]/div[@class=\&quot;app-grid-row clearfix\&quot;]/div[@class=\&quot;app-grid-column col-sm-12\&quot;]/div[@class=\&quot;app-container\&quot;]/app-partial-contentmanagemodule[1]/section[@class=\&quot;app-partial clearfix\&quot;]/div[@class=\&quot;app-livelist app-panel media-list Classic\&quot;]/ul[@class=\&quot;app-livelist-container clearfix media-list\&quot;]/li[@class=\&quot;app-list-item col-xs-12 col-sm-12 col-md-12 col-lg-12 list-group-item\&quot;]/div[@class=\&quot;app-container media-body\&quot;]/div[@class=\&quot;app-grid-row clearfix gridTableContent\&quot;]/div[@class=\&quot;app-grid-column col-sm-2\&quot;]/label[@class=\&quot;app-label\&quot;][count(. | //*[(text() = &apos;security testing !@#$%^&amp;*()__+_)&apos; or . = &apos;security testing !@#$%^&amp;*()__+_)&apos;)]) = count(//*[(text() = &apos;security testing !@#$%^&amp;*()__+_)&apos; or . = &apos;security testing !@#$%^&amp;*()__+_)&apos;)])]&apos; not found\r\n\tat com.kms.katalon.core.webui.keyword.internal.WebUIKeywordMain.stepFailed(WebUIKeywordMain.groovy:64)\r\n\tat com.kms.katalon.core.webui.keyword.builtin.VerifyElementPresentKeyword$_verifyElementPresent_closure1.doCall(VerifyElementPresentKeyword.groovy:85)\r\n\tat com.kms.katalon.core.webui.keyword.builtin.VerifyElementPresentKeyword$_verifyElementPresent_closure1.call(VerifyElementPresentKeyword.groovy)\r\n\tat com.kms.katalon.core.webui.keyword.internal.WebUIKeywordMain.runKeyword(WebUIKeywordMain.groovy:20)\r\n\tat com.kms.katalon.core.webui.keyword.builtin.VerifyElementPresentKeyword.verifyElementPresent(VerifyElementPresentKeyword.groovy:92)\r\n\tat com.kms.katalon.core.webui.keyword.builtin.VerifyElementPresentKeyword.execute(VerifyElementPresentKeyword.groovy:68)\r\n\tat com.kms.katalon.core.keyword.internal.KeywordExecutor.executeKeywordForPlatform(KeywordExecutor.groovy:72)\r\n\tat com.kms.katalon.core.webui.keyword.WebUiBuiltInKeywords.verifyElementPresent(WebUiBuiltInKeywords.groovy:1434)\r\n\tat com.kms.katalon.core.webui.keyword.WebUiBuiltInKeywords$verifyElementPresent$3.call(Unknown Source)\r\n\tat Admin - Manage Modules.run(Admin - Manage Modules:49)\r\n\tat com.kms.katalon.core.main.ScriptEngine.run(ScriptEngine.java:194)\r\n\tat com.kms.katalon.core.main.ScriptEngine.runScriptAsRawText(ScriptEngine.java:119)\r\n\tat com.kms.katalon.core.main.TestCaseExecutor.runScript(TestCaseExecutor.java:337)\r\n\tat com.kms.katalon.core.main.TestCaseExecutor.doExecute(TestCaseExecutor.java:328)\r\n\tat com.kms.katalon.core.main.TestCaseExecutor.processExecutionPhase(TestCaseExecutor.java:307)\r\n\tat com.kms.katalon.core.main.TestCaseExecutor.accessMainPhase(TestCaseExecutor.java:299)\r\n\tat com.kms.katalon.core.main.TestCaseExecutor.execute(TestCaseExecutor.java:233)\r\n\tat com.kms.katalon.core.main.TestSuiteExecutor.accessTestCaseMainPhase(TestSuiteExecutor.java:169)\r\n\tat com.kms.katalon.core.main.TestSuiteExecutor.accessTestSuiteMainPhase(TestSuiteExecutor.java:142)\r\n\tat com.kms.katalon.core.main.TestSuiteExecutor.execute(TestSuiteExecutor.java:91)\r\n\tat com.kms.katalon.core.main.TestCaseMain.startTestSuite(TestCaseMain.java:157)\r\n\tat com.kms.katalon.core.main.TestCaseMain$startTestSuite$0.call(Unknown Source)\r\n\tat TempTestSuite1589875223412.run(TempTestSuite1589875223412.groovy:36)\r\n</property>
  <property name="failed.exception.message">com.kms.katalon.core.webui.exception.WebElementNotFoundException: Web element with id: &apos;Object Repository/Rizka/Admin - Manage Modules/label_NEOP Teller Cash  PDC dan FAB&apos; located by &apos;By.xpath: id(\&quot;ng-app\&quot;)/app-root[1]/app-page-outlet[1]/app-page-managemoduls[1]/div[@class=\&quot;app-page container left-panel-collapsed-container slide-in-left-panel-container left-panel-container-md-10 left-panel-container-sm-10 left-panel-container-xs-2\&quot;]/main[@class=\&quot;app-content clearfix\&quot;]/div[@class=\&quot;row app-content-row clearfix\&quot;]/div[@class=\&quot;app-page-content app-content-column adminPageContent col-md-10 col-sm-10\&quot;]/div[@class=\&quot;app-grid-layout clearfix\&quot;]/div[@class=\&quot;app-grid-row clearfix\&quot;]/div[@class=\&quot;app-grid-column col-sm-12\&quot;]/div[@class=\&quot;app-container\&quot;]/app-partial-contentmanagemodule[1]/section[@class=\&quot;app-partial clearfix\&quot;]/div[@class=\&quot;app-livelist app-panel media-list Classic\&quot;]/ul[@class=\&quot;app-livelist-container clearfix media-list\&quot;]/li[@class=\&quot;app-list-item col-xs-12 col-sm-12 col-md-12 col-lg-12 list-group-item\&quot;]/div[@class=\&quot;app-container media-body\&quot;]/div[@class=\&quot;app-grid-row clearfix gridTableContent\&quot;]/div[@class=\&quot;app-grid-column col-sm-2\&quot;]/label[@class=\&quot;app-label\&quot;][count(. | //*[(text() = &apos;security testing !@#$%^&amp;*()__+_)&apos; or . = &apos;security testing !@#$%^&amp;*()__+_)&apos;)]) = count(//*[(text() = &apos;security testing !@#$%^&amp;*()__+_)&apos; or . = &apos;security testing !@#$%^&amp;*()__+_)&apos;)])]&apos; not found</property>
</record>
<record>
  <date>2020-05-19T15:03:30</date>
  <millis>1589875410299</millis>
  <sequence>235</sequence>
  <level>FAILED</level>
  <class>com.kms.katalon.core.logging.XmlKeywordLogger</class>
  <method>logMessage</method>
  <thread>1</thread>
  <message>Unable to verify object &amp;apos;Object Repository/Rizka/Admin - Manage Modules/label_NEOP Teller Cash  PDC dan FAB&amp;apos; is present (Root cause: com.kms.katalon.core.exception.StepFailedException: Unable to verify object &amp;apos;Object Repository/Rizka/Admin - Manage Modules/label_NEOP Teller Cash  PDC dan FAB&amp;apos; is present\r\n\tat com.kms.katalon.core.webui.keyword.internal.WebUIKeywordMain.stepFailed(WebUIKeywordMain.groovy:64)\r\n\tat com.kms.katalon.core.webui.keyword.internal.WebUIKeywordMain.runKeyword(WebUIKeywordMain.groovy:26)\r\n\tat com.kms.katalon.core.webui.keyword.builtin.VerifyElementPresentKeyword.verifyElementPresent(VerifyElementPresentKeyword.groovy:92)\r\n\tat com.kms.katalon.core.webui.keyword.builtin.VerifyElementPresentKeyword.execute(VerifyElementPresentKeyword.groovy:68)\r\n\tat com.kms.katalon.core.keyword.internal.KeywordExecutor.executeKeywordForPlatform(KeywordExecutor.groovy:72)\r\n\tat com.kms.katalon.core.webui.keyword.WebUiBuiltInKeywords.verifyElementPresent(WebUiBuiltInKeywords.groovy:1434)\r\n\tat com.kms.katalon.core.webui.keyword.WebUiBuiltInKeywords$verifyElementPresent$3.call(Unknown Source)\r\n\tat Admin - Manage Modules.run(Admin - Manage Modules:49)\r\n\tat com.kms.katalon.core.main.ScriptEngine.run(ScriptEngine.java:194)\r\n\tat com.kms.katalon.core.main.ScriptEngine.runScriptAsRawText(ScriptEngine.java:119)\r\n\tat com.kms.katalon.core.main.TestCaseExecutor.runScript(TestCaseExecutor.java:337)\r\n\tat com.kms.katalon.core.main.TestCaseExecutor.doExecute(TestCaseExecutor.java:328)\r\n\tat com.kms.katalon.core.main.TestCaseExecutor.processExecutionPhase(TestCaseExecutor.java:307)\r\n\tat com.kms.katalon.core.main.TestCaseExecutor.accessMainPhase(TestCaseExecutor.java:299)\r\n\tat com.kms.katalon.core.main.TestCaseExecutor.execute(TestCaseExecutor.java:233)\r\n\tat com.kms.katalon.core.main.TestSuiteExecutor.accessTestCaseMainPhase(TestSuiteExecutor.java:169)\r\n\tat com.kms.katalon.core.main.TestSuiteExecutor.accessTestSuiteMainPhase(TestSuiteExecutor.java:142)\r\n\tat com.kms.katalon.core.main.TestSuiteExecutor.execute(TestSuiteExecutor.java:91)\r\n\tat com.kms.katalon.core.main.TestCaseMain.startTestSuite(TestCaseMain.java:157)\r\n\tat com.kms.katalon.core.main.TestCaseMain$startTestSuite$0.call(Unknown Source)\r\n\tat TempTestSuite1589875223412.run(TempTestSuite1589875223412.groovy:36)\r\nCaused by: com.kms.katalon.core.exception.StepFailedException: com.kms.katalon.core.webui.exception.WebElementNotFoundException: Web element with id: &amp;apos;Object Repository/Rizka/Admin - Manage Modules/label_NEOP Teller Cash  PDC dan FAB&amp;apos; located by &amp;apos;By.xpath: id(\&amp;quot;ng-app\&amp;quot;)/app-root[1]/app-page-outlet[1]/app-page-managemoduls[1]/div[@class=\&amp;quot;app-page container left-panel-collapsed-container slide-in-left-panel-container left-panel-container-md-10 left-panel-container-sm-10 left-panel-container-xs-2\&amp;quot;]/main[@class=\&amp;quot;app-content clearfix\&amp;quot;]/div[@class=\&amp;quot;row app-content-row clearfix\&amp;quot;]/div[@class=\&amp;quot;app-page-content app-content-column adminPageContent col-md-10 col-sm-10\&amp;quot;]/div[@class=\&amp;quot;app-grid-layout clearfix\&amp;quot;]/div[@class=\&amp;quot;app-grid-row clearfix\&amp;quot;]/div[@class=\&amp;quot;app-grid-column col-sm-12\&amp;quot;]/div[@class=\&amp;quot;app-container\&amp;quot;]/app-partial-contentmanagemodule[1]/section[@class=\&amp;quot;app-partial clearfix\&amp;quot;]/div[@class=\&amp;quot;app-livelist app-panel media-list Classic\&amp;quot;]/ul[@class=\&amp;quot;app-livelist-container clearfix media-list\&amp;quot;]/li[@class=\&amp;quot;app-list-item col-xs-12 col-sm-12 col-md-12 col-lg-12 list-group-item\&amp;quot;]/div[@class=\&amp;quot;app-container media-body\&amp;quot;]/div[@class=\&amp;quot;app-grid-row clearfix gridTableContent\&amp;quot;]/div[@class=\&amp;quot;app-grid-column col-sm-2\&amp;quot;]/label[@class=\&amp;quot;app-label\&amp;quot;][count(. | //*[(text() = &amp;apos;security testing !@#$%^&amp;amp;*()__+_)&amp;apos; or . = &amp;apos;security testing !@#$%^&amp;amp;*()__+_)&amp;apos;)]) = count(//*[(text() = &amp;apos;security testing !@#$%^&amp;amp;*()__+_)&amp;apos; or . = &amp;apos;security testing !@#$%^&amp;amp;*()__+_)&amp;apos;)])]&amp;apos; not found\r\n\tat com.kms.katalon.core.webui.keyword.internal.WebUIKeywordMain.stepFailed(WebUIKeywordMain.groovy:64)\r\n\tat com.kms.katalon.core.webui.keyword.builtin.VerifyElementPresentKeyword$_verifyElementPresent_closure1.doCall(VerifyElementPresentKeyword.groovy:85)\r\n\tat com.kms.katalon.core.webui.keyword.builtin.VerifyElementPresentKeyword$_verifyElementPresent_closure1.call(VerifyElementPresentKeyword.groovy)\r\n\tat com.kms.katalon.core.webui.keyword.internal.WebUIKeywordMain.runKeyword(WebUIKeywordMain.groovy:20)\r\n\t... 19 more\r\n)</message>
  <nestedLevel>1</nestedLevel>
  <property name="failed.exception.class">com.kms.katalon.core.exception.StepFailedException</property>
  <property name="attachment">1589875409965.png</property>
  <property name="failed.exception.stacktrace">com.kms.katalon.core.exception.StepFailedException: com.kms.katalon.core.webui.exception.WebElementNotFoundException: Web element with id: &apos;Object Repository/Rizka/Admin - Manage Modules/label_NEOP Teller Cash  PDC dan FAB&apos; located by &apos;By.xpath: id(\&quot;ng-app\&quot;)/app-root[1]/app-page-outlet[1]/app-page-managemoduls[1]/div[@class=\&quot;app-page container left-panel-collapsed-container slide-in-left-panel-container left-panel-container-md-10 left-panel-container-sm-10 left-panel-container-xs-2\&quot;]/main[@class=\&quot;app-content clearfix\&quot;]/div[@class=\&quot;row app-content-row clearfix\&quot;]/div[@class=\&quot;app-page-content app-content-column adminPageContent col-md-10 col-sm-10\&quot;]/div[@class=\&quot;app-grid-layout clearfix\&quot;]/div[@class=\&quot;app-grid-row clearfix\&quot;]/div[@class=\&quot;app-grid-column col-sm-12\&quot;]/div[@class=\&quot;app-container\&quot;]/app-partial-contentmanagemodule[1]/section[@class=\&quot;app-partial clearfix\&quot;]/div[@class=\&quot;app-livelist app-panel media-list Classic\&quot;]/ul[@class=\&quot;app-livelist-container clearfix media-list\&quot;]/li[@class=\&quot;app-list-item col-xs-12 col-sm-12 col-md-12 col-lg-12 list-group-item\&quot;]/div[@class=\&quot;app-container media-body\&quot;]/div[@class=\&quot;app-grid-row clearfix gridTableContent\&quot;]/div[@class=\&quot;app-grid-column col-sm-2\&quot;]/label[@class=\&quot;app-label\&quot;][count(. | //*[(text() = &apos;security testing !@#$%^&amp;*()__+_)&apos; or . = &apos;security testing !@#$%^&amp;*()__+_)&apos;)]) = count(//*[(text() = &apos;security testing !@#$%^&amp;*()__+_)&apos; or . = &apos;security testing !@#$%^&amp;*()__+_)&apos;)])]&apos; not found\r\n\tat com.kms.katalon.core.webui.keyword.internal.WebUIKeywordMain.stepFailed(WebUIKeywordMain.groovy:64)\r\n\tat com.kms.katalon.core.webui.keyword.builtin.VerifyElementPresentKeyword$_verifyElementPresent_closure1.doCall(VerifyElementPresentKeyword.groovy:85)\r\n\tat com.kms.katalon.core.webui.keyword.builtin.VerifyElementPresentKeyword$_verifyElementPresent_closure1.call(VerifyElementPresentKeyword.groovy)\r\n\tat com.kms.katalon.core.webui.keyword.internal.WebUIKeywordMain.runKeyword(WebUIKeywordMain.groovy:20)\r\n\tat com.kms.katalon.core.webui.keyword.builtin.VerifyElementPresentKeyword.verifyElementPresent(VerifyElementPresentKeyword.groovy:92)\r\n\tat com.kms.katalon.core.webui.keyword.builtin.VerifyElementPresentKeyword.execute(VerifyElementPresentKeyword.groovy:68)\r\n\tat com.kms.katalon.core.keyword.internal.KeywordExecutor.executeKeywordForPlatform(KeywordExecutor.groovy:72)\r\n\tat com.kms.katalon.core.webui.keyword.WebUiBuiltInKeywords.verifyElementPresent(WebUiBuiltInKeywords.groovy:1434)\r\n\tat com.kms.katalon.core.webui.keyword.WebUiBuiltInKeywords$verifyElementPresent$3.call(Unknown Source)\r\n\tat Admin - Manage Modules.run(Admin - Manage Modules:49)\r\n\tat com.kms.katalon.core.main.ScriptEngine.run(ScriptEngine.java:194)\r\n\tat com.kms.katalon.core.main.ScriptEngine.runScriptAsRawText(ScriptEngine.java:119)\r\n\tat com.kms.katalon.core.main.TestCaseExecutor.runScript(TestCaseExecutor.java:337)\r\n\tat com.kms.katalon.core.main.TestCaseExecutor.doExecute(TestCaseExecutor.java:328)\r\n\tat com.kms.katalon.core.main.TestCaseExecutor.processExecutionPhase(TestCaseExecutor.java:307)\r\n\tat com.kms.katalon.core.main.TestCaseExecutor.accessMainPhase(TestCaseExecutor.java:299)\r\n\tat com.kms.katalon.core.main.TestCaseExecutor.execute(TestCaseExecutor.java:233)\r\n\tat com.kms.katalon.core.main.TestSuiteExecutor.accessTestCaseMainPhase(TestSuiteExecutor.java:169)\r\n\tat com.kms.katalon.core.main.TestSuiteExecutor.accessTestSuiteMainPhase(TestSuiteExecutor.java:142)\r\n\tat com.kms.katalon.core.main.TestSuiteExecutor.execute(TestSuiteExecutor.java:91)\r\n\tat com.kms.katalon.core.main.TestCaseMain.startTestSuite(TestCaseMain.java:157)\r\n\tat com.kms.katalon.core.main.TestCaseMain$startTestSuite$0.call(Unknown Source)\r\n\tat TempTestSuite1589875223412.run(TempTestSuite1589875223412.groovy:36)\r\n</property>
  <property name="failed.exception.message">com.kms.katalon.core.webui.exception.WebElementNotFoundException: Web element with id: &apos;Object Repository/Rizka/Admin - Manage Modules/label_NEOP Teller Cash  PDC dan FAB&apos; located by &apos;By.xpath: id(\&quot;ng-app\&quot;)/app-root[1]/app-page-outlet[1]/app-page-managemoduls[1]/div[@class=\&quot;app-page container left-panel-collapsed-container slide-in-left-panel-container left-panel-container-md-10 left-panel-container-sm-10 left-panel-container-xs-2\&quot;]/main[@class=\&quot;app-content clearfix\&quot;]/div[@class=\&quot;row app-content-row clearfix\&quot;]/div[@class=\&quot;app-page-content app-content-column adminPageContent col-md-10 col-sm-10\&quot;]/div[@class=\&quot;app-grid-layout clearfix\&quot;]/div[@class=\&quot;app-grid-row clearfix\&quot;]/div[@class=\&quot;app-grid-column col-sm-12\&quot;]/div[@class=\&quot;app-container\&quot;]/app-partial-contentmanagemodule[1]/section[@class=\&quot;app-partial clearfix\&quot;]/div[@class=\&quot;app-livelist app-panel media-list Classic\&quot;]/ul[@class=\&quot;app-livelist-container clearfix media-list\&quot;]/li[@class=\&quot;app-list-item col-xs-12 col-sm-12 col-md-12 col-lg-12 list-group-item\&quot;]/div[@class=\&quot;app-container media-body\&quot;]/div[@class=\&quot;app-grid-row clearfix gridTableContent\&quot;]/div[@class=\&quot;app-grid-column col-sm-2\&quot;]/label[@class=\&quot;app-label\&quot;][count(. | //*[(text() = &apos;security testing !@#$%^&amp;*()__+_)&apos; or . = &apos;security testing !@#$%^&amp;*()__+_)&apos;)]) = count(//*[(text() = &apos;security testing !@#$%^&amp;*()__+_)&apos; or . = &apos;security testing !@#$%^&amp;*()__+_)&apos;)])]&apos; not found</property>
</record>
<record>
  <date>2020-05-19T15:03:30</date>
  <millis>1589875410305</millis>
  <sequence>236</sequence>
  <level>END</level>
  <class>com.kms.katalon.core.logging.XmlKeywordLogger</class>
  <method>endKeyword</method>
  <thread>1</thread>
  <message>End action : verifyElementPresent(findTestObject(\&amp;quot;Rizka/Admin - Manage Modules/label_NEOP Teller Cash  PDC dan FAB\&amp;quot;, [\&amp;quot;text\&amp;quot;:namaModul]), 0)</message>
  <nestedLevel>2</nestedLevel>
</record>
<record>
  <date>2020-05-19T15:03:30</date>
  <millis>1589875410306</millis>
  <sequence>237</sequence>
  <level>END</level>
  <class>com.kms.katalon.core.logging.XmlKeywordLogger</class>
  <method>endKeyword</method>
  <thread>1</thread>
  <message>End action : if (condition == \&amp;quot;passed\&amp;quot;)</message>
  <nestedLevel>1</nestedLevel>
</record>
<record>
  <date>2020-05-19T15:03:30</date>
  <millis>1589875410321</millis>
  <sequence>240</sequence>
  <level>FAILED</level>
  <class>com.kms.katalon.core.logging.XmlKeywordLogger</class>
  <method>logMessage</method>
  <thread>1</thread>
  <message>Test Cases/Rizka/Admin - Manage Modules FAILED.\nReason:\ncom.kms.katalon.core.exception.StepFailedException: Unable to verify object &amp;apos;Object Repository/Rizka/Admin - Manage Modules/label_NEOP Teller Cash  PDC dan FAB&amp;apos; is present\r\n\tat com.kms.katalon.core.webui.keyword.internal.WebUIKeywordMain.stepFailed(WebUIKeywordMain.groovy:64)\r\n\tat com.kms.katalon.core.webui.keyword.internal.WebUIKeywordMain.runKeyword(WebUIKeywordMain.groovy:26)\r\n\tat com.kms.katalon.core.webui.keyword.builtin.VerifyElementPresentKeyword.verifyElementPresent(VerifyElementPresentKeyword.groovy:92)\r\n\tat com.kms.katalon.core.webui.keyword.builtin.VerifyElementPresentKeyword.execute(VerifyElementPresentKeyword.groovy:68)\r\n\tat com.kms.katalon.core.keyword.internal.KeywordExecutor.executeKeywordForPlatform(KeywordExecutor.groovy:72)\r\n\tat com.kms.katalon.core.webui.keyword.WebUiBuiltInKeywords.verifyElementPresent(WebUiBuiltInKeywords.groovy:1434)\r\n\tat com.kms.katalon.core.webui.keyword.WebUiBuiltInKeywords$verifyElementPresent$3.call(Unknown Source)\r\n\tat Admin - Manage Modules.run(Admin - Manage Modules:49)\r\n\tat com.kms.katalon.core.main.ScriptEngine.run(ScriptEngine.java:194)\r\n\tat com.kms.katalon.core.main.ScriptEngine.runScriptAsRawText(ScriptEngine.java:119)\r\n\tat com.kms.katalon.core.main.TestCaseExecutor.runScript(TestCaseExecutor.java:337)\r\n\tat com.kms.katalon.core.main.TestCaseExecutor.doExecute(TestCaseExecutor.java:328)\r\n\tat com.kms.katalon.core.main.TestCaseExecutor.processExecutionPhase(TestCaseExecutor.java:307)\r\n\tat com.kms.katalon.core.main.TestCaseExecutor.accessMainPhase(TestCaseExecutor.java:299)\r\n\tat com.kms.katalon.core.main.TestCaseExecutor.execute(TestCaseExecutor.java:233)\r\n\tat com.kms.katalon.core.main.TestSuiteExecutor.accessTestCaseMainPhase(TestSuiteExecutor.java:169)\r\n\tat com.kms.katalon.core.main.TestSuiteExecutor.accessTestSuiteMainPhase(TestSuiteExecutor.java:142)\r\n\tat com.kms.katalon.core.main.TestSuiteExecutor.execute(TestSuiteExecutor.java:91)\r\n\tat com.kms.katalon.core.main.TestCaseMain.startTestSuite(TestCaseMain.java:157)\r\n\tat com.kms.katalon.core.main.TestCaseMain$startTestSuite$0.call(Unknown Source)\r\n\tat TempTestSuite1589875223412.run(TempTestSuite1589875223412.groovy:36)\r\nCaused by: com.kms.katalon.core.exception.StepFailedException: com.kms.katalon.core.webui.exception.WebElementNotFoundException: Web element with id: &amp;apos;Object Repository/Rizka/Admin - Manage Modules/label_NEOP Teller Cash  PDC dan FAB&amp;apos; located by &amp;apos;By.xpath: id(\&amp;quot;ng-app\&amp;quot;)/app-root[1]/app-page-outlet[1]/app-page-managemoduls[1]/div[@class=\&amp;quot;app-page container left-panel-collapsed-container slide-in-left-panel-container left-panel-container-md-10 left-panel-container-sm-10 left-panel-container-xs-2\&amp;quot;]/main[@class=\&amp;quot;app-content clearfix\&amp;quot;]/div[@class=\&amp;quot;row app-content-row clearfix\&amp;quot;]/div[@class=\&amp;quot;app-page-content app-content-column adminPageContent col-md-10 col-sm-10\&amp;quot;]/div[@class=\&amp;quot;app-grid-layout clearfix\&amp;quot;]/div[@class=\&amp;quot;app-grid-row clearfix\&amp;quot;]/div[@class=\&amp;quot;app-grid-column col-sm-12\&amp;quot;]/div[@class=\&amp;quot;app-container\&amp;quot;]/app-partial-contentmanagemodule[1]/section[@class=\&amp;quot;app-partial clearfix\&amp;quot;]/div[@class=\&amp;quot;app-livelist app-panel media-list Classic\&amp;quot;]/ul[@class=\&amp;quot;app-livelist-container clearfix media-list\&amp;quot;]/li[@class=\&amp;quot;app-list-item col-xs-12 col-sm-12 col-md-12 col-lg-12 list-group-item\&amp;quot;]/div[@class=\&amp;quot;app-container media-body\&amp;quot;]/div[@class=\&amp;quot;app-grid-row clearfix gridTableContent\&amp;quot;]/div[@class=\&amp;quot;app-grid-column col-sm-2\&amp;quot;]/label[@class=\&amp;quot;app-label\&amp;quot;][count(. | //*[(text() = &amp;apos;security testing !@#$%^&amp;amp;*()__+_)&amp;apos; or . = &amp;apos;security testing !@#$%^&amp;amp;*()__+_)&amp;apos;)]) = count(//*[(text() = &amp;apos;security testing !@#$%^&amp;amp;*()__+_)&amp;apos; or . = &amp;apos;security testing !@#$%^&amp;amp;*()__+_)&amp;apos;)])]&amp;apos; not found\r\n\tat com.kms.katalon.core.webui.keyword.internal.WebUIKeywordMain.stepFailed(WebUIKeywordMain.groovy:64)\r\n\tat com.kms.katalon.core.webui.keyword.builtin.VerifyElementPresentKeyword$_verifyElementPresent_closure1.doCall(VerifyElementPresentKeyword.groovy:85)\r\n\tat com.kms.katalon.core.webui.keyword.builtin.VerifyElementPresentKeyword$_verifyElementPresent_closure1.call(VerifyElementPresentKeyword.groovy)\r\n\tat com.kms.katalon.core.webui.keyword.internal.WebUIKeywordMain.runKeyword(WebUIKeywordMain.groovy:20)\r\n\t... 19 more\r\n</message>
  <exception>
    <message>com.kms.katalon.core.exception.StepFailedException: Unable to verify object 'Object Repository/Rizka/Admin - Manage Modules/label_NEOP Teller Cash  PDC dan FAB' is present</message>
    <frame>
      <class>com.kms.katalon.core.webui.keyword.internal.WebUIKeywordMain</class>
      <method>stepFailed</method>
      <line>64</line>
    </frame>
    <frame>
      <class>com.kms.katalon.core.webui.keyword.internal.WebUIKeywordMain</class>
      <method>runKeyword</method>
      <line>26</line>
    </frame>
    <frame>
      <class>com.kms.katalon.core.webui.keyword.builtin.VerifyElementPresentKeyword</class>
      <method>verifyElementPresent</method>
      <line>92</line>
    </frame>
    <frame>
      <class>com.kms.katalon.core.webui.keyword.builtin.VerifyElementPresentKeyword</class>
      <method>execute</method>
      <line>68</line>
    </frame>
    <frame>
      <class>com.kms.katalon.core.keyword.internal.KeywordExecutor</class>
      <method>executeKeywordForPlatform</method>
      <line>72</line>
    </frame>
    <frame>
      <class>com.kms.katalon.core.webui.keyword.WebUiBuiltInKeywords</class>
      <method>verifyElementPresent</method>
      <line>1434</line>
    </frame>
    <frame>
      <class>com.kms.katalon.core.webui.keyword.WebUiBuiltInKeywords$verifyElementPresent$3</class>
      <method>call</method>
    </frame>
    <frame>
      <class>Admin - Manage Modules</class>
      <method>run</method>
      <line>49</line>
    </frame>
    <frame>
      <class>com.kms.katalon.core.main.ScriptEngine</class>
      <method>run</method>
      <line>194</line>
    </frame>
    <frame>
      <class>com.kms.katalon.core.main.ScriptEngine</class>
      <method>runScriptAsRawText</method>
      <line>119</line>
    </frame>
    <frame>
      <class>com.kms.katalon.core.main.TestCaseExecutor</class>
      <method>runScript</method>
      <line>337</line>
    </frame>
    <frame>
      <class>com.kms.katalon.core.main.TestCaseExecutor</class>
      <method>doExecute</method>
      <line>328</line>
    </frame>
    <frame>
      <class>com.kms.katalon.core.main.TestCaseExecutor</class>
      <method>processExecutionPhase</method>
      <line>307</line>
    </frame>
    <frame>
      <class>com.kms.katalon.core.main.TestCaseExecutor</class>
      <method>accessMainPhase</method>
      <line>299</line>
    </frame>
    <frame>
      <class>com.kms.katalon.core.main.TestCaseExecutor</class>
      <method>execute</method>
      <line>233</line>
    </frame>
    <frame>
      <class>com.kms.katalon.core.main.TestSuiteExecutor</class>
      <method>accessTestCaseMainPhase</method>
      <line>169</line>
    </frame>
    <frame>
      <class>com.kms.katalon.core.main.TestSuiteExecutor</class>
      <method>accessTestSuiteMainPhase</method>
      <line>142</line>
    </frame>
    <frame>
      <class>com.kms.katalon.core.main.TestSuiteExecutor</class>
      <method>execute</method>
      <line>91</line>
    </frame>
    <frame>
      <class>com.kms.katalon.core.main.TestCaseMain</class>
      <method>startTestSuite</method>
      <line>157</line>
    </frame>
    <frame>
      <class>com.kms.katalon.core.main.TestCaseMain$startTestSuite$0</class>
      <method>call</method>
    </frame>
    <frame>
      <class>TempTestSuite1589875223412</class>
      <method>run</method>
      <line>36</line>
    </frame>
  </exception>
  <nestedLevel>0</nestedLevel>
  <property name="failed.exception.stacktrace">com.kms.katalon.core.exception.StepFailedException: com.kms.katalon.core.webui.exception.WebElementNotFoundException: Web element with id: &apos;Object Repository/Rizka/Admin - Manage Modules/label_NEOP Teller Cash  PDC dan FAB&apos; located by &apos;By.xpath: id(\&quot;ng-app\&quot;)/app-root[1]/app-page-outlet[1]/app-page-managemoduls[1]/div[@class=\&quot;app-page container left-panel-collapsed-container slide-in-left-panel-container left-panel-container-md-10 left-panel-container-sm-10 left-panel-container-xs-2\&quot;]/main[@class=\&quot;app-content clearfix\&quot;]/div[@class=\&quot;row app-content-row clearfix\&quot;]/div[@class=\&quot;app-page-content app-content-column adminPageContent col-md-10 col-sm-10\&quot;]/div[@class=\&quot;app-grid-layout clearfix\&quot;]/div[@class=\&quot;app-grid-row clearfix\&quot;]/div[@class=\&quot;app-grid-column col-sm-12\&quot;]/div[@class=\&quot;app-container\&quot;]/app-partial-contentmanagemodule[1]/section[@class=\&quot;app-partial clearfix\&quot;]/div[@class=\&quot;app-livelist app-panel media-list Classic\&quot;]/ul[@class=\&quot;app-livelist-container clearfix media-list\&quot;]/li[@class=\&quot;app-list-item col-xs-12 col-sm-12 col-md-12 col-lg-12 list-group-item\&quot;]/div[@class=\&quot;app-container media-body\&quot;]/div[@class=\&quot;app-grid-row clearfix gridTableContent\&quot;]/div[@class=\&quot;app-grid-column col-sm-2\&quot;]/label[@class=\&quot;app-label\&quot;][count(. | //*[(text() = &apos;security testing !@#$%^&amp;*()__+_)&apos; or . = &apos;security testing !@#$%^&amp;*()__+_)&apos;)]) = count(//*[(text() = &apos;security testing !@#$%^&amp;*()__+_)&apos; or . = &apos;security testing !@#$%^&amp;*()__+_)&apos;)])]&apos; not found\r\n\tat com.kms.katalon.core.webui.keyword.internal.WebUIKeywordMain.stepFailed(WebUIKeywordMain.groovy:64)\r\n\tat com.kms.katalon.core.webui.keyword.builtin.VerifyElementPresentKeyword$_verifyElementPresent_closure1.doCall(VerifyElementPresentKeyword.groovy:85)\r\n\tat com.kms.katalon.core.webui.keyword.builtin.VerifyElementPresentKeyword$_verifyElementPresent_closure1.call(VerifyElementPresentKeyword.groovy)\r\n\tat com.kms.katalon.core.webui.keyword.internal.WebUIKeywordMain.runKeyword(WebUIKeywordMain.groovy:20)\r\n\tat com.kms.katalon.core.webui.keyword.builtin.VerifyElementPresentKeyword.verifyElementPresent(VerifyElementPresentKeyword.groovy:92)\r\n\tat com.kms.katalon.core.webui.keyword.builtin.VerifyElementPresentKeyword.execute(VerifyElementPresentKeyword.groovy:68)\r\n\tat com.kms.katalon.core.keyword.internal.KeywordExecutor.executeKeywordForPlatform(KeywordExecutor.groovy:72)\r\n\tat com.kms.katalon.core.webui.keyword.WebUiBuiltInKeywords.verifyElementPresent(WebUiBuiltInKeywords.groovy:1434)\r\n\tat com.kms.katalon.core.webui.keyword.WebUiBuiltInKeywords$verifyElementPresent$3.call(Unknown Source)\r\n\tat Admin - Manage Modules.run(Admin - Manage Modules:49)\r\n\tat com.kms.katalon.core.main.ScriptEngine.run(ScriptEngine.java:194)\r\n\tat com.kms.katalon.core.main.ScriptEngine.runScriptAsRawText(ScriptEngine.java:119)\r\n\tat com.kms.katalon.core.main.TestCaseExecutor.runScript(TestCaseExecutor.java:337)\r\n\tat com.kms.katalon.core.main.TestCaseExecutor.doExecute(TestCaseExecutor.java:328)\r\n\tat com.kms.katalon.core.main.TestCaseExecutor.processExecutionPhase(TestCaseExecutor.java:307)\r\n\tat com.kms.katalon.core.main.TestCaseExecutor.accessMainPhase(TestCaseExecutor.java:299)\r\n\tat com.kms.katalon.core.main.TestCaseExecutor.execute(TestCaseExecutor.java:233)\r\n\tat com.kms.katalon.core.main.TestSuiteExecutor.accessTestCaseMainPhase(TestSuiteExecutor.java:169)\r\n\tat com.kms.katalon.core.main.TestSuiteExecutor.accessTestSuiteMainPhase(TestSuiteExecutor.java:142)\r\n\tat com.kms.katalon.core.main.TestSuiteExecutor.execute(TestSuiteExecutor.java:91)\r\n\tat com.kms.katalon.core.main.TestCaseMain.startTestSuite(TestCaseMain.java:157)\r\n\tat com.kms.katalon.core.main.TestCaseMain$startTestSuite$0.call(Unknown Source)\r\n\tat TempTestSuite1589875223412.run(TempTestSuite1589875223412.groovy:36)\r\n</property>
  <property name="failed.exception.class">com.kms.katalon.core.exception.StepFailedException</property>
  <property name="failed.exception.message">com.kms.katalon.core.webui.exception.WebElementNotFoundException: Web element with id: &apos;Object Repository/Rizka/Admin - Manage Modules/label_NEOP Teller Cash  PDC dan FAB&apos; located by &apos;By.xpath: id(\&quot;ng-app\&quot;)/app-root[1]/app-page-outlet[1]/app-page-managemoduls[1]/div[@class=\&quot;app-page container left-panel-collapsed-container slide-in-left-panel-container left-panel-container-md-10 left-panel-container-sm-10 left-panel-container-xs-2\&quot;]/main[@class=\&quot;app-content clearfix\&quot;]/div[@class=\&quot;row app-content-row clearfix\&quot;]/div[@class=\&quot;app-page-content app-content-column adminPageContent col-md-10 col-sm-10\&quot;]/div[@class=\&quot;app-grid-layout clearfix\&quot;]/div[@class=\&quot;app-grid-row clearfix\&quot;]/div[@class=\&quot;app-grid-column col-sm-12\&quot;]/div[@class=\&quot;app-container\&quot;]/app-partial-contentmanagemodule[1]/section[@class=\&quot;app-partial clearfix\&quot;]/div[@class=\&quot;app-livelist app-panel media-list Classic\&quot;]/ul[@class=\&quot;app-livelist-container clearfix media-list\&quot;]/li[@class=\&quot;app-list-item col-xs-12 col-sm-12 col-md-12 col-lg-12 list-group-item\&quot;]/div[@class=\&quot;app-container media-body\&quot;]/div[@class=\&quot;app-grid-row clearfix gridTableContent\&quot;]/div[@class=\&quot;app-grid-column col-sm-2\&quot;]/label[@class=\&quot;app-label\&quot;][count(. | //*[(text() = &apos;security testing !@#$%^&amp;*()__+_)&apos; or . = &apos;security testing !@#$%^&amp;*()__+_)&apos;)]) = count(//*[(text() = &apos;security testing !@#$%^&amp;*()__+_)&apos; or . = &apos;security testing !@#$%^&amp;*()__+_)&apos;)])]&apos; not found</property>
</record>
<record>
  <date>2020-05-19T15:03:30</date>
  <millis>1589875410328</millis>
  <sequence>242</sequence>
  <level>END</level>
  <class>com.kms.katalon.core.logging.XmlKeywordLogger</class>
  <method>endTest</method>
  <thread>1</thread>
  <message>End Test Case : Test Cases/Rizka/Admin - Manage Modules</message>
  <nestedLevel>0</nestedLevel>
</record>
<record>
  <date>2020-05-19T15:03:30</date>
  <millis>1589875410334</millis>
  <sequence>243</sequence>
  <level>START</level>
  <class>com.kms.katalon.core.logging.XmlKeywordLogger</class>
  <method>startKeyword</method>
  <thread>1</thread>
  <message>Start listener action : exportKatalonReports</message>
  <nestedLevel>0</nestedLevel>
</record>
<record>
  <date>2020-05-19T15:03:30</date>
  <millis>1589875410788</millis>
  <sequence>387</sequence>
  <level>INFO</level>
  <class>com.kms.katalon.core.logging.XmlKeywordLogger</class>
  <method>logMessage</method>
  <thread>1</thread>
  <message>Start generating HTML report folder at: D:\\MY WORLD\\WORKS (TUGAS)\\LearningManagementWeb\\Reports\\20200519_150023\\Rizka\\Admin - Manage Modules\\20200519_150023...</message>
  <nestedLevel>0</nestedLevel>
</record>
<record>
  <date>2020-05-19T15:03:30</date>
  <millis>1589875410972</millis>
  <sequence>388</sequence>
  <level>INFO</level>
  <class>com.kms.katalon.core.logging.XmlKeywordLogger</class>
  <method>logMessage</method>
  <thread>1</thread>
  <message>HTML report generated</message>
  <nestedLevel>0</nestedLevel>
</record>
<record>
  <date>2020-05-19T15:03:30</date>
  <millis>1589875410973</millis>
  <sequence>389</sequence>
  <level>INFO</level>
  <class>com.kms.katalon.core.logging.XmlKeywordLogger</class>
  <method>logMessage</method>
  <thread>1</thread>
  <message>Start generating CSV report folder at: D:\\MY WORLD\\WORKS (TUGAS)\\LearningManagementWeb\\Reports\\20200519_150023\\Rizka\\Admin - Manage Modules\\20200519_150023...</message>
  <nestedLevel>0</nestedLevel>
</record>
<record>
  <date>2020-05-19T15:03:31</date>
  <millis>1589875411046</millis>
  <sequence>390</sequence>
  <level>INFO</level>
  <class>com.kms.katalon.core.logging.XmlKeywordLogger</class>
  <method>logMessage</method>
  <thread>1</thread>
  <message>CSV report generated</message>
  <nestedLevel>0</nestedLevel>
</record>
<record>
  <date>2020-05-19T15:03:31</date>
  <millis>1589875411048</millis>
  <sequence>392</sequence>
  <level>END</level>
  <class>com.kms.katalon.core.logging.XmlKeywordLogger</class>
  <method>endKeyword</method>
  <thread>1</thread>
  <message>End listener action : exportKatalonReports</message>
  <nestedLevel>0</nestedLevel>
</record>
<record>
  <date>2020-05-19T15:03:32</date>
  <millis>1589875412576</millis>
  <sequence>393</sequence>
  <level>END</level>
  <class>com.kms.katalon.core.logging.XmlKeywordLogger</class>
  <method>endSuite</method>
  <thread>1</thread>
  <message>End Test Suite : Test Suites/Rizka/Admin - Manage Modules</message>
  <nestedLevel>0</nestedLevel>
</record>
</log>