<?xml version="1.0" encoding="UTF-8"?>
<testsuites name="Online Learning" time="249.021" tests="3" failures="0" errors="0">
   <testsuite name="Online Learning" tests="3" failures="0" errors="0" time="249.021" timestamp="2020-05-13 13:17:18" hostname="ASUS - LAPTOP-D0TPACJ1" id="Test Suites/Christi/Online Learning">
      <properties>
         <property name="deviceName" value=""/>
         <property name="devicePlatform" value=""/>
         <property name="logFolder" value="C:\\Users\\ASUS\\git\\LearningManagementWeb\\Reports\\20200513_131711\\Christi\\Online Learning\\20200513_131711"/>
         <property name="logFiles" value="C:\\Users\\ASUS\\git\\LearningManagementWeb\\Reports\\20200513_131711\\Christi\\Online Learning\\20200513_131711\\execution0.log"/>
         <property name="attachments" value=""/>
         <property name="hostName" value="ASUS - LAPTOP-D0TPACJ1"/>
         <property name="os" value="Windows 10 64bit"/>
         <property name="katalonVersion" value="7.0.10.1"/>
         <property name="browser" value="Chrome 81.0.4044.138"/>
         <property name="hostAddress" value="192.168.100.227"/>
         <property name="sessionId" value="429b755c0c58734fb2e7d59892eb0562"/>
         <property name="seleniumVersion" value="3.141.59"/>
         <property name="proxyInformation" value="ProxyInformation{proxyOption=NO_PROXY, proxyServerType=HTTP, password=, proxyServerAddress=, proxyServerPort=0}"/>
         <property name="platform" value="Windows 10"/>
      </properties>
      <testcase name="Test Cases/Christi/User/Online Learning - Lihat Modul" time="80.962" classname="Test Cases/Christi/User/Online Learning - Lihat Modul" status="PASSED">
         <system-out><![CDATA[2020-05-13 13:17:19 - [TEST_CASE][PASSED] - Test Cases/Christi/User/Online Learning - Lihat Modul: Test Cases/Christi/User/Online Learning - Lihat Modul

2020-05-13 13:17:20 - [TEST_STEP][PASSED] - callTestCase(findTestCase("Christi/User/user login"), ["username":"14426", "password":"Password2"], STOP_ON_FAILURE): Call Test Case 'Test Cases/Christi/User/user login' successfully

2020-05-13 13:17:20 - [TEST_CASE][PASSED] - Test Cases/Christi/User/user login: Test Cases/Christi/User/user login

2020-05-13 13:17:21 - [TEST_STEP][PASSED] - openBrowser(""): Browser is opened with url: ''

2020-05-13 13:17:21 - [MESSAGE][INFO] - Starting 'Chrome' driver

2020-05-13 13:17:21 - [MESSAGE][INFO] - Action delay is set to 0 seconds

2020-05-13 13:17:28 - [MESSAGE][PASSED] - Browser is opened with url: ''

2020-05-13 13:17:28 - [TEST_STEP][PASSED] - maximizeWindow(): Current window maximized

2020-05-13 13:17:29 - [MESSAGE][PASSED] - Current window maximized

2020-05-13 13:17:29 - [TEST_STEP][PASSED] - navigateToUrl("https://appsrv1.deltadatamandiri.com/ACC_LMS_WEB/#/Main"): Navigate to 'https://appsrv1.deltadatamandiri.com/ACC_LMS_WEB/#/Main' successfully

2020-05-13 13:17:41 - [MESSAGE][PASSED] - Navigate to 'https://appsrv1.deltadatamandiri.com/ACC_LMS_WEB/#/Main' successfully

2020-05-13 13:17:41 - [TEST_STEP][PASSED] - click(findTestObject("Object Repository/Christi/Page_Main/span_login")): Object: 'Object Repository/Christi/Page_Main/span_login' is clicked on

2020-05-13 13:17:46 - [MESSAGE][ERROR] - javascript error: Failed to execute 'elementsFromPoint' on 'Document': The provided double value is non-finite.
  (Session info: chrome=81.0.4044.138)
Build info: version: '3.141.59', revision: 'e82be7d358', time: '2018-11-14T08:25:53'
System info: host: 'LAPTOP-D0TPACJ1', ip: '192.168.100.227', os.name: 'Windows 10', os.arch: 'amd64', os.version: '10.0', java.version: '1.8.0_181'
Driver info: com.kms.katalon.selenium.driver.CChromeDriver
Capabilities {acceptInsecureCerts: false, browserName: chrome, browserVersion: 81.0.4044.138, chrome: {chromedriverVersion: 80.0.3987.106 (f68069574609..., userDataDir: C:\Users\ASUS\AppData\Local...}, goog:chromeOptions: {debuggerAddress: localhost:51219}, javascriptEnabled: true, networkConnectionEnabled: false, pageLoadStrategy: normal, platform: WINDOWS, platformName: WINDOWS, proxy: Proxy(), setWindowRect: true, strictFileInteractability: false, timeouts: {implicit: 0, pageLoad: 300000, script: 30000}, unhandledPromptBehavior: dismiss and notify}
Session ID: c06ddbe7f10ab61ad38b455cd6539776

2020-05-13 13:17:47 - [MESSAGE][PASSED] - Object: 'Object Repository/Christi/Page_Main/span_login' is clicked on

2020-05-13 13:17:47 - [TEST_STEP][PASSED] - delay(3): Delayed 3 second(s)

2020-05-13 13:17:50 - [MESSAGE][PASSED] - Delayed 3 second(s)

2020-05-13 13:17:50 - [TEST_STEP][PASSED] - setText(findTestObject("Object Repository/Christi/Page_Main/input_NPK_username"), username): Text '14426' is set on object 'Object Repository/Christi/Page_Main/input_NPK_username'

2020-05-13 13:17:51 - [MESSAGE][PASSED] - Text '14426' is set on object 'Object Repository/Christi/Page_Main/input_NPK_username'

2020-05-13 13:17:51 - [TEST_STEP][PASSED] - setText(findTestObject("Object Repository/Christi/Page_Main/input_Password_password"), password): Text 'Password2' is set on object 'Object Repository/Christi/Page_Main/input_Password_password'

2020-05-13 13:17:51 - [MESSAGE][PASSED] - Text 'Password2' is set on object 'Object Repository/Christi/Page_Main/input_Password_password'

2020-05-13 13:17:51 - [TEST_STEP][PASSED] - click(findTestObject("Object Repository/Christi/Page_Main/span_Remember me")): Object: 'Object Repository/Christi/Page_Main/span_Remember me' is clicked on

2020-05-13 13:17:52 - [MESSAGE][PASSED] - Object: 'Object Repository/Christi/Page_Main/span_Remember me' is clicked on

2020-05-13 13:17:52 - [TEST_STEP][PASSED] - click(findTestObject("Object Repository/Christi/Page_Main/span_login_1")): Object: 'Object Repository/Christi/Page_Main/span_login_1' is clicked on

2020-05-13 13:17:53 - [MESSAGE][PASSED] - Object: 'Object Repository/Christi/Page_Main/span_login_1' is clicked on

2020-05-13 13:17:53 - [TEST_STEP][PASSED] - delay(5): Delayed 5 second(s)

2020-05-13 13:17:58 - [MESSAGE][PASSED] - Delayed 5 second(s)

2020-05-13 13:17:58 - [MESSAGE][PASSED] - Call Test Case 'Test Cases/Christi/User/user login' successfully

2020-05-13 13:17:58 - [TEST_STEP][PASSED] - click(findTestObject("Christi/Page_Homepage/i_My Learning Icon_app-icon wi wi-menu fa-lg")): Object: 'Object Repository/Christi/Page_Homepage/i_My Learning Icon_app-icon wi wi-menu fa-lg' is clicked on

2020-05-13 13:18:11 - [MESSAGE][PASSED] - Object: 'Object Repository/Christi/Page_Homepage/i_My Learning Icon_app-icon wi wi-menu fa-lg' is clicked on

2020-05-13 13:18:11 - [TEST_STEP][PASSED] - click(findTestObject("Christi/Page_Homepage/span_Online Learning"), STOP_ON_FAILURE): Object: 'Object Repository/Christi/Page_Homepage/span_Online Learning' is clicked on

2020-05-13 13:18:12 - [MESSAGE][PASSED] - Object: 'Object Repository/Christi/Page_Homepage/span_Online Learning' is clicked on

2020-05-13 13:18:12 - [TEST_STEP][PASSED] - delay(3): Delayed 3 second(s)

2020-05-13 13:18:15 - [MESSAGE][PASSED] - Delayed 3 second(s)

2020-05-13 13:18:15 - [TEST_STEP][PASSED] - setText(findTestObject("Christi/Page_Job Functions/input_Back button_searchModul"), module_name): Text 'zzzzzzzzzz' is set on object 'Object Repository/Christi/Page_Job Functions/input_Back button_searchModul'

2020-05-13 13:18:27 - [MESSAGE][PASSED] - Text 'zzzzzzzzzz' is set on object 'Object Repository/Christi/Page_Job Functions/input_Back button_searchModul'

2020-05-13 13:18:27 - [TEST_STEP][PASSED] - click(findTestObject("Object Repository/Christi/Page_Job Functions/button_Clear button_app-search-button wi wi-search")): Object: 'Object Repository/Christi/Page_Job Functions/button_Clear button_app-search-button wi wi-search' is clicked on

2020-05-13 13:18:27 - [MESSAGE][PASSED] - Object: 'Object Repository/Christi/Page_Job Functions/button_Clear button_app-search-button wi wi-search' is clicked on

2020-05-13 13:18:27 - [TEST_STEP][PASSED] - delay(3): Delayed 3 second(s)

2020-05-13 13:18:30 - [MESSAGE][PASSED] - Delayed 3 second(s)

2020-05-13 13:18:30 - [TEST_STEP][PASSED] - if (found == "yes"): null

2020-05-13 13:18:30 - [TEST_STEP][PASSED] - else if (found == "no"): Object 'Object Repository/Christi/Page_Online Learning Search Result/label_tidak ditemukan' is present

2020-05-13 13:18:30 - [TEST_STEP][PASSED] - verifyElementPresent(findTestObject("Object Repository/Christi/Page_Online Learning Search Result/label_tidak ditemukan"), 0): Object 'Object Repository/Christi/Page_Online Learning Search Result/label_tidak ditemukan' is present

2020-05-13 13:18:31 - [MESSAGE][WARNING] - Timeout '0' is invalid. Using default page load timeout: '30'

2020-05-13 13:18:36 - [MESSAGE][PASSED] - Object 'Object Repository/Christi/Page_Online Learning Search Result/label_tidak ditemukan' is present

2020-05-13 13:18:36 - [TEST_STEP][PASSED] - delay(3): Delayed 3 second(s)

2020-05-13 13:18:39 - [MESSAGE][PASSED] - Delayed 3 second(s)

2020-05-13 13:18:39 - [TEST_STEP][PASSED] - closeBrowser(): Browser is closed

2020-05-13 13:18:40 - [MESSAGE][PASSED] - Browser is closed]]></system-out>
         <system-err><![CDATA[]]></system-err>
      </testcase>
      <testcase name="Test Cases/Christi/User/Online Learning - Lihat Modul" time="78.23" classname="Test Cases/Christi/User/Online Learning - Lihat Modul" status="PASSED">
         <system-out><![CDATA[2020-05-13 13:18:40 - [TEST_CASE][PASSED] - Test Cases/Christi/User/Online Learning - Lihat Modul: Test Cases/Christi/User/Online Learning - Lihat Modul

2020-05-13 13:18:40 - [TEST_STEP][PASSED] - callTestCase(findTestCase("Christi/User/user login"), ["username":"14426", "password":"Password2"], STOP_ON_FAILURE): Call Test Case 'Test Cases/Christi/User/user login' successfully

2020-05-13 13:18:40 - [TEST_CASE][PASSED] - Test Cases/Christi/User/user login: Test Cases/Christi/User/user login

2020-05-13 13:18:40 - [TEST_STEP][PASSED] - openBrowser(""): Browser is opened with url: ''

2020-05-13 13:18:40 - [MESSAGE][INFO] - Starting 'Chrome' driver

2020-05-13 13:18:43 - [MESSAGE][PASSED] - Browser is opened with url: ''

2020-05-13 13:18:43 - [TEST_STEP][PASSED] - maximizeWindow(): Current window maximized

2020-05-13 13:18:44 - [MESSAGE][PASSED] - Current window maximized

2020-05-13 13:18:44 - [TEST_STEP][PASSED] - navigateToUrl("https://appsrv1.deltadatamandiri.com/ACC_LMS_WEB/#/Main"): Navigate to 'https://appsrv1.deltadatamandiri.com/ACC_LMS_WEB/#/Main' successfully

2020-05-13 13:18:52 - [MESSAGE][PASSED] - Navigate to 'https://appsrv1.deltadatamandiri.com/ACC_LMS_WEB/#/Main' successfully

2020-05-13 13:18:52 - [TEST_STEP][PASSED] - click(findTestObject("Object Repository/Christi/Page_Main/span_login")): Object: 'Object Repository/Christi/Page_Main/span_login' is clicked on

2020-05-13 13:18:56 - [MESSAGE][ERROR] - javascript error: Failed to execute 'elementsFromPoint' on 'Document': The provided double value is non-finite.
  (Session info: chrome=81.0.4044.138)
Build info: version: '3.141.59', revision: 'e82be7d358', time: '2018-11-14T08:25:53'
System info: host: 'LAPTOP-D0TPACJ1', ip: '192.168.100.227', os.name: 'Windows 10', os.arch: 'amd64', os.version: '10.0', java.version: '1.8.0_181'
Driver info: com.kms.katalon.selenium.driver.CChromeDriver
Capabilities {acceptInsecureCerts: false, browserName: chrome, browserVersion: 81.0.4044.138, chrome: {chromedriverVersion: 80.0.3987.106 (f68069574609..., userDataDir: C:\Users\ASUS\AppData\Local...}, goog:chromeOptions: {debuggerAddress: localhost:51307}, javascriptEnabled: true, networkConnectionEnabled: false, pageLoadStrategy: normal, platform: WINDOWS, platformName: WINDOWS, proxy: Proxy(), setWindowRect: true, strictFileInteractability: false, timeouts: {implicit: 0, pageLoad: 300000, script: 30000}, unhandledPromptBehavior: dismiss and notify}
Session ID: dc592dc81bbcde2d0c57974d9f2b2b91

2020-05-13 13:18:57 - [MESSAGE][PASSED] - Object: 'Object Repository/Christi/Page_Main/span_login' is clicked on

2020-05-13 13:18:57 - [TEST_STEP][PASSED] - delay(3): Delayed 3 second(s)

2020-05-13 13:19:00 - [MESSAGE][PASSED] - Delayed 3 second(s)

2020-05-13 13:19:00 - [TEST_STEP][PASSED] - setText(findTestObject("Object Repository/Christi/Page_Main/input_NPK_username"), username): Text '14426' is set on object 'Object Repository/Christi/Page_Main/input_NPK_username'

2020-05-13 13:19:01 - [MESSAGE][PASSED] - Text '14426' is set on object 'Object Repository/Christi/Page_Main/input_NPK_username'

2020-05-13 13:19:01 - [TEST_STEP][PASSED] - setText(findTestObject("Object Repository/Christi/Page_Main/input_Password_password"), password): Text 'Password2' is set on object 'Object Repository/Christi/Page_Main/input_Password_password'

2020-05-13 13:19:02 - [MESSAGE][PASSED] - Text 'Password2' is set on object 'Object Repository/Christi/Page_Main/input_Password_password'

2020-05-13 13:19:02 - [TEST_STEP][PASSED] - click(findTestObject("Object Repository/Christi/Page_Main/span_Remember me")): Object: 'Object Repository/Christi/Page_Main/span_Remember me' is clicked on

2020-05-13 13:19:02 - [MESSAGE][PASSED] - Object: 'Object Repository/Christi/Page_Main/span_Remember me' is clicked on

2020-05-13 13:19:02 - [TEST_STEP][PASSED] - click(findTestObject("Object Repository/Christi/Page_Main/span_login_1")): Object: 'Object Repository/Christi/Page_Main/span_login_1' is clicked on

2020-05-13 13:19:03 - [MESSAGE][PASSED] - Object: 'Object Repository/Christi/Page_Main/span_login_1' is clicked on

2020-05-13 13:19:03 - [TEST_STEP][PASSED] - delay(5): Delayed 5 second(s)

2020-05-13 13:19:08 - [MESSAGE][PASSED] - Delayed 5 second(s)

2020-05-13 13:19:08 - [MESSAGE][PASSED] - Call Test Case 'Test Cases/Christi/User/user login' successfully

2020-05-13 13:19:08 - [TEST_STEP][PASSED] - click(findTestObject("Christi/Page_Homepage/i_My Learning Icon_app-icon wi wi-menu fa-lg")): Object: 'Object Repository/Christi/Page_Homepage/i_My Learning Icon_app-icon wi wi-menu fa-lg' is clicked on

2020-05-13 13:19:21 - [MESSAGE][PASSED] - Object: 'Object Repository/Christi/Page_Homepage/i_My Learning Icon_app-icon wi wi-menu fa-lg' is clicked on

2020-05-13 13:19:21 - [TEST_STEP][PASSED] - click(findTestObject("Christi/Page_Homepage/span_Online Learning"), STOP_ON_FAILURE): Object: 'Object Repository/Christi/Page_Homepage/span_Online Learning' is clicked on

2020-05-13 13:19:22 - [MESSAGE][PASSED] - Object: 'Object Repository/Christi/Page_Homepage/span_Online Learning' is clicked on

2020-05-13 13:19:22 - [TEST_STEP][PASSED] - delay(3): Delayed 3 second(s)

2020-05-13 13:19:25 - [MESSAGE][PASSED] - Delayed 3 second(s)

2020-05-13 13:19:25 - [TEST_STEP][PASSED] - setText(findTestObject("Christi/Page_Job Functions/input_Back button_searchModul"), module_name): Text 'WELCOMING KIT' is set on object 'Object Repository/Christi/Page_Job Functions/input_Back button_searchModul'

2020-05-13 13:19:37 - [MESSAGE][PASSED] - Text 'WELCOMING KIT' is set on object 'Object Repository/Christi/Page_Job Functions/input_Back button_searchModul'

2020-05-13 13:19:37 - [TEST_STEP][PASSED] - click(findTestObject("Object Repository/Christi/Page_Job Functions/button_Clear button_app-search-button wi wi-search")): Object: 'Object Repository/Christi/Page_Job Functions/button_Clear button_app-search-button wi wi-search' is clicked on

2020-05-13 13:19:38 - [MESSAGE][PASSED] - Object: 'Object Repository/Christi/Page_Job Functions/button_Clear button_app-search-button wi wi-search' is clicked on

2020-05-13 13:19:38 - [TEST_STEP][PASSED] - delay(3): Delayed 3 second(s)

2020-05-13 13:19:41 - [MESSAGE][PASSED] - Delayed 3 second(s)

2020-05-13 13:19:41 - [TEST_STEP][PASSED] - if (found == "yes"): null

2020-05-13 13:19:41 - [TEST_STEP][PASSED] - verifyElementPresent(findTestObject("Christi/Page_Online Learning Search Result/label_Ditemukan modul dengan kata kunci"), 0): Object 'Object Repository/Christi/Page_Online Learning Search Result/label_Ditemukan modul dengan kata kunci' is present

2020-05-13 13:19:41 - [MESSAGE][WARNING] - Timeout '0' is invalid. Using default page load timeout: '30'

2020-05-13 13:19:47 - [MESSAGE][PASSED] - Object 'Object Repository/Christi/Page_Online Learning Search Result/label_Ditemukan modul dengan kata kunci' is present

2020-05-13 13:19:47 - [TEST_STEP][PASSED] - delay(3): Delayed 3 second(s)

2020-05-13 13:19:50 - [MESSAGE][PASSED] - Delayed 3 second(s)

2020-05-13 13:19:50 - [TEST_STEP][PASSED] - click(findTestObject("Christi/Page_Online Learning Search Result/span_Lihat Modul")): Object: 'Object Repository/Christi/Page_Online Learning Search Result/span_Lihat Modul' is clicked on

2020-05-13 13:19:51 - [MESSAGE][PASSED] - Object: 'Object Repository/Christi/Page_Online Learning Search Result/span_Lihat Modul' is clicked on

2020-05-13 13:19:51 - [TEST_STEP][PASSED] - delay(3): Delayed 3 second(s)

2020-05-13 13:19:54 - [MESSAGE][PASSED] - Delayed 3 second(s)

2020-05-13 13:19:54 - [TEST_STEP][PASSED] - if (status == "new"): null

2020-05-13 13:19:54 - [TEST_STEP][PASSED] - delay(3): Delayed 3 second(s)

2020-05-13 13:19:57 - [MESSAGE][PASSED] - Delayed 3 second(s)

2020-05-13 13:19:57 - [TEST_STEP][PASSED] - closeBrowser(): Browser is closed

2020-05-13 13:19:58 - [MESSAGE][PASSED] - Browser is closed]]></system-out>
         <system-err><![CDATA[]]></system-err>
      </testcase>
      <testcase name="Test Cases/Christi/User/Online Learning - Lihat Modul" time="88.294" classname="Test Cases/Christi/User/Online Learning - Lihat Modul" status="PASSED">
         <system-out><![CDATA[2020-05-13 13:19:58 - [TEST_CASE][PASSED] - Test Cases/Christi/User/Online Learning - Lihat Modul: Test Cases/Christi/User/Online Learning - Lihat Modul

2020-05-13 13:19:58 - [TEST_STEP][PASSED] - callTestCase(findTestCase("Christi/User/user login"), ["username":"14426", "password":"Password2"], STOP_ON_FAILURE): Call Test Case 'Test Cases/Christi/User/user login' successfully

2020-05-13 13:19:58 - [TEST_CASE][PASSED] - Test Cases/Christi/User/user login: Test Cases/Christi/User/user login

2020-05-13 13:19:58 - [TEST_STEP][PASSED] - openBrowser(""): Browser is opened with url: ''

2020-05-13 13:19:58 - [MESSAGE][INFO] - Starting 'Chrome' driver

2020-05-13 13:20:02 - [MESSAGE][PASSED] - Browser is opened with url: ''

2020-05-13 13:20:02 - [TEST_STEP][PASSED] - maximizeWindow(): Current window maximized

2020-05-13 13:20:03 - [MESSAGE][PASSED] - Current window maximized

2020-05-13 13:20:03 - [TEST_STEP][PASSED] - navigateToUrl("https://appsrv1.deltadatamandiri.com/ACC_LMS_WEB/#/Main"): Navigate to 'https://appsrv1.deltadatamandiri.com/ACC_LMS_WEB/#/Main' successfully

2020-05-13 13:20:12 - [MESSAGE][PASSED] - Navigate to 'https://appsrv1.deltadatamandiri.com/ACC_LMS_WEB/#/Main' successfully

2020-05-13 13:20:12 - [TEST_STEP][PASSED] - click(findTestObject("Object Repository/Christi/Page_Main/span_login")): Object: 'Object Repository/Christi/Page_Main/span_login' is clicked on

2020-05-13 13:20:16 - [MESSAGE][ERROR] - javascript error: Failed to execute 'elementsFromPoint' on 'Document': The provided double value is non-finite.
  (Session info: chrome=81.0.4044.138)
Build info: version: '3.141.59', revision: 'e82be7d358', time: '2018-11-14T08:25:53'
System info: host: 'LAPTOP-D0TPACJ1', ip: '192.168.100.227', os.name: 'Windows 10', os.arch: 'amd64', os.version: '10.0', java.version: '1.8.0_181'
Driver info: com.kms.katalon.selenium.driver.CChromeDriver
Capabilities {acceptInsecureCerts: false, browserName: chrome, browserVersion: 81.0.4044.138, chrome: {chromedriverVersion: 80.0.3987.106 (f68069574609..., userDataDir: C:\Users\ASUS\AppData\Local...}, goog:chromeOptions: {debuggerAddress: localhost:51389}, javascriptEnabled: true, networkConnectionEnabled: false, pageLoadStrategy: normal, platform: WINDOWS, platformName: WINDOWS, proxy: Proxy(), setWindowRect: true, strictFileInteractability: false, timeouts: {implicit: 0, pageLoad: 300000, script: 30000}, unhandledPromptBehavior: dismiss and notify}
Session ID: 429b755c0c58734fb2e7d59892eb0562

2020-05-13 13:20:18 - [MESSAGE][PASSED] - Object: 'Object Repository/Christi/Page_Main/span_login' is clicked on

2020-05-13 13:20:18 - [TEST_STEP][PASSED] - delay(3): Delayed 3 second(s)

2020-05-13 13:20:21 - [MESSAGE][PASSED] - Delayed 3 second(s)

2020-05-13 13:20:21 - [TEST_STEP][PASSED] - setText(findTestObject("Object Repository/Christi/Page_Main/input_NPK_username"), username): Text '14426' is set on object 'Object Repository/Christi/Page_Main/input_NPK_username'

2020-05-13 13:20:21 - [MESSAGE][PASSED] - Text '14426' is set on object 'Object Repository/Christi/Page_Main/input_NPK_username'

2020-05-13 13:20:21 - [TEST_STEP][PASSED] - setText(findTestObject("Object Repository/Christi/Page_Main/input_Password_password"), password): Text 'Password2' is set on object 'Object Repository/Christi/Page_Main/input_Password_password'

2020-05-13 13:20:22 - [MESSAGE][PASSED] - Text 'Password2' is set on object 'Object Repository/Christi/Page_Main/input_Password_password'

2020-05-13 13:20:22 - [TEST_STEP][PASSED] - click(findTestObject("Object Repository/Christi/Page_Main/span_Remember me")): Object: 'Object Repository/Christi/Page_Main/span_Remember me' is clicked on

2020-05-13 13:20:23 - [MESSAGE][PASSED] - Object: 'Object Repository/Christi/Page_Main/span_Remember me' is clicked on

2020-05-13 13:20:23 - [TEST_STEP][PASSED] - click(findTestObject("Object Repository/Christi/Page_Main/span_login_1")): Object: 'Object Repository/Christi/Page_Main/span_login_1' is clicked on

2020-05-13 13:20:23 - [MESSAGE][PASSED] - Object: 'Object Repository/Christi/Page_Main/span_login_1' is clicked on

2020-05-13 13:20:23 - [TEST_STEP][PASSED] - delay(5): Delayed 5 second(s)

2020-05-13 13:20:28 - [MESSAGE][PASSED] - Delayed 5 second(s)

2020-05-13 13:20:28 - [MESSAGE][PASSED] - Call Test Case 'Test Cases/Christi/User/user login' successfully

2020-05-13 13:20:28 - [TEST_STEP][PASSED] - click(findTestObject("Christi/Page_Homepage/i_My Learning Icon_app-icon wi wi-menu fa-lg")): Object: 'Object Repository/Christi/Page_Homepage/i_My Learning Icon_app-icon wi wi-menu fa-lg' is clicked on

2020-05-13 13:20:44 - [MESSAGE][PASSED] - Object: 'Object Repository/Christi/Page_Homepage/i_My Learning Icon_app-icon wi wi-menu fa-lg' is clicked on

2020-05-13 13:20:44 - [TEST_STEP][PASSED] - click(findTestObject("Christi/Page_Homepage/span_Online Learning"), STOP_ON_FAILURE): Object: 'Object Repository/Christi/Page_Homepage/span_Online Learning' is clicked on

2020-05-13 13:20:45 - [MESSAGE][PASSED] - Object: 'Object Repository/Christi/Page_Homepage/span_Online Learning' is clicked on

2020-05-13 13:20:45 - [TEST_STEP][PASSED] - delay(3): Delayed 3 second(s)

2020-05-13 13:20:48 - [MESSAGE][PASSED] - Delayed 3 second(s)

2020-05-13 13:20:48 - [TEST_STEP][PASSED] - setText(findTestObject("Christi/Page_Job Functions/input_Back button_searchModul"), module_name): Text 'NEOP AAV' is set on object 'Object Repository/Christi/Page_Job Functions/input_Back button_searchModul'

2020-05-13 13:21:00 - [MESSAGE][PASSED] - Text 'NEOP AAV' is set on object 'Object Repository/Christi/Page_Job Functions/input_Back button_searchModul'

2020-05-13 13:21:00 - [TEST_STEP][PASSED] - click(findTestObject("Object Repository/Christi/Page_Job Functions/button_Clear button_app-search-button wi wi-search")): Object: 'Object Repository/Christi/Page_Job Functions/button_Clear button_app-search-button wi wi-search' is clicked on

2020-05-13 13:21:01 - [MESSAGE][PASSED] - Object: 'Object Repository/Christi/Page_Job Functions/button_Clear button_app-search-button wi wi-search' is clicked on

2020-05-13 13:21:01 - [TEST_STEP][PASSED] - delay(3): Delayed 3 second(s)

2020-05-13 13:21:04 - [MESSAGE][PASSED] - Delayed 3 second(s)

2020-05-13 13:21:04 - [TEST_STEP][PASSED] - if (found == "yes"): Object 'Object Repository/Christi/Page_Online Learning Detail/button_Mulai Modul' is present

2020-05-13 13:21:04 - [TEST_STEP][PASSED] - verifyElementPresent(findTestObject("Christi/Page_Online Learning Search Result/label_Ditemukan modul dengan kata kunci"), 0): Object 'Object Repository/Christi/Page_Online Learning Search Result/label_Ditemukan modul dengan kata kunci' is present

2020-05-13 13:21:04 - [MESSAGE][WARNING] - Timeout '0' is invalid. Using default page load timeout: '30'

2020-05-13 13:21:09 - [MESSAGE][PASSED] - Object 'Object Repository/Christi/Page_Online Learning Search Result/label_Ditemukan modul dengan kata kunci' is present

2020-05-13 13:21:09 - [TEST_STEP][PASSED] - delay(3): Delayed 3 second(s)

2020-05-13 13:21:12 - [MESSAGE][PASSED] - Delayed 3 second(s)

2020-05-13 13:21:12 - [TEST_STEP][PASSED] - click(findTestObject("Christi/Page_Online Learning Search Result/span_Lihat Modul")): Object: 'Object Repository/Christi/Page_Online Learning Search Result/span_Lihat Modul' is clicked on

2020-05-13 13:21:13 - [MESSAGE][PASSED] - Object: 'Object Repository/Christi/Page_Online Learning Search Result/span_Lihat Modul' is clicked on

2020-05-13 13:21:13 - [TEST_STEP][PASSED] - delay(3): Delayed 3 second(s)

2020-05-13 13:21:16 - [MESSAGE][PASSED] - Delayed 3 second(s)

2020-05-13 13:21:16 - [TEST_STEP][PASSED] - if (status == "new"): Object 'Object Repository/Christi/Page_Online Learning Detail/button_Mulai Modul' is present

2020-05-13 13:21:16 - [TEST_STEP][PASSED] - verifyElementPresent(findTestObject("Christi/Page_Online Learning Detail/button_Mulai Modul"), 0): Object 'Object Repository/Christi/Page_Online Learning Detail/button_Mulai Modul' is present

2020-05-13 13:21:16 - [MESSAGE][WARNING] - Timeout '0' is invalid. Using default page load timeout: '30'

2020-05-13 13:21:23 - [MESSAGE][PASSED] - Object 'Object Repository/Christi/Page_Online Learning Detail/button_Mulai Modul' is present

2020-05-13 13:21:23 - [TEST_STEP][PASSED] - delay(3): Delayed 3 second(s)

2020-05-13 13:21:26 - [MESSAGE][PASSED] - Delayed 3 second(s)

2020-05-13 13:21:26 - [TEST_STEP][PASSED] - closeBrowser(): Browser is closed

2020-05-13 13:21:27 - [MESSAGE][PASSED] - Browser is closed]]></system-out>
         <system-err><![CDATA[]]></system-err>
      </testcase>
      <system-out><![CDATA[2020-05-13 13:17:18 - [TEST_SUITE][PASSED] - Online Learning: Test Cases/Christi/User/Online Learning - Lihat Modul]]></system-out>
      <system-err><![CDATA[]]></system-err>
   </testsuite>
</testsuites>
