<?xml version="1.0" encoding="UTF-8"?>
<testsuites name="Admin_Pretest Posttest - Add New Question" time="1047.336" tests="8" failures="2" errors="0">
   <testsuite name="Admin_Pretest Posttest - Add New Question" tests="8" failures="2" errors="0" time="1047.336" timestamp="2020-05-29 03:20:58" hostname="asus - LAPTOP-FC1SHEB6" id="Test Suites/Alda/Admin_Pretest Posttest - Add New Question">
      <properties>
         <property name="deviceName" value=""/>
         <property name="devicePlatform" value=""/>
         <property name="logFolder" value="C:\\Users\\asus\\git\\LMS27Mei\\Reports\\20200529_032036\\Alda\\Admin_Pretest Posttest - Add New Question\\20200529_032036"/>
         <property name="logFiles" value="C:\\Users\\asus\\git\\LMS27Mei\\Reports\\20200529_032036\\Alda\\Admin_Pretest Posttest - Add New Question\\20200529_032036\\execution0.log"/>
         <property name="attachments" value="C:\\Users\\asus\\git\\LMS27Mei\\Reports\\20200529_032036\\Alda\\Admin_Pretest Posttest - Add New Question\\20200529_032036\\1590697765692.png, C:\\Users\\asus\\git\\LMS27Mei\\Reports\\20200529_032036\\Alda\\Admin_Pretest Posttest - Add New Question\\20200529_032036\\1590697766015.png, C:\\Users\\asus\\git\\LMS27Mei\\Reports\\20200529_032036\\Alda\\Admin_Pretest Posttest - Add New Question\\20200529_032036\\1590698304317.png"/>
         <property name="hostName" value="asus - LAPTOP-FC1SHEB6"/>
         <property name="os" value="Windows 10 64bit"/>
         <property name="katalonVersion" value="7.0.7.1"/>
         <property name="browser" value="Chrome 83.0.4103.61"/>
         <property name="hostAddress" value="192.168.100.15"/>
         <property name="sessionId" value="046d61ff0657b6aaf08494638cfe2ad0"/>
         <property name="seleniumVersion" value="3.141.59"/>
         <property name="proxyInformation" value="ProxyInformation{proxyOption=NO_PROXY, proxyServerType=HTTP, password=, proxyServerAddress=, proxyServerPort=0}"/>
         <property name="platform" value="Windows 10"/>
      </properties>
      <testcase name="Test Cases/Alda/Admin - Manage Test - Pretest Posttest/Pretest Posttest - Add New Question" time="122.798" classname="Test Cases/Alda/Admin - Manage Test - Pretest Posttest/Pretest Posttest - Add New Question" status="PASSED">
         <system-out><![CDATA[2020-05-29 03:20:58 - [TEST_CASE][PASSED] - Test Cases/Alda/Admin - Manage Test - Pretest Posttest/Pretest Posttest - Add New Question: Test Cases/Alda/Admin - Manage Test - Pretest Posttest/Pretest Posttest - Add New Question

2020-05-29 03:20:59 - [TEST_STEP][PASSED] - callTestCase(findTestCase("Rizka/Admin/Custom/Admin - Login"), ["username":"11666", "password":"Password3", "rememberMe":"yes", "condition":"passed"], STOP_ON_FAILURE): Call Test Case 'Test Cases/Rizka/Admin/Custom/Admin - Login' successfully

2020-05-29 03:20:59 - [TEST_CASE][PASSED] - Test Cases/Rizka/Admin/Custom/Admin - Login: Test Cases/Rizka/Admin/Custom/Admin - Login

2020-05-29 03:20:59 - [TEST_STEP][PASSED] - openBrowser("https://appsrv1.deltadatamandiri.com/ACC_LMS_WEB/#/admNLmn"): Browser is opened with url: 'https://appsrv1.deltadatamandiri.com/ACC_LMS_WEB/#/admNLmn'

2020-05-29 03:20:59 - [MESSAGE][INFO] - Starting 'Chrome' driver

2020-05-29 03:20:59 - [MESSAGE][INFO] - Action delay is set to 0 seconds

2020-05-29 03:21:21 - [MESSAGE][PASSED] - Browser is opened with url: 'https://appsrv1.deltadatamandiri.com/ACC_LMS_WEB/#/admNLmn'

2020-05-29 03:21:21 - [TEST_STEP][PASSED] - maximizeWindow(): Current window maximized

2020-05-29 03:21:22 - [MESSAGE][PASSED] - Current window maximized

2020-05-29 03:21:22 - [TEST_STEP][PASSED] - delay(30): Delayed 30 second(s)

2020-05-29 03:21:52 - [MESSAGE][PASSED] - Delayed 30 second(s)

2020-05-29 03:21:52 - [TEST_STEP][PASSED] - click(findTestObject("Rizka/Admin/Admin - Login/btnLogin")): Object: 'Object Repository/Rizka/Admin/Admin - Login/btnLogin' is clicked on

2020-05-29 03:21:52 - [MESSAGE][PASSED] - Object: 'Object Repository/Rizka/Admin/Admin - Login/btnLogin' is clicked on

2020-05-29 03:21:52 - [TEST_STEP][PASSED] - setText(findTestObject("Rizka/Admin/Admin - Login/txtUsername"), username): Text '11666' is set on object 'Object Repository/Rizka/Admin/Admin - Login/txtUsername'

2020-05-29 03:21:53 - [MESSAGE][PASSED] - Text '11666' is set on object 'Object Repository/Rizka/Admin/Admin - Login/txtUsername'

2020-05-29 03:21:53 - [TEST_STEP][PASSED] - setText(findTestObject("Rizka/Admin/Admin - Login/txtPassword"), password): Text 'Password3' is set on object 'Object Repository/Rizka/Admin/Admin - Login/txtPassword'

2020-05-29 03:21:53 - [MESSAGE][PASSED] - Text 'Password3' is set on object 'Object Repository/Rizka/Admin/Admin - Login/txtPassword'

2020-05-29 03:21:53 - [TEST_STEP][PASSED] - click(findTestObject("Rizka/Admin/Admin - Login/btnEyePass")): Object: 'Object Repository/Rizka/Admin/Admin - Login/btnEyePass' is clicked on

2020-05-29 03:21:54 - [MESSAGE][PASSED] - Object: 'Object Repository/Rizka/Admin/Admin - Login/btnEyePass' is clicked on

2020-05-29 03:21:54 - [TEST_STEP][PASSED] - if (rememberMe == "yes"): Object: 'Object Repository/Rizka/Admin/Admin - Login/checkboxRememberMe' is clicked on

2020-05-29 03:21:54 - [TEST_STEP][PASSED] - click(findTestObject("Rizka/Admin/Admin - Login/checkboxRememberMe")): Object: 'Object Repository/Rizka/Admin/Admin - Login/checkboxRememberMe' is clicked on

2020-05-29 03:21:54 - [MESSAGE][PASSED] - Object: 'Object Repository/Rizka/Admin/Admin - Login/checkboxRememberMe' is clicked on

2020-05-29 03:21:54 - [TEST_STEP][PASSED] - click(findTestObject("Rizka/Admin/Admin - Login/btnLogin2")): Object: 'Object Repository/Rizka/Admin/Admin - Login/btnLogin2' is clicked on

2020-05-29 03:21:54 - [MESSAGE][PASSED] - Object: 'Object Repository/Rizka/Admin/Admin - Login/btnLogin2' is clicked on

2020-05-29 03:21:54 - [TEST_STEP][PASSED] - delay(10): Delayed 10 second(s)

2020-05-29 03:22:04 - [MESSAGE][PASSED] - Delayed 10 second(s)

2020-05-29 03:22:04 - [TEST_STEP][PASSED] - if (condition == "passed"): Object 'Object Repository/Rizka/Admin/Admin - Login/span_Dashboard' is visible

2020-05-29 03:22:04 - [TEST_STEP][PASSED] - verifyElementVisible(findTestObject("Rizka/Admin/Admin - Login/span_Dashboard")): Object 'Object Repository/Rizka/Admin/Admin - Login/span_Dashboard' is visible

2020-05-29 03:22:17 - [MESSAGE][PASSED] - Object 'Object Repository/Rizka/Admin/Admin - Login/span_Dashboard' is visible

2020-05-29 03:22:17 - [MESSAGE][PASSED] - Call Test Case 'Test Cases/Rizka/Admin/Custom/Admin - Login' successfully

2020-05-29 03:22:17 - [TEST_STEP][PASSED] - delay(3): Delayed 3 second(s)

2020-05-29 03:22:20 - [MESSAGE][PASSED] - Delayed 3 second(s)

2020-05-29 03:22:20 - [TEST_STEP][PASSED] - click(findTestObject("Alda/Admin - Manage Test/Page_Dashboard Admin/span_manage_test")): Object: 'Object Repository/Alda/Admin - Manage Test/Page_Dashboard Admin/span_manage_test' is clicked on

2020-05-29 03:22:20 - [MESSAGE][PASSED] - Object: 'Object Repository/Alda/Admin - Manage Test/Page_Dashboard Admin/span_manage_test' is clicked on

2020-05-29 03:22:20 - [TEST_STEP][PASSED] - click(findTestObject("Alda/Admin - Manage Test/Page_Dashboard Admin/span_pretest_posttest")): Object: 'Object Repository/Alda/Admin - Manage Test/Page_Dashboard Admin/span_pretest_posttest' is clicked on

2020-05-29 03:22:21 - [MESSAGE][PASSED] - Object: 'Object Repository/Alda/Admin - Manage Test/Page_Dashboard Admin/span_pretest_posttest' is clicked on

2020-05-29 03:22:21 - [TEST_STEP][PASSED] - delay(3): Delayed 3 second(s)

2020-05-29 03:22:24 - [MESSAGE][PASSED] - Delayed 3 second(s)

2020-05-29 03:22:24 - [TEST_STEP][PASSED] - click(findTestObject("Alda/Admin - Manage Test/add new question/btn_add_new_question")): Object: 'Object Repository/Alda/Admin - Manage Test/add new question/btn_add_new_question' is clicked on

2020-05-29 03:22:40 - [MESSAGE][PASSED] - Object: 'Object Repository/Alda/Admin - Manage Test/add new question/btn_add_new_question' is clicked on

2020-05-29 03:22:40 - [TEST_STEP][PASSED] - selectOptionByLabel(findTestObject("Alda/Admin - Manage Test/add new question/select_category"), var_category, true): All options with label '' are selected in object 'Object Repository/Alda/Admin - Manage Test/add new question/select_category'  using regular expression

2020-05-29 03:22:50 - [MESSAGE][PASSED] - All options with label '' are selected in object 'Object Repository/Alda/Admin - Manage Test/add new question/select_category'  using regular expression

2020-05-29 03:22:50 - [TEST_STEP][PASSED] - selectOptionByLabel(findTestObject("Alda/Admin - Manage Test/add new question/select_tipe_soal"), var_tipe_soal, true): All options with label '' are selected in object 'Object Repository/Alda/Admin - Manage Test/add new question/select_tipe_soal'  using regular expression

2020-05-29 03:22:51 - [MESSAGE][PASSED] - All options with label '' are selected in object 'Object Repository/Alda/Admin - Manage Test/add new question/select_tipe_soal'  using regular expression

2020-05-29 03:22:51 - [TEST_STEP][PASSED] - selectOptionByLabel(findTestObject("Alda/Admin - Manage Test/add new question/select_job_function"), var_job_function, true): All options with label '' are selected in object 'Object Repository/Alda/Admin - Manage Test/add new question/select_job_function'  using regular expression

2020-05-29 03:22:52 - [MESSAGE][PASSED] - All options with label '' are selected in object 'Object Repository/Alda/Admin - Manage Test/add new question/select_job_function'  using regular expression

2020-05-29 03:22:52 - [TEST_STEP][PASSED] - selectOptionByLabel(findTestObject("Alda/Admin - Manage Test/add new question/select_job_position"), var_job_position, true): All options with label '' are selected in object 'Object Repository/Alda/Admin - Manage Test/add new question/select_job_position'  using regular expression

2020-05-29 03:22:53 - [MESSAGE][PASSED] - All options with label '' are selected in object 'Object Repository/Alda/Admin - Manage Test/add new question/select_job_position'  using regular expression

2020-05-29 03:22:53 - [TEST_STEP][PASSED] - selectOptionByLabel(findTestObject("Alda/Admin - Manage Test/add new question/select_module"), var_module, true): All options with label '' are selected in object 'Object Repository/Alda/Admin - Manage Test/add new question/select_module'  using regular expression

2020-05-29 03:22:55 - [MESSAGE][PASSED] - All options with label '' are selected in object 'Object Repository/Alda/Admin - Manage Test/add new question/select_module'  using regular expression

2020-05-29 03:22:55 - [TEST_STEP][PASSED] - click(findTestObject("Alda/Admin - Manage Test/add new question/input_technical_competence")): Object: 'Object Repository/Alda/Admin - Manage Test/add new question/input_technical_competence' is clicked on

2020-05-29 03:22:59 - [MESSAGE][PASSED] - Object: 'Object Repository/Alda/Admin - Manage Test/add new question/input_technical_competence' is clicked on

2020-05-29 03:22:59 - [TEST_STEP][PASSED] - setText(findTestObject("Alda/Admin - Manage Test/add new question/input_technical_competence"), var_technical_comp): Text '' is set on object 'Object Repository/Alda/Admin - Manage Test/add new question/input_technical_competence'

2020-05-29 03:23:00 - [MESSAGE][PASSED] - Text '' is set on object 'Object Repository/Alda/Admin - Manage Test/add new question/input_technical_competence'

2020-05-29 03:23:00 - [TEST_STEP][PASSED] - click(findTestObject("Alda/Admin - Manage Test/Page_Add Test/input_level_competence_new")): Object: 'Object Repository/Alda/Admin - Manage Test/Page_Add Test/input_level_competence_new' is clicked on

2020-05-29 03:23:00 - [MESSAGE][PASSED] - Object: 'Object Repository/Alda/Admin - Manage Test/Page_Add Test/input_level_competence_new' is clicked on

2020-05-29 03:23:00 - [TEST_STEP][PASSED] - setText(findTestObject("Alda/Admin - Manage Test/Page_Add Test/input_level_competence_new"), var_level_comp): Text '' is set on object 'Object Repository/Alda/Admin - Manage Test/Page_Add Test/input_level_competence_new'

2020-05-29 03:23:00 - [MESSAGE][PASSED] - Text '' is set on object 'Object Repository/Alda/Admin - Manage Test/Page_Add Test/input_level_competence_new'

2020-05-29 03:23:00 - [TEST_STEP][PASSED] - setText(findTestObject("Alda/Admin - Manage Test/add new question/textarea_soal"), var_soal): Text '' is set on object 'Object Repository/Alda/Admin - Manage Test/add new question/textarea_soal'

2020-05-29 03:23:01 - [MESSAGE][PASSED] - Text '' is set on object 'Object Repository/Alda/Admin - Manage Test/add new question/textarea_soal'

2020-05-29 03:23:01 - [TEST_STEP][PASSED] - switch (var_tipe_soal): null

2020-05-29 03:23:01 - [TEST_STEP][PASSED] - switch (expected_output): null

2020-05-29 03:23:01 - [TEST_STEP][PASSED] - case "fail":: null

2020-05-29 03:23:01 - [TEST_STEP][PASSED] - verifyElementNotClickable(findTestObject("Alda/Admin - Manage Test/Page_Add Test/button_Submit")): Object 'Object Repository/Alda/Admin - Manage Test/Page_Add Test/button_Submit' is NOT clickable

2020-05-29 03:23:01 - [MESSAGE][PASSED] - Object 'Object Repository/Alda/Admin - Manage Test/Page_Add Test/button_Submit' is NOT clickable

2020-05-29 03:23:01 - [TEST_STEP][PASSED] - break: null]]></system-out>
         <system-err><![CDATA[]]></system-err>
      </testcase>
      <testcase name="Test Cases/Alda/Admin - Manage Test - Pretest Posttest/Pretest Posttest - Add New Question" time="114.147" classname="Test Cases/Alda/Admin - Manage Test - Pretest Posttest/Pretest Posttest - Add New Question" status="PASSED">
         <system-out><![CDATA[2020-05-29 03:23:01 - [TEST_CASE][PASSED] - Test Cases/Alda/Admin - Manage Test - Pretest Posttest/Pretest Posttest - Add New Question: Test Cases/Alda/Admin - Manage Test - Pretest Posttest/Pretest Posttest - Add New Question

2020-05-29 03:23:01 - [TEST_STEP][PASSED] - callTestCase(findTestCase("Rizka/Admin/Custom/Admin - Login"), ["username":"11666", "password":"Password3", "rememberMe":"yes", "condition":"passed"], STOP_ON_FAILURE): Call Test Case 'Test Cases/Rizka/Admin/Custom/Admin - Login' successfully

2020-05-29 03:23:01 - [TEST_CASE][PASSED] - Test Cases/Rizka/Admin/Custom/Admin - Login: Test Cases/Rizka/Admin/Custom/Admin - Login

2020-05-29 03:23:01 - [TEST_STEP][PASSED] - openBrowser("https://appsrv1.deltadatamandiri.com/ACC_LMS_WEB/#/admNLmn"): Browser is opened with url: 'https://appsrv1.deltadatamandiri.com/ACC_LMS_WEB/#/admNLmn'

2020-05-29 03:23:01 - [MESSAGE][WARNING] - A browser is already opened. Closing browser and opening a new one

2020-05-29 03:23:02 - [MESSAGE][INFO] - Starting 'Chrome' driver

2020-05-29 03:23:18 - [MESSAGE][PASSED] - Browser is opened with url: 'https://appsrv1.deltadatamandiri.com/ACC_LMS_WEB/#/admNLmn'

2020-05-29 03:23:18 - [TEST_STEP][PASSED] - maximizeWindow(): Current window maximized

2020-05-29 03:23:19 - [MESSAGE][PASSED] - Current window maximized

2020-05-29 03:23:19 - [TEST_STEP][PASSED] - delay(30): Delayed 30 second(s)

2020-05-29 03:23:49 - [MESSAGE][PASSED] - Delayed 30 second(s)

2020-05-29 03:23:49 - [TEST_STEP][PASSED] - click(findTestObject("Rizka/Admin/Admin - Login/btnLogin")): Object: 'Object Repository/Rizka/Admin/Admin - Login/btnLogin' is clicked on

2020-05-29 03:23:49 - [MESSAGE][PASSED] - Object: 'Object Repository/Rizka/Admin/Admin - Login/btnLogin' is clicked on

2020-05-29 03:23:49 - [TEST_STEP][PASSED] - setText(findTestObject("Rizka/Admin/Admin - Login/txtUsername"), username): Text '11666' is set on object 'Object Repository/Rizka/Admin/Admin - Login/txtUsername'

2020-05-29 03:23:50 - [MESSAGE][PASSED] - Text '11666' is set on object 'Object Repository/Rizka/Admin/Admin - Login/txtUsername'

2020-05-29 03:23:50 - [TEST_STEP][PASSED] - setText(findTestObject("Rizka/Admin/Admin - Login/txtPassword"), password): Text 'Password3' is set on object 'Object Repository/Rizka/Admin/Admin - Login/txtPassword'

2020-05-29 03:23:50 - [MESSAGE][PASSED] - Text 'Password3' is set on object 'Object Repository/Rizka/Admin/Admin - Login/txtPassword'

2020-05-29 03:23:50 - [TEST_STEP][PASSED] - click(findTestObject("Rizka/Admin/Admin - Login/btnEyePass")): Object: 'Object Repository/Rizka/Admin/Admin - Login/btnEyePass' is clicked on

2020-05-29 03:23:51 - [MESSAGE][PASSED] - Object: 'Object Repository/Rizka/Admin/Admin - Login/btnEyePass' is clicked on

2020-05-29 03:23:51 - [TEST_STEP][PASSED] - if (rememberMe == "yes"): Object: 'Object Repository/Rizka/Admin/Admin - Login/checkboxRememberMe' is clicked on

2020-05-29 03:23:51 - [TEST_STEP][PASSED] - click(findTestObject("Rizka/Admin/Admin - Login/checkboxRememberMe")): Object: 'Object Repository/Rizka/Admin/Admin - Login/checkboxRememberMe' is clicked on

2020-05-29 03:23:51 - [MESSAGE][PASSED] - Object: 'Object Repository/Rizka/Admin/Admin - Login/checkboxRememberMe' is clicked on

2020-05-29 03:23:51 - [TEST_STEP][PASSED] - click(findTestObject("Rizka/Admin/Admin - Login/btnLogin2")): Object: 'Object Repository/Rizka/Admin/Admin - Login/btnLogin2' is clicked on

2020-05-29 03:23:51 - [MESSAGE][PASSED] - Object: 'Object Repository/Rizka/Admin/Admin - Login/btnLogin2' is clicked on

2020-05-29 03:23:51 - [TEST_STEP][PASSED] - delay(10): Delayed 10 second(s)

2020-05-29 03:24:01 - [MESSAGE][PASSED] - Delayed 10 second(s)

2020-05-29 03:24:01 - [TEST_STEP][PASSED] - if (condition == "passed"): Object 'Object Repository/Rizka/Admin/Admin - Login/span_Dashboard' is visible

2020-05-29 03:24:01 - [TEST_STEP][PASSED] - verifyElementVisible(findTestObject("Rizka/Admin/Admin - Login/span_Dashboard")): Object 'Object Repository/Rizka/Admin/Admin - Login/span_Dashboard' is visible

2020-05-29 03:24:06 - [MESSAGE][PASSED] - Object 'Object Repository/Rizka/Admin/Admin - Login/span_Dashboard' is visible

2020-05-29 03:24:06 - [MESSAGE][PASSED] - Call Test Case 'Test Cases/Rizka/Admin/Custom/Admin - Login' successfully

2020-05-29 03:24:06 - [TEST_STEP][PASSED] - delay(3): Delayed 3 second(s)

2020-05-29 03:24:09 - [MESSAGE][PASSED] - Delayed 3 second(s)

2020-05-29 03:24:09 - [TEST_STEP][PASSED] - click(findTestObject("Alda/Admin - Manage Test/Page_Dashboard Admin/span_manage_test")): Object: 'Object Repository/Alda/Admin - Manage Test/Page_Dashboard Admin/span_manage_test' is clicked on

2020-05-29 03:24:12 - [MESSAGE][PASSED] - Object: 'Object Repository/Alda/Admin - Manage Test/Page_Dashboard Admin/span_manage_test' is clicked on

2020-05-29 03:24:12 - [TEST_STEP][PASSED] - click(findTestObject("Alda/Admin - Manage Test/Page_Dashboard Admin/span_pretest_posttest")): Object: 'Object Repository/Alda/Admin - Manage Test/Page_Dashboard Admin/span_pretest_posttest' is clicked on

2020-05-29 03:24:13 - [MESSAGE][PASSED] - Object: 'Object Repository/Alda/Admin - Manage Test/Page_Dashboard Admin/span_pretest_posttest' is clicked on

2020-05-29 03:24:13 - [TEST_STEP][PASSED] - delay(3): Delayed 3 second(s)

2020-05-29 03:24:16 - [MESSAGE][PASSED] - Delayed 3 second(s)

2020-05-29 03:24:16 - [TEST_STEP][PASSED] - click(findTestObject("Alda/Admin - Manage Test/add new question/btn_add_new_question")): Object: 'Object Repository/Alda/Admin - Manage Test/add new question/btn_add_new_question' is clicked on

2020-05-29 03:24:30 - [MESSAGE][PASSED] - Object: 'Object Repository/Alda/Admin - Manage Test/add new question/btn_add_new_question' is clicked on

2020-05-29 03:24:30 - [TEST_STEP][PASSED] - selectOptionByLabel(findTestObject("Alda/Admin - Manage Test/add new question/select_category"), var_category, true): All options with label '' are selected in object 'Object Repository/Alda/Admin - Manage Test/add new question/select_category'  using regular expression

2020-05-29 03:24:40 - [MESSAGE][PASSED] - All options with label '' are selected in object 'Object Repository/Alda/Admin - Manage Test/add new question/select_category'  using regular expression

2020-05-29 03:24:40 - [TEST_STEP][PASSED] - selectOptionByLabel(findTestObject("Alda/Admin - Manage Test/add new question/select_tipe_soal"), var_tipe_soal, true): All options with label 'Pilihan Ganda' are selected in object 'Object Repository/Alda/Admin - Manage Test/add new question/select_tipe_soal'  using regular expression

2020-05-29 03:24:41 - [MESSAGE][PASSED] - All options with label 'Pilihan Ganda' are selected in object 'Object Repository/Alda/Admin - Manage Test/add new question/select_tipe_soal'  using regular expression

2020-05-29 03:24:41 - [TEST_STEP][PASSED] - selectOptionByLabel(findTestObject("Alda/Admin - Manage Test/add new question/select_job_function"), var_job_function, true): All options with label '' are selected in object 'Object Repository/Alda/Admin - Manage Test/add new question/select_job_function'  using regular expression

2020-05-29 03:24:45 - [MESSAGE][PASSED] - All options with label '' are selected in object 'Object Repository/Alda/Admin - Manage Test/add new question/select_job_function'  using regular expression

2020-05-29 03:24:45 - [TEST_STEP][PASSED] - selectOptionByLabel(findTestObject("Alda/Admin - Manage Test/add new question/select_job_position"), var_job_position, true): All options with label '' are selected in object 'Object Repository/Alda/Admin - Manage Test/add new question/select_job_position'  using regular expression

2020-05-29 03:24:45 - [MESSAGE][PASSED] - All options with label '' are selected in object 'Object Repository/Alda/Admin - Manage Test/add new question/select_job_position'  using regular expression

2020-05-29 03:24:45 - [TEST_STEP][PASSED] - selectOptionByLabel(findTestObject("Alda/Admin - Manage Test/add new question/select_module"), var_module, true): All options with label 'NEOP Sales' are selected in object 'Object Repository/Alda/Admin - Manage Test/add new question/select_module'  using regular expression

2020-05-29 03:24:47 - [MESSAGE][PASSED] - All options with label 'NEOP Sales' are selected in object 'Object Repository/Alda/Admin - Manage Test/add new question/select_module'  using regular expression

2020-05-29 03:24:47 - [TEST_STEP][PASSED] - click(findTestObject("Alda/Admin - Manage Test/add new question/input_technical_competence")): Object: 'Object Repository/Alda/Admin - Manage Test/add new question/input_technical_competence' is clicked on

2020-05-29 03:24:50 - [MESSAGE][PASSED] - Object: 'Object Repository/Alda/Admin - Manage Test/add new question/input_technical_competence' is clicked on

2020-05-29 03:24:50 - [TEST_STEP][PASSED] - setText(findTestObject("Alda/Admin - Manage Test/add new question/input_technical_competence"), var_technical_comp): Text '' is set on object 'Object Repository/Alda/Admin - Manage Test/add new question/input_technical_competence'

2020-05-29 03:24:50 - [MESSAGE][PASSED] - Text '' is set on object 'Object Repository/Alda/Admin - Manage Test/add new question/input_technical_competence'

2020-05-29 03:24:50 - [TEST_STEP][PASSED] - click(findTestObject("Alda/Admin - Manage Test/Page_Add Test/input_level_competence_new")): Object: 'Object Repository/Alda/Admin - Manage Test/Page_Add Test/input_level_competence_new' is clicked on

2020-05-29 03:24:50 - [MESSAGE][PASSED] - Object: 'Object Repository/Alda/Admin - Manage Test/Page_Add Test/input_level_competence_new' is clicked on

2020-05-29 03:24:50 - [TEST_STEP][PASSED] - setText(findTestObject("Alda/Admin - Manage Test/Page_Add Test/input_level_competence_new"), var_level_comp): Text '' is set on object 'Object Repository/Alda/Admin - Manage Test/Page_Add Test/input_level_competence_new'

2020-05-29 03:24:51 - [MESSAGE][PASSED] - Text '' is set on object 'Object Repository/Alda/Admin - Manage Test/Page_Add Test/input_level_competence_new'

2020-05-29 03:24:51 - [TEST_STEP][PASSED] - setText(findTestObject("Alda/Admin - Manage Test/add new question/textarea_soal"), var_soal): Text 'Matahari terbenam ke arah?' is set on object 'Object Repository/Alda/Admin - Manage Test/add new question/textarea_soal'

2020-05-29 03:24:51 - [MESSAGE][PASSED] - Text 'Matahari terbenam ke arah?' is set on object 'Object Repository/Alda/Admin - Manage Test/add new question/textarea_soal'

2020-05-29 03:24:51 - [TEST_STEP][PASSED] - switch (var_tipe_soal): null

2020-05-29 03:24:51 - [TEST_STEP][PASSED] - case "Pilihan Ganda":: null

2020-05-29 03:24:51 - [TEST_STEP][PASSED] - setText(findTestObject("Alda/Admin - Manage Test/add new question/input_jawaban_a"), var_jawaban_a): Text 'timur' is set on object 'Object Repository/Alda/Admin - Manage Test/add new question/input_jawaban_a'

2020-05-29 03:24:52 - [MESSAGE][PASSED] - Text 'timur' is set on object 'Object Repository/Alda/Admin - Manage Test/add new question/input_jawaban_a'

2020-05-29 03:24:52 - [TEST_STEP][PASSED] - setText(findTestObject("Alda/Admin - Manage Test/add new question/input_jawaban_b"), var_jawaban_b): Text 'utara' is set on object 'Object Repository/Alda/Admin - Manage Test/add new question/input_jawaban_b'

2020-05-29 03:24:53 - [MESSAGE][PASSED] - Text 'utara' is set on object 'Object Repository/Alda/Admin - Manage Test/add new question/input_jawaban_b'

2020-05-29 03:24:53 - [TEST_STEP][PASSED] - setText(findTestObject("Alda/Admin - Manage Test/add new question/input_jawaban_c"), var_jawaban_c): Text 'selatan' is set on object 'Object Repository/Alda/Admin - Manage Test/add new question/input_jawaban_c'

2020-05-29 03:24:53 - [MESSAGE][PASSED] - Text 'selatan' is set on object 'Object Repository/Alda/Admin - Manage Test/add new question/input_jawaban_c'

2020-05-29 03:24:53 - [TEST_STEP][PASSED] - setText(findTestObject("Alda/Admin - Manage Test/add new question/input_jawaban_d"), var_jawaban_d): Text 'barat' is set on object 'Object Repository/Alda/Admin - Manage Test/add new question/input_jawaban_d'

2020-05-29 03:24:54 - [MESSAGE][PASSED] - Text 'barat' is set on object 'Object Repository/Alda/Admin - Manage Test/add new question/input_jawaban_d'

2020-05-29 03:24:54 - [TEST_STEP][PASSED] - selectOptionByLabel(findTestObject("Alda/Admin - Manage Test/add new question/select_ABCD"), var_kunci_jawaban, true): All options with label 'D' are selected in object 'Object Repository/Alda/Admin - Manage Test/add new question/select_ABCD'  using regular expression

2020-05-29 03:24:55 - [MESSAGE][PASSED] - All options with label 'D' are selected in object 'Object Repository/Alda/Admin - Manage Test/add new question/select_ABCD'  using regular expression

2020-05-29 03:24:55 - [TEST_STEP][PASSED] - break: null

2020-05-29 03:24:55 - [TEST_STEP][PASSED] - switch (expected_output): null

2020-05-29 03:24:55 - [TEST_STEP][PASSED] - case "fail":: null

2020-05-29 03:24:55 - [TEST_STEP][PASSED] - verifyElementNotClickable(findTestObject("Alda/Admin - Manage Test/Page_Add Test/button_Submit")): Object 'Object Repository/Alda/Admin - Manage Test/Page_Add Test/button_Submit' is NOT clickable

2020-05-29 03:24:55 - [MESSAGE][PASSED] - Object 'Object Repository/Alda/Admin - Manage Test/Page_Add Test/button_Submit' is NOT clickable

2020-05-29 03:24:55 - [TEST_STEP][PASSED] - break: null]]></system-out>
         <system-err><![CDATA[]]></system-err>
      </testcase>
      <testcase name="Test Cases/Alda/Admin - Manage Test - Pretest Posttest/Pretest Posttest - Add New Question" time="123.007" classname="Test Cases/Alda/Admin - Manage Test - Pretest Posttest/Pretest Posttest - Add New Question" status="PASSED">
         <system-out><![CDATA[2020-05-29 03:24:55 - [TEST_CASE][PASSED] - Test Cases/Alda/Admin - Manage Test - Pretest Posttest/Pretest Posttest - Add New Question: Test Cases/Alda/Admin - Manage Test - Pretest Posttest/Pretest Posttest - Add New Question

2020-05-29 03:24:55 - [TEST_STEP][PASSED] - callTestCase(findTestCase("Rizka/Admin/Custom/Admin - Login"), ["username":"11666", "password":"Password3", "rememberMe":"yes", "condition":"passed"], STOP_ON_FAILURE): Call Test Case 'Test Cases/Rizka/Admin/Custom/Admin - Login' successfully

2020-05-29 03:24:55 - [TEST_CASE][PASSED] - Test Cases/Rizka/Admin/Custom/Admin - Login: Test Cases/Rizka/Admin/Custom/Admin - Login

2020-05-29 03:24:55 - [TEST_STEP][PASSED] - openBrowser("https://appsrv1.deltadatamandiri.com/ACC_LMS_WEB/#/admNLmn"): Browser is opened with url: 'https://appsrv1.deltadatamandiri.com/ACC_LMS_WEB/#/admNLmn'

2020-05-29 03:24:55 - [MESSAGE][WARNING] - A browser is already opened. Closing browser and opening a new one

2020-05-29 03:24:56 - [MESSAGE][INFO] - Starting 'Chrome' driver

2020-05-29 03:25:10 - [MESSAGE][PASSED] - Browser is opened with url: 'https://appsrv1.deltadatamandiri.com/ACC_LMS_WEB/#/admNLmn'

2020-05-29 03:25:10 - [TEST_STEP][PASSED] - maximizeWindow(): Current window maximized

2020-05-29 03:25:11 - [MESSAGE][PASSED] - Current window maximized

2020-05-29 03:25:11 - [TEST_STEP][PASSED] - delay(30): Delayed 30 second(s)

2020-05-29 03:25:41 - [MESSAGE][PASSED] - Delayed 30 second(s)

2020-05-29 03:25:41 - [TEST_STEP][PASSED] - click(findTestObject("Rizka/Admin/Admin - Login/btnLogin")): Object: 'Object Repository/Rizka/Admin/Admin - Login/btnLogin' is clicked on

2020-05-29 03:25:41 - [MESSAGE][PASSED] - Object: 'Object Repository/Rizka/Admin/Admin - Login/btnLogin' is clicked on

2020-05-29 03:25:41 - [TEST_STEP][PASSED] - setText(findTestObject("Rizka/Admin/Admin - Login/txtUsername"), username): Text '11666' is set on object 'Object Repository/Rizka/Admin/Admin - Login/txtUsername'

2020-05-29 03:25:42 - [MESSAGE][PASSED] - Text '11666' is set on object 'Object Repository/Rizka/Admin/Admin - Login/txtUsername'

2020-05-29 03:25:42 - [TEST_STEP][PASSED] - setText(findTestObject("Rizka/Admin/Admin - Login/txtPassword"), password): Text 'Password3' is set on object 'Object Repository/Rizka/Admin/Admin - Login/txtPassword'

2020-05-29 03:25:42 - [MESSAGE][PASSED] - Text 'Password3' is set on object 'Object Repository/Rizka/Admin/Admin - Login/txtPassword'

2020-05-29 03:25:42 - [TEST_STEP][PASSED] - click(findTestObject("Rizka/Admin/Admin - Login/btnEyePass")): Object: 'Object Repository/Rizka/Admin/Admin - Login/btnEyePass' is clicked on

2020-05-29 03:25:43 - [MESSAGE][PASSED] - Object: 'Object Repository/Rizka/Admin/Admin - Login/btnEyePass' is clicked on

2020-05-29 03:25:43 - [TEST_STEP][PASSED] - if (rememberMe == "yes"): Object: 'Object Repository/Rizka/Admin/Admin - Login/checkboxRememberMe' is clicked on

2020-05-29 03:25:43 - [TEST_STEP][PASSED] - click(findTestObject("Rizka/Admin/Admin - Login/checkboxRememberMe")): Object: 'Object Repository/Rizka/Admin/Admin - Login/checkboxRememberMe' is clicked on

2020-05-29 03:25:43 - [MESSAGE][PASSED] - Object: 'Object Repository/Rizka/Admin/Admin - Login/checkboxRememberMe' is clicked on

2020-05-29 03:25:43 - [TEST_STEP][PASSED] - click(findTestObject("Rizka/Admin/Admin - Login/btnLogin2")): Object: 'Object Repository/Rizka/Admin/Admin - Login/btnLogin2' is clicked on

2020-05-29 03:25:43 - [MESSAGE][PASSED] - Object: 'Object Repository/Rizka/Admin/Admin - Login/btnLogin2' is clicked on

2020-05-29 03:25:43 - [TEST_STEP][PASSED] - delay(10): Delayed 10 second(s)

2020-05-29 03:25:53 - [MESSAGE][PASSED] - Delayed 10 second(s)

2020-05-29 03:25:53 - [TEST_STEP][PASSED] - if (condition == "passed"): Object 'Object Repository/Rizka/Admin/Admin - Login/span_Dashboard' is visible

2020-05-29 03:25:53 - [TEST_STEP][PASSED] - verifyElementVisible(findTestObject("Rizka/Admin/Admin - Login/span_Dashboard")): Object 'Object Repository/Rizka/Admin/Admin - Login/span_Dashboard' is visible

2020-05-29 03:25:57 - [MESSAGE][PASSED] - Object 'Object Repository/Rizka/Admin/Admin - Login/span_Dashboard' is visible

2020-05-29 03:25:57 - [MESSAGE][PASSED] - Call Test Case 'Test Cases/Rizka/Admin/Custom/Admin - Login' successfully

2020-05-29 03:25:57 - [TEST_STEP][PASSED] - delay(3): Delayed 3 second(s)

2020-05-29 03:26:00 - [MESSAGE][PASSED] - Delayed 3 second(s)

2020-05-29 03:26:00 - [TEST_STEP][PASSED] - click(findTestObject("Alda/Admin - Manage Test/Page_Dashboard Admin/span_manage_test")): Object: 'Object Repository/Alda/Admin - Manage Test/Page_Dashboard Admin/span_manage_test' is clicked on

2020-05-29 03:26:01 - [MESSAGE][PASSED] - Object: 'Object Repository/Alda/Admin - Manage Test/Page_Dashboard Admin/span_manage_test' is clicked on

2020-05-29 03:26:01 - [TEST_STEP][PASSED] - click(findTestObject("Alda/Admin - Manage Test/Page_Dashboard Admin/span_pretest_posttest")): Object: 'Object Repository/Alda/Admin - Manage Test/Page_Dashboard Admin/span_pretest_posttest' is clicked on

2020-05-29 03:26:01 - [MESSAGE][PASSED] - Object: 'Object Repository/Alda/Admin - Manage Test/Page_Dashboard Admin/span_pretest_posttest' is clicked on

2020-05-29 03:26:01 - [TEST_STEP][PASSED] - delay(3): Delayed 3 second(s)

2020-05-29 03:26:04 - [MESSAGE][PASSED] - Delayed 3 second(s)

2020-05-29 03:26:04 - [TEST_STEP][PASSED] - click(findTestObject("Alda/Admin - Manage Test/add new question/btn_add_new_question")): Object: 'Object Repository/Alda/Admin - Manage Test/add new question/btn_add_new_question' is clicked on

2020-05-29 03:26:21 - [MESSAGE][PASSED] - Object: 'Object Repository/Alda/Admin - Manage Test/add new question/btn_add_new_question' is clicked on

2020-05-29 03:26:21 - [TEST_STEP][PASSED] - selectOptionByLabel(findTestObject("Alda/Admin - Manage Test/add new question/select_category"), var_category, true): All options with label 'Post-Test' are selected in object 'Object Repository/Alda/Admin - Manage Test/add new question/select_category'  using regular expression

2020-05-29 03:26:31 - [MESSAGE][PASSED] - All options with label 'Post-Test' are selected in object 'Object Repository/Alda/Admin - Manage Test/add new question/select_category'  using regular expression

2020-05-29 03:26:31 - [TEST_STEP][PASSED] - selectOptionByLabel(findTestObject("Alda/Admin - Manage Test/add new question/select_tipe_soal"), var_tipe_soal, true): All options with label '' are selected in object 'Object Repository/Alda/Admin - Manage Test/add new question/select_tipe_soal'  using regular expression

2020-05-29 03:26:48 - [MESSAGE][PASSED] - All options with label '' are selected in object 'Object Repository/Alda/Admin - Manage Test/add new question/select_tipe_soal'  using regular expression

2020-05-29 03:26:48 - [TEST_STEP][PASSED] - selectOptionByLabel(findTestObject("Alda/Admin - Manage Test/add new question/select_job_function"), var_job_function, true): All options with label 'AR' are selected in object 'Object Repository/Alda/Admin - Manage Test/add new question/select_job_function'  using regular expression

2020-05-29 03:26:49 - [MESSAGE][PASSED] - All options with label 'AR' are selected in object 'Object Repository/Alda/Admin - Manage Test/add new question/select_job_function'  using regular expression

2020-05-29 03:26:49 - [TEST_STEP][PASSED] - selectOptionByLabel(findTestObject("Alda/Admin - Manage Test/add new question/select_job_position"), var_job_position, true): All options with label '' are selected in object 'Object Repository/Alda/Admin - Manage Test/add new question/select_job_position'  using regular expression

2020-05-29 03:26:52 - [MESSAGE][PASSED] - All options with label '' are selected in object 'Object Repository/Alda/Admin - Manage Test/add new question/select_job_position'  using regular expression

2020-05-29 03:26:52 - [TEST_STEP][PASSED] - selectOptionByLabel(findTestObject("Alda/Admin - Manage Test/add new question/select_module"), var_module, true): All options with label 'NEOP Sales' are selected in object 'Object Repository/Alda/Admin - Manage Test/add new question/select_module'  using regular expression

2020-05-29 03:26:54 - [MESSAGE][PASSED] - All options with label 'NEOP Sales' are selected in object 'Object Repository/Alda/Admin - Manage Test/add new question/select_module'  using regular expression

2020-05-29 03:26:54 - [TEST_STEP][PASSED] - click(findTestObject("Alda/Admin - Manage Test/add new question/input_technical_competence")): Object: 'Object Repository/Alda/Admin - Manage Test/add new question/input_technical_competence' is clicked on

2020-05-29 03:26:56 - [MESSAGE][PASSED] - Object: 'Object Repository/Alda/Admin - Manage Test/add new question/input_technical_competence' is clicked on

2020-05-29 03:26:56 - [TEST_STEP][PASSED] - setText(findTestObject("Alda/Admin - Manage Test/add new question/input_technical_competence"), var_technical_comp): Text '' is set on object 'Object Repository/Alda/Admin - Manage Test/add new question/input_technical_competence'

2020-05-29 03:26:57 - [MESSAGE][PASSED] - Text '' is set on object 'Object Repository/Alda/Admin - Manage Test/add new question/input_technical_competence'

2020-05-29 03:26:57 - [TEST_STEP][PASSED] - click(findTestObject("Alda/Admin - Manage Test/Page_Add Test/input_level_competence_new")): Object: 'Object Repository/Alda/Admin - Manage Test/Page_Add Test/input_level_competence_new' is clicked on

2020-05-29 03:26:57 - [MESSAGE][PASSED] - Object: 'Object Repository/Alda/Admin - Manage Test/Page_Add Test/input_level_competence_new' is clicked on

2020-05-29 03:26:57 - [TEST_STEP][PASSED] - setText(findTestObject("Alda/Admin - Manage Test/Page_Add Test/input_level_competence_new"), var_level_comp): Text '' is set on object 'Object Repository/Alda/Admin - Manage Test/Page_Add Test/input_level_competence_new'

2020-05-29 03:26:57 - [MESSAGE][PASSED] - Text '' is set on object 'Object Repository/Alda/Admin - Manage Test/Page_Add Test/input_level_competence_new'

2020-05-29 03:26:57 - [TEST_STEP][PASSED] - setText(findTestObject("Alda/Admin - Manage Test/add new question/textarea_soal"), var_soal): Text 'Matahari terbenam ke arah?' is set on object 'Object Repository/Alda/Admin - Manage Test/add new question/textarea_soal'

2020-05-29 03:26:58 - [MESSAGE][PASSED] - Text 'Matahari terbenam ke arah?' is set on object 'Object Repository/Alda/Admin - Manage Test/add new question/textarea_soal'

2020-05-29 03:26:58 - [TEST_STEP][PASSED] - switch (var_tipe_soal): null

2020-05-29 03:26:58 - [TEST_STEP][PASSED] - switch (expected_output): null

2020-05-29 03:26:58 - [TEST_STEP][PASSED] - case "fail":: null

2020-05-29 03:26:58 - [TEST_STEP][PASSED] - verifyElementNotClickable(findTestObject("Alda/Admin - Manage Test/Page_Add Test/button_Submit")): Object 'Object Repository/Alda/Admin - Manage Test/Page_Add Test/button_Submit' is NOT clickable

2020-05-29 03:26:58 - [MESSAGE][PASSED] - Object 'Object Repository/Alda/Admin - Manage Test/Page_Add Test/button_Submit' is NOT clickable

2020-05-29 03:26:58 - [TEST_STEP][PASSED] - break: null]]></system-out>
         <system-err><![CDATA[]]></system-err>
      </testcase>
      <testcase name="Test Cases/Alda/Admin - Manage Test - Pretest Posttest/Pretest Posttest - Add New Question" time="147.507" classname="Test Cases/Alda/Admin - Manage Test - Pretest Posttest/Pretest Posttest - Add New Question" status="FAILED">
         <failure type="FAILED" message="Test Cases/Alda/Admin - Manage Test - Pretest Posttest/Pretest Posttest - Add New Question FAILED.
Reason:
com.kms.katalon.core.exception.StepFailedException: Unable to verify object 'Object Repository/Alda/Admin - Manage Test/Page_Add Test/button_Submit' to be NOT clickable
	at com.kms.katalon.core.webui.keyword.internal.WebUIKeywordMain.stepFailed(WebUIKeywordMain.groovy:64)
	at com.kms.katalon.core.webui.keyword.internal.WebUIKeywordMain.runKeyword(WebUIKeywordMain.groovy:26)
	at com.kms.katalon.core.webui.keyword.builtin.VerifyElementNotClickableKeyword.verifyElementNotClickable(VerifyElementNotClickableKeyword.groovy:96)
	at com.kms.katalon.core.webui.keyword.builtin.VerifyElementNotClickableKeyword.execute(VerifyElementNotClickableKeyword.groovy:67)
	at com.kms.katalon.core.keyword.internal.KeywordExecutor.executeKeywordForPlatform(KeywordExecutor.groovy:60)
	at com.kms.katalon.core.webui.keyword.WebUiBuiltInKeywords.verifyElementNotClickable(WebUiBuiltInKeywords.groovy:591)
	at com.kms.katalon.core.webui.keyword.WebUiBuiltInKeywords$verifyElementNotClickable$5.call(Unknown Source)
	at Pretest Posttest - Add New Question.run(Pretest Posttest - Add New Question:95)
	at com.kms.katalon.core.main.ScriptEngine.run(ScriptEngine.java:194)
	at com.kms.katalon.core.main.ScriptEngine.runScriptAsRawText(ScriptEngine.java:119)
	at com.kms.katalon.core.main.TestCaseExecutor.runScript(TestCaseExecutor.java:337)
	at com.kms.katalon.core.main.TestCaseExecutor.doExecute(TestCaseExecutor.java:328)
	at com.kms.katalon.core.main.TestCaseExecutor.processExecutionPhase(TestCaseExecutor.java:307)
	at com.kms.katalon.core.main.TestCaseExecutor.accessMainPhase(TestCaseExecutor.java:299)
	at com.kms.katalon.core.main.TestCaseExecutor.execute(TestCaseExecutor.java:233)
	at com.kms.katalon.core.main.TestSuiteExecutor.accessTestCaseMainPhase(TestSuiteExecutor.java:169)
	at com.kms.katalon.core.main.TestSuiteExecutor.accessTestSuiteMainPhase(TestSuiteExecutor.java:142)
	at com.kms.katalon.core.main.TestSuiteExecutor.execute(TestSuiteExecutor.java:91)
	at com.kms.katalon.core.main.TestCaseMain.startTestSuite(TestCaseMain.java:157)
	at com.kms.katalon.core.main.TestCaseMain$startTestSuite$0.call(Unknown Source)
	at TempTestSuite1590697236639.run(TempTestSuite1590697236639.groovy:36)
Caused by: com.kms.katalon.core.exception.StepFailedException: Object 'Object Repository/Alda/Admin - Manage Test/Page_Add Test/button_Submit' is clickable
	at com.kms.katalon.core.webui.keyword.internal.WebUIKeywordMain.stepFailed(WebUIKeywordMain.groovy:64)
	at com.kms.katalon.core.webui.keyword.builtin.VerifyElementNotClickableKeyword$_verifyElementNotClickable_closure1.doCall(VerifyElementNotClickableKeyword.groovy:80)
	at com.kms.katalon.core.webui.keyword.builtin.VerifyElementNotClickableKeyword$_verifyElementNotClickable_closure1.call(VerifyElementNotClickableKeyword.groovy)
	at com.kms.katalon.core.webui.keyword.internal.WebUIKeywordMain.runKeyword(WebUIKeywordMain.groovy:20)
	... 19 more
"/>
         <system-out><![CDATA[2020-05-29 03:26:58 - [TEST_CASE][FAILED] - Test Cases/Alda/Admin - Manage Test - Pretest Posttest/Pretest Posttest - Add New Question: Test Cases/Alda/Admin - Manage Test - Pretest Posttest/Pretest Posttest - Add New Question FAILED.
Reason:
com.kms.katalon.core.exception.StepFailedException: Unable to verify object 'Object Repository/Alda/Admin - Manage Test/Page_Add Test/button_Submit' to be NOT clickable
	at com.kms.katalon.core.webui.keyword.internal.WebUIKeywordMain.stepFailed(WebUIKeywordMain.groovy:64)
	at com.kms.katalon.core.webui.keyword.internal.WebUIKeywordMain.runKeyword(WebUIKeywordMain.groovy:26)
	at com.kms.katalon.core.webui.keyword.builtin.VerifyElementNotClickableKeyword.verifyElementNotClickable(VerifyElementNotClickableKeyword.groovy:96)
	at com.kms.katalon.core.webui.keyword.builtin.VerifyElementNotClickableKeyword.execute(VerifyElementNotClickableKeyword.groovy:67)
	at com.kms.katalon.core.keyword.internal.KeywordExecutor.executeKeywordForPlatform(KeywordExecutor.groovy:60)
	at com.kms.katalon.core.webui.keyword.WebUiBuiltInKeywords.verifyElementNotClickable(WebUiBuiltInKeywords.groovy:591)
	at com.kms.katalon.core.webui.keyword.WebUiBuiltInKeywords$verifyElementNotClickable$5.call(Unknown Source)
	at Pretest Posttest - Add New Question.run(Pretest Posttest - Add New Question:95)
	at com.kms.katalon.core.main.ScriptEngine.run(ScriptEngine.java:194)
	at com.kms.katalon.core.main.ScriptEngine.runScriptAsRawText(ScriptEngine.java:119)
	at com.kms.katalon.core.main.TestCaseExecutor.runScript(TestCaseExecutor.java:337)
	at com.kms.katalon.core.main.TestCaseExecutor.doExecute(TestCaseExecutor.java:328)
	at com.kms.katalon.core.main.TestCaseExecutor.processExecutionPhase(TestCaseExecutor.java:307)
	at com.kms.katalon.core.main.TestCaseExecutor.accessMainPhase(TestCaseExecutor.java:299)
	at com.kms.katalon.core.main.TestCaseExecutor.execute(TestCaseExecutor.java:233)
	at com.kms.katalon.core.main.TestSuiteExecutor.accessTestCaseMainPhase(TestSuiteExecutor.java:169)
	at com.kms.katalon.core.main.TestSuiteExecutor.accessTestSuiteMainPhase(TestSuiteExecutor.java:142)
	at com.kms.katalon.core.main.TestSuiteExecutor.execute(TestSuiteExecutor.java:91)
	at com.kms.katalon.core.main.TestCaseMain.startTestSuite(TestCaseMain.java:157)
	at com.kms.katalon.core.main.TestCaseMain$startTestSuite$0.call(Unknown Source)
	at TempTestSuite1590697236639.run(TempTestSuite1590697236639.groovy:36)
Caused by: com.kms.katalon.core.exception.StepFailedException: Object 'Object Repository/Alda/Admin - Manage Test/Page_Add Test/button_Submit' is clickable
	at com.kms.katalon.core.webui.keyword.internal.WebUIKeywordMain.stepFailed(WebUIKeywordMain.groovy:64)
	at com.kms.katalon.core.webui.keyword.builtin.VerifyElementNotClickableKeyword$_verifyElementNotClickable_closure1.doCall(VerifyElementNotClickableKeyword.groovy:80)
	at com.kms.katalon.core.webui.keyword.builtin.VerifyElementNotClickableKeyword$_verifyElementNotClickable_closure1.call(VerifyElementNotClickableKeyword.groovy)
	at com.kms.katalon.core.webui.keyword.internal.WebUIKeywordMain.runKeyword(WebUIKeywordMain.groovy:20)
	... 19 more


2020-05-29 03:26:58 - [TEST_STEP][PASSED] - callTestCase(findTestCase("Rizka/Admin/Custom/Admin - Login"), ["username":"11666", "password":"Password3", "rememberMe":"yes", "condition":"passed"], STOP_ON_FAILURE): Call Test Case 'Test Cases/Rizka/Admin/Custom/Admin - Login' successfully

2020-05-29 03:26:58 - [TEST_CASE][PASSED] - Test Cases/Rizka/Admin/Custom/Admin - Login: Test Cases/Rizka/Admin/Custom/Admin - Login

2020-05-29 03:26:58 - [TEST_STEP][PASSED] - openBrowser("https://appsrv1.deltadatamandiri.com/ACC_LMS_WEB/#/admNLmn"): Browser is opened with url: 'https://appsrv1.deltadatamandiri.com/ACC_LMS_WEB/#/admNLmn'

2020-05-29 03:26:58 - [MESSAGE][WARNING] - A browser is already opened. Closing browser and opening a new one

2020-05-29 03:26:59 - [MESSAGE][INFO] - Starting 'Chrome' driver

2020-05-29 03:27:17 - [MESSAGE][PASSED] - Browser is opened with url: 'https://appsrv1.deltadatamandiri.com/ACC_LMS_WEB/#/admNLmn'

2020-05-29 03:27:17 - [TEST_STEP][PASSED] - maximizeWindow(): Current window maximized

2020-05-29 03:27:19 - [MESSAGE][PASSED] - Current window maximized

2020-05-29 03:27:19 - [TEST_STEP][PASSED] - delay(30): Delayed 30 second(s)

2020-05-29 03:27:49 - [MESSAGE][PASSED] - Delayed 30 second(s)

2020-05-29 03:27:49 - [TEST_STEP][PASSED] - click(findTestObject("Rizka/Admin/Admin - Login/btnLogin")): Object: 'Object Repository/Rizka/Admin/Admin - Login/btnLogin' is clicked on

2020-05-29 03:27:49 - [MESSAGE][PASSED] - Object: 'Object Repository/Rizka/Admin/Admin - Login/btnLogin' is clicked on

2020-05-29 03:27:49 - [TEST_STEP][PASSED] - setText(findTestObject("Rizka/Admin/Admin - Login/txtUsername"), username): Text '11666' is set on object 'Object Repository/Rizka/Admin/Admin - Login/txtUsername'

2020-05-29 03:27:49 - [MESSAGE][PASSED] - Text '11666' is set on object 'Object Repository/Rizka/Admin/Admin - Login/txtUsername'

2020-05-29 03:27:49 - [TEST_STEP][PASSED] - setText(findTestObject("Rizka/Admin/Admin - Login/txtPassword"), password): Text 'Password3' is set on object 'Object Repository/Rizka/Admin/Admin - Login/txtPassword'

2020-05-29 03:27:50 - [MESSAGE][PASSED] - Text 'Password3' is set on object 'Object Repository/Rizka/Admin/Admin - Login/txtPassword'

2020-05-29 03:27:50 - [TEST_STEP][PASSED] - click(findTestObject("Rizka/Admin/Admin - Login/btnEyePass")): Object: 'Object Repository/Rizka/Admin/Admin - Login/btnEyePass' is clicked on

2020-05-29 03:27:50 - [MESSAGE][PASSED] - Object: 'Object Repository/Rizka/Admin/Admin - Login/btnEyePass' is clicked on

2020-05-29 03:27:50 - [TEST_STEP][PASSED] - if (rememberMe == "yes"): Object: 'Object Repository/Rizka/Admin/Admin - Login/checkboxRememberMe' is clicked on

2020-05-29 03:27:50 - [TEST_STEP][PASSED] - click(findTestObject("Rizka/Admin/Admin - Login/checkboxRememberMe")): Object: 'Object Repository/Rizka/Admin/Admin - Login/checkboxRememberMe' is clicked on

2020-05-29 03:27:51 - [MESSAGE][PASSED] - Object: 'Object Repository/Rizka/Admin/Admin - Login/checkboxRememberMe' is clicked on

2020-05-29 03:27:51 - [TEST_STEP][PASSED] - click(findTestObject("Rizka/Admin/Admin - Login/btnLogin2")): Object: 'Object Repository/Rizka/Admin/Admin - Login/btnLogin2' is clicked on

2020-05-29 03:27:51 - [MESSAGE][PASSED] - Object: 'Object Repository/Rizka/Admin/Admin - Login/btnLogin2' is clicked on

2020-05-29 03:27:51 - [TEST_STEP][PASSED] - delay(10): Delayed 10 second(s)

2020-05-29 03:28:01 - [MESSAGE][PASSED] - Delayed 10 second(s)

2020-05-29 03:28:01 - [TEST_STEP][PASSED] - if (condition == "passed"): Object 'Object Repository/Rizka/Admin/Admin - Login/span_Dashboard' is visible

2020-05-29 03:28:01 - [TEST_STEP][PASSED] - verifyElementVisible(findTestObject("Rizka/Admin/Admin - Login/span_Dashboard")): Object 'Object Repository/Rizka/Admin/Admin - Login/span_Dashboard' is visible

2020-05-29 03:28:16 - [MESSAGE][PASSED] - Object 'Object Repository/Rizka/Admin/Admin - Login/span_Dashboard' is visible

2020-05-29 03:28:16 - [MESSAGE][PASSED] - Call Test Case 'Test Cases/Rizka/Admin/Custom/Admin - Login' successfully

2020-05-29 03:28:16 - [TEST_STEP][PASSED] - delay(3): Delayed 3 second(s)

2020-05-29 03:28:19 - [MESSAGE][PASSED] - Delayed 3 second(s)

2020-05-29 03:28:19 - [TEST_STEP][PASSED] - click(findTestObject("Alda/Admin - Manage Test/Page_Dashboard Admin/span_manage_test")): Object: 'Object Repository/Alda/Admin - Manage Test/Page_Dashboard Admin/span_manage_test' is clicked on

2020-05-29 03:28:19 - [MESSAGE][PASSED] - Object: 'Object Repository/Alda/Admin - Manage Test/Page_Dashboard Admin/span_manage_test' is clicked on

2020-05-29 03:28:19 - [TEST_STEP][PASSED] - click(findTestObject("Alda/Admin - Manage Test/Page_Dashboard Admin/span_pretest_posttest")): Object: 'Object Repository/Alda/Admin - Manage Test/Page_Dashboard Admin/span_pretest_posttest' is clicked on

2020-05-29 03:28:20 - [MESSAGE][PASSED] - Object: 'Object Repository/Alda/Admin - Manage Test/Page_Dashboard Admin/span_pretest_posttest' is clicked on

2020-05-29 03:28:20 - [TEST_STEP][PASSED] - delay(3): Delayed 3 second(s)

2020-05-29 03:28:23 - [MESSAGE][PASSED] - Delayed 3 second(s)

2020-05-29 03:28:23 - [TEST_STEP][PASSED] - click(findTestObject("Alda/Admin - Manage Test/add new question/btn_add_new_question")): Object: 'Object Repository/Alda/Admin - Manage Test/add new question/btn_add_new_question' is clicked on

2020-05-29 03:28:38 - [MESSAGE][PASSED] - Object: 'Object Repository/Alda/Admin - Manage Test/add new question/btn_add_new_question' is clicked on

2020-05-29 03:28:38 - [TEST_STEP][PASSED] - selectOptionByLabel(findTestObject("Alda/Admin - Manage Test/add new question/select_category"), var_category, true): All options with label 'Pre-Test' are selected in object 'Object Repository/Alda/Admin - Manage Test/add new question/select_category'  using regular expression

2020-05-29 03:28:48 - [MESSAGE][PASSED] - All options with label 'Pre-Test' are selected in object 'Object Repository/Alda/Admin - Manage Test/add new question/select_category'  using regular expression

2020-05-29 03:28:48 - [TEST_STEP][PASSED] - selectOptionByLabel(findTestObject("Alda/Admin - Manage Test/add new question/select_tipe_soal"), var_tipe_soal, true): All options with label 'Pilihan Ganda' are selected in object 'Object Repository/Alda/Admin - Manage Test/add new question/select_tipe_soal'  using regular expression

2020-05-29 03:29:03 - [MESSAGE][PASSED] - All options with label 'Pilihan Ganda' are selected in object 'Object Repository/Alda/Admin - Manage Test/add new question/select_tipe_soal'  using regular expression

2020-05-29 03:29:03 - [TEST_STEP][PASSED] - selectOptionByLabel(findTestObject("Alda/Admin - Manage Test/add new question/select_job_function"), var_job_function, true): All options with label '' are selected in object 'Object Repository/Alda/Admin - Manage Test/add new question/select_job_function'  using regular expression

2020-05-29 03:29:10 - [MESSAGE][PASSED] - All options with label '' are selected in object 'Object Repository/Alda/Admin - Manage Test/add new question/select_job_function'  using regular expression

2020-05-29 03:29:10 - [TEST_STEP][PASSED] - selectOptionByLabel(findTestObject("Alda/Admin - Manage Test/add new question/select_job_position"), var_job_position, true): All options with label '' are selected in object 'Object Repository/Alda/Admin - Manage Test/add new question/select_job_position'  using regular expression

2020-05-29 03:29:11 - [MESSAGE][PASSED] - All options with label '' are selected in object 'Object Repository/Alda/Admin - Manage Test/add new question/select_job_position'  using regular expression

2020-05-29 03:29:11 - [TEST_STEP][PASSED] - selectOptionByLabel(findTestObject("Alda/Admin - Manage Test/add new question/select_module"), var_module, true): All options with label '' are selected in object 'Object Repository/Alda/Admin - Manage Test/add new question/select_module'  using regular expression

2020-05-29 03:29:13 - [MESSAGE][PASSED] - All options with label '' are selected in object 'Object Repository/Alda/Admin - Manage Test/add new question/select_module'  using regular expression

2020-05-29 03:29:13 - [TEST_STEP][PASSED] - click(findTestObject("Alda/Admin - Manage Test/add new question/input_technical_competence")): Object: 'Object Repository/Alda/Admin - Manage Test/add new question/input_technical_competence' is clicked on

2020-05-29 03:29:19 - [MESSAGE][PASSED] - Object: 'Object Repository/Alda/Admin - Manage Test/add new question/input_technical_competence' is clicked on

2020-05-29 03:29:19 - [TEST_STEP][PASSED] - setText(findTestObject("Alda/Admin - Manage Test/add new question/input_technical_competence"), var_technical_comp): Text '' is set on object 'Object Repository/Alda/Admin - Manage Test/add new question/input_technical_competence'

2020-05-29 03:29:20 - [MESSAGE][PASSED] - Text '' is set on object 'Object Repository/Alda/Admin - Manage Test/add new question/input_technical_competence'

2020-05-29 03:29:20 - [TEST_STEP][PASSED] - click(findTestObject("Alda/Admin - Manage Test/Page_Add Test/input_level_competence_new")): Object: 'Object Repository/Alda/Admin - Manage Test/Page_Add Test/input_level_competence_new' is clicked on

2020-05-29 03:29:20 - [MESSAGE][PASSED] - Object: 'Object Repository/Alda/Admin - Manage Test/Page_Add Test/input_level_competence_new' is clicked on

2020-05-29 03:29:20 - [TEST_STEP][PASSED] - setText(findTestObject("Alda/Admin - Manage Test/Page_Add Test/input_level_competence_new"), var_level_comp): Text '' is set on object 'Object Repository/Alda/Admin - Manage Test/Page_Add Test/input_level_competence_new'

2020-05-29 03:29:20 - [MESSAGE][PASSED] - Text '' is set on object 'Object Repository/Alda/Admin - Manage Test/Page_Add Test/input_level_competence_new'

2020-05-29 03:29:20 - [TEST_STEP][PASSED] - setText(findTestObject("Alda/Admin - Manage Test/add new question/textarea_soal"), var_soal): Text 'Matahari terbenam ke arah?' is set on object 'Object Repository/Alda/Admin - Manage Test/add new question/textarea_soal'

2020-05-29 03:29:21 - [MESSAGE][PASSED] - Text 'Matahari terbenam ke arah?' is set on object 'Object Repository/Alda/Admin - Manage Test/add new question/textarea_soal'

2020-05-29 03:29:21 - [TEST_STEP][PASSED] - switch (var_tipe_soal): null

2020-05-29 03:29:21 - [TEST_STEP][PASSED] - case "Pilihan Ganda":: null

2020-05-29 03:29:21 - [TEST_STEP][PASSED] - setText(findTestObject("Alda/Admin - Manage Test/add new question/input_jawaban_a"), var_jawaban_a): Text 'timur' is set on object 'Object Repository/Alda/Admin - Manage Test/add new question/input_jawaban_a'

2020-05-29 03:29:22 - [MESSAGE][PASSED] - Text 'timur' is set on object 'Object Repository/Alda/Admin - Manage Test/add new question/input_jawaban_a'

2020-05-29 03:29:22 - [TEST_STEP][PASSED] - setText(findTestObject("Alda/Admin - Manage Test/add new question/input_jawaban_b"), var_jawaban_b): Text 'utara' is set on object 'Object Repository/Alda/Admin - Manage Test/add new question/input_jawaban_b'

2020-05-29 03:29:22 - [MESSAGE][PASSED] - Text 'utara' is set on object 'Object Repository/Alda/Admin - Manage Test/add new question/input_jawaban_b'

2020-05-29 03:29:22 - [TEST_STEP][PASSED] - setText(findTestObject("Alda/Admin - Manage Test/add new question/input_jawaban_c"), var_jawaban_c): Text 'selatan' is set on object 'Object Repository/Alda/Admin - Manage Test/add new question/input_jawaban_c'

2020-05-29 03:29:23 - [MESSAGE][PASSED] - Text 'selatan' is set on object 'Object Repository/Alda/Admin - Manage Test/add new question/input_jawaban_c'

2020-05-29 03:29:23 - [TEST_STEP][PASSED] - setText(findTestObject("Alda/Admin - Manage Test/add new question/input_jawaban_d"), var_jawaban_d): Text 'barat' is set on object 'Object Repository/Alda/Admin - Manage Test/add new question/input_jawaban_d'

2020-05-29 03:29:23 - [MESSAGE][PASSED] - Text 'barat' is set on object 'Object Repository/Alda/Admin - Manage Test/add new question/input_jawaban_d'

2020-05-29 03:29:23 - [TEST_STEP][PASSED] - selectOptionByLabel(findTestObject("Alda/Admin - Manage Test/add new question/select_ABCD"), var_kunci_jawaban, true): All options with label 'D' are selected in object 'Object Repository/Alda/Admin - Manage Test/add new question/select_ABCD'  using regular expression

2020-05-29 03:29:25 - [MESSAGE][PASSED] - All options with label 'D' are selected in object 'Object Repository/Alda/Admin - Manage Test/add new question/select_ABCD'  using regular expression

2020-05-29 03:29:25 - [TEST_STEP][PASSED] - break: null

2020-05-29 03:29:25 - [TEST_STEP][FAILED] - switch (expected_output): Unable to verify object 'Object Repository/Alda/Admin - Manage Test/Page_Add Test/button_Submit' to be NOT clickable (Root cause: com.kms.katalon.core.exception.StepFailedException: Unable to verify object 'Object Repository/Alda/Admin - Manage Test/Page_Add Test/button_Submit' to be NOT clickable
	at com.kms.katalon.core.webui.keyword.internal.WebUIKeywordMain.stepFailed(WebUIKeywordMain.groovy:64)
	at com.kms.katalon.core.webui.keyword.internal.WebUIKeywordMain.runKeyword(WebUIKeywordMain.groovy:26)
	at com.kms.katalon.core.webui.keyword.builtin.VerifyElementNotClickableKeyword.verifyElementNotClickable(VerifyElementNotClickableKeyword.groovy:96)
	at com.kms.katalon.core.webui.keyword.builtin.VerifyElementNotClickableKeyword.execute(VerifyElementNotClickableKeyword.groovy:67)
	at com.kms.katalon.core.keyword.internal.KeywordExecutor.executeKeywordForPlatform(KeywordExecutor.groovy:60)
	at com.kms.katalon.core.webui.keyword.WebUiBuiltInKeywords.verifyElementNotClickable(WebUiBuiltInKeywords.groovy:591)
	at com.kms.katalon.core.webui.keyword.WebUiBuiltInKeywords$verifyElementNotClickable$5.call(Unknown Source)
	at Pretest Posttest - Add New Question.run(Pretest Posttest - Add New Question:95)
	at com.kms.katalon.core.main.ScriptEngine.run(ScriptEngine.java:194)
	at com.kms.katalon.core.main.ScriptEngine.runScriptAsRawText(ScriptEngine.java:119)
	at com.kms.katalon.core.main.TestCaseExecutor.runScript(TestCaseExecutor.java:337)
	at com.kms.katalon.core.main.TestCaseExecutor.doExecute(TestCaseExecutor.java:328)
	at com.kms.katalon.core.main.TestCaseExecutor.processExecutionPhase(TestCaseExecutor.java:307)
	at com.kms.katalon.core.main.TestCaseExecutor.accessMainPhase(TestCaseExecutor.java:299)
	at com.kms.katalon.core.main.TestCaseExecutor.execute(TestCaseExecutor.java:233)
	at com.kms.katalon.core.main.TestSuiteExecutor.accessTestCaseMainPhase(TestSuiteExecutor.java:169)
	at com.kms.katalon.core.main.TestSuiteExecutor.accessTestSuiteMainPhase(TestSuiteExecutor.java:142)
	at com.kms.katalon.core.main.TestSuiteExecutor.execute(TestSuiteExecutor.java:91)
	at com.kms.katalon.core.main.TestCaseMain.startTestSuite(TestCaseMain.java:157)
	at com.kms.katalon.core.main.TestCaseMain$startTestSuite$0.call(Unknown Source)
	at TempTestSuite1590697236639.run(TempTestSuite1590697236639.groovy:36)
Caused by: com.kms.katalon.core.exception.StepFailedException: Object 'Object Repository/Alda/Admin - Manage Test/Page_Add Test/button_Submit' is clickable
	at com.kms.katalon.core.webui.keyword.internal.WebUIKeywordMain.stepFailed(WebUIKeywordMain.groovy:64)
	at com.kms.katalon.core.webui.keyword.builtin.VerifyElementNotClickableKeyword$_verifyElementNotClickable_closure1.doCall(VerifyElementNotClickableKeyword.groovy:80)
	at com.kms.katalon.core.webui.keyword.builtin.VerifyElementNotClickableKeyword$_verifyElementNotClickable_closure1.call(VerifyElementNotClickableKeyword.groovy)
	at com.kms.katalon.core.webui.keyword.internal.WebUIKeywordMain.runKeyword(WebUIKeywordMain.groovy:20)
	... 19 more
)

2020-05-29 03:29:25 - [TEST_STEP][FAILED] - case "fail":: Unable to verify object 'Object Repository/Alda/Admin - Manage Test/Page_Add Test/button_Submit' to be NOT clickable (Root cause: com.kms.katalon.core.exception.StepFailedException: Unable to verify object 'Object Repository/Alda/Admin - Manage Test/Page_Add Test/button_Submit' to be NOT clickable
	at com.kms.katalon.core.webui.keyword.internal.WebUIKeywordMain.stepFailed(WebUIKeywordMain.groovy:64)
	at com.kms.katalon.core.webui.keyword.internal.WebUIKeywordMain.runKeyword(WebUIKeywordMain.groovy:26)
	at com.kms.katalon.core.webui.keyword.builtin.VerifyElementNotClickableKeyword.verifyElementNotClickable(VerifyElementNotClickableKeyword.groovy:96)
	at com.kms.katalon.core.webui.keyword.builtin.VerifyElementNotClickableKeyword.execute(VerifyElementNotClickableKeyword.groovy:67)
	at com.kms.katalon.core.keyword.internal.KeywordExecutor.executeKeywordForPlatform(KeywordExecutor.groovy:60)
	at com.kms.katalon.core.webui.keyword.WebUiBuiltInKeywords.verifyElementNotClickable(WebUiBuiltInKeywords.groovy:591)
	at com.kms.katalon.core.webui.keyword.WebUiBuiltInKeywords$verifyElementNotClickable$5.call(Unknown Source)
	at Pretest Posttest - Add New Question.run(Pretest Posttest - Add New Question:95)
	at com.kms.katalon.core.main.ScriptEngine.run(ScriptEngine.java:194)
	at com.kms.katalon.core.main.ScriptEngine.runScriptAsRawText(ScriptEngine.java:119)
	at com.kms.katalon.core.main.TestCaseExecutor.runScript(TestCaseExecutor.java:337)
	at com.kms.katalon.core.main.TestCaseExecutor.doExecute(TestCaseExecutor.java:328)
	at com.kms.katalon.core.main.TestCaseExecutor.processExecutionPhase(TestCaseExecutor.java:307)
	at com.kms.katalon.core.main.TestCaseExecutor.accessMainPhase(TestCaseExecutor.java:299)
	at com.kms.katalon.core.main.TestCaseExecutor.execute(TestCaseExecutor.java:233)
	at com.kms.katalon.core.main.TestSuiteExecutor.accessTestCaseMainPhase(TestSuiteExecutor.java:169)
	at com.kms.katalon.core.main.TestSuiteExecutor.accessTestSuiteMainPhase(TestSuiteExecutor.java:142)
	at com.kms.katalon.core.main.TestSuiteExecutor.execute(TestSuiteExecutor.java:91)
	at com.kms.katalon.core.main.TestCaseMain.startTestSuite(TestCaseMain.java:157)
	at com.kms.katalon.core.main.TestCaseMain$startTestSuite$0.call(Unknown Source)
	at TempTestSuite1590697236639.run(TempTestSuite1590697236639.groovy:36)
Caused by: com.kms.katalon.core.exception.StepFailedException: Object 'Object Repository/Alda/Admin - Manage Test/Page_Add Test/button_Submit' is clickable
	at com.kms.katalon.core.webui.keyword.internal.WebUIKeywordMain.stepFailed(WebUIKeywordMain.groovy:64)
	at com.kms.katalon.core.webui.keyword.builtin.VerifyElementNotClickableKeyword$_verifyElementNotClickable_closure1.doCall(VerifyElementNotClickableKeyword.groovy:80)
	at com.kms.katalon.core.webui.keyword.builtin.VerifyElementNotClickableKeyword$_verifyElementNotClickable_closure1.call(VerifyElementNotClickableKeyword.groovy)
	at com.kms.katalon.core.webui.keyword.internal.WebUIKeywordMain.runKeyword(WebUIKeywordMain.groovy:20)
	... 19 more
)

2020-05-29 03:29:25 - [TEST_STEP][FAILED] - verifyElementNotClickable(findTestObject("Alda/Admin - Manage Test/Page_Add Test/button_Submit")): Unable to verify object 'Object Repository/Alda/Admin - Manage Test/Page_Add Test/button_Submit' to be NOT clickable (Root cause: com.kms.katalon.core.exception.StepFailedException: Unable to verify object 'Object Repository/Alda/Admin - Manage Test/Page_Add Test/button_Submit' to be NOT clickable
	at com.kms.katalon.core.webui.keyword.internal.WebUIKeywordMain.stepFailed(WebUIKeywordMain.groovy:64)
	at com.kms.katalon.core.webui.keyword.internal.WebUIKeywordMain.runKeyword(WebUIKeywordMain.groovy:26)
	at com.kms.katalon.core.webui.keyword.builtin.VerifyElementNotClickableKeyword.verifyElementNotClickable(VerifyElementNotClickableKeyword.groovy:96)
	at com.kms.katalon.core.webui.keyword.builtin.VerifyElementNotClickableKeyword.execute(VerifyElementNotClickableKeyword.groovy:67)
	at com.kms.katalon.core.keyword.internal.KeywordExecutor.executeKeywordForPlatform(KeywordExecutor.groovy:60)
	at com.kms.katalon.core.webui.keyword.WebUiBuiltInKeywords.verifyElementNotClickable(WebUiBuiltInKeywords.groovy:591)
	at com.kms.katalon.core.webui.keyword.WebUiBuiltInKeywords$verifyElementNotClickable$5.call(Unknown Source)
	at Pretest Posttest - Add New Question.run(Pretest Posttest - Add New Question:95)
	at com.kms.katalon.core.main.ScriptEngine.run(ScriptEngine.java:194)
	at com.kms.katalon.core.main.ScriptEngine.runScriptAsRawText(ScriptEngine.java:119)
	at com.kms.katalon.core.main.TestCaseExecutor.runScript(TestCaseExecutor.java:337)
	at com.kms.katalon.core.main.TestCaseExecutor.doExecute(TestCaseExecutor.java:328)
	at com.kms.katalon.core.main.TestCaseExecutor.processExecutionPhase(TestCaseExecutor.java:307)
	at com.kms.katalon.core.main.TestCaseExecutor.accessMainPhase(TestCaseExecutor.java:299)
	at com.kms.katalon.core.main.TestCaseExecutor.execute(TestCaseExecutor.java:233)
	at com.kms.katalon.core.main.TestSuiteExecutor.accessTestCaseMainPhase(TestSuiteExecutor.java:169)
	at com.kms.katalon.core.main.TestSuiteExecutor.accessTestSuiteMainPhase(TestSuiteExecutor.java:142)
	at com.kms.katalon.core.main.TestSuiteExecutor.execute(TestSuiteExecutor.java:91)
	at com.kms.katalon.core.main.TestCaseMain.startTestSuite(TestCaseMain.java:157)
	at com.kms.katalon.core.main.TestCaseMain$startTestSuite$0.call(Unknown Source)
	at TempTestSuite1590697236639.run(TempTestSuite1590697236639.groovy:36)
Caused by: com.kms.katalon.core.exception.StepFailedException: Object 'Object Repository/Alda/Admin - Manage Test/Page_Add Test/button_Submit' is clickable
	at com.kms.katalon.core.webui.keyword.internal.WebUIKeywordMain.stepFailed(WebUIKeywordMain.groovy:64)
	at com.kms.katalon.core.webui.keyword.builtin.VerifyElementNotClickableKeyword$_verifyElementNotClickable_closure1.doCall(VerifyElementNotClickableKeyword.groovy:80)
	at com.kms.katalon.core.webui.keyword.builtin.VerifyElementNotClickableKeyword$_verifyElementNotClickable_closure1.call(VerifyElementNotClickableKeyword.groovy)
	at com.kms.katalon.core.webui.keyword.internal.WebUIKeywordMain.runKeyword(WebUIKeywordMain.groovy:20)
	... 19 more
)

2020-05-29 03:29:26 - [MESSAGE][FAILED] - Object 'Object Repository/Alda/Admin - Manage Test/Page_Add Test/button_Submit' is clickable (Root cause: com.kms.katalon.core.exception.StepFailedException: Object 'Object Repository/Alda/Admin - Manage Test/Page_Add Test/button_Submit' is clickable
	at com.kms.katalon.core.webui.keyword.internal.WebUIKeywordMain.stepFailed(WebUIKeywordMain.groovy:64)
	at com.kms.katalon.core.webui.keyword.builtin.VerifyElementNotClickableKeyword$_verifyElementNotClickable_closure1.doCall(VerifyElementNotClickableKeyword.groovy:80)
	at com.kms.katalon.core.webui.keyword.builtin.VerifyElementNotClickableKeyword$_verifyElementNotClickable_closure1.call(VerifyElementNotClickableKeyword.groovy)
	at com.kms.katalon.core.webui.keyword.internal.WebUIKeywordMain.runKeyword(WebUIKeywordMain.groovy:20)
	at com.kms.katalon.core.webui.keyword.builtin.VerifyElementNotClickableKeyword.verifyElementNotClickable(VerifyElementNotClickableKeyword.groovy:96)
	at com.kms.katalon.core.webui.keyword.builtin.VerifyElementNotClickableKeyword.execute(VerifyElementNotClickableKeyword.groovy:67)
	at com.kms.katalon.core.keyword.internal.KeywordExecutor.executeKeywordForPlatform(KeywordExecutor.groovy:60)
	at com.kms.katalon.core.webui.keyword.WebUiBuiltInKeywords.verifyElementNotClickable(WebUiBuiltInKeywords.groovy:591)
	at com.kms.katalon.core.webui.keyword.WebUiBuiltInKeywords$verifyElementNotClickable$5.call(Unknown Source)
	at Pretest Posttest - Add New Question.run(Pretest Posttest - Add New Question:95)
	at com.kms.katalon.core.main.ScriptEngine.run(ScriptEngine.java:194)
	at com.kms.katalon.core.main.ScriptEngine.runScriptAsRawText(ScriptEngine.java:119)
	at com.kms.katalon.core.main.TestCaseExecutor.runScript(TestCaseExecutor.java:337)
	at com.kms.katalon.core.main.TestCaseExecutor.doExecute(TestCaseExecutor.java:328)
	at com.kms.katalon.core.main.TestCaseExecutor.processExecutionPhase(TestCaseExecutor.java:307)
	at com.kms.katalon.core.main.TestCaseExecutor.accessMainPhase(TestCaseExecutor.java:299)
	at com.kms.katalon.core.main.TestCaseExecutor.execute(TestCaseExecutor.java:233)
	at com.kms.katalon.core.main.TestSuiteExecutor.accessTestCaseMainPhase(TestSuiteExecutor.java:169)
	at com.kms.katalon.core.main.TestSuiteExecutor.accessTestSuiteMainPhase(TestSuiteExecutor.java:142)
	at com.kms.katalon.core.main.TestSuiteExecutor.execute(TestSuiteExecutor.java:91)
	at com.kms.katalon.core.main.TestCaseMain.startTestSuite(TestCaseMain.java:157)
	at com.kms.katalon.core.main.TestCaseMain$startTestSuite$0.call(Unknown Source)
	at TempTestSuite1590697236639.run(TempTestSuite1590697236639.groovy:36)
)
[[ATTACHMENT|C:\\Users\\asus\\git\\LMS27Mei\\Reports\\20200529_032036\\Alda\\Admin_Pretest Posttest - Add New Question\\20200529_032036\\1590697765692.png]]

2020-05-29 03:29:26 - [MESSAGE][FAILED] - Unable to verify object 'Object Repository/Alda/Admin - Manage Test/Page_Add Test/button_Submit' to be NOT clickable (Root cause: com.kms.katalon.core.exception.StepFailedException: Unable to verify object 'Object Repository/Alda/Admin - Manage Test/Page_Add Test/button_Submit' to be NOT clickable
	at com.kms.katalon.core.webui.keyword.internal.WebUIKeywordMain.stepFailed(WebUIKeywordMain.groovy:64)
	at com.kms.katalon.core.webui.keyword.internal.WebUIKeywordMain.runKeyword(WebUIKeywordMain.groovy:26)
	at com.kms.katalon.core.webui.keyword.builtin.VerifyElementNotClickableKeyword.verifyElementNotClickable(VerifyElementNotClickableKeyword.groovy:96)
	at com.kms.katalon.core.webui.keyword.builtin.VerifyElementNotClickableKeyword.execute(VerifyElementNotClickableKeyword.groovy:67)
	at com.kms.katalon.core.keyword.internal.KeywordExecutor.executeKeywordForPlatform(KeywordExecutor.groovy:60)
	at com.kms.katalon.core.webui.keyword.WebUiBuiltInKeywords.verifyElementNotClickable(WebUiBuiltInKeywords.groovy:591)
	at com.kms.katalon.core.webui.keyword.WebUiBuiltInKeywords$verifyElementNotClickable$5.call(Unknown Source)
	at Pretest Posttest - Add New Question.run(Pretest Posttest - Add New Question:95)
	at com.kms.katalon.core.main.ScriptEngine.run(ScriptEngine.java:194)
	at com.kms.katalon.core.main.ScriptEngine.runScriptAsRawText(ScriptEngine.java:119)
	at com.kms.katalon.core.main.TestCaseExecutor.runScript(TestCaseExecutor.java:337)
	at com.kms.katalon.core.main.TestCaseExecutor.doExecute(TestCaseExecutor.java:328)
	at com.kms.katalon.core.main.TestCaseExecutor.processExecutionPhase(TestCaseExecutor.java:307)
	at com.kms.katalon.core.main.TestCaseExecutor.accessMainPhase(TestCaseExecutor.java:299)
	at com.kms.katalon.core.main.TestCaseExecutor.execute(TestCaseExecutor.java:233)
	at com.kms.katalon.core.main.TestSuiteExecutor.accessTestCaseMainPhase(TestSuiteExecutor.java:169)
	at com.kms.katalon.core.main.TestSuiteExecutor.accessTestSuiteMainPhase(TestSuiteExecutor.java:142)
	at com.kms.katalon.core.main.TestSuiteExecutor.execute(TestSuiteExecutor.java:91)
	at com.kms.katalon.core.main.TestCaseMain.startTestSuite(TestCaseMain.java:157)
	at com.kms.katalon.core.main.TestCaseMain$startTestSuite$0.call(Unknown Source)
	at TempTestSuite1590697236639.run(TempTestSuite1590697236639.groovy:36)
Caused by: com.kms.katalon.core.exception.StepFailedException: Object 'Object Repository/Alda/Admin - Manage Test/Page_Add Test/button_Submit' is clickable
	at com.kms.katalon.core.webui.keyword.internal.WebUIKeywordMain.stepFailed(WebUIKeywordMain.groovy:64)
	at com.kms.katalon.core.webui.keyword.builtin.VerifyElementNotClickableKeyword$_verifyElementNotClickable_closure1.doCall(VerifyElementNotClickableKeyword.groovy:80)
	at com.kms.katalon.core.webui.keyword.builtin.VerifyElementNotClickableKeyword$_verifyElementNotClickable_closure1.call(VerifyElementNotClickableKeyword.groovy)
	at com.kms.katalon.core.webui.keyword.internal.WebUIKeywordMain.runKeyword(WebUIKeywordMain.groovy:20)
	... 19 more
)
[[ATTACHMENT|C:\\Users\\asus\\git\\LMS27Mei\\Reports\\20200529_032036\\Alda\\Admin_Pretest Posttest - Add New Question\\20200529_032036\\1590697766015.png]]]]></system-out>
         <system-err><![CDATA[2020-05-29 03:26:58 - [TEST_CASE][FAILED] - Test Cases/Alda/Admin - Manage Test - Pretest Posttest/Pretest Posttest - Add New Question: Test Cases/Alda/Admin - Manage Test - Pretest Posttest/Pretest Posttest - Add New Question FAILED.
Reason:
com.kms.katalon.core.exception.StepFailedException: Unable to verify object 'Object Repository/Alda/Admin - Manage Test/Page_Add Test/button_Submit' to be NOT clickable
	at com.kms.katalon.core.webui.keyword.internal.WebUIKeywordMain.stepFailed(WebUIKeywordMain.groovy:64)
	at com.kms.katalon.core.webui.keyword.internal.WebUIKeywordMain.runKeyword(WebUIKeywordMain.groovy:26)
	at com.kms.katalon.core.webui.keyword.builtin.VerifyElementNotClickableKeyword.verifyElementNotClickable(VerifyElementNotClickableKeyword.groovy:96)
	at com.kms.katalon.core.webui.keyword.builtin.VerifyElementNotClickableKeyword.execute(VerifyElementNotClickableKeyword.groovy:67)
	at com.kms.katalon.core.keyword.internal.KeywordExecutor.executeKeywordForPlatform(KeywordExecutor.groovy:60)
	at com.kms.katalon.core.webui.keyword.WebUiBuiltInKeywords.verifyElementNotClickable(WebUiBuiltInKeywords.groovy:591)
	at com.kms.katalon.core.webui.keyword.WebUiBuiltInKeywords$verifyElementNotClickable$5.call(Unknown Source)
	at Pretest Posttest - Add New Question.run(Pretest Posttest - Add New Question:95)
	at com.kms.katalon.core.main.ScriptEngine.run(ScriptEngine.java:194)
	at com.kms.katalon.core.main.ScriptEngine.runScriptAsRawText(ScriptEngine.java:119)
	at com.kms.katalon.core.main.TestCaseExecutor.runScript(TestCaseExecutor.java:337)
	at com.kms.katalon.core.main.TestCaseExecutor.doExecute(TestCaseExecutor.java:328)
	at com.kms.katalon.core.main.TestCaseExecutor.processExecutionPhase(TestCaseExecutor.java:307)
	at com.kms.katalon.core.main.TestCaseExecutor.accessMainPhase(TestCaseExecutor.java:299)
	at com.kms.katalon.core.main.TestCaseExecutor.execute(TestCaseExecutor.java:233)
	at com.kms.katalon.core.main.TestSuiteExecutor.accessTestCaseMainPhase(TestSuiteExecutor.java:169)
	at com.kms.katalon.core.main.TestSuiteExecutor.accessTestSuiteMainPhase(TestSuiteExecutor.java:142)
	at com.kms.katalon.core.main.TestSuiteExecutor.execute(TestSuiteExecutor.java:91)
	at com.kms.katalon.core.main.TestCaseMain.startTestSuite(TestCaseMain.java:157)
	at com.kms.katalon.core.main.TestCaseMain$startTestSuite$0.call(Unknown Source)
	at TempTestSuite1590697236639.run(TempTestSuite1590697236639.groovy:36)
Caused by: com.kms.katalon.core.exception.StepFailedException: Object 'Object Repository/Alda/Admin - Manage Test/Page_Add Test/button_Submit' is clickable
	at com.kms.katalon.core.webui.keyword.internal.WebUIKeywordMain.stepFailed(WebUIKeywordMain.groovy:64)
	at com.kms.katalon.core.webui.keyword.builtin.VerifyElementNotClickableKeyword$_verifyElementNotClickable_closure1.doCall(VerifyElementNotClickableKeyword.groovy:80)
	at com.kms.katalon.core.webui.keyword.builtin.VerifyElementNotClickableKeyword$_verifyElementNotClickable_closure1.call(VerifyElementNotClickableKeyword.groovy)
	at com.kms.katalon.core.webui.keyword.internal.WebUIKeywordMain.runKeyword(WebUIKeywordMain.groovy:20)
	... 19 more]]></system-err>
      </testcase>
      <testcase name="Test Cases/Alda/Admin - Manage Test - Pretest Posttest/Pretest Posttest - Add New Question" time="129.238" classname="Test Cases/Alda/Admin - Manage Test - Pretest Posttest/Pretest Posttest - Add New Question" status="PASSED">
         <system-out><![CDATA[2020-05-29 03:29:26 - [TEST_CASE][PASSED] - Test Cases/Alda/Admin - Manage Test - Pretest Posttest/Pretest Posttest - Add New Question: Test Cases/Alda/Admin - Manage Test - Pretest Posttest/Pretest Posttest - Add New Question

2020-05-29 03:29:26 - [TEST_STEP][PASSED] - callTestCase(findTestCase("Rizka/Admin/Custom/Admin - Login"), ["username":"11666", "password":"Password3", "rememberMe":"yes", "condition":"passed"], STOP_ON_FAILURE): Call Test Case 'Test Cases/Rizka/Admin/Custom/Admin - Login' successfully

2020-05-29 03:29:26 - [TEST_CASE][PASSED] - Test Cases/Rizka/Admin/Custom/Admin - Login: Test Cases/Rizka/Admin/Custom/Admin - Login

2020-05-29 03:29:26 - [TEST_STEP][PASSED] - openBrowser("https://appsrv1.deltadatamandiri.com/ACC_LMS_WEB/#/admNLmn"): Browser is opened with url: 'https://appsrv1.deltadatamandiri.com/ACC_LMS_WEB/#/admNLmn'

2020-05-29 03:29:26 - [MESSAGE][WARNING] - A browser is already opened. Closing browser and opening a new one

2020-05-29 03:29:27 - [MESSAGE][INFO] - Starting 'Chrome' driver

2020-05-29 03:29:43 - [MESSAGE][PASSED] - Browser is opened with url: 'https://appsrv1.deltadatamandiri.com/ACC_LMS_WEB/#/admNLmn'

2020-05-29 03:29:43 - [TEST_STEP][PASSED] - maximizeWindow(): Current window maximized

2020-05-29 03:29:44 - [MESSAGE][PASSED] - Current window maximized

2020-05-29 03:29:44 - [TEST_STEP][PASSED] - delay(30): Delayed 30 second(s)

2020-05-29 03:30:14 - [MESSAGE][PASSED] - Delayed 30 second(s)

2020-05-29 03:30:14 - [TEST_STEP][PASSED] - click(findTestObject("Rizka/Admin/Admin - Login/btnLogin")): Object: 'Object Repository/Rizka/Admin/Admin - Login/btnLogin' is clicked on

2020-05-29 03:30:14 - [MESSAGE][PASSED] - Object: 'Object Repository/Rizka/Admin/Admin - Login/btnLogin' is clicked on

2020-05-29 03:30:14 - [TEST_STEP][PASSED] - setText(findTestObject("Rizka/Admin/Admin - Login/txtUsername"), username): Text '11666' is set on object 'Object Repository/Rizka/Admin/Admin - Login/txtUsername'

2020-05-29 03:30:15 - [MESSAGE][PASSED] - Text '11666' is set on object 'Object Repository/Rizka/Admin/Admin - Login/txtUsername'

2020-05-29 03:30:15 - [TEST_STEP][PASSED] - setText(findTestObject("Rizka/Admin/Admin - Login/txtPassword"), password): Text 'Password3' is set on object 'Object Repository/Rizka/Admin/Admin - Login/txtPassword'

2020-05-29 03:30:15 - [MESSAGE][PASSED] - Text 'Password3' is set on object 'Object Repository/Rizka/Admin/Admin - Login/txtPassword'

2020-05-29 03:30:15 - [TEST_STEP][PASSED] - click(findTestObject("Rizka/Admin/Admin - Login/btnEyePass")): Object: 'Object Repository/Rizka/Admin/Admin - Login/btnEyePass' is clicked on

2020-05-29 03:30:15 - [MESSAGE][PASSED] - Object: 'Object Repository/Rizka/Admin/Admin - Login/btnEyePass' is clicked on

2020-05-29 03:30:15 - [TEST_STEP][PASSED] - if (rememberMe == "yes"): Object: 'Object Repository/Rizka/Admin/Admin - Login/checkboxRememberMe' is clicked on

2020-05-29 03:30:15 - [TEST_STEP][PASSED] - click(findTestObject("Rizka/Admin/Admin - Login/checkboxRememberMe")): Object: 'Object Repository/Rizka/Admin/Admin - Login/checkboxRememberMe' is clicked on

2020-05-29 03:30:16 - [MESSAGE][PASSED] - Object: 'Object Repository/Rizka/Admin/Admin - Login/checkboxRememberMe' is clicked on

2020-05-29 03:30:16 - [TEST_STEP][PASSED] - click(findTestObject("Rizka/Admin/Admin - Login/btnLogin2")): Object: 'Object Repository/Rizka/Admin/Admin - Login/btnLogin2' is clicked on

2020-05-29 03:30:16 - [MESSAGE][PASSED] - Object: 'Object Repository/Rizka/Admin/Admin - Login/btnLogin2' is clicked on

2020-05-29 03:30:16 - [TEST_STEP][PASSED] - delay(10): Delayed 10 second(s)

2020-05-29 03:30:26 - [MESSAGE][PASSED] - Delayed 10 second(s)

2020-05-29 03:30:26 - [TEST_STEP][PASSED] - if (condition == "passed"): Object 'Object Repository/Rizka/Admin/Admin - Login/span_Dashboard' is visible

2020-05-29 03:30:26 - [TEST_STEP][PASSED] - verifyElementVisible(findTestObject("Rizka/Admin/Admin - Login/span_Dashboard")): Object 'Object Repository/Rizka/Admin/Admin - Login/span_Dashboard' is visible

2020-05-29 03:30:30 - [MESSAGE][PASSED] - Object 'Object Repository/Rizka/Admin/Admin - Login/span_Dashboard' is visible

2020-05-29 03:30:30 - [MESSAGE][PASSED] - Call Test Case 'Test Cases/Rizka/Admin/Custom/Admin - Login' successfully

2020-05-29 03:30:30 - [TEST_STEP][PASSED] - delay(3): Delayed 3 second(s)

2020-05-29 03:30:33 - [MESSAGE][PASSED] - Delayed 3 second(s)

2020-05-29 03:30:33 - [TEST_STEP][PASSED] - click(findTestObject("Alda/Admin - Manage Test/Page_Dashboard Admin/span_manage_test")): Object: 'Object Repository/Alda/Admin - Manage Test/Page_Dashboard Admin/span_manage_test' is clicked on

2020-05-29 03:30:33 - [MESSAGE][PASSED] - Object: 'Object Repository/Alda/Admin - Manage Test/Page_Dashboard Admin/span_manage_test' is clicked on

2020-05-29 03:30:33 - [TEST_STEP][PASSED] - click(findTestObject("Alda/Admin - Manage Test/Page_Dashboard Admin/span_pretest_posttest")): Object: 'Object Repository/Alda/Admin - Manage Test/Page_Dashboard Admin/span_pretest_posttest' is clicked on

2020-05-29 03:30:34 - [MESSAGE][PASSED] - Object: 'Object Repository/Alda/Admin - Manage Test/Page_Dashboard Admin/span_pretest_posttest' is clicked on

2020-05-29 03:30:34 - [TEST_STEP][PASSED] - delay(3): Delayed 3 second(s)

2020-05-29 03:30:37 - [MESSAGE][PASSED] - Delayed 3 second(s)

2020-05-29 03:30:37 - [TEST_STEP][PASSED] - click(findTestObject("Alda/Admin - Manage Test/add new question/btn_add_new_question")): Object: 'Object Repository/Alda/Admin - Manage Test/add new question/btn_add_new_question' is clicked on

2020-05-29 03:30:51 - [MESSAGE][PASSED] - Object: 'Object Repository/Alda/Admin - Manage Test/add new question/btn_add_new_question' is clicked on

2020-05-29 03:30:51 - [TEST_STEP][PASSED] - selectOptionByLabel(findTestObject("Alda/Admin - Manage Test/add new question/select_category"), var_category, true): All options with label 'Pre-Test' are selected in object 'Object Repository/Alda/Admin - Manage Test/add new question/select_category'  using regular expression

2020-05-29 03:31:00 - [MESSAGE][PASSED] - All options with label 'Pre-Test' are selected in object 'Object Repository/Alda/Admin - Manage Test/add new question/select_category'  using regular expression

2020-05-29 03:31:00 - [TEST_STEP][PASSED] - selectOptionByLabel(findTestObject("Alda/Admin - Manage Test/add new question/select_tipe_soal"), var_tipe_soal, true): All options with label 'Pilihan Ganda' are selected in object 'Object Repository/Alda/Admin - Manage Test/add new question/select_tipe_soal'  using regular expression

2020-05-29 03:31:14 - [MESSAGE][PASSED] - All options with label 'Pilihan Ganda' are selected in object 'Object Repository/Alda/Admin - Manage Test/add new question/select_tipe_soal'  using regular expression

2020-05-29 03:31:14 - [TEST_STEP][PASSED] - selectOptionByLabel(findTestObject("Alda/Admin - Manage Test/add new question/select_job_function"), var_job_function, true): All options with label 'AR' are selected in object 'Object Repository/Alda/Admin - Manage Test/add new question/select_job_function'  using regular expression

2020-05-29 03:31:22 - [MESSAGE][PASSED] - All options with label 'AR' are selected in object 'Object Repository/Alda/Admin - Manage Test/add new question/select_job_function'  using regular expression

2020-05-29 03:31:22 - [TEST_STEP][PASSED] - selectOptionByLabel(findTestObject("Alda/Admin - Manage Test/add new question/select_job_position"), var_job_position, true): All options with label 'RMA' are selected in object 'Object Repository/Alda/Admin - Manage Test/add new question/select_job_position'  using regular expression

2020-05-29 03:31:26 - [MESSAGE][PASSED] - All options with label 'RMA' are selected in object 'Object Repository/Alda/Admin - Manage Test/add new question/select_job_position'  using regular expression

2020-05-29 03:31:26 - [TEST_STEP][PASSED] - selectOptionByLabel(findTestObject("Alda/Admin - Manage Test/add new question/select_module"), var_module, true): All options with label 'NEOP Sales' are selected in object 'Object Repository/Alda/Admin - Manage Test/add new question/select_module'  using regular expression

2020-05-29 03:31:28 - [MESSAGE][PASSED] - All options with label 'NEOP Sales' are selected in object 'Object Repository/Alda/Admin - Manage Test/add new question/select_module'  using regular expression

2020-05-29 03:31:28 - [TEST_STEP][PASSED] - click(findTestObject("Alda/Admin - Manage Test/add new question/input_technical_competence")): Object: 'Object Repository/Alda/Admin - Manage Test/add new question/input_technical_competence' is clicked on

2020-05-29 03:31:30 - [MESSAGE][PASSED] - Object: 'Object Repository/Alda/Admin - Manage Test/add new question/input_technical_competence' is clicked on

2020-05-29 03:31:30 - [TEST_STEP][PASSED] - setText(findTestObject("Alda/Admin - Manage Test/add new question/input_technical_competence"), var_technical_comp): Text '' is set on object 'Object Repository/Alda/Admin - Manage Test/add new question/input_technical_competence'

2020-05-29 03:31:30 - [MESSAGE][PASSED] - Text '' is set on object 'Object Repository/Alda/Admin - Manage Test/add new question/input_technical_competence'

2020-05-29 03:31:30 - [TEST_STEP][PASSED] - click(findTestObject("Alda/Admin - Manage Test/Page_Add Test/input_level_competence_new")): Object: 'Object Repository/Alda/Admin - Manage Test/Page_Add Test/input_level_competence_new' is clicked on

2020-05-29 03:31:31 - [MESSAGE][PASSED] - Object: 'Object Repository/Alda/Admin - Manage Test/Page_Add Test/input_level_competence_new' is clicked on

2020-05-29 03:31:31 - [TEST_STEP][PASSED] - setText(findTestObject("Alda/Admin - Manage Test/Page_Add Test/input_level_competence_new"), var_level_comp): Text '' is set on object 'Object Repository/Alda/Admin - Manage Test/Page_Add Test/input_level_competence_new'

2020-05-29 03:31:31 - [MESSAGE][PASSED] - Text '' is set on object 'Object Repository/Alda/Admin - Manage Test/Page_Add Test/input_level_competence_new'

2020-05-29 03:31:31 - [TEST_STEP][PASSED] - setText(findTestObject("Alda/Admin - Manage Test/add new question/textarea_soal"), var_soal): Text '' is set on object 'Object Repository/Alda/Admin - Manage Test/add new question/textarea_soal'

2020-05-29 03:31:31 - [MESSAGE][PASSED] - Text '' is set on object 'Object Repository/Alda/Admin - Manage Test/add new question/textarea_soal'

2020-05-29 03:31:31 - [TEST_STEP][PASSED] - switch (var_tipe_soal): null

2020-05-29 03:31:31 - [TEST_STEP][PASSED] - case "Pilihan Ganda":: null

2020-05-29 03:31:31 - [TEST_STEP][PASSED] - setText(findTestObject("Alda/Admin - Manage Test/add new question/input_jawaban_a"), var_jawaban_a): Text 'timur' is set on object 'Object Repository/Alda/Admin - Manage Test/add new question/input_jawaban_a'

2020-05-29 03:31:32 - [MESSAGE][PASSED] - Text 'timur' is set on object 'Object Repository/Alda/Admin - Manage Test/add new question/input_jawaban_a'

2020-05-29 03:31:32 - [TEST_STEP][PASSED] - setText(findTestObject("Alda/Admin - Manage Test/add new question/input_jawaban_b"), var_jawaban_b): Text 'utara' is set on object 'Object Repository/Alda/Admin - Manage Test/add new question/input_jawaban_b'

2020-05-29 03:31:32 - [MESSAGE][PASSED] - Text 'utara' is set on object 'Object Repository/Alda/Admin - Manage Test/add new question/input_jawaban_b'

2020-05-29 03:31:32 - [TEST_STEP][PASSED] - setText(findTestObject("Alda/Admin - Manage Test/add new question/input_jawaban_c"), var_jawaban_c): Text 'selatan' is set on object 'Object Repository/Alda/Admin - Manage Test/add new question/input_jawaban_c'

2020-05-29 03:31:33 - [MESSAGE][PASSED] - Text 'selatan' is set on object 'Object Repository/Alda/Admin - Manage Test/add new question/input_jawaban_c'

2020-05-29 03:31:33 - [TEST_STEP][PASSED] - setText(findTestObject("Alda/Admin - Manage Test/add new question/input_jawaban_d"), var_jawaban_d): Text 'barat' is set on object 'Object Repository/Alda/Admin - Manage Test/add new question/input_jawaban_d'

2020-05-29 03:31:34 - [MESSAGE][PASSED] - Text 'barat' is set on object 'Object Repository/Alda/Admin - Manage Test/add new question/input_jawaban_d'

2020-05-29 03:31:34 - [TEST_STEP][PASSED] - selectOptionByLabel(findTestObject("Alda/Admin - Manage Test/add new question/select_ABCD"), var_kunci_jawaban, true): All options with label 'D' are selected in object 'Object Repository/Alda/Admin - Manage Test/add new question/select_ABCD'  using regular expression

2020-05-29 03:31:35 - [MESSAGE][PASSED] - All options with label 'D' are selected in object 'Object Repository/Alda/Admin - Manage Test/add new question/select_ABCD'  using regular expression

2020-05-29 03:31:35 - [TEST_STEP][PASSED] - break: null

2020-05-29 03:31:35 - [TEST_STEP][PASSED] - switch (expected_output): null

2020-05-29 03:31:35 - [TEST_STEP][PASSED] - case "fail":: null

2020-05-29 03:31:35 - [TEST_STEP][PASSED] - verifyElementNotClickable(findTestObject("Alda/Admin - Manage Test/Page_Add Test/button_Submit")): Object 'Object Repository/Alda/Admin - Manage Test/Page_Add Test/button_Submit' is NOT clickable

2020-05-29 03:31:35 - [MESSAGE][PASSED] - Object 'Object Repository/Alda/Admin - Manage Test/Page_Add Test/button_Submit' is NOT clickable

2020-05-29 03:31:35 - [TEST_STEP][PASSED] - break: null]]></system-out>
         <system-err><![CDATA[]]></system-err>
      </testcase>
      <testcase name="Test Cases/Alda/Admin - Manage Test - Pretest Posttest/Pretest Posttest - Add New Question" time="134.888" classname="Test Cases/Alda/Admin - Manage Test - Pretest Posttest/Pretest Posttest - Add New Question" status="PASSED">
         <system-out><![CDATA[2020-05-29 03:31:35 - [TEST_CASE][PASSED] - Test Cases/Alda/Admin - Manage Test - Pretest Posttest/Pretest Posttest - Add New Question: Test Cases/Alda/Admin - Manage Test - Pretest Posttest/Pretest Posttest - Add New Question

2020-05-29 03:31:35 - [TEST_STEP][PASSED] - callTestCase(findTestCase("Rizka/Admin/Custom/Admin - Login"), ["username":"11666", "password":"Password3", "rememberMe":"yes", "condition":"passed"], STOP_ON_FAILURE): Call Test Case 'Test Cases/Rizka/Admin/Custom/Admin - Login' successfully

2020-05-29 03:31:35 - [TEST_CASE][PASSED] - Test Cases/Rizka/Admin/Custom/Admin - Login: Test Cases/Rizka/Admin/Custom/Admin - Login

2020-05-29 03:31:35 - [TEST_STEP][PASSED] - openBrowser("https://appsrv1.deltadatamandiri.com/ACC_LMS_WEB/#/admNLmn"): Browser is opened with url: 'https://appsrv1.deltadatamandiri.com/ACC_LMS_WEB/#/admNLmn'

2020-05-29 03:31:35 - [MESSAGE][WARNING] - A browser is already opened. Closing browser and opening a new one

2020-05-29 03:31:36 - [MESSAGE][INFO] - Starting 'Chrome' driver

2020-05-29 03:31:52 - [MESSAGE][PASSED] - Browser is opened with url: 'https://appsrv1.deltadatamandiri.com/ACC_LMS_WEB/#/admNLmn'

2020-05-29 03:31:52 - [TEST_STEP][PASSED] - maximizeWindow(): Current window maximized

2020-05-29 03:31:53 - [MESSAGE][PASSED] - Current window maximized

2020-05-29 03:31:53 - [TEST_STEP][PASSED] - delay(30): Delayed 30 second(s)

2020-05-29 03:32:23 - [MESSAGE][PASSED] - Delayed 30 second(s)

2020-05-29 03:32:23 - [TEST_STEP][PASSED] - click(findTestObject("Rizka/Admin/Admin - Login/btnLogin")): Object: 'Object Repository/Rizka/Admin/Admin - Login/btnLogin' is clicked on

2020-05-29 03:32:23 - [MESSAGE][PASSED] - Object: 'Object Repository/Rizka/Admin/Admin - Login/btnLogin' is clicked on

2020-05-29 03:32:23 - [TEST_STEP][PASSED] - setText(findTestObject("Rizka/Admin/Admin - Login/txtUsername"), username): Text '11666' is set on object 'Object Repository/Rizka/Admin/Admin - Login/txtUsername'

2020-05-29 03:32:24 - [MESSAGE][PASSED] - Text '11666' is set on object 'Object Repository/Rizka/Admin/Admin - Login/txtUsername'

2020-05-29 03:32:24 - [TEST_STEP][PASSED] - setText(findTestObject("Rizka/Admin/Admin - Login/txtPassword"), password): Text 'Password3' is set on object 'Object Repository/Rizka/Admin/Admin - Login/txtPassword'

2020-05-29 03:32:24 - [MESSAGE][PASSED] - Text 'Password3' is set on object 'Object Repository/Rizka/Admin/Admin - Login/txtPassword'

2020-05-29 03:32:24 - [TEST_STEP][PASSED] - click(findTestObject("Rizka/Admin/Admin - Login/btnEyePass")): Object: 'Object Repository/Rizka/Admin/Admin - Login/btnEyePass' is clicked on

2020-05-29 03:32:25 - [MESSAGE][PASSED] - Object: 'Object Repository/Rizka/Admin/Admin - Login/btnEyePass' is clicked on

2020-05-29 03:32:25 - [TEST_STEP][PASSED] - if (rememberMe == "yes"): Object: 'Object Repository/Rizka/Admin/Admin - Login/checkboxRememberMe' is clicked on

2020-05-29 03:32:25 - [TEST_STEP][PASSED] - click(findTestObject("Rizka/Admin/Admin - Login/checkboxRememberMe")): Object: 'Object Repository/Rizka/Admin/Admin - Login/checkboxRememberMe' is clicked on

2020-05-29 03:32:25 - [MESSAGE][PASSED] - Object: 'Object Repository/Rizka/Admin/Admin - Login/checkboxRememberMe' is clicked on

2020-05-29 03:32:25 - [TEST_STEP][PASSED] - click(findTestObject("Rizka/Admin/Admin - Login/btnLogin2")): Object: 'Object Repository/Rizka/Admin/Admin - Login/btnLogin2' is clicked on

2020-05-29 03:32:25 - [MESSAGE][PASSED] - Object: 'Object Repository/Rizka/Admin/Admin - Login/btnLogin2' is clicked on

2020-05-29 03:32:25 - [TEST_STEP][PASSED] - delay(10): Delayed 10 second(s)

2020-05-29 03:32:35 - [MESSAGE][PASSED] - Delayed 10 second(s)

2020-05-29 03:32:35 - [TEST_STEP][PASSED] - if (condition == "passed"): Object 'Object Repository/Rizka/Admin/Admin - Login/span_Dashboard' is visible

2020-05-29 03:32:35 - [TEST_STEP][PASSED] - verifyElementVisible(findTestObject("Rizka/Admin/Admin - Login/span_Dashboard")): Object 'Object Repository/Rizka/Admin/Admin - Login/span_Dashboard' is visible

2020-05-29 03:32:37 - [MESSAGE][PASSED] - Object 'Object Repository/Rizka/Admin/Admin - Login/span_Dashboard' is visible

2020-05-29 03:32:37 - [MESSAGE][PASSED] - Call Test Case 'Test Cases/Rizka/Admin/Custom/Admin - Login' successfully

2020-05-29 03:32:37 - [TEST_STEP][PASSED] - delay(3): Delayed 3 second(s)

2020-05-29 03:32:40 - [MESSAGE][PASSED] - Delayed 3 second(s)

2020-05-29 03:32:40 - [TEST_STEP][PASSED] - click(findTestObject("Alda/Admin - Manage Test/Page_Dashboard Admin/span_manage_test")): Object: 'Object Repository/Alda/Admin - Manage Test/Page_Dashboard Admin/span_manage_test' is clicked on

2020-05-29 03:32:44 - [MESSAGE][PASSED] - Object: 'Object Repository/Alda/Admin - Manage Test/Page_Dashboard Admin/span_manage_test' is clicked on

2020-05-29 03:32:44 - [TEST_STEP][PASSED] - click(findTestObject("Alda/Admin - Manage Test/Page_Dashboard Admin/span_pretest_posttest")): Object: 'Object Repository/Alda/Admin - Manage Test/Page_Dashboard Admin/span_pretest_posttest' is clicked on

2020-05-29 03:32:44 - [MESSAGE][PASSED] - Object: 'Object Repository/Alda/Admin - Manage Test/Page_Dashboard Admin/span_pretest_posttest' is clicked on

2020-05-29 03:32:44 - [TEST_STEP][PASSED] - delay(3): Delayed 3 second(s)

2020-05-29 03:32:47 - [MESSAGE][PASSED] - Delayed 3 second(s)

2020-05-29 03:32:47 - [TEST_STEP][PASSED] - click(findTestObject("Alda/Admin - Manage Test/add new question/btn_add_new_question")): Object: 'Object Repository/Alda/Admin - Manage Test/add new question/btn_add_new_question' is clicked on

2020-05-29 03:33:05 - [MESSAGE][PASSED] - Object: 'Object Repository/Alda/Admin - Manage Test/add new question/btn_add_new_question' is clicked on

2020-05-29 03:33:05 - [TEST_STEP][PASSED] - selectOptionByLabel(findTestObject("Alda/Admin - Manage Test/add new question/select_category"), var_category, true): All options with label 'Pre-Test' are selected in object 'Object Repository/Alda/Admin - Manage Test/add new question/select_category'  using regular expression

2020-05-29 03:33:16 - [MESSAGE][PASSED] - All options with label 'Pre-Test' are selected in object 'Object Repository/Alda/Admin - Manage Test/add new question/select_category'  using regular expression

2020-05-29 03:33:16 - [TEST_STEP][PASSED] - selectOptionByLabel(findTestObject("Alda/Admin - Manage Test/add new question/select_tipe_soal"), var_tipe_soal, true): All options with label 'Pilihan Ganda' are selected in object 'Object Repository/Alda/Admin - Manage Test/add new question/select_tipe_soal'  using regular expression

2020-05-29 03:33:30 - [MESSAGE][PASSED] - All options with label 'Pilihan Ganda' are selected in object 'Object Repository/Alda/Admin - Manage Test/add new question/select_tipe_soal'  using regular expression

2020-05-29 03:33:30 - [TEST_STEP][PASSED] - selectOptionByLabel(findTestObject("Alda/Admin - Manage Test/add new question/select_job_function"), var_job_function, true): All options with label 'AR' are selected in object 'Object Repository/Alda/Admin - Manage Test/add new question/select_job_function'  using regular expression

2020-05-29 03:33:38 - [MESSAGE][PASSED] - All options with label 'AR' are selected in object 'Object Repository/Alda/Admin - Manage Test/add new question/select_job_function'  using regular expression

2020-05-29 03:33:38 - [TEST_STEP][PASSED] - selectOptionByLabel(findTestObject("Alda/Admin - Manage Test/add new question/select_job_position"), var_job_position, true): All options with label 'RMA' are selected in object 'Object Repository/Alda/Admin - Manage Test/add new question/select_job_position'  using regular expression

2020-05-29 03:33:41 - [MESSAGE][PASSED] - All options with label 'RMA' are selected in object 'Object Repository/Alda/Admin - Manage Test/add new question/select_job_position'  using regular expression

2020-05-29 03:33:41 - [TEST_STEP][PASSED] - selectOptionByLabel(findTestObject("Alda/Admin - Manage Test/add new question/select_module"), var_module, true): All options with label 'NEOP Sales' are selected in object 'Object Repository/Alda/Admin - Manage Test/add new question/select_module'  using regular expression

2020-05-29 03:33:42 - [MESSAGE][PASSED] - All options with label 'NEOP Sales' are selected in object 'Object Repository/Alda/Admin - Manage Test/add new question/select_module'  using regular expression

2020-05-29 03:33:42 - [TEST_STEP][PASSED] - click(findTestObject("Alda/Admin - Manage Test/add new question/input_technical_competence")): Object: 'Object Repository/Alda/Admin - Manage Test/add new question/input_technical_competence' is clicked on

2020-05-29 03:33:45 - [MESSAGE][PASSED] - Object: 'Object Repository/Alda/Admin - Manage Test/add new question/input_technical_competence' is clicked on

2020-05-29 03:33:45 - [TEST_STEP][PASSED] - setText(findTestObject("Alda/Admin - Manage Test/add new question/input_technical_competence"), var_technical_comp): Text '' is set on object 'Object Repository/Alda/Admin - Manage Test/add new question/input_technical_competence'

2020-05-29 03:33:45 - [MESSAGE][PASSED] - Text '' is set on object 'Object Repository/Alda/Admin - Manage Test/add new question/input_technical_competence'

2020-05-29 03:33:45 - [TEST_STEP][PASSED] - click(findTestObject("Alda/Admin - Manage Test/Page_Add Test/input_level_competence_new")): Object: 'Object Repository/Alda/Admin - Manage Test/Page_Add Test/input_level_competence_new' is clicked on

2020-05-29 03:33:45 - [MESSAGE][PASSED] - Object: 'Object Repository/Alda/Admin - Manage Test/Page_Add Test/input_level_competence_new' is clicked on

2020-05-29 03:33:45 - [TEST_STEP][PASSED] - setText(findTestObject("Alda/Admin - Manage Test/Page_Add Test/input_level_competence_new"), var_level_comp): Text '' is set on object 'Object Repository/Alda/Admin - Manage Test/Page_Add Test/input_level_competence_new'

2020-05-29 03:33:46 - [MESSAGE][PASSED] - Text '' is set on object 'Object Repository/Alda/Admin - Manage Test/Page_Add Test/input_level_competence_new'

2020-05-29 03:33:46 - [TEST_STEP][PASSED] - setText(findTestObject("Alda/Admin - Manage Test/add new question/textarea_soal"), var_soal): Text 'Matahari terbenam ke arah?' is set on object 'Object Repository/Alda/Admin - Manage Test/add new question/textarea_soal'

2020-05-29 03:33:46 - [MESSAGE][PASSED] - Text 'Matahari terbenam ke arah?' is set on object 'Object Repository/Alda/Admin - Manage Test/add new question/textarea_soal'

2020-05-29 03:33:46 - [TEST_STEP][PASSED] - switch (var_tipe_soal): null

2020-05-29 03:33:46 - [TEST_STEP][PASSED] - case "Pilihan Ganda":: null

2020-05-29 03:33:46 - [TEST_STEP][PASSED] - setText(findTestObject("Alda/Admin - Manage Test/add new question/input_jawaban_a"), var_jawaban_a): Text '' is set on object 'Object Repository/Alda/Admin - Manage Test/add new question/input_jawaban_a'

2020-05-29 03:33:47 - [MESSAGE][PASSED] - Text '' is set on object 'Object Repository/Alda/Admin - Manage Test/add new question/input_jawaban_a'

2020-05-29 03:33:47 - [TEST_STEP][PASSED] - setText(findTestObject("Alda/Admin - Manage Test/add new question/input_jawaban_b"), var_jawaban_b): Text 'utara' is set on object 'Object Repository/Alda/Admin - Manage Test/add new question/input_jawaban_b'

2020-05-29 03:33:47 - [MESSAGE][PASSED] - Text 'utara' is set on object 'Object Repository/Alda/Admin - Manage Test/add new question/input_jawaban_b'

2020-05-29 03:33:47 - [TEST_STEP][PASSED] - setText(findTestObject("Alda/Admin - Manage Test/add new question/input_jawaban_c"), var_jawaban_c): Text 'selatan' is set on object 'Object Repository/Alda/Admin - Manage Test/add new question/input_jawaban_c'

2020-05-29 03:33:48 - [MESSAGE][PASSED] - Text 'selatan' is set on object 'Object Repository/Alda/Admin - Manage Test/add new question/input_jawaban_c'

2020-05-29 03:33:48 - [TEST_STEP][PASSED] - setText(findTestObject("Alda/Admin - Manage Test/add new question/input_jawaban_d"), var_jawaban_d): Text 'barat' is set on object 'Object Repository/Alda/Admin - Manage Test/add new question/input_jawaban_d'

2020-05-29 03:33:49 - [MESSAGE][PASSED] - Text 'barat' is set on object 'Object Repository/Alda/Admin - Manage Test/add new question/input_jawaban_d'

2020-05-29 03:33:49 - [TEST_STEP][PASSED] - selectOptionByLabel(findTestObject("Alda/Admin - Manage Test/add new question/select_ABCD"), var_kunci_jawaban, true): All options with label 'D' are selected in object 'Object Repository/Alda/Admin - Manage Test/add new question/select_ABCD'  using regular expression

2020-05-29 03:33:50 - [MESSAGE][PASSED] - All options with label 'D' are selected in object 'Object Repository/Alda/Admin - Manage Test/add new question/select_ABCD'  using regular expression

2020-05-29 03:33:50 - [TEST_STEP][PASSED] - break: null

2020-05-29 03:33:50 - [TEST_STEP][PASSED] - switch (expected_output): null

2020-05-29 03:33:50 - [TEST_STEP][PASSED] - case "fail":: null

2020-05-29 03:33:50 - [TEST_STEP][PASSED] - verifyElementNotClickable(findTestObject("Alda/Admin - Manage Test/Page_Add Test/button_Submit")): Object 'Object Repository/Alda/Admin - Manage Test/Page_Add Test/button_Submit' is NOT clickable

2020-05-29 03:33:50 - [MESSAGE][PASSED] - Object 'Object Repository/Alda/Admin - Manage Test/Page_Add Test/button_Submit' is NOT clickable

2020-05-29 03:33:50 - [TEST_STEP][PASSED] - break: null]]></system-out>
         <system-err><![CDATA[]]></system-err>
      </testcase>
      <testcase name="Test Cases/Alda/Admin - Manage Test - Pretest Posttest/Pretest Posttest - Add New Question" time="132.211" classname="Test Cases/Alda/Admin - Manage Test - Pretest Posttest/Pretest Posttest - Add New Question" status="PASSED">
         <system-out><![CDATA[2020-05-29 03:33:50 - [TEST_CASE][PASSED] - Test Cases/Alda/Admin - Manage Test - Pretest Posttest/Pretest Posttest - Add New Question: Test Cases/Alda/Admin - Manage Test - Pretest Posttest/Pretest Posttest - Add New Question

2020-05-29 03:33:50 - [TEST_STEP][PASSED] - callTestCase(findTestCase("Rizka/Admin/Custom/Admin - Login"), ["username":"11666", "password":"Password3", "rememberMe":"yes", "condition":"passed"], STOP_ON_FAILURE): Call Test Case 'Test Cases/Rizka/Admin/Custom/Admin - Login' successfully

2020-05-29 03:33:50 - [TEST_CASE][PASSED] - Test Cases/Rizka/Admin/Custom/Admin - Login: Test Cases/Rizka/Admin/Custom/Admin - Login

2020-05-29 03:33:50 - [TEST_STEP][PASSED] - openBrowser("https://appsrv1.deltadatamandiri.com/ACC_LMS_WEB/#/admNLmn"): Browser is opened with url: 'https://appsrv1.deltadatamandiri.com/ACC_LMS_WEB/#/admNLmn'

2020-05-29 03:33:50 - [MESSAGE][WARNING] - A browser is already opened. Closing browser and opening a new one

2020-05-29 03:33:51 - [MESSAGE][INFO] - Starting 'Chrome' driver

2020-05-29 03:34:10 - [MESSAGE][PASSED] - Browser is opened with url: 'https://appsrv1.deltadatamandiri.com/ACC_LMS_WEB/#/admNLmn'

2020-05-29 03:34:10 - [TEST_STEP][PASSED] - maximizeWindow(): Current window maximized

2020-05-29 03:34:11 - [MESSAGE][PASSED] - Current window maximized

2020-05-29 03:34:11 - [TEST_STEP][PASSED] - delay(30): Delayed 30 second(s)

2020-05-29 03:34:41 - [MESSAGE][PASSED] - Delayed 30 second(s)

2020-05-29 03:34:41 - [TEST_STEP][PASSED] - click(findTestObject("Rizka/Admin/Admin - Login/btnLogin")): Object: 'Object Repository/Rizka/Admin/Admin - Login/btnLogin' is clicked on

2020-05-29 03:34:41 - [MESSAGE][PASSED] - Object: 'Object Repository/Rizka/Admin/Admin - Login/btnLogin' is clicked on

2020-05-29 03:34:41 - [TEST_STEP][PASSED] - setText(findTestObject("Rizka/Admin/Admin - Login/txtUsername"), username): Text '11666' is set on object 'Object Repository/Rizka/Admin/Admin - Login/txtUsername'

2020-05-29 03:34:42 - [MESSAGE][PASSED] - Text '11666' is set on object 'Object Repository/Rizka/Admin/Admin - Login/txtUsername'

2020-05-29 03:34:42 - [TEST_STEP][PASSED] - setText(findTestObject("Rizka/Admin/Admin - Login/txtPassword"), password): Text 'Password3' is set on object 'Object Repository/Rizka/Admin/Admin - Login/txtPassword'

2020-05-29 03:34:42 - [MESSAGE][PASSED] - Text 'Password3' is set on object 'Object Repository/Rizka/Admin/Admin - Login/txtPassword'

2020-05-29 03:34:42 - [TEST_STEP][PASSED] - click(findTestObject("Rizka/Admin/Admin - Login/btnEyePass")): Object: 'Object Repository/Rizka/Admin/Admin - Login/btnEyePass' is clicked on

2020-05-29 03:34:43 - [MESSAGE][PASSED] - Object: 'Object Repository/Rizka/Admin/Admin - Login/btnEyePass' is clicked on

2020-05-29 03:34:43 - [TEST_STEP][PASSED] - if (rememberMe == "yes"): Object: 'Object Repository/Rizka/Admin/Admin - Login/checkboxRememberMe' is clicked on

2020-05-29 03:34:43 - [TEST_STEP][PASSED] - click(findTestObject("Rizka/Admin/Admin - Login/checkboxRememberMe")): Object: 'Object Repository/Rizka/Admin/Admin - Login/checkboxRememberMe' is clicked on

2020-05-29 03:34:43 - [MESSAGE][PASSED] - Object: 'Object Repository/Rizka/Admin/Admin - Login/checkboxRememberMe' is clicked on

2020-05-29 03:34:43 - [TEST_STEP][PASSED] - click(findTestObject("Rizka/Admin/Admin - Login/btnLogin2")): Object: 'Object Repository/Rizka/Admin/Admin - Login/btnLogin2' is clicked on

2020-05-29 03:34:43 - [MESSAGE][PASSED] - Object: 'Object Repository/Rizka/Admin/Admin - Login/btnLogin2' is clicked on

2020-05-29 03:34:43 - [TEST_STEP][PASSED] - delay(10): Delayed 10 second(s)

2020-05-29 03:34:53 - [MESSAGE][PASSED] - Delayed 10 second(s)

2020-05-29 03:34:53 - [TEST_STEP][PASSED] - if (condition == "passed"): Object 'Object Repository/Rizka/Admin/Admin - Login/span_Dashboard' is visible

2020-05-29 03:34:53 - [TEST_STEP][PASSED] - verifyElementVisible(findTestObject("Rizka/Admin/Admin - Login/span_Dashboard")): Object 'Object Repository/Rizka/Admin/Admin - Login/span_Dashboard' is visible

2020-05-29 03:34:57 - [MESSAGE][PASSED] - Object 'Object Repository/Rizka/Admin/Admin - Login/span_Dashboard' is visible

2020-05-29 03:34:57 - [MESSAGE][PASSED] - Call Test Case 'Test Cases/Rizka/Admin/Custom/Admin - Login' successfully

2020-05-29 03:34:57 - [TEST_STEP][PASSED] - delay(3): Delayed 3 second(s)

2020-05-29 03:35:00 - [MESSAGE][PASSED] - Delayed 3 second(s)

2020-05-29 03:35:00 - [TEST_STEP][PASSED] - click(findTestObject("Alda/Admin - Manage Test/Page_Dashboard Admin/span_manage_test")): Object: 'Object Repository/Alda/Admin - Manage Test/Page_Dashboard Admin/span_manage_test' is clicked on

2020-05-29 03:35:00 - [MESSAGE][PASSED] - Object: 'Object Repository/Alda/Admin - Manage Test/Page_Dashboard Admin/span_manage_test' is clicked on

2020-05-29 03:35:00 - [TEST_STEP][PASSED] - click(findTestObject("Alda/Admin - Manage Test/Page_Dashboard Admin/span_pretest_posttest")): Object: 'Object Repository/Alda/Admin - Manage Test/Page_Dashboard Admin/span_pretest_posttest' is clicked on

2020-05-29 03:35:01 - [MESSAGE][PASSED] - Object: 'Object Repository/Alda/Admin - Manage Test/Page_Dashboard Admin/span_pretest_posttest' is clicked on

2020-05-29 03:35:01 - [TEST_STEP][PASSED] - delay(3): Delayed 3 second(s)

2020-05-29 03:35:04 - [MESSAGE][PASSED] - Delayed 3 second(s)

2020-05-29 03:35:04 - [TEST_STEP][PASSED] - click(findTestObject("Alda/Admin - Manage Test/add new question/btn_add_new_question")): Object: 'Object Repository/Alda/Admin - Manage Test/add new question/btn_add_new_question' is clicked on

2020-05-29 03:35:18 - [MESSAGE][PASSED] - Object: 'Object Repository/Alda/Admin - Manage Test/add new question/btn_add_new_question' is clicked on

2020-05-29 03:35:18 - [TEST_STEP][PASSED] - selectOptionByLabel(findTestObject("Alda/Admin - Manage Test/add new question/select_category"), var_category, true): All options with label 'Pre-Test' are selected in object 'Object Repository/Alda/Admin - Manage Test/add new question/select_category'  using regular expression

2020-05-29 03:35:28 - [MESSAGE][PASSED] - All options with label 'Pre-Test' are selected in object 'Object Repository/Alda/Admin - Manage Test/add new question/select_category'  using regular expression

2020-05-29 03:35:28 - [TEST_STEP][PASSED] - selectOptionByLabel(findTestObject("Alda/Admin - Manage Test/add new question/select_tipe_soal"), var_tipe_soal, true): All options with label 'Pilihan Ganda' are selected in object 'Object Repository/Alda/Admin - Manage Test/add new question/select_tipe_soal'  using regular expression

2020-05-29 03:35:42 - [MESSAGE][PASSED] - All options with label 'Pilihan Ganda' are selected in object 'Object Repository/Alda/Admin - Manage Test/add new question/select_tipe_soal'  using regular expression

2020-05-29 03:35:42 - [TEST_STEP][PASSED] - selectOptionByLabel(findTestObject("Alda/Admin - Manage Test/add new question/select_job_function"), var_job_function, true): All options with label 'AR' are selected in object 'Object Repository/Alda/Admin - Manage Test/add new question/select_job_function'  using regular expression

2020-05-29 03:35:49 - [MESSAGE][PASSED] - All options with label 'AR' are selected in object 'Object Repository/Alda/Admin - Manage Test/add new question/select_job_function'  using regular expression

2020-05-29 03:35:49 - [TEST_STEP][PASSED] - selectOptionByLabel(findTestObject("Alda/Admin - Manage Test/add new question/select_job_position"), var_job_position, true): All options with label 'RMA' are selected in object 'Object Repository/Alda/Admin - Manage Test/add new question/select_job_position'  using regular expression

2020-05-29 03:35:53 - [MESSAGE][PASSED] - All options with label 'RMA' are selected in object 'Object Repository/Alda/Admin - Manage Test/add new question/select_job_position'  using regular expression

2020-05-29 03:35:53 - [TEST_STEP][PASSED] - selectOptionByLabel(findTestObject("Alda/Admin - Manage Test/add new question/select_module"), var_module, true): All options with label 'NEOP Sales' are selected in object 'Object Repository/Alda/Admin - Manage Test/add new question/select_module'  using regular expression

2020-05-29 03:35:54 - [MESSAGE][PASSED] - All options with label 'NEOP Sales' are selected in object 'Object Repository/Alda/Admin - Manage Test/add new question/select_module'  using regular expression

2020-05-29 03:35:54 - [TEST_STEP][PASSED] - click(findTestObject("Alda/Admin - Manage Test/add new question/input_technical_competence")): Object: 'Object Repository/Alda/Admin - Manage Test/add new question/input_technical_competence' is clicked on

2020-05-29 03:35:57 - [MESSAGE][PASSED] - Object: 'Object Repository/Alda/Admin - Manage Test/add new question/input_technical_competence' is clicked on

2020-05-29 03:35:57 - [TEST_STEP][PASSED] - setText(findTestObject("Alda/Admin - Manage Test/add new question/input_technical_competence"), var_technical_comp): Text 'coba' is set on object 'Object Repository/Alda/Admin - Manage Test/add new question/input_technical_competence'

2020-05-29 03:35:57 - [MESSAGE][PASSED] - Text 'coba' is set on object 'Object Repository/Alda/Admin - Manage Test/add new question/input_technical_competence'

2020-05-29 03:35:57 - [TEST_STEP][PASSED] - click(findTestObject("Alda/Admin - Manage Test/Page_Add Test/input_level_competence_new")): Object: 'Object Repository/Alda/Admin - Manage Test/Page_Add Test/input_level_competence_new' is clicked on

2020-05-29 03:35:58 - [MESSAGE][PASSED] - Object: 'Object Repository/Alda/Admin - Manage Test/Page_Add Test/input_level_competence_new' is clicked on

2020-05-29 03:35:58 - [TEST_STEP][PASSED] - setText(findTestObject("Alda/Admin - Manage Test/Page_Add Test/input_level_competence_new"), var_level_comp): Text '3' is set on object 'Object Repository/Alda/Admin - Manage Test/Page_Add Test/input_level_competence_new'

2020-05-29 03:35:58 - [MESSAGE][PASSED] - Text '3' is set on object 'Object Repository/Alda/Admin - Manage Test/Page_Add Test/input_level_competence_new'

2020-05-29 03:35:58 - [TEST_STEP][PASSED] - setText(findTestObject("Alda/Admin - Manage Test/add new question/textarea_soal"), var_soal): Text 'Matahari terbenam ke arah?' is set on object 'Object Repository/Alda/Admin - Manage Test/add new question/textarea_soal'

2020-05-29 03:35:59 - [MESSAGE][PASSED] - Text 'Matahari terbenam ke arah?' is set on object 'Object Repository/Alda/Admin - Manage Test/add new question/textarea_soal'

2020-05-29 03:35:59 - [TEST_STEP][PASSED] - switch (var_tipe_soal): null

2020-05-29 03:35:59 - [TEST_STEP][PASSED] - case "Pilihan Ganda":: null

2020-05-29 03:35:59 - [TEST_STEP][PASSED] - setText(findTestObject("Alda/Admin - Manage Test/add new question/input_jawaban_a"), var_jawaban_a): Text 'timur' is set on object 'Object Repository/Alda/Admin - Manage Test/add new question/input_jawaban_a'

2020-05-29 03:35:59 - [MESSAGE][PASSED] - Text 'timur' is set on object 'Object Repository/Alda/Admin - Manage Test/add new question/input_jawaban_a'

2020-05-29 03:35:59 - [TEST_STEP][PASSED] - setText(findTestObject("Alda/Admin - Manage Test/add new question/input_jawaban_b"), var_jawaban_b): Text '' is set on object 'Object Repository/Alda/Admin - Manage Test/add new question/input_jawaban_b'

2020-05-29 03:36:00 - [MESSAGE][PASSED] - Text '' is set on object 'Object Repository/Alda/Admin - Manage Test/add new question/input_jawaban_b'

2020-05-29 03:36:00 - [TEST_STEP][PASSED] - setText(findTestObject("Alda/Admin - Manage Test/add new question/input_jawaban_c"), var_jawaban_c): Text 'selatan' is set on object 'Object Repository/Alda/Admin - Manage Test/add new question/input_jawaban_c'

2020-05-29 03:36:00 - [MESSAGE][PASSED] - Text 'selatan' is set on object 'Object Repository/Alda/Admin - Manage Test/add new question/input_jawaban_c'

2020-05-29 03:36:00 - [TEST_STEP][PASSED] - setText(findTestObject("Alda/Admin - Manage Test/add new question/input_jawaban_d"), var_jawaban_d): Text 'barat' is set on object 'Object Repository/Alda/Admin - Manage Test/add new question/input_jawaban_d'

2020-05-29 03:36:01 - [MESSAGE][PASSED] - Text 'barat' is set on object 'Object Repository/Alda/Admin - Manage Test/add new question/input_jawaban_d'

2020-05-29 03:36:01 - [TEST_STEP][PASSED] - selectOptionByLabel(findTestObject("Alda/Admin - Manage Test/add new question/select_ABCD"), var_kunci_jawaban, true): All options with label 'D' are selected in object 'Object Repository/Alda/Admin - Manage Test/add new question/select_ABCD'  using regular expression

2020-05-29 03:36:02 - [MESSAGE][PASSED] - All options with label 'D' are selected in object 'Object Repository/Alda/Admin - Manage Test/add new question/select_ABCD'  using regular expression

2020-05-29 03:36:02 - [TEST_STEP][PASSED] - break: null

2020-05-29 03:36:02 - [TEST_STEP][PASSED] - switch (expected_output): null

2020-05-29 03:36:02 - [TEST_STEP][PASSED] - case "fail":: null

2020-05-29 03:36:02 - [TEST_STEP][PASSED] - verifyElementNotClickable(findTestObject("Alda/Admin - Manage Test/Page_Add Test/button_Submit")): Object 'Object Repository/Alda/Admin - Manage Test/Page_Add Test/button_Submit' is NOT clickable

2020-05-29 03:36:02 - [MESSAGE][PASSED] - Object 'Object Repository/Alda/Admin - Manage Test/Page_Add Test/button_Submit' is NOT clickable

2020-05-29 03:36:02 - [TEST_STEP][PASSED] - break: null]]></system-out>
         <system-err><![CDATA[]]></system-err>
      </testcase>
      <testcase name="Test Cases/Alda/Admin - Manage Test - Pretest Posttest/Pretest Posttest - Add New Question" time="141.907" classname="Test Cases/Alda/Admin - Manage Test - Pretest Posttest/Pretest Posttest - Add New Question" status="FAILED">
         <failure type="FAILED" message="Test Cases/Alda/Admin - Manage Test - Pretest Posttest/Pretest Posttest - Add New Question FAILED.
Reason:
com.kms.katalon.core.exception.StepFailedException: Unable to click on object 'Object Repository/Alda/Admin - Manage Test/Page_Dashboard Admin/span_pretest_posttest'
	at com.kms.katalon.core.webui.keyword.internal.WebUIKeywordMain.stepFailed(WebUIKeywordMain.groovy:64)
	at com.kms.katalon.core.webui.keyword.internal.WebUIKeywordMain.runKeyword(WebUIKeywordMain.groovy:26)
	at com.kms.katalon.core.webui.keyword.builtin.ClickKeyword.click(ClickKeyword.groovy:99)
	at com.kms.katalon.core.webui.keyword.builtin.ClickKeyword.execute(ClickKeyword.groovy:43)
	at com.kms.katalon.core.keyword.internal.KeywordExecutor.executeKeywordForPlatform(KeywordExecutor.groovy:60)
	at com.kms.katalon.core.webui.keyword.WebUiBuiltInKeywords.click(WebUiBuiltInKeywords.groovy:616)
	at com.kms.katalon.core.webui.keyword.WebUiBuiltInKeywords$click$1.call(Unknown Source)
	at Pretest Posttest - Add New Question.run(Pretest Posttest - Add New Question:26)
	at com.kms.katalon.core.main.ScriptEngine.run(ScriptEngine.java:194)
	at com.kms.katalon.core.main.ScriptEngine.runScriptAsRawText(ScriptEngine.java:119)
	at com.kms.katalon.core.main.TestCaseExecutor.runScript(TestCaseExecutor.java:337)
	at com.kms.katalon.core.main.TestCaseExecutor.doExecute(TestCaseExecutor.java:328)
	at com.kms.katalon.core.main.TestCaseExecutor.processExecutionPhase(TestCaseExecutor.java:307)
	at com.kms.katalon.core.main.TestCaseExecutor.accessMainPhase(TestCaseExecutor.java:299)
	at com.kms.katalon.core.main.TestCaseExecutor.execute(TestCaseExecutor.java:233)
	at com.kms.katalon.core.main.TestSuiteExecutor.accessTestCaseMainPhase(TestSuiteExecutor.java:169)
	at com.kms.katalon.core.main.TestSuiteExecutor.accessTestSuiteMainPhase(TestSuiteExecutor.java:142)
	at com.kms.katalon.core.main.TestSuiteExecutor.execute(TestSuiteExecutor.java:91)
	at com.kms.katalon.core.main.TestCaseMain.startTestSuite(TestCaseMain.java:157)
	at com.kms.katalon.core.main.TestCaseMain$startTestSuite$0.call(Unknown Source)
	at TempTestSuite1590697236639.run(TempTestSuite1590697236639.groovy:36)
Caused by: com.kms.katalon.core.webui.exception.WebElementNotFoundException: Web element with id: 'Object Repository/Alda/Admin - Manage Test/Page_Dashboard Admin/span_pretest_posttest' located by 'By.xpath: id(&quot;ng-app&quot;)/app-root[1]/app-page-outlet[1]/app-page-dashboardadmin[1]/div[@class=&quot;app-page container left-panel-collapsed-container slide-in-left-panel-container left-panel-container-md-10 left-panel-container-sm-10 left-panel-container-xs-2&quot;]/main[@class=&quot;app-content clearfix&quot;]/div[@class=&quot;row app-content-row clearfix&quot;]/aside[@class=&quot;app-left-panel left-panel-collapsed slide-in col-md-2 col-sm-2 col-xs-10&quot;]/app-partial-leftnavadmin[1]/section[@class=&quot;app-partial clearfix&quot;]/ul[@class=&quot;nav app-nav NavAdmin nav-pills nav-stacked&quot;]/li[@class=&quot;app-nav-item navAdminItem active&quot;]/div[@class=&quot;dropdown app-menu open&quot;]/ul[@class=&quot;icon-position-left dropdown-menu undefined animated wmSlideInDown&quot;]/li[@class=&quot;app-menu-item&quot;]/a[1]/span[@class=&quot;anchor-caption&quot;][count(. | //*[(text() = 'Pre-Test &amp; Post-Test' or . = 'Pre-Test &amp; Post-Test')]) = count(//*[(text() = 'Pre-Test &amp; Post-Test' or . = 'Pre-Test &amp; Post-Test')])]' not found
	at com.kms.katalon.core.webui.common.WebUiCommonHelper.findWebElement(WebUiCommonHelper.java:1113)
	at com.kms.katalon.core.webui.keyword.internal.WebUIAbstractKeyword.findWebElement(WebUIAbstractKeyword.groovy:27)
	at com.kms.katalon.core.webui.keyword.internal.WebUIAbstractKeyword.findWebElement(WebUIAbstractKeyword.groovy:26)
	at com.kms.katalon.core.webui.keyword.builtin.ClickKeyword$_click_closure1.doCall(ClickKeyword.groovy:68)
	at com.kms.katalon.core.webui.keyword.builtin.ClickKeyword$_click_closure1.call(ClickKeyword.groovy)
	at com.kms.katalon.core.webui.keyword.internal.WebUIKeywordMain.runKeyword(WebUIKeywordMain.groovy:20)
	... 19 more
"/>
         <system-out><![CDATA[2020-05-29 03:36:02 - [TEST_CASE][FAILED] - Test Cases/Alda/Admin - Manage Test - Pretest Posttest/Pretest Posttest - Add New Question: Test Cases/Alda/Admin - Manage Test - Pretest Posttest/Pretest Posttest - Add New Question FAILED.
Reason:
com.kms.katalon.core.exception.StepFailedException: Unable to click on object 'Object Repository/Alda/Admin - Manage Test/Page_Dashboard Admin/span_pretest_posttest'
	at com.kms.katalon.core.webui.keyword.internal.WebUIKeywordMain.stepFailed(WebUIKeywordMain.groovy:64)
	at com.kms.katalon.core.webui.keyword.internal.WebUIKeywordMain.runKeyword(WebUIKeywordMain.groovy:26)
	at com.kms.katalon.core.webui.keyword.builtin.ClickKeyword.click(ClickKeyword.groovy:99)
	at com.kms.katalon.core.webui.keyword.builtin.ClickKeyword.execute(ClickKeyword.groovy:43)
	at com.kms.katalon.core.keyword.internal.KeywordExecutor.executeKeywordForPlatform(KeywordExecutor.groovy:60)
	at com.kms.katalon.core.webui.keyword.WebUiBuiltInKeywords.click(WebUiBuiltInKeywords.groovy:616)
	at com.kms.katalon.core.webui.keyword.WebUiBuiltInKeywords$click$1.call(Unknown Source)
	at Pretest Posttest - Add New Question.run(Pretest Posttest - Add New Question:26)
	at com.kms.katalon.core.main.ScriptEngine.run(ScriptEngine.java:194)
	at com.kms.katalon.core.main.ScriptEngine.runScriptAsRawText(ScriptEngine.java:119)
	at com.kms.katalon.core.main.TestCaseExecutor.runScript(TestCaseExecutor.java:337)
	at com.kms.katalon.core.main.TestCaseExecutor.doExecute(TestCaseExecutor.java:328)
	at com.kms.katalon.core.main.TestCaseExecutor.processExecutionPhase(TestCaseExecutor.java:307)
	at com.kms.katalon.core.main.TestCaseExecutor.accessMainPhase(TestCaseExecutor.java:299)
	at com.kms.katalon.core.main.TestCaseExecutor.execute(TestCaseExecutor.java:233)
	at com.kms.katalon.core.main.TestSuiteExecutor.accessTestCaseMainPhase(TestSuiteExecutor.java:169)
	at com.kms.katalon.core.main.TestSuiteExecutor.accessTestSuiteMainPhase(TestSuiteExecutor.java:142)
	at com.kms.katalon.core.main.TestSuiteExecutor.execute(TestSuiteExecutor.java:91)
	at com.kms.katalon.core.main.TestCaseMain.startTestSuite(TestCaseMain.java:157)
	at com.kms.katalon.core.main.TestCaseMain$startTestSuite$0.call(Unknown Source)
	at TempTestSuite1590697236639.run(TempTestSuite1590697236639.groovy:36)
Caused by: com.kms.katalon.core.webui.exception.WebElementNotFoundException: Web element with id: 'Object Repository/Alda/Admin - Manage Test/Page_Dashboard Admin/span_pretest_posttest' located by 'By.xpath: id("ng-app")/app-root[1]/app-page-outlet[1]/app-page-dashboardadmin[1]/div[@class="app-page container left-panel-collapsed-container slide-in-left-panel-container left-panel-container-md-10 left-panel-container-sm-10 left-panel-container-xs-2"]/main[@class="app-content clearfix"]/div[@class="row app-content-row clearfix"]/aside[@class="app-left-panel left-panel-collapsed slide-in col-md-2 col-sm-2 col-xs-10"]/app-partial-leftnavadmin[1]/section[@class="app-partial clearfix"]/ul[@class="nav app-nav NavAdmin nav-pills nav-stacked"]/li[@class="app-nav-item navAdminItem active"]/div[@class="dropdown app-menu open"]/ul[@class="icon-position-left dropdown-menu undefined animated wmSlideInDown"]/li[@class="app-menu-item"]/a[1]/span[@class="anchor-caption"][count(. | //*[(text() = 'Pre-Test & Post-Test' or . = 'Pre-Test & Post-Test')]) = count(//*[(text() = 'Pre-Test & Post-Test' or . = 'Pre-Test & Post-Test')])]' not found
	at com.kms.katalon.core.webui.common.WebUiCommonHelper.findWebElement(WebUiCommonHelper.java:1113)
	at com.kms.katalon.core.webui.keyword.internal.WebUIAbstractKeyword.findWebElement(WebUIAbstractKeyword.groovy:27)
	at com.kms.katalon.core.webui.keyword.internal.WebUIAbstractKeyword.findWebElement(WebUIAbstractKeyword.groovy:26)
	at com.kms.katalon.core.webui.keyword.builtin.ClickKeyword$_click_closure1.doCall(ClickKeyword.groovy:68)
	at com.kms.katalon.core.webui.keyword.builtin.ClickKeyword$_click_closure1.call(ClickKeyword.groovy)
	at com.kms.katalon.core.webui.keyword.internal.WebUIKeywordMain.runKeyword(WebUIKeywordMain.groovy:20)
	... 19 more


2020-05-29 03:36:02 - [TEST_STEP][PASSED] - callTestCase(findTestCase("Rizka/Admin/Custom/Admin - Login"), ["username":"11666", "password":"Password3", "rememberMe":"yes", "condition":"passed"], STOP_ON_FAILURE): Call Test Case 'Test Cases/Rizka/Admin/Custom/Admin - Login' successfully

2020-05-29 03:36:02 - [TEST_CASE][PASSED] - Test Cases/Rizka/Admin/Custom/Admin - Login: Test Cases/Rizka/Admin/Custom/Admin - Login

2020-05-29 03:36:03 - [TEST_STEP][PASSED] - openBrowser("https://appsrv1.deltadatamandiri.com/ACC_LMS_WEB/#/admNLmn"): Browser is opened with url: 'https://appsrv1.deltadatamandiri.com/ACC_LMS_WEB/#/admNLmn'

2020-05-29 03:36:03 - [MESSAGE][WARNING] - A browser is already opened. Closing browser and opening a new one

2020-05-29 03:36:03 - [MESSAGE][INFO] - Starting 'Chrome' driver

2020-05-29 03:36:14 - [MESSAGE][PASSED] - Browser is opened with url: 'https://appsrv1.deltadatamandiri.com/ACC_LMS_WEB/#/admNLmn'

2020-05-29 03:36:14 - [TEST_STEP][PASSED] - maximizeWindow(): Current window maximized

2020-05-29 03:36:15 - [MESSAGE][PASSED] - Current window maximized

2020-05-29 03:36:15 - [TEST_STEP][PASSED] - delay(30): Delayed 30 second(s)

2020-05-29 03:36:45 - [MESSAGE][PASSED] - Delayed 30 second(s)

2020-05-29 03:36:45 - [TEST_STEP][PASSED] - click(findTestObject("Rizka/Admin/Admin - Login/btnLogin")): Object: 'Object Repository/Rizka/Admin/Admin - Login/btnLogin' is clicked on

2020-05-29 03:36:51 - [MESSAGE][PASSED] - Object: 'Object Repository/Rizka/Admin/Admin - Login/btnLogin' is clicked on

2020-05-29 03:36:51 - [TEST_STEP][PASSED] - setText(findTestObject("Rizka/Admin/Admin - Login/txtUsername"), username): Text '11666' is set on object 'Object Repository/Rizka/Admin/Admin - Login/txtUsername'

2020-05-29 03:36:53 - [MESSAGE][PASSED] - Text '11666' is set on object 'Object Repository/Rizka/Admin/Admin - Login/txtUsername'

2020-05-29 03:36:53 - [TEST_STEP][PASSED] - setText(findTestObject("Rizka/Admin/Admin - Login/txtPassword"), password): Text 'Password3' is set on object 'Object Repository/Rizka/Admin/Admin - Login/txtPassword'

2020-05-29 03:36:56 - [MESSAGE][PASSED] - Text 'Password3' is set on object 'Object Repository/Rizka/Admin/Admin - Login/txtPassword'

2020-05-29 03:36:56 - [TEST_STEP][PASSED] - click(findTestObject("Rizka/Admin/Admin - Login/btnEyePass")): Object: 'Object Repository/Rizka/Admin/Admin - Login/btnEyePass' is clicked on

2020-05-29 03:37:02 - [MESSAGE][PASSED] - Object: 'Object Repository/Rizka/Admin/Admin - Login/btnEyePass' is clicked on

2020-05-29 03:37:02 - [TEST_STEP][PASSED] - if (rememberMe == "yes"): Object: 'Object Repository/Rizka/Admin/Admin - Login/checkboxRememberMe' is clicked on

2020-05-29 03:37:02 - [TEST_STEP][PASSED] - click(findTestObject("Rizka/Admin/Admin - Login/checkboxRememberMe")): Object: 'Object Repository/Rizka/Admin/Admin - Login/checkboxRememberMe' is clicked on

2020-05-29 03:37:09 - [MESSAGE][PASSED] - Object: 'Object Repository/Rizka/Admin/Admin - Login/checkboxRememberMe' is clicked on

2020-05-29 03:37:09 - [TEST_STEP][PASSED] - click(findTestObject("Rizka/Admin/Admin - Login/btnLogin2")): Object: 'Object Repository/Rizka/Admin/Admin - Login/btnLogin2' is clicked on

2020-05-29 03:37:16 - [MESSAGE][PASSED] - Object: 'Object Repository/Rizka/Admin/Admin - Login/btnLogin2' is clicked on

2020-05-29 03:37:16 - [TEST_STEP][PASSED] - delay(10): Delayed 10 second(s)

2020-05-29 03:37:26 - [MESSAGE][PASSED] - Delayed 10 second(s)

2020-05-29 03:37:26 - [TEST_STEP][PASSED] - if (condition == "passed"): Object 'Object Repository/Rizka/Admin/Admin - Login/span_Dashboard' is visible

2020-05-29 03:37:26 - [TEST_STEP][PASSED] - verifyElementVisible(findTestObject("Rizka/Admin/Admin - Login/span_Dashboard")): Object 'Object Repository/Rizka/Admin/Admin - Login/span_Dashboard' is visible

2020-05-29 03:37:33 - [MESSAGE][PASSED] - Object 'Object Repository/Rizka/Admin/Admin - Login/span_Dashboard' is visible

2020-05-29 03:37:33 - [MESSAGE][PASSED] - Call Test Case 'Test Cases/Rizka/Admin/Custom/Admin - Login' successfully

2020-05-29 03:37:33 - [TEST_STEP][PASSED] - delay(3): Delayed 3 second(s)

2020-05-29 03:37:36 - [MESSAGE][PASSED] - Delayed 3 second(s)

2020-05-29 03:37:36 - [TEST_STEP][PASSED] - click(findTestObject("Alda/Admin - Manage Test/Page_Dashboard Admin/span_manage_test")): Object: 'Object Repository/Alda/Admin - Manage Test/Page_Dashboard Admin/span_manage_test' is clicked on

2020-05-29 03:37:43 - [MESSAGE][PASSED] - Object: 'Object Repository/Alda/Admin - Manage Test/Page_Dashboard Admin/span_manage_test' is clicked on

2020-05-29 03:37:43 - [TEST_STEP][FAILED] - click(findTestObject("Alda/Admin - Manage Test/Page_Dashboard Admin/span_pretest_posttest")): Unable to click on object 'Object Repository/Alda/Admin - Manage Test/Page_Dashboard Admin/span_pretest_posttest' (Root cause: com.kms.katalon.core.exception.StepFailedException: Unable to click on object 'Object Repository/Alda/Admin - Manage Test/Page_Dashboard Admin/span_pretest_posttest'
	at com.kms.katalon.core.webui.keyword.internal.WebUIKeywordMain.stepFailed(WebUIKeywordMain.groovy:64)
	at com.kms.katalon.core.webui.keyword.internal.WebUIKeywordMain.runKeyword(WebUIKeywordMain.groovy:26)
	at com.kms.katalon.core.webui.keyword.builtin.ClickKeyword.click(ClickKeyword.groovy:99)
	at com.kms.katalon.core.webui.keyword.builtin.ClickKeyword.execute(ClickKeyword.groovy:43)
	at com.kms.katalon.core.keyword.internal.KeywordExecutor.executeKeywordForPlatform(KeywordExecutor.groovy:60)
	at com.kms.katalon.core.webui.keyword.WebUiBuiltInKeywords.click(WebUiBuiltInKeywords.groovy:616)
	at com.kms.katalon.core.webui.keyword.WebUiBuiltInKeywords$click$1.call(Unknown Source)
	at Pretest Posttest - Add New Question.run(Pretest Posttest - Add New Question:26)
	at com.kms.katalon.core.main.ScriptEngine.run(ScriptEngine.java:194)
	at com.kms.katalon.core.main.ScriptEngine.runScriptAsRawText(ScriptEngine.java:119)
	at com.kms.katalon.core.main.TestCaseExecutor.runScript(TestCaseExecutor.java:337)
	at com.kms.katalon.core.main.TestCaseExecutor.doExecute(TestCaseExecutor.java:328)
	at com.kms.katalon.core.main.TestCaseExecutor.processExecutionPhase(TestCaseExecutor.java:307)
	at com.kms.katalon.core.main.TestCaseExecutor.accessMainPhase(TestCaseExecutor.java:299)
	at com.kms.katalon.core.main.TestCaseExecutor.execute(TestCaseExecutor.java:233)
	at com.kms.katalon.core.main.TestSuiteExecutor.accessTestCaseMainPhase(TestSuiteExecutor.java:169)
	at com.kms.katalon.core.main.TestSuiteExecutor.accessTestSuiteMainPhase(TestSuiteExecutor.java:142)
	at com.kms.katalon.core.main.TestSuiteExecutor.execute(TestSuiteExecutor.java:91)
	at com.kms.katalon.core.main.TestCaseMain.startTestSuite(TestCaseMain.java:157)
	at com.kms.katalon.core.main.TestCaseMain$startTestSuite$0.call(Unknown Source)
	at TempTestSuite1590697236639.run(TempTestSuite1590697236639.groovy:36)
Caused by: com.kms.katalon.core.webui.exception.WebElementNotFoundException: Web element with id: 'Object Repository/Alda/Admin - Manage Test/Page_Dashboard Admin/span_pretest_posttest' located by 'By.xpath: id("ng-app")/app-root[1]/app-page-outlet[1]/app-page-dashboardadmin[1]/div[@class="app-page container left-panel-collapsed-container slide-in-left-panel-container left-panel-container-md-10 left-panel-container-sm-10 left-panel-container-xs-2"]/main[@class="app-content clearfix"]/div[@class="row app-content-row clearfix"]/aside[@class="app-left-panel left-panel-collapsed slide-in col-md-2 col-sm-2 col-xs-10"]/app-partial-leftnavadmin[1]/section[@class="app-partial clearfix"]/ul[@class="nav app-nav NavAdmin nav-pills nav-stacked"]/li[@class="app-nav-item navAdminItem active"]/div[@class="dropdown app-menu open"]/ul[@class="icon-position-left dropdown-menu undefined animated wmSlideInDown"]/li[@class="app-menu-item"]/a[1]/span[@class="anchor-caption"][count(. | //*[(text() = 'Pre-Test & Post-Test' or . = 'Pre-Test & Post-Test')]) = count(//*[(text() = 'Pre-Test & Post-Test' or . = 'Pre-Test & Post-Test')])]' not found
	at com.kms.katalon.core.webui.common.WebUiCommonHelper.findWebElement(WebUiCommonHelper.java:1113)
	at com.kms.katalon.core.webui.keyword.internal.WebUIAbstractKeyword.findWebElement(WebUIAbstractKeyword.groovy:27)
	at com.kms.katalon.core.webui.keyword.internal.WebUIAbstractKeyword.findWebElement(WebUIAbstractKeyword.groovy:26)
	at com.kms.katalon.core.webui.keyword.builtin.ClickKeyword$_click_closure1.doCall(ClickKeyword.groovy:68)
	at com.kms.katalon.core.webui.keyword.builtin.ClickKeyword$_click_closure1.call(ClickKeyword.groovy)
	at com.kms.katalon.core.webui.keyword.internal.WebUIKeywordMain.runKeyword(WebUIKeywordMain.groovy:20)
	at com.kms.katalon.core.webui.keyword.builtin.ClickKeyword.click(ClickKeyword.groovy:99)
	at com.kms.katalon.core.webui.keyword.builtin.ClickKeyword.execute(ClickKeyword.groovy:43)
	at com.kms.katalon.core.keyword.internal.KeywordExecutor.executeKeywordForPlatform(KeywordExecutor.groovy:60)
	at com.kms.katalon.core.webui.keyword.WebUiBuiltInKeywords.click(WebUiBuiltInKeywords.groovy:616)
	at com.kms.katalon.core.webui.keyword.WebUiBuiltInKeywords$click$1.call(Unknown Source)
	at Script1590532622909.run(Script1590532622909.groovy:26)
	... 13 more
)

2020-05-29 03:38:24 - [MESSAGE][INFO] - Unable to find the element located by 'By.xpath: id("ng-app")/app-root[1]/app-page-outlet[1]/app-page-dashboardadmin[1]/div[@class="app-page container left-panel-collapsed-container slide-in-left-panel-container left-panel-container-md-10 left-panel-container-sm-10 left-panel-container-xs-2"]/main[@class="app-content clearfix"]/div[@class="row app-content-row clearfix"]/aside[@class="app-left-panel left-panel-collapsed slide-in col-md-2 col-sm-2 col-xs-10"]/app-partial-leftnavadmin[1]/section[@class="app-partial clearfix"]/ul[@class="nav app-nav NavAdmin nav-pills nav-stacked"]/li[@class="app-nav-item navAdminItem active"]/div[@class="dropdown app-menu open"]/ul[@class="icon-position-left dropdown-menu undefined animated wmSlideInDown"]/li[@class="app-menu-item"]/a[1]/span[@class="anchor-caption"][count(. | //*[(text() = 'Pre-Test & Post-Test' or . = 'Pre-Test & Post-Test')]) = count(//*[(text() = 'Pre-Test & Post-Test' or . = 'Pre-Test & Post-Test')])]'. Please recheck the objects properties to make sure the desired element is located. 

2020-05-29 03:38:24 - [MESSAGE][FAILED] - Unable to click on object 'Object Repository/Alda/Admin - Manage Test/Page_Dashboard Admin/span_pretest_posttest' (Root cause: com.kms.katalon.core.exception.StepFailedException: Unable to click on object 'Object Repository/Alda/Admin - Manage Test/Page_Dashboard Admin/span_pretest_posttest'
	at com.kms.katalon.core.webui.keyword.internal.WebUIKeywordMain.stepFailed(WebUIKeywordMain.groovy:64)
	at com.kms.katalon.core.webui.keyword.internal.WebUIKeywordMain.runKeyword(WebUIKeywordMain.groovy:26)
	at com.kms.katalon.core.webui.keyword.builtin.ClickKeyword.click(ClickKeyword.groovy:99)
	at com.kms.katalon.core.webui.keyword.builtin.ClickKeyword.execute(ClickKeyword.groovy:43)
	at com.kms.katalon.core.keyword.internal.KeywordExecutor.executeKeywordForPlatform(KeywordExecutor.groovy:60)
	at com.kms.katalon.core.webui.keyword.WebUiBuiltInKeywords.click(WebUiBuiltInKeywords.groovy:616)
	at com.kms.katalon.core.webui.keyword.WebUiBuiltInKeywords$click$1.call(Unknown Source)
	at Pretest Posttest - Add New Question.run(Pretest Posttest - Add New Question:26)
	at com.kms.katalon.core.main.ScriptEngine.run(ScriptEngine.java:194)
	at com.kms.katalon.core.main.ScriptEngine.runScriptAsRawText(ScriptEngine.java:119)
	at com.kms.katalon.core.main.TestCaseExecutor.runScript(TestCaseExecutor.java:337)
	at com.kms.katalon.core.main.TestCaseExecutor.doExecute(TestCaseExecutor.java:328)
	at com.kms.katalon.core.main.TestCaseExecutor.processExecutionPhase(TestCaseExecutor.java:307)
	at com.kms.katalon.core.main.TestCaseExecutor.accessMainPhase(TestCaseExecutor.java:299)
	at com.kms.katalon.core.main.TestCaseExecutor.execute(TestCaseExecutor.java:233)
	at com.kms.katalon.core.main.TestSuiteExecutor.accessTestCaseMainPhase(TestSuiteExecutor.java:169)
	at com.kms.katalon.core.main.TestSuiteExecutor.accessTestSuiteMainPhase(TestSuiteExecutor.java:142)
	at com.kms.katalon.core.main.TestSuiteExecutor.execute(TestSuiteExecutor.java:91)
	at com.kms.katalon.core.main.TestCaseMain.startTestSuite(TestCaseMain.java:157)
	at com.kms.katalon.core.main.TestCaseMain$startTestSuite$0.call(Unknown Source)
	at TempTestSuite1590697236639.run(TempTestSuite1590697236639.groovy:36)
Caused by: com.kms.katalon.core.webui.exception.WebElementNotFoundException: Web element with id: 'Object Repository/Alda/Admin - Manage Test/Page_Dashboard Admin/span_pretest_posttest' located by 'By.xpath: id("ng-app")/app-root[1]/app-page-outlet[1]/app-page-dashboardadmin[1]/div[@class="app-page container left-panel-collapsed-container slide-in-left-panel-container left-panel-container-md-10 left-panel-container-sm-10 left-panel-container-xs-2"]/main[@class="app-content clearfix"]/div[@class="row app-content-row clearfix"]/aside[@class="app-left-panel left-panel-collapsed slide-in col-md-2 col-sm-2 col-xs-10"]/app-partial-leftnavadmin[1]/section[@class="app-partial clearfix"]/ul[@class="nav app-nav NavAdmin nav-pills nav-stacked"]/li[@class="app-nav-item navAdminItem active"]/div[@class="dropdown app-menu open"]/ul[@class="icon-position-left dropdown-menu undefined animated wmSlideInDown"]/li[@class="app-menu-item"]/a[1]/span[@class="anchor-caption"][count(. | //*[(text() = 'Pre-Test & Post-Test' or . = 'Pre-Test & Post-Test')]) = count(//*[(text() = 'Pre-Test & Post-Test' or . = 'Pre-Test & Post-Test')])]' not found
	at com.kms.katalon.core.webui.common.WebUiCommonHelper.findWebElement(WebUiCommonHelper.java:1113)
	at com.kms.katalon.core.webui.keyword.internal.WebUIAbstractKeyword.findWebElement(WebUIAbstractKeyword.groovy:27)
	at com.kms.katalon.core.webui.keyword.internal.WebUIAbstractKeyword.findWebElement(WebUIAbstractKeyword.groovy:26)
	at com.kms.katalon.core.webui.keyword.builtin.ClickKeyword$_click_closure1.doCall(ClickKeyword.groovy:68)
	at com.kms.katalon.core.webui.keyword.builtin.ClickKeyword$_click_closure1.call(ClickKeyword.groovy)
	at com.kms.katalon.core.webui.keyword.internal.WebUIKeywordMain.runKeyword(WebUIKeywordMain.groovy:20)
	at com.kms.katalon.core.webui.keyword.builtin.ClickKeyword.click(ClickKeyword.groovy:99)
	at com.kms.katalon.core.webui.keyword.builtin.ClickKeyword.execute(ClickKeyword.groovy:43)
	at com.kms.katalon.core.keyword.internal.KeywordExecutor.executeKeywordForPlatform(KeywordExecutor.groovy:60)
	at com.kms.katalon.core.webui.keyword.WebUiBuiltInKeywords.click(WebUiBuiltInKeywords.groovy:616)
	at com.kms.katalon.core.webui.keyword.WebUiBuiltInKeywords$click$1.call(Unknown Source)
	at Script1590532622909.run(Script1590532622909.groovy:26)
	... 13 more
)
[[ATTACHMENT|C:\\Users\\asus\\git\\LMS27Mei\\Reports\\20200529_032036\\Alda\\Admin_Pretest Posttest - Add New Question\\20200529_032036\\1590698304317.png]]]]></system-out>
         <system-err><![CDATA[2020-05-29 03:36:02 - [TEST_CASE][FAILED] - Test Cases/Alda/Admin - Manage Test - Pretest Posttest/Pretest Posttest - Add New Question: Test Cases/Alda/Admin - Manage Test - Pretest Posttest/Pretest Posttest - Add New Question FAILED.
Reason:
com.kms.katalon.core.exception.StepFailedException: Unable to click on object 'Object Repository/Alda/Admin - Manage Test/Page_Dashboard Admin/span_pretest_posttest'
	at com.kms.katalon.core.webui.keyword.internal.WebUIKeywordMain.stepFailed(WebUIKeywordMain.groovy:64)
	at com.kms.katalon.core.webui.keyword.internal.WebUIKeywordMain.runKeyword(WebUIKeywordMain.groovy:26)
	at com.kms.katalon.core.webui.keyword.builtin.ClickKeyword.click(ClickKeyword.groovy:99)
	at com.kms.katalon.core.webui.keyword.builtin.ClickKeyword.execute(ClickKeyword.groovy:43)
	at com.kms.katalon.core.keyword.internal.KeywordExecutor.executeKeywordForPlatform(KeywordExecutor.groovy:60)
	at com.kms.katalon.core.webui.keyword.WebUiBuiltInKeywords.click(WebUiBuiltInKeywords.groovy:616)
	at com.kms.katalon.core.webui.keyword.WebUiBuiltInKeywords$click$1.call(Unknown Source)
	at Pretest Posttest - Add New Question.run(Pretest Posttest - Add New Question:26)
	at com.kms.katalon.core.main.ScriptEngine.run(ScriptEngine.java:194)
	at com.kms.katalon.core.main.ScriptEngine.runScriptAsRawText(ScriptEngine.java:119)
	at com.kms.katalon.core.main.TestCaseExecutor.runScript(TestCaseExecutor.java:337)
	at com.kms.katalon.core.main.TestCaseExecutor.doExecute(TestCaseExecutor.java:328)
	at com.kms.katalon.core.main.TestCaseExecutor.processExecutionPhase(TestCaseExecutor.java:307)
	at com.kms.katalon.core.main.TestCaseExecutor.accessMainPhase(TestCaseExecutor.java:299)
	at com.kms.katalon.core.main.TestCaseExecutor.execute(TestCaseExecutor.java:233)
	at com.kms.katalon.core.main.TestSuiteExecutor.accessTestCaseMainPhase(TestSuiteExecutor.java:169)
	at com.kms.katalon.core.main.TestSuiteExecutor.accessTestSuiteMainPhase(TestSuiteExecutor.java:142)
	at com.kms.katalon.core.main.TestSuiteExecutor.execute(TestSuiteExecutor.java:91)
	at com.kms.katalon.core.main.TestCaseMain.startTestSuite(TestCaseMain.java:157)
	at com.kms.katalon.core.main.TestCaseMain$startTestSuite$0.call(Unknown Source)
	at TempTestSuite1590697236639.run(TempTestSuite1590697236639.groovy:36)
Caused by: com.kms.katalon.core.webui.exception.WebElementNotFoundException: Web element with id: 'Object Repository/Alda/Admin - Manage Test/Page_Dashboard Admin/span_pretest_posttest' located by 'By.xpath: id("ng-app")/app-root[1]/app-page-outlet[1]/app-page-dashboardadmin[1]/div[@class="app-page container left-panel-collapsed-container slide-in-left-panel-container left-panel-container-md-10 left-panel-container-sm-10 left-panel-container-xs-2"]/main[@class="app-content clearfix"]/div[@class="row app-content-row clearfix"]/aside[@class="app-left-panel left-panel-collapsed slide-in col-md-2 col-sm-2 col-xs-10"]/app-partial-leftnavadmin[1]/section[@class="app-partial clearfix"]/ul[@class="nav app-nav NavAdmin nav-pills nav-stacked"]/li[@class="app-nav-item navAdminItem active"]/div[@class="dropdown app-menu open"]/ul[@class="icon-position-left dropdown-menu undefined animated wmSlideInDown"]/li[@class="app-menu-item"]/a[1]/span[@class="anchor-caption"][count(. | //*[(text() = 'Pre-Test & Post-Test' or . = 'Pre-Test & Post-Test')]) = count(//*[(text() = 'Pre-Test & Post-Test' or . = 'Pre-Test & Post-Test')])]' not found
	at com.kms.katalon.core.webui.common.WebUiCommonHelper.findWebElement(WebUiCommonHelper.java:1113)
	at com.kms.katalon.core.webui.keyword.internal.WebUIAbstractKeyword.findWebElement(WebUIAbstractKeyword.groovy:27)
	at com.kms.katalon.core.webui.keyword.internal.WebUIAbstractKeyword.findWebElement(WebUIAbstractKeyword.groovy:26)
	at com.kms.katalon.core.webui.keyword.builtin.ClickKeyword$_click_closure1.doCall(ClickKeyword.groovy:68)
	at com.kms.katalon.core.webui.keyword.builtin.ClickKeyword$_click_closure1.call(ClickKeyword.groovy)
	at com.kms.katalon.core.webui.keyword.internal.WebUIKeywordMain.runKeyword(WebUIKeywordMain.groovy:20)
	... 19 more]]></system-err>
      </testcase>
      <system-out><![CDATA[2020-05-29 03:20:58 - [TEST_SUITE][FAILED] - Admin_Pretest Posttest - Add New Question: Test Cases/Alda/Admin - Manage Test - Pretest Posttest/Pretest Posttest - Add New Question FAILED.
Reason:
com.kms.katalon.core.exception.StepFailedException: Unable to verify object 'Object Repository/Alda/Admin - Manage Test/Page_Add Test/button_Submit' to be NOT clickable
	at com.kms.katalon.core.webui.keyword.internal.WebUIKeywordMain.stepFailed(WebUIKeywordMain.groovy:64)
	at com.kms.katalon.core.webui.keyword.internal.WebUIKeywordMain.runKeyword(WebUIKeywordMain.groovy:26)
	at com.kms.katalon.core.webui.keyword.builtin.VerifyElementNotClickableKeyword.verifyElementNotClickable(VerifyElementNotClickableKeyword.groovy:96)
	at com.kms.katalon.core.webui.keyword.builtin.VerifyElementNotClickableKeyword.execute(VerifyElementNotClickableKeyword.groovy:67)
	at com.kms.katalon.core.keyword.internal.KeywordExecutor.executeKeywordForPlatform(KeywordExecutor.groovy:60)
	at com.kms.katalon.core.webui.keyword.WebUiBuiltInKeywords.verifyElementNotClickable(WebUiBuiltInKeywords.groovy:591)
	at com.kms.katalon.core.webui.keyword.WebUiBuiltInKeywords$verifyElementNotClickable$5.call(Unknown Source)
	at Pretest Posttest - Add New Question.run(Pretest Posttest - Add New Question:95)
	at com.kms.katalon.core.main.ScriptEngine.run(ScriptEngine.java:194)
	at com.kms.katalon.core.main.ScriptEngine.runScriptAsRawText(ScriptEngine.java:119)
	at com.kms.katalon.core.main.TestCaseExecutor.runScript(TestCaseExecutor.java:337)
	at com.kms.katalon.core.main.TestCaseExecutor.doExecute(TestCaseExecutor.java:328)
	at com.kms.katalon.core.main.TestCaseExecutor.processExecutionPhase(TestCaseExecutor.java:307)
	at com.kms.katalon.core.main.TestCaseExecutor.accessMainPhase(TestCaseExecutor.java:299)
	at com.kms.katalon.core.main.TestCaseExecutor.execute(TestCaseExecutor.java:233)
	at com.kms.katalon.core.main.TestSuiteExecutor.accessTestCaseMainPhase(TestSuiteExecutor.java:169)
	at com.kms.katalon.core.main.TestSuiteExecutor.accessTestSuiteMainPhase(TestSuiteExecutor.java:142)
	at com.kms.katalon.core.main.TestSuiteExecutor.execute(TestSuiteExecutor.java:91)
	at com.kms.katalon.core.main.TestCaseMain.startTestSuite(TestCaseMain.java:157)
	at com.kms.katalon.core.main.TestCaseMain$startTestSuite$0.call(Unknown Source)
	at TempTestSuite1590697236639.run(TempTestSuite1590697236639.groovy:36)
Caused by: com.kms.katalon.core.exception.StepFailedException: Object 'Object Repository/Alda/Admin - Manage Test/Page_Add Test/button_Submit' is clickable
	at com.kms.katalon.core.webui.keyword.internal.WebUIKeywordMain.stepFailed(WebUIKeywordMain.groovy:64)
	at com.kms.katalon.core.webui.keyword.builtin.VerifyElementNotClickableKeyword$_verifyElementNotClickable_closure1.doCall(VerifyElementNotClickableKeyword.groovy:80)
	at com.kms.katalon.core.webui.keyword.builtin.VerifyElementNotClickableKeyword$_verifyElementNotClickable_closure1.call(VerifyElementNotClickableKeyword.groovy)
	at com.kms.katalon.core.webui.keyword.internal.WebUIKeywordMain.runKeyword(WebUIKeywordMain.groovy:20)
	... 19 more]]></system-out>
      <system-err><![CDATA[2020-05-29 03:20:58 - [TEST_SUITE][FAILED] - Admin_Pretest Posttest - Add New Question: Test Cases/Alda/Admin - Manage Test - Pretest Posttest/Pretest Posttest - Add New Question FAILED.
Reason:
com.kms.katalon.core.exception.StepFailedException: Unable to verify object 'Object Repository/Alda/Admin - Manage Test/Page_Add Test/button_Submit' to be NOT clickable
	at com.kms.katalon.core.webui.keyword.internal.WebUIKeywordMain.stepFailed(WebUIKeywordMain.groovy:64)
	at com.kms.katalon.core.webui.keyword.internal.WebUIKeywordMain.runKeyword(WebUIKeywordMain.groovy:26)
	at com.kms.katalon.core.webui.keyword.builtin.VerifyElementNotClickableKeyword.verifyElementNotClickable(VerifyElementNotClickableKeyword.groovy:96)
	at com.kms.katalon.core.webui.keyword.builtin.VerifyElementNotClickableKeyword.execute(VerifyElementNotClickableKeyword.groovy:67)
	at com.kms.katalon.core.keyword.internal.KeywordExecutor.executeKeywordForPlatform(KeywordExecutor.groovy:60)
	at com.kms.katalon.core.webui.keyword.WebUiBuiltInKeywords.verifyElementNotClickable(WebUiBuiltInKeywords.groovy:591)
	at com.kms.katalon.core.webui.keyword.WebUiBuiltInKeywords$verifyElementNotClickable$5.call(Unknown Source)
	at Pretest Posttest - Add New Question.run(Pretest Posttest - Add New Question:95)
	at com.kms.katalon.core.main.ScriptEngine.run(ScriptEngine.java:194)
	at com.kms.katalon.core.main.ScriptEngine.runScriptAsRawText(ScriptEngine.java:119)
	at com.kms.katalon.core.main.TestCaseExecutor.runScript(TestCaseExecutor.java:337)
	at com.kms.katalon.core.main.TestCaseExecutor.doExecute(TestCaseExecutor.java:328)
	at com.kms.katalon.core.main.TestCaseExecutor.processExecutionPhase(TestCaseExecutor.java:307)
	at com.kms.katalon.core.main.TestCaseExecutor.accessMainPhase(TestCaseExecutor.java:299)
	at com.kms.katalon.core.main.TestCaseExecutor.execute(TestCaseExecutor.java:233)
	at com.kms.katalon.core.main.TestSuiteExecutor.accessTestCaseMainPhase(TestSuiteExecutor.java:169)
	at com.kms.katalon.core.main.TestSuiteExecutor.accessTestSuiteMainPhase(TestSuiteExecutor.java:142)
	at com.kms.katalon.core.main.TestSuiteExecutor.execute(TestSuiteExecutor.java:91)
	at com.kms.katalon.core.main.TestCaseMain.startTestSuite(TestCaseMain.java:157)
	at com.kms.katalon.core.main.TestCaseMain$startTestSuite$0.call(Unknown Source)
	at TempTestSuite1590697236639.run(TempTestSuite1590697236639.groovy:36)
Caused by: com.kms.katalon.core.exception.StepFailedException: Object 'Object Repository/Alda/Admin - Manage Test/Page_Add Test/button_Submit' is clickable
	at com.kms.katalon.core.webui.keyword.internal.WebUIKeywordMain.stepFailed(WebUIKeywordMain.groovy:64)
	at com.kms.katalon.core.webui.keyword.builtin.VerifyElementNotClickableKeyword$_verifyElementNotClickable_closure1.doCall(VerifyElementNotClickableKeyword.groovy:80)
	at com.kms.katalon.core.webui.keyword.builtin.VerifyElementNotClickableKeyword$_verifyElementNotClickable_closure1.call(VerifyElementNotClickableKeyword.groovy)
	at com.kms.katalon.core.webui.keyword.internal.WebUIKeywordMain.runKeyword(WebUIKeywordMain.groovy:20)
	... 19 more]]></system-err>
   </testsuite>
</testsuites>
